[35m[1mConsolidate compiler generated dependencies of target robocup_srvs__rosidl_generator_c[0m
[  3%] Built target robocup_srvs__cpp
[ 12%] Built target robocup_srvs__rosidl_generator_c
[ 12%] Built target ament_cmake_python_symlink_robocup_srvs
[35m[1mConsolidate compiler generated dependencies of target robocup_srvs__rosidl_typesupport_introspection_cpp[0m
[35m[1mConsolidate compiler generated dependencies of target robocup_srvs__rosidl_typesupport_cpp[0m
[35m[1mConsolidate compiler generated dependencies of target robocup_srvs__rosidl_typesupport_fastrtps_cpp[0m
[35m[1mConsolidate compiler generated dependencies of target robocup_srvs__rosidl_typesupport_c[0m
[35m[1mConsolidate compiler generated dependencies of target robocup_srvs__rosidl_typesupport_introspection_c[0m
[35m[1mConsolidate compiler generated dependencies of target robocup_srvs__rosidl_typesupport_fastrtps_c[0m
[ 22%] Built target robocup_srvs__rosidl_typesupport_introspection_cpp
[ 32%] Built target robocup_srvs__rosidl_typesupport_cpp
[ 41%] Built target robocup_srvs__rosidl_typesupport_c
[ 51%] Built target robocup_srvs__rosidl_typesupport_fastrtps_cpp
[ 61%] Built target robocup_srvs__rosidl_typesupport_introspection_c
[ 70%] Built target robocup_srvs__rosidl_typesupport_fastrtps_c
[ 70%] Built target robocup_srvs
[ 74%] Built target robocup_srvs__py
[35m[1mConsolidate compiler generated dependencies of target robocup_srvs__rosidl_generator_py[0m
[ 80%] Built target robocup_srvs__rosidl_generator_py
[35m[1mConsolidate compiler generated dependencies of target robocup_srvs__rosidl_typesupport_introspection_c__pyext[0m
[35m[1mConsolidate compiler generated dependencies of target robocup_srvs__rosidl_typesupport_c__pyext[0m
[35m[1mConsolidate compiler generated dependencies of target robocup_srvs__rosidl_typesupport_fastrtps_c__pyext[0m
[ 87%] Built target robocup_srvs__rosidl_typesupport_introspection_c__pyext
[ 93%] Built target robocup_srvs__rosidl_typesupport_fastrtps_c__pyext
[100%] Built target robocup_srvs__rosidl_typesupport_c__pyext
running egg_info
writing robocup_srvs.egg-info/PKG-INFO
writing dependency_links to robocup_srvs.egg-info/dependency_links.txt
writing top-level names to robocup_srvs.egg-info/top_level.txt
reading manifest file 'robocup_srvs.egg-info/SOURCES.txt'
writing manifest file 'robocup_srvs.egg-info/SOURCES.txt'
[100%] Built target ament_cmake_python_build_robocup_srvs_egg
-- Install configuration: ""
-- Execute custom install script
-- Up-to-date symlink: /home/mingq/workspace/robocup_raspbot/install/robocup_srvs/share/ament_index/resource_index/rosidl_interfaces/robocup_srvs
-- Up-to-date symlink: /home/mingq/workspace/robocup_raspbot/install/robocup_srvs/include/robocup_srvs/robocup_srvs/msg/rosidl_generator_c__visibility_control.h
-- Up-to-date symlink: /home/mingq/workspace/robocup_raspbot/install/robocup_srvs/include/robocup_srvs/robocup_srvs/srv/detail/object_detection2_d_service__functions.h
-- Up-to-date symlink: /home/mingq/workspace/robocup_raspbot/install/robocup_srvs/include/robocup_srvs/robocup_srvs/srv/detail/object_detection2_d_service__struct.h
-- Up-to-date symlink: /home/mingq/workspace/robocup_raspbot/install/robocup_srvs/include/robocup_srvs/robocup_srvs/srv/detail/object_detection2_d_service__type_support.h
-- Up-to-date symlink: /home/mingq/workspace/robocup_raspbot/install/robocup_srvs/include/robocup_srvs/robocup_srvs/srv/object_detection2_d_service.h
-- Up-to-date symlink: /home/mingq/workspace/robocup_raspbot/install/robocup_srvs/share/robocup_srvs/environment/library_path.sh
-- Up-to-date symlink: /home/mingq/workspace/robocup_raspbot/install/robocup_srvs/share/robocup_srvs/environment/library_path.dsv
-- Up-to-date symlink: /home/mingq/workspace/robocup_raspbot/install/robocup_srvs/include/robocup_srvs/robocup_srvs/msg/rosidl_typesupport_fastrtps_c__visibility_control.h
-- Up-to-date symlink: /home/mingq/workspace/robocup_raspbot/install/robocup_srvs/include/robocup_srvs/robocup_srvs/srv/detail/object_detection2_d_service__rosidl_typesupport_fastrtps_c.h
-- Up-to-date symlink: /home/mingq/workspace/robocup_raspbot/install/robocup_srvs/include/robocup_srvs/robocup_srvs/msg/rosidl_generator_cpp__visibility_control.hpp
-- Up-to-date symlink: /home/mingq/workspace/robocup_raspbot/install/robocup_srvs/include/robocup_srvs/robocup_srvs/srv/detail/object_detection2_d_service__builder.hpp
-- Up-to-date symlink: /home/mingq/workspace/robocup_raspbot/install/robocup_srvs/include/robocup_srvs/robocup_srvs/srv/detail/object_detection2_d_service__struct.hpp
-- Up-to-date symlink: /home/mingq/workspace/robocup_raspbot/install/robocup_srvs/include/robocup_srvs/robocup_srvs/srv/detail/object_detection2_d_service__traits.hpp
-- Up-to-date symlink: /home/mingq/workspace/robocup_raspbot/install/robocup_srvs/include/robocup_srvs/robocup_srvs/srv/detail/object_detection2_d_service__type_support.hpp
-- Up-to-date symlink: /home/mingq/workspace/robocup_raspbot/install/robocup_srvs/include/robocup_srvs/robocup_srvs/srv/object_detection2_d_service.hpp
-- Up-to-date symlink: /home/mingq/workspace/robocup_raspbot/install/robocup_srvs/include/robocup_srvs/robocup_srvs/msg/rosidl_typesupport_fastrtps_cpp__visibility_control.h
-- Up-to-date symlink: /home/mingq/workspace/robocup_raspbot/install/robocup_srvs/include/robocup_srvs/robocup_srvs/srv/detail/object_detection2_d_service__rosidl_typesupport_fastrtps_cpp.hpp
-- Up-to-date symlink: /home/mingq/workspace/robocup_raspbot/install/robocup_srvs/include/robocup_srvs/robocup_srvs/msg/rosidl_typesupport_introspection_c__visibility_control.h
-- Up-to-date symlink: /home/mingq/workspace/robocup_raspbot/install/robocup_srvs/include/robocup_srvs/robocup_srvs/srv/detail/object_detection2_d_service__rosidl_typesupport_introspection_c.h
-- Up-to-date symlink: /home/mingq/workspace/robocup_raspbot/install/robocup_srvs/include/robocup_srvs/robocup_srvs/srv/detail/object_detection2_d_service__rosidl_typesupport_introspection_cpp.hpp
-- Up-to-date symlink: /home/mingq/workspace/robocup_raspbot/install/robocup_srvs/share/robocup_srvs/environment/pythonpath.sh
-- Up-to-date symlink: /home/mingq/workspace/robocup_raspbot/install/robocup_srvs/share/robocup_srvs/environment/pythonpath.dsv
-- Up-to-date symlink: /home/mingq/workspace/robocup_raspbot/install/robocup_srvs/local/lib/python3.10/dist-packages/robocup_srvs-0.0.0-py3.10.egg-info/PKG-INFO
-- Up-to-date symlink: /home/mingq/workspace/robocup_raspbot/install/robocup_srvs/local/lib/python3.10/dist-packages/robocup_srvs-0.0.0-py3.10.egg-info/SOURCES.txt
-- Up-to-date symlink: /home/mingq/workspace/robocup_raspbot/install/robocup_srvs/local/lib/python3.10/dist-packages/robocup_srvs-0.0.0-py3.10.egg-info/dependency_links.txt
-- Up-to-date symlink: /home/mingq/workspace/robocup_raspbot/install/robocup_srvs/local/lib/python3.10/dist-packages/robocup_srvs-0.0.0-py3.10.egg-info/top_level.txt
-- Up-to-date symlink: /home/mingq/workspace/robocup_raspbot/install/robocup_srvs/local/lib/python3.10/dist-packages/robocup_srvs/__init__.py
-- Up-to-date symlink: /home/mingq/workspace/robocup_raspbot/install/robocup_srvs/local/lib/python3.10/dist-packages/robocup_srvs/_robocup_srvs_s.ep.rosidl_typesupport_c.c
-- Up-to-date symlink: /home/mingq/workspace/robocup_raspbot/install/robocup_srvs/local/lib/python3.10/dist-packages/robocup_srvs/_robocup_srvs_s.ep.rosidl_typesupport_fastrtps_c.c
-- Up-to-date symlink: /home/mingq/workspace/robocup_raspbot/install/robocup_srvs/local/lib/python3.10/dist-packages/robocup_srvs/_robocup_srvs_s.ep.rosidl_typesupport_introspection_c.c
-- Up-to-date symlink: /home/mingq/workspace/robocup_raspbot/install/robocup_srvs/local/lib/python3.10/dist-packages/robocup_srvs/librobocup_srvs__rosidl_generator_py.so
-- Up-to-date symlink: /home/mingq/workspace/robocup_raspbot/install/robocup_srvs/local/lib/python3.10/dist-packages/robocup_srvs/robocup_srvs_s__rosidl_typesupport_c.cpython-310-x86_64-linux-gnu.so
-- Up-to-date symlink: /home/mingq/workspace/robocup_raspbot/install/robocup_srvs/local/lib/python3.10/dist-packages/robocup_srvs/robocup_srvs_s__rosidl_typesupport_fastrtps_c.cpython-310-x86_64-linux-gnu.so
-- Up-to-date symlink: /home/mingq/workspace/robocup_raspbot/install/robocup_srvs/local/lib/python3.10/dist-packages/robocup_srvs/robocup_srvs_s__rosidl_typesupport_introspection_c.cpython-310-x86_64-linux-gnu.so
-- Up-to-date symlink: /home/mingq/workspace/robocup_raspbot/install/robocup_srvs/local/lib/python3.10/dist-packages/robocup_srvs/srv/__init__.py
-- Up-to-date symlink: /home/mingq/workspace/robocup_raspbot/install/robocup_srvs/local/lib/python3.10/dist-packages/robocup_srvs/srv/_object_detection2_d_service.py
-- Up-to-date symlink: /home/mingq/workspace/robocup_raspbot/install/robocup_srvs/local/lib/python3.10/dist-packages/robocup_srvs/srv/_object_detection2_d_service_s.c
-- Up-to-date symlink: /home/mingq/workspace/robocup_raspbot/install/robocup_srvs/local/lib/python3.10/dist-packages/robocup_srvs/robocup_srvs_s__rosidl_typesupport_fastrtps_c.cpython-310-x86_64-linux-gnu.so
-- Up-to-date symlink: /home/mingq/workspace/robocup_raspbot/install/robocup_srvs/local/lib/python3.10/dist-packages/robocup_srvs/robocup_srvs_s__rosidl_typesupport_introspection_c.cpython-310-x86_64-linux-gnu.so
-- Up-to-date symlink: /home/mingq/workspace/robocup_raspbot/install/robocup_srvs/local/lib/python3.10/dist-packages/robocup_srvs/robocup_srvs_s__rosidl_typesupport_c.cpython-310-x86_64-linux-gnu.so
-- Up-to-date symlink: /home/mingq/workspace/robocup_raspbot/install/robocup_srvs/share/robocup_srvs/srv/ObjectDetection2DService.idl
-- Up-to-date symlink: /home/mingq/workspace/robocup_raspbot/install/robocup_srvs/share/robocup_srvs/srv/ObjectDetection2DService.srv
-- Up-to-date symlink: /home/mingq/workspace/robocup_raspbot/install/robocup_srvs/share/robocup_srvs/srv/ObjectDetection2DService_Request.msg
-- Up-to-date symlink: /home/mingq/workspace/robocup_raspbot/install/robocup_srvs/share/robocup_srvs/srv/ObjectDetection2DService_Response.msg
-- Up-to-date symlink: /home/mingq/workspace/robocup_raspbot/install/robocup_srvs/share/ament_index/resource_index/package_run_dependencies/robocup_srvs
-- Up-to-date symlink: /home/mingq/workspace/robocup_raspbot/install/robocup_srvs/share/ament_index/resource_index/parent_prefix_path/robocup_srvs
-- Up-to-date symlink: /home/mingq/workspace/robocup_raspbot/install/robocup_srvs/share/robocup_srvs/environment/ament_prefix_path.sh
-- Up-to-date symlink: /home/mingq/workspace/robocup_raspbot/install/robocup_srvs/share/robocup_srvs/environment/ament_prefix_path.dsv
-- Up-to-date symlink: /home/mingq/workspace/robocup_raspbot/install/robocup_srvs/share/robocup_srvs/environment/path.sh
-- Up-to-date symlink: /home/mingq/workspace/robocup_raspbot/install/robocup_srvs/share/robocup_srvs/environment/path.dsv
-- Up-to-date symlink: /home/mingq/workspace/robocup_raspbot/install/robocup_srvs/share/robocup_srvs/local_setup.bash
-- Up-to-date symlink: /home/mingq/workspace/robocup_raspbot/install/robocup_srvs/share/robocup_srvs/local_setup.sh
-- Up-to-date symlink: /home/mingq/workspace/robocup_raspbot/install/robocup_srvs/share/robocup_srvs/local_setup.zsh
-- Up-to-date symlink: /home/mingq/workspace/robocup_raspbot/install/robocup_srvs/share/robocup_srvs/local_setup.dsv
-- Symlinking: /home/mingq/workspace/robocup_raspbot/install/robocup_srvs/share/robocup_srvs/package.dsv
-- Up-to-date symlink: /home/mingq/workspace/robocup_raspbot/install/robocup_srvs/share/ament_index/resource_index/packages/robocup_srvs
-- Up-to-date symlink: /home/mingq/workspace/robocup_raspbot/install/robocup_srvs/share/robocup_srvs/cmake/rosidl_cmake-extras.cmake
-- Up-to-date symlink: /home/mingq/workspace/robocup_raspbot/install/robocup_srvs/share/robocup_srvs/cmake/ament_cmake_export_dependencies-extras.cmake
-- Up-to-date symlink: /home/mingq/workspace/robocup_raspbot/install/robocup_srvs/share/robocup_srvs/cmake/ament_cmake_export_include_directories-extras.cmake
-- Up-to-date symlink: /home/mingq/workspace/robocup_raspbot/install/robocup_srvs/share/robocup_srvs/cmake/ament_cmake_export_libraries-extras.cmake
-- Up-to-date symlink: /home/mingq/workspace/robocup_raspbot/install/robocup_srvs/share/robocup_srvs/cmake/ament_cmake_export_targets-extras.cmake
-- Up-to-date symlink: /home/mingq/workspace/robocup_raspbot/install/robocup_srvs/share/robocup_srvs/cmake/rosidl_cmake_export_typesupport_targets-extras.cmake
-- Up-to-date symlink: /home/mingq/workspace/robocup_raspbot/install/robocup_srvs/share/robocup_srvs/cmake/rosidl_cmake_export_typesupport_libraries-extras.cmake
-- Up-to-date symlink: /home/mingq/workspace/robocup_raspbot/install/robocup_srvs/share/robocup_srvs/cmake/robocup_srvsConfig.cmake
-- Up-to-date symlink: /home/mingq/workspace/robocup_raspbot/install/robocup_srvs/share/robocup_srvs/cmake/robocup_srvsConfig-version.cmake
-- Up-to-date symlink: /home/mingq/workspace/robocup_raspbot/install/robocup_srvs/share/robocup_srvs/package.xml
-- Up-to-date: /home/mingq/workspace/robocup_raspbot/install/robocup_srvs/lib/librobocup_srvs__rosidl_generator_c.so
-- Up-to-date: /home/mingq/workspace/robocup_raspbot/install/robocup_srvs/lib/librobocup_srvs__rosidl_typesupport_fastrtps_c.so
-- Up-to-date: /home/mingq/workspace/robocup_raspbot/install/robocup_srvs/lib/librobocup_srvs__rosidl_typesupport_fastrtps_cpp.so
-- Up-to-date: /home/mingq/workspace/robocup_raspbot/install/robocup_srvs/lib/librobocup_srvs__rosidl_typesupport_introspection_c.so
-- Up-to-date: /home/mingq/workspace/robocup_raspbot/install/robocup_srvs/lib/librobocup_srvs__rosidl_typesupport_c.so
-- Up-to-date: /home/mingq/workspace/robocup_raspbot/install/robocup_srvs/lib/librobocup_srvs__rosidl_typesupport_introspection_cpp.so
-- Up-to-date: /home/mingq/workspace/robocup_raspbot/install/robocup_srvs/lib/librobocup_srvs__rosidl_typesupport_cpp.so
Listing '/home/mingq/workspace/robocup_raspbot/install/robocup_srvs/local/lib/python3.10/dist-packages/robocup_srvs'...
Listing '/home/mingq/workspace/robocup_raspbot/install/robocup_srvs/local/lib/python3.10/dist-packages/robocup_srvs/srv'...
-- Up-to-date: /home/mingq/workspace/robocup_raspbot/install/robocup_srvs/lib/librobocup_srvs__rosidl_generator_py.so
-- Up-to-date: /home/mingq/workspace/robocup_raspbot/install/robocup_srvs/share/robocup_srvs/cmake/export_robocup_srvs__rosidl_generator_cExport.cmake
-- Up-to-date: /home/mingq/workspace/robocup_raspbot/install/robocup_srvs/share/robocup_srvs/cmake/export_robocup_srvs__rosidl_generator_cExport-noconfig.cmake
-- Up-to-date: /home/mingq/workspace/robocup_raspbot/install/robocup_srvs/share/robocup_srvs/cmake/export_robocup_srvs__rosidl_typesupport_fastrtps_cExport.cmake
-- Up-to-date: /home/mingq/workspace/robocup_raspbot/install/robocup_srvs/share/robocup_srvs/cmake/export_robocup_srvs__rosidl_typesupport_fastrtps_cExport-noconfig.cmake
-- Up-to-date: /home/mingq/workspace/robocup_raspbot/install/robocup_srvs/share/robocup_srvs/cmake/export_robocup_srvs__rosidl_generator_cppExport.cmake
-- Up-to-date: /home/mingq/workspace/robocup_raspbot/install/robocup_srvs/share/robocup_srvs/cmake/export_robocup_srvs__rosidl_typesupport_fastrtps_cppExport.cmake
-- Up-to-date: /home/mingq/workspace/robocup_raspbot/install/robocup_srvs/share/robocup_srvs/cmake/export_robocup_srvs__rosidl_typesupport_fastrtps_cppExport-noconfig.cmake
-- Up-to-date: /home/mingq/workspace/robocup_raspbot/install/robocup_srvs/share/robocup_srvs/cmake/robocup_srvs__rosidl_typesupport_introspection_cExport.cmake
-- Up-to-date: /home/mingq/workspace/robocup_raspbot/install/robocup_srvs/share/robocup_srvs/cmake/robocup_srvs__rosidl_typesupport_introspection_cExport-noconfig.cmake
-- Up-to-date: /home/mingq/workspace/robocup_raspbot/install/robocup_srvs/share/robocup_srvs/cmake/robocup_srvs__rosidl_typesupport_cExport.cmake
-- Up-to-date: /home/mingq/workspace/robocup_raspbot/install/robocup_srvs/share/robocup_srvs/cmake/robocup_srvs__rosidl_typesupport_cExport-noconfig.cmake
-- Up-to-date: /home/mingq/workspace/robocup_raspbot/install/robocup_srvs/share/robocup_srvs/cmake/robocup_srvs__rosidl_typesupport_introspection_cppExport.cmake
-- Up-to-date: /home/mingq/workspace/robocup_raspbot/install/robocup_srvs/share/robocup_srvs/cmake/robocup_srvs__rosidl_typesupport_introspection_cppExport-noconfig.cmake
-- Up-to-date: /home/mingq/workspace/robocup_raspbot/install/robocup_srvs/share/robocup_srvs/cmake/robocup_srvs__rosidl_typesupport_cppExport.cmake
-- Up-to-date: /home/mingq/workspace/robocup_raspbot/install/robocup_srvs/share/robocup_srvs/cmake/robocup_srvs__rosidl_typesupport_cppExport-noconfig.cmake
-- Up-to-date: /home/mingq/workspace/robocup_raspbot/install/robocup_srvs/share/robocup_srvs/cmake/export_robocup_srvs__rosidl_generator_pyExport.cmake
-- Up-to-date: /home/mingq/workspace/robocup_raspbot/install/robocup_srvs/share/robocup_srvs/cmake/export_robocup_srvs__rosidl_generator_pyExport-noconfig.cmake
