-- The C compiler identification is GNU 11.4.0
-- The CXX compiler identification is GNU 11.4.0
-- Detecting C compiler ABI info
-- Detecting C compiler ABI info - done
-- Check for working C compiler: /usr/bin/cc - skipped
-- Detecting C compile features
-- Detecting C compile features - done
-- Detecting CXX compiler ABI info
-- Detecting CXX compiler ABI info - done
-- Check for working CXX compiler: /usr/bin/c++ - skipped
-- Detecting CXX compile features
-- Detecting CXX compile features - done
-- Found ament_cmake: 1.3.11 (/opt/ros/humble/share/ament_cmake/cmake)
-- Found Python3: /usr/bin/python3 (found version "3.10.12") found components: Interpreter 
-- Override CMake install command with custom implementation using symlinks instead of copying resources
-- Found builtin_interfaces: 1.2.1 (/opt/ros/humble/share/builtin_interfaces/cmake)
-- Found rosidl_generator_c: 3.1.6 (/opt/ros/humble/share/rosidl_generator_c/cmake)
-- Found rosidl_adapter: 3.1.6 (/opt/ros/humble/share/rosidl_adapter/cmake)
-- Found rosidl_generator_cpp: 3.1.6 (/opt/ros/humble/share/rosidl_generator_cpp/cmake)
-- Using all available rosidl_typesupport_c: rosidl_typesupport_fastrtps_c;rosidl_typesupport_introspection_c
-- Using all available rosidl_typesupport_cpp: rosidl_typesupport_fastrtps_cpp;rosidl_typesupport_introspection_cpp
-- Found std_msgs: 4.9.0 (/opt/ros/humble/share/std_msgs/cmake)
-- Found std_srvs: 4.9.0 (/opt/ros/humble/share/std_srvs/cmake)
-- Found robocup_msgs: 0.0.0 (/home/mingq/workspace/robocup_raspbot/install/robocup_msgs/share/robocup_msgs/cmake)
-- Found rosidl_default_generators: 1.2.0 (/opt/ros/humble/share/rosidl_default_generators/cmake)
-- Found ament_cmake_ros: 0.10.0 (/opt/ros/humble/share/ament_cmake_ros/cmake)
-- Using all available rosidl_typesupport_c: rosidl_typesupport_fastrtps_c;rosidl_typesupport_introspection_c
-- Using all available rosidl_typesupport_cpp: rosidl_typesupport_fastrtps_cpp;rosidl_typesupport_introspection_cpp
-- Found PythonInterp: /usr/bin/python3 (found suitable version "3.10.12", minimum required is "3.6") 
-- Found python_cmake_module: 0.10.0 (/opt/ros/humble/share/python_cmake_module/cmake)
-- Found PythonLibs: /usr/lib/x86_64-linux-gnu/libpython3.10.so (found suitable version "3.10.12", minimum required is "3.5") 
-- Using PYTHON_EXECUTABLE: /usr/bin/python3
-- Using PYTHON_INCLUDE_DIRS: /usr/include/python3.10
-- Using PYTHON_LIBRARIES: /usr/lib/x86_64-linux-gnu/libpython3.10.so
-- Found PythonExtra: .so  
-- Configuring done
-- Generating done
-- Build files have been written to: /home/mingq/workspace/robocup_raspbot/build/robocup_srvs
[  3%] [34m[1mGenerating C code for ROS interfaces[0m
[  6%] [34m[1mGenerating C++ code for ROS interfaces[0m
[  6%] Built target ament_cmake_python_symlink_robocup_srvs
running egg_info
creating robocup_srvs.egg-info
writing robocup_srvs.egg-info/PKG-INFO
writing dependency_links to robocup_srvs.egg-info/dependency_links.txt
writing top-level names to robocup_srvs.egg-info/top_level.txt
writing manifest file 'robocup_srvs.egg-info/SOURCES.txt'
reading manifest file 'robocup_srvs.egg-info/SOURCES.txt'
writing manifest file 'robocup_srvs.egg-info/SOURCES.txt'
[  9%] [32mBuilding C object CMakeFiles/robocup_srvs__rosidl_generator_c.dir/rosidl_generator_c/robocup_srvs/srv/detail/object_detection2_d_service__functions.c.o[0m
[  9%] Built target ament_cmake_python_build_robocup_srvs_egg
[  9%] Built target robocup_srvs__cpp
[ 12%] [34m[1mGenerating C++ type support dispatch for ROS interfaces[0m
[ 16%] [34m[1mGenerating C++ type support for eProsima Fast-RTPS[0m
[ 19%] [34m[1mGenerating C++ introspection for ROS interfaces[0m
[ 22%] [32m[1mLinking C shared library librobocup_srvs__rosidl_generator_c.so[0m
[ 22%] Built target robocup_srvs__rosidl_generator_c
[ 25%] [34m[1mGenerating C introspection for ROS interfaces[0m
[ 29%] [34m[1mGenerating C type support dispatch for ROS interfaces[0m
[ 32%] [34m[1mGenerating C type support for eProsima Fast-RTPS[0m
[ 35%] [32mBuilding CXX object CMakeFiles/robocup_srvs__rosidl_typesupport_fastrtps_cpp.dir/rosidl_typesupport_fastrtps_cpp/robocup_srvs/srv/detail/dds_fastrtps/object_detection2_d_service__type_support.cpp.o[0m
[ 38%] [32mBuilding CXX object CMakeFiles/robocup_srvs__rosidl_typesupport_cpp.dir/rosidl_typesupport_cpp/robocup_srvs/srv/object_detection2_d_service__type_support.cpp.o[0m
[ 41%] [32mBuilding CXX object CMakeFiles/robocup_srvs__rosidl_typesupport_introspection_cpp.dir/rosidl_typesupport_introspection_cpp/robocup_srvs/srv/detail/object_detection2_d_service__type_support.cpp.o[0m
[ 45%] [32mBuilding CXX object CMakeFiles/robocup_srvs__rosidl_typesupport_c.dir/rosidl_typesupport_c/robocup_srvs/srv/object_detection2_d_service__type_support.cpp.o[0m
[ 48%] [32mBuilding C object CMakeFiles/robocup_srvs__rosidl_typesupport_introspection_c.dir/rosidl_typesupport_introspection_c/robocup_srvs/srv/detail/object_detection2_d_service__type_support.c.o[0m
[ 51%] [32m[1mLinking CXX shared library librobocup_srvs__rosidl_typesupport_c.so[0m
[ 54%] [32mBuilding CXX object CMakeFiles/robocup_srvs__rosidl_typesupport_fastrtps_c.dir/rosidl_typesupport_fastrtps_c/robocup_srvs/srv/detail/object_detection2_d_service__type_support_c.cpp.o[0m
[ 58%] [32m[1mLinking C shared library librobocup_srvs__rosidl_typesupport_introspection_c.so[0m
[ 58%] Built target robocup_srvs__rosidl_typesupport_c
[ 58%] Built target robocup_srvs__rosidl_typesupport_introspection_c
[ 61%] [32m[1mLinking CXX shared library librobocup_srvs__rosidl_typesupport_cpp.so[0m
[ 61%] Built target robocup_srvs__rosidl_typesupport_cpp
[ 64%] [32m[1mLinking CXX shared library librobocup_srvs__rosidl_typesupport_fastrtps_cpp.so[0m
[ 67%] [32m[1mLinking CXX shared library librobocup_srvs__rosidl_typesupport_fastrtps_c.so[0m
[ 70%] [32m[1mLinking CXX shared library librobocup_srvs__rosidl_typesupport_introspection_cpp.so[0m
[ 70%] Built target robocup_srvs__rosidl_typesupport_fastrtps_cpp
[ 70%] Built target robocup_srvs__rosidl_typesupport_fastrtps_c
[ 70%] Built target robocup_srvs__rosidl_typesupport_introspection_cpp
[ 70%] Built target robocup_srvs
[ 74%] [34m[1mGenerating Python code for ROS interfaces[0m
[ 74%] Built target robocup_srvs__py
[ 77%] [32mBuilding C object CMakeFiles/robocup_srvs__rosidl_generator_py.dir/rosidl_generator_py/robocup_srvs/srv/_object_detection2_d_service_s.c.o[0m
[ 80%] [32m[1mLinking C shared library rosidl_generator_py/robocup_srvs/librobocup_srvs__rosidl_generator_py.so[0m
[ 80%] Built target robocup_srvs__rosidl_generator_py
[ 83%] [32mBuilding C object CMakeFiles/robocup_srvs__rosidl_typesupport_fastrtps_c__pyext.dir/rosidl_generator_py/robocup_srvs/_robocup_srvs_s.ep.rosidl_typesupport_fastrtps_c.c.o[0m
[ 87%] [32mBuilding C object CMakeFiles/robocup_srvs__rosidl_typesupport_introspection_c__pyext.dir/rosidl_generator_py/robocup_srvs/_robocup_srvs_s.ep.rosidl_typesupport_introspection_c.c.o[0m
[ 90%] [32mBuilding C object CMakeFiles/robocup_srvs__rosidl_typesupport_c__pyext.dir/rosidl_generator_py/robocup_srvs/_robocup_srvs_s.ep.rosidl_typesupport_c.c.o[0m
[ 93%] [32m[1mLinking C shared library rosidl_generator_py/robocup_srvs/robocup_srvs_s__rosidl_typesupport_c.cpython-310-x86_64-linux-gnu.so[0m
[ 96%] [32m[1mLinking C shared library rosidl_generator_py/robocup_srvs/robocup_srvs_s__rosidl_typesupport_fastrtps_c.cpython-310-x86_64-linux-gnu.so[0m
[100%] [32m[1mLinking C shared library rosidl_generator_py/robocup_srvs/robocup_srvs_s__rosidl_typesupport_introspection_c.cpython-310-x86_64-linux-gnu.so[0m
[100%] Built target robocup_srvs__rosidl_typesupport_c__pyext
[100%] Built target robocup_srvs__rosidl_typesupport_introspection_c__pyext
[100%] Built target robocup_srvs__rosidl_typesupport_fastrtps_c__pyext
-- Install configuration: ""
-- Execute custom install script
-- Symlinking: /home/mingq/workspace/robocup_raspbot/install/robocup_srvs/share/ament_index/resource_index/rosidl_interfaces/robocup_srvs
-- Symlinking: /home/mingq/workspace/robocup_raspbot/install/robocup_srvs/include/robocup_srvs/robocup_srvs/msg/rosidl_generator_c__visibility_control.h
-- Symlinking: /home/mingq/workspace/robocup_raspbot/install/robocup_srvs/include/robocup_srvs/robocup_srvs/srv/detail/object_detection2_d_service__functions.h
-- Symlinking: /home/mingq/workspace/robocup_raspbot/install/robocup_srvs/include/robocup_srvs/robocup_srvs/srv/detail/object_detection2_d_service__struct.h
-- Symlinking: /home/mingq/workspace/robocup_raspbot/install/robocup_srvs/include/robocup_srvs/robocup_srvs/srv/detail/object_detection2_d_service__type_support.h
-- Symlinking: /home/mingq/workspace/robocup_raspbot/install/robocup_srvs/include/robocup_srvs/robocup_srvs/srv/object_detection2_d_service.h
-- Symlinking: /home/mingq/workspace/robocup_raspbot/install/robocup_srvs/share/robocup_srvs/environment/library_path.sh
-- Symlinking: /home/mingq/workspace/robocup_raspbot/install/robocup_srvs/share/robocup_srvs/environment/library_path.dsv
-- Symlinking: /home/mingq/workspace/robocup_raspbot/install/robocup_srvs/include/robocup_srvs/robocup_srvs/msg/rosidl_typesupport_fastrtps_c__visibility_control.h
-- Symlinking: /home/mingq/workspace/robocup_raspbot/install/robocup_srvs/include/robocup_srvs/robocup_srvs/srv/detail/object_detection2_d_service__rosidl_typesupport_fastrtps_c.h
-- Symlinking: /home/mingq/workspace/robocup_raspbot/install/robocup_srvs/include/robocup_srvs/robocup_srvs/msg/rosidl_generator_cpp__visibility_control.hpp
-- Symlinking: /home/mingq/workspace/robocup_raspbot/install/robocup_srvs/include/robocup_srvs/robocup_srvs/srv/detail/object_detection2_d_service__builder.hpp
-- Symlinking: /home/mingq/workspace/robocup_raspbot/install/robocup_srvs/include/robocup_srvs/robocup_srvs/srv/detail/object_detection2_d_service__struct.hpp
-- Symlinking: /home/mingq/workspace/robocup_raspbot/install/robocup_srvs/include/robocup_srvs/robocup_srvs/srv/detail/object_detection2_d_service__traits.hpp
-- Symlinking: /home/mingq/workspace/robocup_raspbot/install/robocup_srvs/include/robocup_srvs/robocup_srvs/srv/detail/object_detection2_d_service__type_support.hpp
-- Symlinking: /home/mingq/workspace/robocup_raspbot/install/robocup_srvs/include/robocup_srvs/robocup_srvs/srv/object_detection2_d_service.hpp
-- Symlinking: /home/mingq/workspace/robocup_raspbot/install/robocup_srvs/include/robocup_srvs/robocup_srvs/msg/rosidl_typesupport_fastrtps_cpp__visibility_control.h
-- Symlinking: /home/mingq/workspace/robocup_raspbot/install/robocup_srvs/include/robocup_srvs/robocup_srvs/srv/detail/object_detection2_d_service__rosidl_typesupport_fastrtps_cpp.hpp
-- Symlinking: /home/mingq/workspace/robocup_raspbot/install/robocup_srvs/include/robocup_srvs/robocup_srvs/msg/rosidl_typesupport_introspection_c__visibility_control.h
-- Symlinking: /home/mingq/workspace/robocup_raspbot/install/robocup_srvs/include/robocup_srvs/robocup_srvs/srv/detail/object_detection2_d_service__rosidl_typesupport_introspection_c.h
-- Symlinking: /home/mingq/workspace/robocup_raspbot/install/robocup_srvs/include/robocup_srvs/robocup_srvs/srv/detail/object_detection2_d_service__rosidl_typesupport_introspection_cpp.hpp
-- Symlinking: /home/mingq/workspace/robocup_raspbot/install/robocup_srvs/share/robocup_srvs/environment/pythonpath.sh
-- Symlinking: /home/mingq/workspace/robocup_raspbot/install/robocup_srvs/share/robocup_srvs/environment/pythonpath.dsv
-- Symlinking: /home/mingq/workspace/robocup_raspbot/install/robocup_srvs/local/lib/python3.10/dist-packages/robocup_srvs-0.0.0-py3.10.egg-info/PKG-INFO
-- Symlinking: /home/mingq/workspace/robocup_raspbot/install/robocup_srvs/local/lib/python3.10/dist-packages/robocup_srvs-0.0.0-py3.10.egg-info/SOURCES.txt
-- Symlinking: /home/mingq/workspace/robocup_raspbot/install/robocup_srvs/local/lib/python3.10/dist-packages/robocup_srvs-0.0.0-py3.10.egg-info/dependency_links.txt
-- Symlinking: /home/mingq/workspace/robocup_raspbot/install/robocup_srvs/local/lib/python3.10/dist-packages/robocup_srvs-0.0.0-py3.10.egg-info/top_level.txt
-- Symlinking: /home/mingq/workspace/robocup_raspbot/install/robocup_srvs/local/lib/python3.10/dist-packages/robocup_srvs/__init__.py
-- Symlinking: /home/mingq/workspace/robocup_raspbot/install/robocup_srvs/local/lib/python3.10/dist-packages/robocup_srvs/_robocup_srvs_s.ep.rosidl_typesupport_c.c
-- Symlinking: /home/mingq/workspace/robocup_raspbot/install/robocup_srvs/local/lib/python3.10/dist-packages/robocup_srvs/_robocup_srvs_s.ep.rosidl_typesupport_fastrtps_c.c
-- Symlinking: /home/mingq/workspace/robocup_raspbot/install/robocup_srvs/local/lib/python3.10/dist-packages/robocup_srvs/_robocup_srvs_s.ep.rosidl_typesupport_introspection_c.c
-- Symlinking: /home/mingq/workspace/robocup_raspbot/install/robocup_srvs/local/lib/python3.10/dist-packages/robocup_srvs/librobocup_srvs__rosidl_generator_py.so
-- Symlinking: /home/mingq/workspace/robocup_raspbot/install/robocup_srvs/local/lib/python3.10/dist-packages/robocup_srvs/robocup_srvs_s__rosidl_typesupport_c.cpython-310-x86_64-linux-gnu.so
-- Symlinking: /home/mingq/workspace/robocup_raspbot/install/robocup_srvs/local/lib/python3.10/dist-packages/robocup_srvs/robocup_srvs_s__rosidl_typesupport_fastrtps_c.cpython-310-x86_64-linux-gnu.so
-- Symlinking: /home/mingq/workspace/robocup_raspbot/install/robocup_srvs/local/lib/python3.10/dist-packages/robocup_srvs/robocup_srvs_s__rosidl_typesupport_introspection_c.cpython-310-x86_64-linux-gnu.so
-- Symlinking: /home/mingq/workspace/robocup_raspbot/install/robocup_srvs/local/lib/python3.10/dist-packages/robocup_srvs/srv/__init__.py
-- Symlinking: /home/mingq/workspace/robocup_raspbot/install/robocup_srvs/local/lib/python3.10/dist-packages/robocup_srvs/srv/_object_detection2_d_service.py
-- Symlinking: /home/mingq/workspace/robocup_raspbot/install/robocup_srvs/local/lib/python3.10/dist-packages/robocup_srvs/srv/_object_detection2_d_service_s.c
-- Up-to-date symlink: /home/mingq/workspace/robocup_raspbot/install/robocup_srvs/local/lib/python3.10/dist-packages/robocup_srvs/robocup_srvs_s__rosidl_typesupport_fastrtps_c.cpython-310-x86_64-linux-gnu.so
-- Up-to-date symlink: /home/mingq/workspace/robocup_raspbot/install/robocup_srvs/local/lib/python3.10/dist-packages/robocup_srvs/robocup_srvs_s__rosidl_typesupport_introspection_c.cpython-310-x86_64-linux-gnu.so
-- Up-to-date symlink: /home/mingq/workspace/robocup_raspbot/install/robocup_srvs/local/lib/python3.10/dist-packages/robocup_srvs/robocup_srvs_s__rosidl_typesupport_c.cpython-310-x86_64-linux-gnu.so
-- Symlinking: /home/mingq/workspace/robocup_raspbot/install/robocup_srvs/share/robocup_srvs/srv/ObjectDetection2DService.idl
-- Symlinking: /home/mingq/workspace/robocup_raspbot/install/robocup_srvs/share/robocup_srvs/srv/ObjectDetection2DService.srv
-- Symlinking: /home/mingq/workspace/robocup_raspbot/install/robocup_srvs/share/robocup_srvs/srv/ObjectDetection2DService_Request.msg
-- Symlinking: /home/mingq/workspace/robocup_raspbot/install/robocup_srvs/share/robocup_srvs/srv/ObjectDetection2DService_Response.msg
-- Symlinking: /home/mingq/workspace/robocup_raspbot/install/robocup_srvs/share/ament_index/resource_index/package_run_dependencies/robocup_srvs
-- Symlinking: /home/mingq/workspace/robocup_raspbot/install/robocup_srvs/share/ament_index/resource_index/parent_prefix_path/robocup_srvs
-- Symlinking: /home/mingq/workspace/robocup_raspbot/install/robocup_srvs/share/robocup_srvs/environment/ament_prefix_path.sh
-- Symlinking: /home/mingq/workspace/robocup_raspbot/install/robocup_srvs/share/robocup_srvs/environment/ament_prefix_path.dsv
-- Symlinking: /home/mingq/workspace/robocup_raspbot/install/robocup_srvs/share/robocup_srvs/environment/path.sh
-- Symlinking: /home/mingq/workspace/robocup_raspbot/install/robocup_srvs/share/robocup_srvs/environment/path.dsv
-- Symlinking: /home/mingq/workspace/robocup_raspbot/install/robocup_srvs/share/robocup_srvs/local_setup.bash
-- Symlinking: /home/mingq/workspace/robocup_raspbot/install/robocup_srvs/share/robocup_srvs/local_setup.sh
-- Symlinking: /home/mingq/workspace/robocup_raspbot/install/robocup_srvs/share/robocup_srvs/local_setup.zsh
-- Symlinking: /home/mingq/workspace/robocup_raspbot/install/robocup_srvs/share/robocup_srvs/local_setup.dsv
-- Symlinking: /home/mingq/workspace/robocup_raspbot/install/robocup_srvs/share/robocup_srvs/package.dsv
-- Symlinking: /home/mingq/workspace/robocup_raspbot/install/robocup_srvs/share/ament_index/resource_index/packages/robocup_srvs
-- Symlinking: /home/mingq/workspace/robocup_raspbot/install/robocup_srvs/share/robocup_srvs/cmake/rosidl_cmake-extras.cmake
-- Symlinking: /home/mingq/workspace/robocup_raspbot/install/robocup_srvs/share/robocup_srvs/cmake/ament_cmake_export_dependencies-extras.cmake
-- Symlinking: /home/mingq/workspace/robocup_raspbot/install/robocup_srvs/share/robocup_srvs/cmake/ament_cmake_export_include_directories-extras.cmake
-- Symlinking: /home/mingq/workspace/robocup_raspbot/install/robocup_srvs/share/robocup_srvs/cmake/ament_cmake_export_libraries-extras.cmake
-- Symlinking: /home/mingq/workspace/robocup_raspbot/install/robocup_srvs/share/robocup_srvs/cmake/ament_cmake_export_targets-extras.cmake
-- Symlinking: /home/mingq/workspace/robocup_raspbot/install/robocup_srvs/share/robocup_srvs/cmake/rosidl_cmake_export_typesupport_targets-extras.cmake
-- Symlinking: /home/mingq/workspace/robocup_raspbot/install/robocup_srvs/share/robocup_srvs/cmake/rosidl_cmake_export_typesupport_libraries-extras.cmake
-- Symlinking: /home/mingq/workspace/robocup_raspbot/install/robocup_srvs/share/robocup_srvs/cmake/robocup_srvsConfig.cmake
-- Symlinking: /home/mingq/workspace/robocup_raspbot/install/robocup_srvs/share/robocup_srvs/cmake/robocup_srvsConfig-version.cmake
-- Symlinking: /home/mingq/workspace/robocup_raspbot/install/robocup_srvs/share/robocup_srvs/package.xml
-- Installing: /home/mingq/workspace/robocup_raspbot/install/robocup_srvs/lib/librobocup_srvs__rosidl_generator_c.so
-- Set runtime path of "/home/mingq/workspace/robocup_raspbot/install/robocup_srvs/lib/librobocup_srvs__rosidl_generator_c.so" to ""
-- Installing: /home/mingq/workspace/robocup_raspbot/install/robocup_srvs/lib/librobocup_srvs__rosidl_typesupport_fastrtps_c.so
-- Set runtime path of "/home/mingq/workspace/robocup_raspbot/install/robocup_srvs/lib/librobocup_srvs__rosidl_typesupport_fastrtps_c.so" to ""
-- Installing: /home/mingq/workspace/robocup_raspbot/install/robocup_srvs/lib/librobocup_srvs__rosidl_typesupport_fastrtps_cpp.so
-- Set runtime path of "/home/mingq/workspace/robocup_raspbot/install/robocup_srvs/lib/librobocup_srvs__rosidl_typesupport_fastrtps_cpp.so" to ""
-- Installing: /home/mingq/workspace/robocup_raspbot/install/robocup_srvs/lib/librobocup_srvs__rosidl_typesupport_introspection_c.so
-- Set runtime path of "/home/mingq/workspace/robocup_raspbot/install/robocup_srvs/lib/librobocup_srvs__rosidl_typesupport_introspection_c.so" to ""
-- Installing: /home/mingq/workspace/robocup_raspbot/install/robocup_srvs/lib/librobocup_srvs__rosidl_typesupport_c.so
-- Set runtime path of "/home/mingq/workspace/robocup_raspbot/install/robocup_srvs/lib/librobocup_srvs__rosidl_typesupport_c.so" to ""
-- Installing: /home/mingq/workspace/robocup_raspbot/install/robocup_srvs/lib/librobocup_srvs__rosidl_typesupport_introspection_cpp.so
-- Set runtime path of "/home/mingq/workspace/robocup_raspbot/install/robocup_srvs/lib/librobocup_srvs__rosidl_typesupport_introspection_cpp.so" to ""
-- Installing: /home/mingq/workspace/robocup_raspbot/install/robocup_srvs/lib/librobocup_srvs__rosidl_typesupport_cpp.so
-- Set runtime path of "/home/mingq/workspace/robocup_raspbot/install/robocup_srvs/lib/librobocup_srvs__rosidl_typesupport_cpp.so" to ""
Listing '/home/mingq/workspace/robocup_raspbot/install/robocup_srvs/local/lib/python3.10/dist-packages/robocup_srvs'...
Compiling '/home/mingq/workspace/robocup_raspbot/install/robocup_srvs/local/lib/python3.10/dist-packages/robocup_srvs/__init__.py'...
Listing '/home/mingq/workspace/robocup_raspbot/install/robocup_srvs/local/lib/python3.10/dist-packages/robocup_srvs/srv'...
Compiling '/home/mingq/workspace/robocup_raspbot/install/robocup_srvs/local/lib/python3.10/dist-packages/robocup_srvs/srv/__init__.py'...
Compiling '/home/mingq/workspace/robocup_raspbot/install/robocup_srvs/local/lib/python3.10/dist-packages/robocup_srvs/srv/_object_detection2_d_service.py'...
-- Installing: /home/mingq/workspace/robocup_raspbot/install/robocup_srvs/lib/librobocup_srvs__rosidl_generator_py.so
-- Set runtime path of "/home/mingq/workspace/robocup_raspbot/install/robocup_srvs/lib/librobocup_srvs__rosidl_generator_py.so" to ""
-- Installing: /home/mingq/workspace/robocup_raspbot/install/robocup_srvs/share/robocup_srvs/cmake/export_robocup_srvs__rosidl_generator_cExport.cmake
-- Installing: /home/mingq/workspace/robocup_raspbot/install/robocup_srvs/share/robocup_srvs/cmake/export_robocup_srvs__rosidl_generator_cExport-noconfig.cmake
-- Installing: /home/mingq/workspace/robocup_raspbot/install/robocup_srvs/share/robocup_srvs/cmake/export_robocup_srvs__rosidl_typesupport_fastrtps_cExport.cmake
-- Installing: /home/mingq/workspace/robocup_raspbot/install/robocup_srvs/share/robocup_srvs/cmake/export_robocup_srvs__rosidl_typesupport_fastrtps_cExport-noconfig.cmake
-- Installing: /home/mingq/workspace/robocup_raspbot/install/robocup_srvs/share/robocup_srvs/cmake/export_robocup_srvs__rosidl_generator_cppExport.cmake
-- Installing: /home/mingq/workspace/robocup_raspbot/install/robocup_srvs/share/robocup_srvs/cmake/export_robocup_srvs__rosidl_typesupport_fastrtps_cppExport.cmake
-- Installing: /home/mingq/workspace/robocup_raspbot/install/robocup_srvs/share/robocup_srvs/cmake/export_robocup_srvs__rosidl_typesupport_fastrtps_cppExport-noconfig.cmake
-- Installing: /home/mingq/workspace/robocup_raspbot/install/robocup_srvs/share/robocup_srvs/cmake/robocup_srvs__rosidl_typesupport_introspection_cExport.cmake
-- Installing: /home/mingq/workspace/robocup_raspbot/install/robocup_srvs/share/robocup_srvs/cmake/robocup_srvs__rosidl_typesupport_introspection_cExport-noconfig.cmake
-- Installing: /home/mingq/workspace/robocup_raspbot/install/robocup_srvs/share/robocup_srvs/cmake/robocup_srvs__rosidl_typesupport_cExport.cmake
-- Installing: /home/mingq/workspace/robocup_raspbot/install/robocup_srvs/share/robocup_srvs/cmake/robocup_srvs__rosidl_typesupport_cExport-noconfig.cmake
-- Installing: /home/mingq/workspace/robocup_raspbot/install/robocup_srvs/share/robocup_srvs/cmake/robocup_srvs__rosidl_typesupport_introspection_cppExport.cmake
-- Installing: /home/mingq/workspace/robocup_raspbot/install/robocup_srvs/share/robocup_srvs/cmake/robocup_srvs__rosidl_typesupport_introspection_cppExport-noconfig.cmake
-- Installing: /home/mingq/workspace/robocup_raspbot/install/robocup_srvs/share/robocup_srvs/cmake/robocup_srvs__rosidl_typesupport_cppExport.cmake
-- Installing: /home/mingq/workspace/robocup_raspbot/install/robocup_srvs/share/robocup_srvs/cmake/robocup_srvs__rosidl_typesupport_cppExport-noconfig.cmake
-- Installing: /home/mingq/workspace/robocup_raspbot/install/robocup_srvs/share/robocup_srvs/cmake/export_robocup_srvs__rosidl_generator_pyExport.cmake
-- Installing: /home/mingq/workspace/robocup_raspbot/install/robocup_srvs/share/robocup_srvs/cmake/export_robocup_srvs__rosidl_generator_pyExport-noconfig.cmake
