[0.039s] Invoking command in '/home/mingq/workspace/robocup_raspbot/build/robocup_srvs': AMENT_PREFIX_PATH=/home/mingq/workspace/robocup_raspbot/install/robocup_msgs:${AMENT_PREFIX_PATH} CMAKE_PREFIX_PATH=/home/mingq/workspace/robocup_raspbot/install/robocup_msgs:/opt/ros/humble LD_LIBRARY_PATH=/home/mingq/workspace/robocup_raspbot/install/robocup_msgs/lib:${LD_LIBRARY_PATH} PYTHONPATH=/home/mingq/workspace/robocup_raspbot/install/robocup_msgs/local/lib/python3.10/dist-packages:${PYTHONPATH} /usr/bin/cmake /home/mingq/workspace/robocup_raspbot/src/robocup_interfaces/robocup_srvs -DAMENT_CMAKE_SYMLINK_INSTALL=1 -DCMAKE_INSTALL_PREFIX=/home/mingq/workspace/robocup_raspbot/install/robocup_srvs
[0.127s] -- The C compiler identification is GNU 11.4.0
[0.364s] -- The CXX compiler identification is GNU 11.4.0
[0.520s] -- Detecting C compiler ABI info
[0.637s] -- Detecting C compiler ABI info - done
[0.642s] -- Check for working C compiler: /usr/bin/cc - skipped
[0.642s] -- Detecting C compile features
[0.642s] -- Detecting C compile features - done
[0.644s] -- Detecting CXX compiler ABI info
[0.771s] -- Detecting CXX compiler ABI info - done
[0.776s] -- Check for working CXX compiler: /usr/bin/c++ - skipped
[0.776s] -- Detecting CXX compile features
[0.776s] -- Detecting CXX compile features - done
[0.788s] -- Found ament_cmake: 1.3.11 (/opt/ros/humble/share/ament_cmake/cmake)
[0.965s] -- Found Python3: /usr/bin/python3 (found version "3.10.12") found components: Interpreter 
[1.051s] -- Override CMake install command with custom implementation using symlinks instead of copying resources
[1.074s] -- Found builtin_interfaces: 1.2.1 (/opt/ros/humble/share/builtin_interfaces/cmake)
[1.168s] -- Found rosidl_generator_c: 3.1.6 (/opt/ros/humble/share/rosidl_generator_c/cmake)
[1.173s] -- Found rosidl_adapter: 3.1.6 (/opt/ros/humble/share/rosidl_adapter/cmake)
[1.179s] -- Found rosidl_generator_cpp: 3.1.6 (/opt/ros/humble/share/rosidl_generator_cpp/cmake)
[1.187s] -- Using all available rosidl_typesupport_c: rosidl_typesupport_fastrtps_c;rosidl_typesupport_introspection_c
[1.199s] -- Using all available rosidl_typesupport_cpp: rosidl_typesupport_fastrtps_cpp;rosidl_typesupport_introspection_cpp
[1.209s] -- Found std_msgs: 4.9.0 (/opt/ros/humble/share/std_msgs/cmake)
[1.220s] -- Found std_srvs: 4.9.0 (/opt/ros/humble/share/std_srvs/cmake)
[1.237s] -- Found robocup_msgs: 0.0.0 (/home/mingq/workspace/robocup_raspbot/install/robocup_msgs/share/robocup_msgs/cmake)
[1.261s] -- Found rosidl_default_generators: 1.2.0 (/opt/ros/humble/share/rosidl_default_generators/cmake)
[1.509s] -- Found ament_cmake_ros: 0.10.0 (/opt/ros/humble/share/ament_cmake_ros/cmake)
[1.879s] -- Using all available rosidl_typesupport_c: rosidl_typesupport_fastrtps_c;rosidl_typesupport_introspection_c
[2.028s] -- Using all available rosidl_typesupport_cpp: rosidl_typesupport_fastrtps_cpp;rosidl_typesupport_introspection_cpp
[2.090s] -- Found PythonInterp: /usr/bin/python3 (found suitable version "3.10.12", minimum required is "3.6") 
[2.091s] -- Found python_cmake_module: 0.10.0 (/opt/ros/humble/share/python_cmake_module/cmake)
[2.250s] -- Found PythonLibs: /usr/lib/x86_64-linux-gnu/libpython3.10.so (found suitable version "3.10.12", minimum required is "3.5") 
[2.250s] -- Using PYTHON_EXECUTABLE: /usr/bin/python3
[2.250s] -- Using PYTHON_INCLUDE_DIRS: /usr/include/python3.10
[2.250s] -- Using PYTHON_LIBRARIES: /usr/lib/x86_64-linux-gnu/libpython3.10.so
[2.270s] -- Found PythonExtra: .so  
[2.359s] -- Configuring done
[2.402s] -- Generating done
[2.413s] -- Build files have been written to: /home/mingq/workspace/robocup_raspbot/build/robocup_srvs
[2.422s] Invoked command in '/home/mingq/workspace/robocup_raspbot/build/robocup_srvs' returned '0': AMENT_PREFIX_PATH=/home/mingq/workspace/robocup_raspbot/install/robocup_msgs:${AMENT_PREFIX_PATH} CMAKE_PREFIX_PATH=/home/mingq/workspace/robocup_raspbot/install/robocup_msgs:/opt/ros/humble LD_LIBRARY_PATH=/home/mingq/workspace/robocup_raspbot/install/robocup_msgs/lib:${LD_LIBRARY_PATH} PYTHONPATH=/home/mingq/workspace/robocup_raspbot/install/robocup_msgs/local/lib/python3.10/dist-packages:${PYTHONPATH} /usr/bin/cmake /home/mingq/workspace/robocup_raspbot/src/robocup_interfaces/robocup_srvs -DAMENT_CMAKE_SYMLINK_INSTALL=1 -DCMAKE_INSTALL_PREFIX=/home/mingq/workspace/robocup_raspbot/install/robocup_srvs
[2.424s] Invoking command in '/home/mingq/workspace/robocup_raspbot/build/robocup_srvs': AMENT_PREFIX_PATH=/home/mingq/workspace/robocup_raspbot/install/robocup_msgs:${AMENT_PREFIX_PATH} CMAKE_PREFIX_PATH=/home/mingq/workspace/robocup_raspbot/install/robocup_msgs:/opt/ros/humble LD_LIBRARY_PATH=/home/mingq/workspace/robocup_raspbot/install/robocup_msgs/lib:${LD_LIBRARY_PATH} PYTHONPATH=/home/mingq/workspace/robocup_raspbot/install/robocup_msgs/local/lib/python3.10/dist-packages:${PYTHONPATH} /usr/bin/cmake --build /home/mingq/workspace/robocup_raspbot/build/robocup_srvs -- -j16 -l16
[2.457s] [  3%] [34m[1mGenerating C code for ROS interfaces[0m
[2.467s] [  6%] [34m[1mGenerating C++ code for ROS interfaces[0m
[2.476s] [  6%] Built target ament_cmake_python_symlink_robocup_srvs
[2.728s] running egg_info
[2.728s] creating robocup_srvs.egg-info
[2.729s] writing robocup_srvs.egg-info/PKG-INFO
[2.729s] writing dependency_links to robocup_srvs.egg-info/dependency_links.txt
[2.729s] writing top-level names to robocup_srvs.egg-info/top_level.txt
[2.729s] writing manifest file 'robocup_srvs.egg-info/SOURCES.txt'
[2.732s] reading manifest file 'robocup_srvs.egg-info/SOURCES.txt'
[2.732s] writing manifest file 'robocup_srvs.egg-info/SOURCES.txt'
[2.746s] [  9%] [32mBuilding C object CMakeFiles/robocup_srvs__rosidl_generator_c.dir/rosidl_generator_c/robocup_srvs/srv/detail/object_detection2_d_service__functions.c.o[0m
[2.761s] [  9%] Built target ament_cmake_python_build_robocup_srvs_egg
[2.768s] [  9%] Built target robocup_srvs__cpp
[2.779s] [ 12%] [34m[1mGenerating C++ type support dispatch for ROS interfaces[0m
[2.781s] [ 16%] [34m[1mGenerating C++ type support for eProsima Fast-RTPS[0m
[2.783s] [ 19%] [34m[1mGenerating C++ introspection for ROS interfaces[0m
[2.808s] [ 22%] [32m[1mLinking C shared library librobocup_srvs__rosidl_generator_c.so[0m
[2.899s] [ 22%] Built target robocup_srvs__rosidl_generator_c
[2.917s] [ 25%] [34m[1mGenerating C introspection for ROS interfaces[0m
[2.918s] [ 29%] [34m[1mGenerating C type support dispatch for ROS interfaces[0m
[2.920s] [ 32%] [34m[1mGenerating C type support for eProsima Fast-RTPS[0m
[3.078s] [ 35%] [32mBuilding CXX object CMakeFiles/robocup_srvs__rosidl_typesupport_fastrtps_cpp.dir/rosidl_typesupport_fastrtps_cpp/robocup_srvs/srv/detail/dds_fastrtps/object_detection2_d_service__type_support.cpp.o[0m
[3.079s] [ 38%] [32mBuilding CXX object CMakeFiles/robocup_srvs__rosidl_typesupport_cpp.dir/rosidl_typesupport_cpp/robocup_srvs/srv/object_detection2_d_service__type_support.cpp.o[0m
[3.112s] [ 41%] [32mBuilding CXX object CMakeFiles/robocup_srvs__rosidl_typesupport_introspection_cpp.dir/rosidl_typesupport_introspection_cpp/robocup_srvs/srv/detail/object_detection2_d_service__type_support.cpp.o[0m
[3.211s] [ 45%] [32mBuilding CXX object CMakeFiles/robocup_srvs__rosidl_typesupport_c.dir/rosidl_typesupport_c/robocup_srvs/srv/object_detection2_d_service__type_support.cpp.o[0m
[3.237s] [ 48%] [32mBuilding C object CMakeFiles/robocup_srvs__rosidl_typesupport_introspection_c.dir/rosidl_typesupport_introspection_c/robocup_srvs/srv/detail/object_detection2_d_service__type_support.c.o[0m
[3.257s] [ 51%] [32m[1mLinking CXX shared library librobocup_srvs__rosidl_typesupport_c.so[0m
[3.284s] [ 54%] [32mBuilding CXX object CMakeFiles/robocup_srvs__rosidl_typesupport_fastrtps_c.dir/rosidl_typesupport_fastrtps_c/robocup_srvs/srv/detail/object_detection2_d_service__type_support_c.cpp.o[0m
[3.291s] [ 58%] [32m[1mLinking C shared library librobocup_srvs__rosidl_typesupport_introspection_c.so[0m
[3.341s] [ 58%] Built target robocup_srvs__rosidl_typesupport_c
[3.358s] [ 58%] Built target robocup_srvs__rosidl_typesupport_introspection_c
[3.409s] [ 61%] [32m[1mLinking CXX shared library librobocup_srvs__rosidl_typesupport_cpp.so[0m
[3.484s] [ 61%] Built target robocup_srvs__rosidl_typesupport_cpp
[3.585s] [ 64%] [32m[1mLinking CXX shared library librobocup_srvs__rosidl_typesupport_fastrtps_cpp.so[0m
[3.613s] [ 67%] [32m[1mLinking CXX shared library librobocup_srvs__rosidl_typesupport_fastrtps_c.so[0m
[3.628s] [ 70%] [32m[1mLinking CXX shared library librobocup_srvs__rosidl_typesupport_introspection_cpp.so[0m
[3.702s] [ 70%] Built target robocup_srvs__rosidl_typesupport_fastrtps_cpp
[3.729s] [ 70%] Built target robocup_srvs__rosidl_typesupport_fastrtps_c
[3.730s] [ 70%] Built target robocup_srvs__rosidl_typesupport_introspection_cpp
[3.747s] [ 70%] Built target robocup_srvs
[3.765s] [ 74%] [34m[1mGenerating Python code for ROS interfaces[0m
[4.036s] [ 74%] Built target robocup_srvs__py
[4.055s] [ 77%] [32mBuilding C object CMakeFiles/robocup_srvs__rosidl_generator_py.dir/rosidl_generator_py/robocup_srvs/srv/_object_detection2_d_service_s.c.o[0m
[4.140s] [ 80%] [32m[1mLinking C shared library rosidl_generator_py/robocup_srvs/librobocup_srvs__rosidl_generator_py.so[0m
[4.207s] [ 80%] Built target robocup_srvs__rosidl_generator_py
[4.223s] [ 83%] [32mBuilding C object CMakeFiles/robocup_srvs__rosidl_typesupport_fastrtps_c__pyext.dir/rosidl_generator_py/robocup_srvs/_robocup_srvs_s.ep.rosidl_typesupport_fastrtps_c.c.o[0m
[4.223s] [ 87%] [32mBuilding C object CMakeFiles/robocup_srvs__rosidl_typesupport_introspection_c__pyext.dir/rosidl_generator_py/robocup_srvs/_robocup_srvs_s.ep.rosidl_typesupport_introspection_c.c.o[0m
[4.226s] [ 90%] [32mBuilding C object CMakeFiles/robocup_srvs__rosidl_typesupport_c__pyext.dir/rosidl_generator_py/robocup_srvs/_robocup_srvs_s.ep.rosidl_typesupport_c.c.o[0m
[4.321s] [ 93%] [32m[1mLinking C shared library rosidl_generator_py/robocup_srvs/robocup_srvs_s__rosidl_typesupport_c.cpython-310-x86_64-linux-gnu.so[0m
[4.328s] [ 96%] [32m[1mLinking C shared library rosidl_generator_py/robocup_srvs/robocup_srvs_s__rosidl_typesupport_fastrtps_c.cpython-310-x86_64-linux-gnu.so[0m
[4.334s] [100%] [32m[1mLinking C shared library rosidl_generator_py/robocup_srvs/robocup_srvs_s__rosidl_typesupport_introspection_c.cpython-310-x86_64-linux-gnu.so[0m
[4.388s] [100%] Built target robocup_srvs__rosidl_typesupport_c__pyext
[4.399s] [100%] Built target robocup_srvs__rosidl_typesupport_introspection_c__pyext
[4.400s] [100%] Built target robocup_srvs__rosidl_typesupport_fastrtps_c__pyext
[4.409s] Invoked command in '/home/mingq/workspace/robocup_raspbot/build/robocup_srvs' returned '0': AMENT_PREFIX_PATH=/home/mingq/workspace/robocup_raspbot/install/robocup_msgs:${AMENT_PREFIX_PATH} CMAKE_PREFIX_PATH=/home/mingq/workspace/robocup_raspbot/install/robocup_msgs:/opt/ros/humble LD_LIBRARY_PATH=/home/mingq/workspace/robocup_raspbot/install/robocup_msgs/lib:${LD_LIBRARY_PATH} PYTHONPATH=/home/mingq/workspace/robocup_raspbot/install/robocup_msgs/local/lib/python3.10/dist-packages:${PYTHONPATH} /usr/bin/cmake --build /home/mingq/workspace/robocup_raspbot/build/robocup_srvs -- -j16 -l16
[4.412s] Invoking command in '/home/mingq/workspace/robocup_raspbot/build/robocup_srvs': AMENT_PREFIX_PATH=/home/mingq/workspace/robocup_raspbot/install/robocup_msgs:${AMENT_PREFIX_PATH} CMAKE_PREFIX_PATH=/home/mingq/workspace/robocup_raspbot/install/robocup_msgs:/opt/ros/humble LD_LIBRARY_PATH=/home/mingq/workspace/robocup_raspbot/install/robocup_msgs/lib:${LD_LIBRARY_PATH} PYTHONPATH=/home/mingq/workspace/robocup_raspbot/install/robocup_msgs/local/lib/python3.10/dist-packages:${PYTHONPATH} /usr/bin/cmake --install /home/mingq/workspace/robocup_raspbot/build/robocup_srvs
[4.418s] -- Install configuration: ""
[4.418s] -- Execute custom install script
[4.419s] -- Symlinking: /home/mingq/workspace/robocup_raspbot/install/robocup_srvs/share/ament_index/resource_index/rosidl_interfaces/robocup_srvs
[4.427s] -- Symlinking: /home/mingq/workspace/robocup_raspbot/install/robocup_srvs/include/robocup_srvs/robocup_srvs/msg/rosidl_generator_c__visibility_control.h
[4.435s] -- Symlinking: /home/mingq/workspace/robocup_raspbot/install/robocup_srvs/include/robocup_srvs/robocup_srvs/srv/detail/object_detection2_d_service__functions.h
[4.443s] -- Symlinking: /home/mingq/workspace/robocup_raspbot/install/robocup_srvs/include/robocup_srvs/robocup_srvs/srv/detail/object_detection2_d_service__struct.h
[4.451s] -- Symlinking: /home/mingq/workspace/robocup_raspbot/install/robocup_srvs/include/robocup_srvs/robocup_srvs/srv/detail/object_detection2_d_service__type_support.h
[4.460s] -- Symlinking: /home/mingq/workspace/robocup_raspbot/install/robocup_srvs/include/robocup_srvs/robocup_srvs/srv/object_detection2_d_service.h
[4.468s] -- Symlinking: /home/mingq/workspace/robocup_raspbot/install/robocup_srvs/share/robocup_srvs/environment/library_path.sh
[4.476s] -- Symlinking: /home/mingq/workspace/robocup_raspbot/install/robocup_srvs/share/robocup_srvs/environment/library_path.dsv
[4.484s] -- Symlinking: /home/mingq/workspace/robocup_raspbot/install/robocup_srvs/include/robocup_srvs/robocup_srvs/msg/rosidl_typesupport_fastrtps_c__visibility_control.h
[4.492s] -- Symlinking: /home/mingq/workspace/robocup_raspbot/install/robocup_srvs/include/robocup_srvs/robocup_srvs/srv/detail/object_detection2_d_service__rosidl_typesupport_fastrtps_c.h
[4.500s] -- Symlinking: /home/mingq/workspace/robocup_raspbot/install/robocup_srvs/include/robocup_srvs/robocup_srvs/msg/rosidl_generator_cpp__visibility_control.hpp
[4.508s] -- Symlinking: /home/mingq/workspace/robocup_raspbot/install/robocup_srvs/include/robocup_srvs/robocup_srvs/srv/detail/object_detection2_d_service__builder.hpp
[4.517s] -- Symlinking: /home/mingq/workspace/robocup_raspbot/install/robocup_srvs/include/robocup_srvs/robocup_srvs/srv/detail/object_detection2_d_service__struct.hpp
[4.526s] -- Symlinking: /home/mingq/workspace/robocup_raspbot/install/robocup_srvs/include/robocup_srvs/robocup_srvs/srv/detail/object_detection2_d_service__traits.hpp
[4.534s] -- Symlinking: /home/mingq/workspace/robocup_raspbot/install/robocup_srvs/include/robocup_srvs/robocup_srvs/srv/detail/object_detection2_d_service__type_support.hpp
[4.544s] -- Symlinking: /home/mingq/workspace/robocup_raspbot/install/robocup_srvs/include/robocup_srvs/robocup_srvs/srv/object_detection2_d_service.hpp
[4.552s] -- Symlinking: /home/mingq/workspace/robocup_raspbot/install/robocup_srvs/include/robocup_srvs/robocup_srvs/msg/rosidl_typesupport_fastrtps_cpp__visibility_control.h
[4.559s] -- Symlinking: /home/mingq/workspace/robocup_raspbot/install/robocup_srvs/include/robocup_srvs/robocup_srvs/srv/detail/object_detection2_d_service__rosidl_typesupport_fastrtps_cpp.hpp
[4.568s] -- Symlinking: /home/mingq/workspace/robocup_raspbot/install/robocup_srvs/include/robocup_srvs/robocup_srvs/msg/rosidl_typesupport_introspection_c__visibility_control.h
[4.576s] -- Symlinking: /home/mingq/workspace/robocup_raspbot/install/robocup_srvs/include/robocup_srvs/robocup_srvs/srv/detail/object_detection2_d_service__rosidl_typesupport_introspection_c.h
[4.586s] -- Symlinking: /home/mingq/workspace/robocup_raspbot/install/robocup_srvs/include/robocup_srvs/robocup_srvs/srv/detail/object_detection2_d_service__rosidl_typesupport_introspection_cpp.hpp
[4.595s] -- Symlinking: /home/mingq/workspace/robocup_raspbot/install/robocup_srvs/share/robocup_srvs/environment/pythonpath.sh
[4.602s] -- Symlinking: /home/mingq/workspace/robocup_raspbot/install/robocup_srvs/share/robocup_srvs/environment/pythonpath.dsv
[4.612s] -- Symlinking: /home/mingq/workspace/robocup_raspbot/install/robocup_srvs/local/lib/python3.10/dist-packages/robocup_srvs-0.0.0-py3.10.egg-info/PKG-INFO
[4.619s] -- Symlinking: /home/mingq/workspace/robocup_raspbot/install/robocup_srvs/local/lib/python3.10/dist-packages/robocup_srvs-0.0.0-py3.10.egg-info/SOURCES.txt
[4.628s] -- Symlinking: /home/mingq/workspace/robocup_raspbot/install/robocup_srvs/local/lib/python3.10/dist-packages/robocup_srvs-0.0.0-py3.10.egg-info/dependency_links.txt
[4.635s] -- Symlinking: /home/mingq/workspace/robocup_raspbot/install/robocup_srvs/local/lib/python3.10/dist-packages/robocup_srvs-0.0.0-py3.10.egg-info/top_level.txt
[4.645s] -- Symlinking: /home/mingq/workspace/robocup_raspbot/install/robocup_srvs/local/lib/python3.10/dist-packages/robocup_srvs/__init__.py
[4.654s] -- Symlinking: /home/mingq/workspace/robocup_raspbot/install/robocup_srvs/local/lib/python3.10/dist-packages/robocup_srvs/_robocup_srvs_s.ep.rosidl_typesupport_c.c
[4.662s] -- Symlinking: /home/mingq/workspace/robocup_raspbot/install/robocup_srvs/local/lib/python3.10/dist-packages/robocup_srvs/_robocup_srvs_s.ep.rosidl_typesupport_fastrtps_c.c
[4.670s] -- Symlinking: /home/mingq/workspace/robocup_raspbot/install/robocup_srvs/local/lib/python3.10/dist-packages/robocup_srvs/_robocup_srvs_s.ep.rosidl_typesupport_introspection_c.c
[4.682s] -- Symlinking: /home/mingq/workspace/robocup_raspbot/install/robocup_srvs/local/lib/python3.10/dist-packages/robocup_srvs/librobocup_srvs__rosidl_generator_py.so
[4.690s] -- Symlinking: /home/mingq/workspace/robocup_raspbot/install/robocup_srvs/local/lib/python3.10/dist-packages/robocup_srvs/robocup_srvs_s__rosidl_typesupport_c.cpython-310-x86_64-linux-gnu.so
[4.698s] -- Symlinking: /home/mingq/workspace/robocup_raspbot/install/robocup_srvs/local/lib/python3.10/dist-packages/robocup_srvs/robocup_srvs_s__rosidl_typesupport_fastrtps_c.cpython-310-x86_64-linux-gnu.so
[4.706s] -- Symlinking: /home/mingq/workspace/robocup_raspbot/install/robocup_srvs/local/lib/python3.10/dist-packages/robocup_srvs/robocup_srvs_s__rosidl_typesupport_introspection_c.cpython-310-x86_64-linux-gnu.so
[4.714s] -- Symlinking: /home/mingq/workspace/robocup_raspbot/install/robocup_srvs/local/lib/python3.10/dist-packages/robocup_srvs/srv/__init__.py
[4.722s] -- Symlinking: /home/mingq/workspace/robocup_raspbot/install/robocup_srvs/local/lib/python3.10/dist-packages/robocup_srvs/srv/_object_detection2_d_service.py
[4.732s] -- Symlinking: /home/mingq/workspace/robocup_raspbot/install/robocup_srvs/local/lib/python3.10/dist-packages/robocup_srvs/srv/_object_detection2_d_service_s.c
[4.742s] -- Up-to-date symlink: /home/mingq/workspace/robocup_raspbot/install/robocup_srvs/local/lib/python3.10/dist-packages/robocup_srvs/robocup_srvs_s__rosidl_typesupport_fastrtps_c.cpython-310-x86_64-linux-gnu.so
[4.742s] -- Up-to-date symlink: /home/mingq/workspace/robocup_raspbot/install/robocup_srvs/local/lib/python3.10/dist-packages/robocup_srvs/robocup_srvs_s__rosidl_typesupport_introspection_c.cpython-310-x86_64-linux-gnu.so
[4.742s] -- Up-to-date symlink: /home/mingq/workspace/robocup_raspbot/install/robocup_srvs/local/lib/python3.10/dist-packages/robocup_srvs/robocup_srvs_s__rosidl_typesupport_c.cpython-310-x86_64-linux-gnu.so
[4.743s] -- Symlinking: /home/mingq/workspace/robocup_raspbot/install/robocup_srvs/share/robocup_srvs/srv/ObjectDetection2DService.idl
[4.752s] -- Symlinking: /home/mingq/workspace/robocup_raspbot/install/robocup_srvs/share/robocup_srvs/srv/ObjectDetection2DService.srv
[4.760s] -- Symlinking: /home/mingq/workspace/robocup_raspbot/install/robocup_srvs/share/robocup_srvs/srv/ObjectDetection2DService_Request.msg
[4.770s] -- Symlinking: /home/mingq/workspace/robocup_raspbot/install/robocup_srvs/share/robocup_srvs/srv/ObjectDetection2DService_Response.msg
[4.778s] -- Symlinking: /home/mingq/workspace/robocup_raspbot/install/robocup_srvs/share/ament_index/resource_index/package_run_dependencies/robocup_srvs
[4.787s] -- Symlinking: /home/mingq/workspace/robocup_raspbot/install/robocup_srvs/share/ament_index/resource_index/parent_prefix_path/robocup_srvs
[4.794s] -- Symlinking: /home/mingq/workspace/robocup_raspbot/install/robocup_srvs/share/robocup_srvs/environment/ament_prefix_path.sh
[4.805s] -- Symlinking: /home/mingq/workspace/robocup_raspbot/install/robocup_srvs/share/robocup_srvs/environment/ament_prefix_path.dsv
[4.815s] -- Symlinking: /home/mingq/workspace/robocup_raspbot/install/robocup_srvs/share/robocup_srvs/environment/path.sh
[4.825s] -- Symlinking: /home/mingq/workspace/robocup_raspbot/install/robocup_srvs/share/robocup_srvs/environment/path.dsv
[4.833s] -- Symlinking: /home/mingq/workspace/robocup_raspbot/install/robocup_srvs/share/robocup_srvs/local_setup.bash
[4.842s] -- Symlinking: /home/mingq/workspace/robocup_raspbot/install/robocup_srvs/share/robocup_srvs/local_setup.sh
[4.852s] -- Symlinking: /home/mingq/workspace/robocup_raspbot/install/robocup_srvs/share/robocup_srvs/local_setup.zsh
[4.859s] -- Symlinking: /home/mingq/workspace/robocup_raspbot/install/robocup_srvs/share/robocup_srvs/local_setup.dsv
[4.869s] -- Symlinking: /home/mingq/workspace/robocup_raspbot/install/robocup_srvs/share/robocup_srvs/package.dsv
[4.878s] -- Symlinking: /home/mingq/workspace/robocup_raspbot/install/robocup_srvs/share/ament_index/resource_index/packages/robocup_srvs
[4.892s] -- Symlinking: /home/mingq/workspace/robocup_raspbot/install/robocup_srvs/share/robocup_srvs/cmake/rosidl_cmake-extras.cmake
[4.901s] -- Symlinking: /home/mingq/workspace/robocup_raspbot/install/robocup_srvs/share/robocup_srvs/cmake/ament_cmake_export_dependencies-extras.cmake
[4.913s] -- Symlinking: /home/mingq/workspace/robocup_raspbot/install/robocup_srvs/share/robocup_srvs/cmake/ament_cmake_export_include_directories-extras.cmake
[4.923s] -- Symlinking: /home/mingq/workspace/robocup_raspbot/install/robocup_srvs/share/robocup_srvs/cmake/ament_cmake_export_libraries-extras.cmake
[4.931s] -- Symlinking: /home/mingq/workspace/robocup_raspbot/install/robocup_srvs/share/robocup_srvs/cmake/ament_cmake_export_targets-extras.cmake
[4.940s] -- Symlinking: /home/mingq/workspace/robocup_raspbot/install/robocup_srvs/share/robocup_srvs/cmake/rosidl_cmake_export_typesupport_targets-extras.cmake
[4.948s] -- Symlinking: /home/mingq/workspace/robocup_raspbot/install/robocup_srvs/share/robocup_srvs/cmake/rosidl_cmake_export_typesupport_libraries-extras.cmake
[4.959s] -- Symlinking: /home/mingq/workspace/robocup_raspbot/install/robocup_srvs/share/robocup_srvs/cmake/robocup_srvsConfig.cmake
[4.966s] -- Symlinking: /home/mingq/workspace/robocup_raspbot/install/robocup_srvs/share/robocup_srvs/cmake/robocup_srvsConfig-version.cmake
[4.974s] -- Symlinking: /home/mingq/workspace/robocup_raspbot/install/robocup_srvs/share/robocup_srvs/package.xml
[4.985s] -- Installing: /home/mingq/workspace/robocup_raspbot/install/robocup_srvs/lib/librobocup_srvs__rosidl_generator_c.so
[4.985s] -- Set runtime path of "/home/mingq/workspace/robocup_raspbot/install/robocup_srvs/lib/librobocup_srvs__rosidl_generator_c.so" to ""
[4.985s] -- Installing: /home/mingq/workspace/robocup_raspbot/install/robocup_srvs/lib/librobocup_srvs__rosidl_typesupport_fastrtps_c.so
[4.985s] -- Set runtime path of "/home/mingq/workspace/robocup_raspbot/install/robocup_srvs/lib/librobocup_srvs__rosidl_typesupport_fastrtps_c.so" to ""
[4.985s] -- Installing: /home/mingq/workspace/robocup_raspbot/install/robocup_srvs/lib/librobocup_srvs__rosidl_typesupport_fastrtps_cpp.so
[4.985s] -- Set runtime path of "/home/mingq/workspace/robocup_raspbot/install/robocup_srvs/lib/librobocup_srvs__rosidl_typesupport_fastrtps_cpp.so" to ""
[4.986s] -- Installing: /home/mingq/workspace/robocup_raspbot/install/robocup_srvs/lib/librobocup_srvs__rosidl_typesupport_introspection_c.so
[4.986s] -- Set runtime path of "/home/mingq/workspace/robocup_raspbot/install/robocup_srvs/lib/librobocup_srvs__rosidl_typesupport_introspection_c.so" to ""
[4.986s] -- Installing: /home/mingq/workspace/robocup_raspbot/install/robocup_srvs/lib/librobocup_srvs__rosidl_typesupport_c.so
[4.986s] -- Set runtime path of "/home/mingq/workspace/robocup_raspbot/install/robocup_srvs/lib/librobocup_srvs__rosidl_typesupport_c.so" to ""
[4.987s] -- Installing: /home/mingq/workspace/robocup_raspbot/install/robocup_srvs/lib/librobocup_srvs__rosidl_typesupport_introspection_cpp.so
[4.987s] -- Set runtime path of "/home/mingq/workspace/robocup_raspbot/install/robocup_srvs/lib/librobocup_srvs__rosidl_typesupport_introspection_cpp.so" to ""
[4.987s] -- Installing: /home/mingq/workspace/robocup_raspbot/install/robocup_srvs/lib/librobocup_srvs__rosidl_typesupport_cpp.so
[4.987s] -- Set runtime path of "/home/mingq/workspace/robocup_raspbot/install/robocup_srvs/lib/librobocup_srvs__rosidl_typesupport_cpp.so" to ""
[5.027s] Listing '/home/mingq/workspace/robocup_raspbot/install/robocup_srvs/local/lib/python3.10/dist-packages/robocup_srvs'...
[5.027s] Compiling '/home/mingq/workspace/robocup_raspbot/install/robocup_srvs/local/lib/python3.10/dist-packages/robocup_srvs/__init__.py'...
[5.027s] Listing '/home/mingq/workspace/robocup_raspbot/install/robocup_srvs/local/lib/python3.10/dist-packages/robocup_srvs/srv'...
[5.027s] Compiling '/home/mingq/workspace/robocup_raspbot/install/robocup_srvs/local/lib/python3.10/dist-packages/robocup_srvs/srv/__init__.py'...
[5.027s] Compiling '/home/mingq/workspace/robocup_raspbot/install/robocup_srvs/local/lib/python3.10/dist-packages/robocup_srvs/srv/_object_detection2_d_service.py'...
[5.031s] -- Installing: /home/mingq/workspace/robocup_raspbot/install/robocup_srvs/lib/librobocup_srvs__rosidl_generator_py.so
[5.031s] -- Set runtime path of "/home/mingq/workspace/robocup_raspbot/install/robocup_srvs/lib/librobocup_srvs__rosidl_generator_py.so" to ""
[5.031s] -- Installing: /home/mingq/workspace/robocup_raspbot/install/robocup_srvs/share/robocup_srvs/cmake/export_robocup_srvs__rosidl_generator_cExport.cmake
[5.032s] -- Installing: /home/mingq/workspace/robocup_raspbot/install/robocup_srvs/share/robocup_srvs/cmake/export_robocup_srvs__rosidl_generator_cExport-noconfig.cmake
[5.032s] -- Installing: /home/mingq/workspace/robocup_raspbot/install/robocup_srvs/share/robocup_srvs/cmake/export_robocup_srvs__rosidl_typesupport_fastrtps_cExport.cmake
[5.032s] -- Installing: /home/mingq/workspace/robocup_raspbot/install/robocup_srvs/share/robocup_srvs/cmake/export_robocup_srvs__rosidl_typesupport_fastrtps_cExport-noconfig.cmake
[5.032s] -- Installing: /home/mingq/workspace/robocup_raspbot/install/robocup_srvs/share/robocup_srvs/cmake/export_robocup_srvs__rosidl_generator_cppExport.cmake
[5.032s] -- Installing: /home/mingq/workspace/robocup_raspbot/install/robocup_srvs/share/robocup_srvs/cmake/export_robocup_srvs__rosidl_typesupport_fastrtps_cppExport.cmake
[5.033s] -- Installing: /home/mingq/workspace/robocup_raspbot/install/robocup_srvs/share/robocup_srvs/cmake/export_robocup_srvs__rosidl_typesupport_fastrtps_cppExport-noconfig.cmake
[5.033s] -- Installing: /home/mingq/workspace/robocup_raspbot/install/robocup_srvs/share/robocup_srvs/cmake/robocup_srvs__rosidl_typesupport_introspection_cExport.cmake
[5.033s] -- Installing: /home/mingq/workspace/robocup_raspbot/install/robocup_srvs/share/robocup_srvs/cmake/robocup_srvs__rosidl_typesupport_introspection_cExport-noconfig.cmake
[5.033s] -- Installing: /home/mingq/workspace/robocup_raspbot/install/robocup_srvs/share/robocup_srvs/cmake/robocup_srvs__rosidl_typesupport_cExport.cmake
[5.034s] -- Installing: /home/mingq/workspace/robocup_raspbot/install/robocup_srvs/share/robocup_srvs/cmake/robocup_srvs__rosidl_typesupport_cExport-noconfig.cmake
[5.034s] -- Installing: /home/mingq/workspace/robocup_raspbot/install/robocup_srvs/share/robocup_srvs/cmake/robocup_srvs__rosidl_typesupport_introspection_cppExport.cmake
[5.034s] -- Installing: /home/mingq/workspace/robocup_raspbot/install/robocup_srvs/share/robocup_srvs/cmake/robocup_srvs__rosidl_typesupport_introspection_cppExport-noconfig.cmake
[5.034s] -- Installing: /home/mingq/workspace/robocup_raspbot/install/robocup_srvs/share/robocup_srvs/cmake/robocup_srvs__rosidl_typesupport_cppExport.cmake
[5.034s] -- Installing: /home/mingq/workspace/robocup_raspbot/install/robocup_srvs/share/robocup_srvs/cmake/robocup_srvs__rosidl_typesupport_cppExport-noconfig.cmake
[5.034s] -- Installing: /home/mingq/workspace/robocup_raspbot/install/robocup_srvs/share/robocup_srvs/cmake/export_robocup_srvs__rosidl_generator_pyExport.cmake
[5.034s] -- Installing: /home/mingq/workspace/robocup_raspbot/install/robocup_srvs/share/robocup_srvs/cmake/export_robocup_srvs__rosidl_generator_pyExport-noconfig.cmake
[5.036s] Invoked command in '/home/mingq/workspace/robocup_raspbot/build/robocup_srvs' returned '0': AMENT_PREFIX_PATH=/home/mingq/workspace/robocup_raspbot/install/robocup_msgs:${AMENT_PREFIX_PATH} CMAKE_PREFIX_PATH=/home/mingq/workspace/robocup_raspbot/install/robocup_msgs:/opt/ros/humble LD_LIBRARY_PATH=/home/mingq/workspace/robocup_raspbot/install/robocup_msgs/lib:${LD_LIBRARY_PATH} PYTHONPATH=/home/mingq/workspace/robocup_raspbot/install/robocup_msgs/local/lib/python3.10/dist-packages:${PYTHONPATH} /usr/bin/cmake --install /home/mingq/workspace/robocup_raspbot/build/robocup_srvs
