[35m[1mConsolidate compiler generated dependencies of target robocup_msgs__rosidl_generator_c[0m
[  2%] Built target robocup_msgs__cpp
[ 12%] Built target robocup_msgs__rosidl_generator_c
[ 12%] Built target ament_cmake_python_symlink_robocup_msgs
[35m[1mConsolidate compiler generated dependencies of target robocup_msgs__rosidl_typesupport_introspection_cpp[0m
[35m[1mConsolidate compiler generated dependencies of target robocup_msgs__rosidl_typesupport_fastrtps_cpp[0m
[35m[1mConsolidate compiler generated dependencies of target robocup_msgs__rosidl_typesupport_cpp[0m
[35m[1mConsolidate compiler generated dependencies of target robocup_msgs__rosidl_typesupport_fastrtps_c[0m
[35m[1mConsolidate compiler generated dependencies of target robocup_msgs__rosidl_typesupport_introspection_c[0m
[ 23%] Built target robocup_msgs__rosidl_typesupport_introspection_cpp
[35m[1mConsolidate compiler generated dependencies of target robocup_msgs__rosidl_typesupport_c[0m
[ 34%] Built target robocup_msgs__rosidl_typesupport_fastrtps_cpp
[ 44%] Built target robocup_msgs__rosidl_typesupport_cpp
[ 55%] Built target robocup_msgs__rosidl_typesupport_introspection_c
[ 65%] Built target robocup_msgs__rosidl_typesupport_fastrtps_c
[ 76%] Built target robocup_msgs__rosidl_typesupport_c
[ 76%] Built target robocup_msgs
[ 78%] Built target robocup_msgs__py
[35m[1mConsolidate compiler generated dependencies of target robocup_msgs__rosidl_generator_py[0m
[ 87%] Built target robocup_msgs__rosidl_generator_py
[35m[1mConsolidate compiler generated dependencies of target robocup_msgs__rosidl_typesupport_introspection_c__pyext[0m
[35m[1mConsolidate compiler generated dependencies of target robocup_msgs__rosidl_typesupport_fastrtps_c__pyext[0m
[35m[1mConsolidate compiler generated dependencies of target robocup_msgs__rosidl_typesupport_c__pyext[0m
[ 91%] Built target robocup_msgs__rosidl_typesupport_fastrtps_c__pyext
[ 95%] Built target robocup_msgs__rosidl_typesupport_c__pyext
[100%] Built target robocup_msgs__rosidl_typesupport_introspection_c__pyext
running egg_info
writing robocup_msgs.egg-info/PKG-INFO
writing dependency_links to robocup_msgs.egg-info/dependency_links.txt
writing top-level names to robocup_msgs.egg-info/top_level.txt
reading manifest file 'robocup_msgs.egg-info/SOURCES.txt'
writing manifest file 'robocup_msgs.egg-info/SOURCES.txt'
[100%] Built target ament_cmake_python_build_robocup_msgs_egg
-- Install configuration: ""
-- Execute custom install script
-- Up-to-date symlink: /home/mingq/workspace/robocup_raspbot/install/robocup_msgs/share/ament_index/resource_index/rosidl_interfaces/robocup_msgs
-- Up-to-date symlink: /home/mingq/workspace/robocup_raspbot/install/robocup_msgs/include/robocup_msgs/robocup_msgs/msg/bounding_box2_d.h
-- Up-to-date symlink: /home/mingq/workspace/robocup_raspbot/install/robocup_msgs/include/robocup_msgs/robocup_msgs/msg/detail/bounding_box2_d__functions.h
-- Up-to-date symlink: /home/mingq/workspace/robocup_raspbot/install/robocup_msgs/include/robocup_msgs/robocup_msgs/msg/detail/bounding_box2_d__struct.h
-- Up-to-date symlink: /home/mingq/workspace/robocup_raspbot/install/robocup_msgs/include/robocup_msgs/robocup_msgs/msg/detail/bounding_box2_d__type_support.h
-- Up-to-date symlink: /home/mingq/workspace/robocup_raspbot/install/robocup_msgs/include/robocup_msgs/robocup_msgs/msg/detail/object_detection2_d__functions.h
-- Up-to-date symlink: /home/mingq/workspace/robocup_raspbot/install/robocup_msgs/include/robocup_msgs/robocup_msgs/msg/detail/object_detection2_d__struct.h
-- Up-to-date symlink: /home/mingq/workspace/robocup_raspbot/install/robocup_msgs/include/robocup_msgs/robocup_msgs/msg/detail/object_detection2_d__type_support.h
-- Up-to-date symlink: /home/mingq/workspace/robocup_raspbot/install/robocup_msgs/include/robocup_msgs/robocup_msgs/msg/detail/object_detection2_d_array__functions.h
-- Up-to-date symlink: /home/mingq/workspace/robocup_raspbot/install/robocup_msgs/include/robocup_msgs/robocup_msgs/msg/detail/object_detection2_d_array__struct.h
-- Up-to-date symlink: /home/mingq/workspace/robocup_raspbot/install/robocup_msgs/include/robocup_msgs/robocup_msgs/msg/detail/object_detection2_d_array__type_support.h
-- Up-to-date symlink: /home/mingq/workspace/robocup_raspbot/install/robocup_msgs/include/robocup_msgs/robocup_msgs/msg/object_detection2_d.h
-- Up-to-date symlink: /home/mingq/workspace/robocup_raspbot/install/robocup_msgs/include/robocup_msgs/robocup_msgs/msg/object_detection2_d_array.h
-- Up-to-date symlink: /home/mingq/workspace/robocup_raspbot/install/robocup_msgs/include/robocup_msgs/robocup_msgs/msg/rosidl_generator_c__visibility_control.h
-- Up-to-date symlink: /home/mingq/workspace/robocup_raspbot/install/robocup_msgs/share/robocup_msgs/environment/library_path.sh
-- Up-to-date symlink: /home/mingq/workspace/robocup_raspbot/install/robocup_msgs/share/robocup_msgs/environment/library_path.dsv
-- Up-to-date symlink: /home/mingq/workspace/robocup_raspbot/install/robocup_msgs/include/robocup_msgs/robocup_msgs/msg/detail/bounding_box2_d__rosidl_typesupport_fastrtps_c.h
-- Up-to-date symlink: /home/mingq/workspace/robocup_raspbot/install/robocup_msgs/include/robocup_msgs/robocup_msgs/msg/detail/object_detection2_d__rosidl_typesupport_fastrtps_c.h
-- Up-to-date symlink: /home/mingq/workspace/robocup_raspbot/install/robocup_msgs/include/robocup_msgs/robocup_msgs/msg/detail/object_detection2_d_array__rosidl_typesupport_fastrtps_c.h
-- Up-to-date symlink: /home/mingq/workspace/robocup_raspbot/install/robocup_msgs/include/robocup_msgs/robocup_msgs/msg/rosidl_typesupport_fastrtps_c__visibility_control.h
-- Up-to-date symlink: /home/mingq/workspace/robocup_raspbot/install/robocup_msgs/include/robocup_msgs/robocup_msgs/msg/bounding_box2_d.hpp
-- Up-to-date symlink: /home/mingq/workspace/robocup_raspbot/install/robocup_msgs/include/robocup_msgs/robocup_msgs/msg/detail/bounding_box2_d__builder.hpp
-- Up-to-date symlink: /home/mingq/workspace/robocup_raspbot/install/robocup_msgs/include/robocup_msgs/robocup_msgs/msg/detail/bounding_box2_d__struct.hpp
-- Up-to-date symlink: /home/mingq/workspace/robocup_raspbot/install/robocup_msgs/include/robocup_msgs/robocup_msgs/msg/detail/bounding_box2_d__traits.hpp
-- Up-to-date symlink: /home/mingq/workspace/robocup_raspbot/install/robocup_msgs/include/robocup_msgs/robocup_msgs/msg/detail/bounding_box2_d__type_support.hpp
-- Up-to-date symlink: /home/mingq/workspace/robocup_raspbot/install/robocup_msgs/include/robocup_msgs/robocup_msgs/msg/detail/object_detection2_d__builder.hpp
-- Up-to-date symlink: /home/mingq/workspace/robocup_raspbot/install/robocup_msgs/include/robocup_msgs/robocup_msgs/msg/detail/object_detection2_d__struct.hpp
-- Up-to-date symlink: /home/mingq/workspace/robocup_raspbot/install/robocup_msgs/include/robocup_msgs/robocup_msgs/msg/detail/object_detection2_d__traits.hpp
-- Up-to-date symlink: /home/mingq/workspace/robocup_raspbot/install/robocup_msgs/include/robocup_msgs/robocup_msgs/msg/detail/object_detection2_d__type_support.hpp
-- Up-to-date symlink: /home/mingq/workspace/robocup_raspbot/install/robocup_msgs/include/robocup_msgs/robocup_msgs/msg/detail/object_detection2_d_array__builder.hpp
-- Up-to-date symlink: /home/mingq/workspace/robocup_raspbot/install/robocup_msgs/include/robocup_msgs/robocup_msgs/msg/detail/object_detection2_d_array__struct.hpp
-- Up-to-date symlink: /home/mingq/workspace/robocup_raspbot/install/robocup_msgs/include/robocup_msgs/robocup_msgs/msg/detail/object_detection2_d_array__traits.hpp
-- Up-to-date symlink: /home/mingq/workspace/robocup_raspbot/install/robocup_msgs/include/robocup_msgs/robocup_msgs/msg/detail/object_detection2_d_array__type_support.hpp
-- Up-to-date symlink: /home/mingq/workspace/robocup_raspbot/install/robocup_msgs/include/robocup_msgs/robocup_msgs/msg/object_detection2_d.hpp
-- Up-to-date symlink: /home/mingq/workspace/robocup_raspbot/install/robocup_msgs/include/robocup_msgs/robocup_msgs/msg/object_detection2_d_array.hpp
-- Up-to-date symlink: /home/mingq/workspace/robocup_raspbot/install/robocup_msgs/include/robocup_msgs/robocup_msgs/msg/rosidl_generator_cpp__visibility_control.hpp
-- Up-to-date symlink: /home/mingq/workspace/robocup_raspbot/install/robocup_msgs/include/robocup_msgs/robocup_msgs/msg/detail/bounding_box2_d__rosidl_typesupport_fastrtps_cpp.hpp
-- Up-to-date symlink: /home/mingq/workspace/robocup_raspbot/install/robocup_msgs/include/robocup_msgs/robocup_msgs/msg/detail/object_detection2_d__rosidl_typesupport_fastrtps_cpp.hpp
-- Up-to-date symlink: /home/mingq/workspace/robocup_raspbot/install/robocup_msgs/include/robocup_msgs/robocup_msgs/msg/detail/object_detection2_d_array__rosidl_typesupport_fastrtps_cpp.hpp
-- Up-to-date symlink: /home/mingq/workspace/robocup_raspbot/install/robocup_msgs/include/robocup_msgs/robocup_msgs/msg/rosidl_typesupport_fastrtps_cpp__visibility_control.h
-- Up-to-date symlink: /home/mingq/workspace/robocup_raspbot/install/robocup_msgs/include/robocup_msgs/robocup_msgs/msg/detail/bounding_box2_d__rosidl_typesupport_introspection_c.h
-- Up-to-date symlink: /home/mingq/workspace/robocup_raspbot/install/robocup_msgs/include/robocup_msgs/robocup_msgs/msg/detail/object_detection2_d__rosidl_typesupport_introspection_c.h
-- Up-to-date symlink: /home/mingq/workspace/robocup_raspbot/install/robocup_msgs/include/robocup_msgs/robocup_msgs/msg/detail/object_detection2_d_array__rosidl_typesupport_introspection_c.h
-- Up-to-date symlink: /home/mingq/workspace/robocup_raspbot/install/robocup_msgs/include/robocup_msgs/robocup_msgs/msg/rosidl_typesupport_introspection_c__visibility_control.h
-- Up-to-date symlink: /home/mingq/workspace/robocup_raspbot/install/robocup_msgs/include/robocup_msgs/robocup_msgs/msg/detail/bounding_box2_d__rosidl_typesupport_introspection_cpp.hpp
-- Up-to-date symlink: /home/mingq/workspace/robocup_raspbot/install/robocup_msgs/include/robocup_msgs/robocup_msgs/msg/detail/object_detection2_d__rosidl_typesupport_introspection_cpp.hpp
-- Up-to-date symlink: /home/mingq/workspace/robocup_raspbot/install/robocup_msgs/include/robocup_msgs/robocup_msgs/msg/detail/object_detection2_d_array__rosidl_typesupport_introspection_cpp.hpp
-- Up-to-date symlink: /home/mingq/workspace/robocup_raspbot/install/robocup_msgs/share/robocup_msgs/environment/pythonpath.sh
-- Up-to-date symlink: /home/mingq/workspace/robocup_raspbot/install/robocup_msgs/share/robocup_msgs/environment/pythonpath.dsv
-- Up-to-date symlink: /home/mingq/workspace/robocup_raspbot/install/robocup_msgs/local/lib/python3.10/dist-packages/robocup_msgs-0.0.0-py3.10.egg-info/PKG-INFO
-- Up-to-date symlink: /home/mingq/workspace/robocup_raspbot/install/robocup_msgs/local/lib/python3.10/dist-packages/robocup_msgs-0.0.0-py3.10.egg-info/SOURCES.txt
-- Up-to-date symlink: /home/mingq/workspace/robocup_raspbot/install/robocup_msgs/local/lib/python3.10/dist-packages/robocup_msgs-0.0.0-py3.10.egg-info/dependency_links.txt
-- Up-to-date symlink: /home/mingq/workspace/robocup_raspbot/install/robocup_msgs/local/lib/python3.10/dist-packages/robocup_msgs-0.0.0-py3.10.egg-info/top_level.txt
-- Up-to-date symlink: /home/mingq/workspace/robocup_raspbot/install/robocup_msgs/local/lib/python3.10/dist-packages/robocup_msgs/__init__.py
-- Up-to-date symlink: /home/mingq/workspace/robocup_raspbot/install/robocup_msgs/local/lib/python3.10/dist-packages/robocup_msgs/_robocup_msgs_s.ep.rosidl_typesupport_c.c
-- Up-to-date symlink: /home/mingq/workspace/robocup_raspbot/install/robocup_msgs/local/lib/python3.10/dist-packages/robocup_msgs/_robocup_msgs_s.ep.rosidl_typesupport_fastrtps_c.c
-- Up-to-date symlink: /home/mingq/workspace/robocup_raspbot/install/robocup_msgs/local/lib/python3.10/dist-packages/robocup_msgs/_robocup_msgs_s.ep.rosidl_typesupport_introspection_c.c
-- Up-to-date symlink: /home/mingq/workspace/robocup_raspbot/install/robocup_msgs/local/lib/python3.10/dist-packages/robocup_msgs/librobocup_msgs__rosidl_generator_py.so
-- Up-to-date symlink: /home/mingq/workspace/robocup_raspbot/install/robocup_msgs/local/lib/python3.10/dist-packages/robocup_msgs/msg/__init__.py
-- Up-to-date symlink: /home/mingq/workspace/robocup_raspbot/install/robocup_msgs/local/lib/python3.10/dist-packages/robocup_msgs/msg/_bounding_box2_d.py
-- Up-to-date symlink: /home/mingq/workspace/robocup_raspbot/install/robocup_msgs/local/lib/python3.10/dist-packages/robocup_msgs/msg/_bounding_box2_d_s.c
-- Up-to-date symlink: /home/mingq/workspace/robocup_raspbot/install/robocup_msgs/local/lib/python3.10/dist-packages/robocup_msgs/msg/_object_detection2_d.py
-- Up-to-date symlink: /home/mingq/workspace/robocup_raspbot/install/robocup_msgs/local/lib/python3.10/dist-packages/robocup_msgs/msg/_object_detection2_d_array.py
-- Up-to-date symlink: /home/mingq/workspace/robocup_raspbot/install/robocup_msgs/local/lib/python3.10/dist-packages/robocup_msgs/msg/_object_detection2_d_array_s.c
-- Up-to-date symlink: /home/mingq/workspace/robocup_raspbot/install/robocup_msgs/local/lib/python3.10/dist-packages/robocup_msgs/msg/_object_detection2_d_s.c
-- Up-to-date symlink: /home/mingq/workspace/robocup_raspbot/install/robocup_msgs/local/lib/python3.10/dist-packages/robocup_msgs/robocup_msgs_s__rosidl_typesupport_c.cpython-310-x86_64-linux-gnu.so
-- Up-to-date symlink: /home/mingq/workspace/robocup_raspbot/install/robocup_msgs/local/lib/python3.10/dist-packages/robocup_msgs/robocup_msgs_s__rosidl_typesupport_fastrtps_c.cpython-310-x86_64-linux-gnu.so
-- Up-to-date symlink: /home/mingq/workspace/robocup_raspbot/install/robocup_msgs/local/lib/python3.10/dist-packages/robocup_msgs/robocup_msgs_s__rosidl_typesupport_introspection_c.cpython-310-x86_64-linux-gnu.so
-- Up-to-date symlink: /home/mingq/workspace/robocup_raspbot/install/robocup_msgs/local/lib/python3.10/dist-packages/robocup_msgs/robocup_msgs_s__rosidl_typesupport_fastrtps_c.cpython-310-x86_64-linux-gnu.so
-- Up-to-date symlink: /home/mingq/workspace/robocup_raspbot/install/robocup_msgs/local/lib/python3.10/dist-packages/robocup_msgs/robocup_msgs_s__rosidl_typesupport_introspection_c.cpython-310-x86_64-linux-gnu.so
-- Up-to-date symlink: /home/mingq/workspace/robocup_raspbot/install/robocup_msgs/local/lib/python3.10/dist-packages/robocup_msgs/robocup_msgs_s__rosidl_typesupport_c.cpython-310-x86_64-linux-gnu.so
-- Up-to-date symlink: /home/mingq/workspace/robocup_raspbot/install/robocup_msgs/share/robocup_msgs/msg/BoundingBox2D.idl
-- Up-to-date symlink: /home/mingq/workspace/robocup_raspbot/install/robocup_msgs/share/robocup_msgs/msg/ObjectDetection2D.idl
-- Up-to-date symlink: /home/mingq/workspace/robocup_raspbot/install/robocup_msgs/share/robocup_msgs/msg/ObjectDetection2DArray.idl
-- Up-to-date symlink: /home/mingq/workspace/robocup_raspbot/install/robocup_msgs/share/robocup_msgs/msg/BoundingBox2D.msg
-- Up-to-date symlink: /home/mingq/workspace/robocup_raspbot/install/robocup_msgs/share/robocup_msgs/msg/ObjectDetection2D.msg
-- Up-to-date symlink: /home/mingq/workspace/robocup_raspbot/install/robocup_msgs/share/robocup_msgs/msg/ObjectDetection2DArray.msg
-- Up-to-date symlink: /home/mingq/workspace/robocup_raspbot/install/robocup_msgs/share/ament_index/resource_index/package_run_dependencies/robocup_msgs
-- Up-to-date symlink: /home/mingq/workspace/robocup_raspbot/install/robocup_msgs/share/ament_index/resource_index/parent_prefix_path/robocup_msgs
-- Up-to-date symlink: /home/mingq/workspace/robocup_raspbot/install/robocup_msgs/share/robocup_msgs/environment/ament_prefix_path.sh
-- Up-to-date symlink: /home/mingq/workspace/robocup_raspbot/install/robocup_msgs/share/robocup_msgs/environment/ament_prefix_path.dsv
-- Up-to-date symlink: /home/mingq/workspace/robocup_raspbot/install/robocup_msgs/share/robocup_msgs/environment/path.sh
-- Up-to-date symlink: /home/mingq/workspace/robocup_raspbot/install/robocup_msgs/share/robocup_msgs/environment/path.dsv
-- Up-to-date symlink: /home/mingq/workspace/robocup_raspbot/install/robocup_msgs/share/robocup_msgs/local_setup.bash
-- Up-to-date symlink: /home/mingq/workspace/robocup_raspbot/install/robocup_msgs/share/robocup_msgs/local_setup.sh
-- Up-to-date symlink: /home/mingq/workspace/robocup_raspbot/install/robocup_msgs/share/robocup_msgs/local_setup.zsh
-- Up-to-date symlink: /home/mingq/workspace/robocup_raspbot/install/robocup_msgs/share/robocup_msgs/local_setup.dsv
-- Symlinking: /home/mingq/workspace/robocup_raspbot/install/robocup_msgs/share/robocup_msgs/package.dsv
-- Up-to-date symlink: /home/mingq/workspace/robocup_raspbot/install/robocup_msgs/share/ament_index/resource_index/packages/robocup_msgs
-- Up-to-date symlink: /home/mingq/workspace/robocup_raspbot/install/robocup_msgs/share/robocup_msgs/cmake/rosidl_cmake-extras.cmake
-- Up-to-date symlink: /home/mingq/workspace/robocup_raspbot/install/robocup_msgs/share/robocup_msgs/cmake/ament_cmake_export_dependencies-extras.cmake
-- Up-to-date symlink: /home/mingq/workspace/robocup_raspbot/install/robocup_msgs/share/robocup_msgs/cmake/ament_cmake_export_include_directories-extras.cmake
-- Up-to-date symlink: /home/mingq/workspace/robocup_raspbot/install/robocup_msgs/share/robocup_msgs/cmake/ament_cmake_export_libraries-extras.cmake
-- Up-to-date symlink: /home/mingq/workspace/robocup_raspbot/install/robocup_msgs/share/robocup_msgs/cmake/ament_cmake_export_targets-extras.cmake
-- Up-to-date symlink: /home/mingq/workspace/robocup_raspbot/install/robocup_msgs/share/robocup_msgs/cmake/rosidl_cmake_export_typesupport_targets-extras.cmake
-- Up-to-date symlink: /home/mingq/workspace/robocup_raspbot/install/robocup_msgs/share/robocup_msgs/cmake/rosidl_cmake_export_typesupport_libraries-extras.cmake
-- Up-to-date symlink: /home/mingq/workspace/robocup_raspbot/install/robocup_msgs/share/robocup_msgs/cmake/robocup_msgsConfig.cmake
-- Up-to-date symlink: /home/mingq/workspace/robocup_raspbot/install/robocup_msgs/share/robocup_msgs/cmake/robocup_msgsConfig-version.cmake
-- Up-to-date symlink: /home/mingq/workspace/robocup_raspbot/install/robocup_msgs/share/robocup_msgs/package.xml
-- Up-to-date: /home/mingq/workspace/robocup_raspbot/install/robocup_msgs/lib/librobocup_msgs__rosidl_generator_c.so
-- Up-to-date: /home/mingq/workspace/robocup_raspbot/install/robocup_msgs/lib/librobocup_msgs__rosidl_typesupport_fastrtps_c.so
-- Up-to-date: /home/mingq/workspace/robocup_raspbot/install/robocup_msgs/lib/librobocup_msgs__rosidl_typesupport_fastrtps_cpp.so
-- Up-to-date: /home/mingq/workspace/robocup_raspbot/install/robocup_msgs/lib/librobocup_msgs__rosidl_typesupport_introspection_c.so
-- Up-to-date: /home/mingq/workspace/robocup_raspbot/install/robocup_msgs/lib/librobocup_msgs__rosidl_typesupport_c.so
-- Up-to-date: /home/mingq/workspace/robocup_raspbot/install/robocup_msgs/lib/librobocup_msgs__rosidl_typesupport_introspection_cpp.so
-- Up-to-date: /home/mingq/workspace/robocup_raspbot/install/robocup_msgs/lib/librobocup_msgs__rosidl_typesupport_cpp.so
Listing '/home/mingq/workspace/robocup_raspbot/install/robocup_msgs/local/lib/python3.10/dist-packages/robocup_msgs'...
Listing '/home/mingq/workspace/robocup_raspbot/install/robocup_msgs/local/lib/python3.10/dist-packages/robocup_msgs/msg'...
-- Up-to-date: /home/mingq/workspace/robocup_raspbot/install/robocup_msgs/lib/librobocup_msgs__rosidl_generator_py.so
-- Up-to-date: /home/mingq/workspace/robocup_raspbot/install/robocup_msgs/share/robocup_msgs/cmake/export_robocup_msgs__rosidl_generator_cExport.cmake
-- Up-to-date: /home/mingq/workspace/robocup_raspbot/install/robocup_msgs/share/robocup_msgs/cmake/export_robocup_msgs__rosidl_generator_cExport-noconfig.cmake
-- Up-to-date: /home/mingq/workspace/robocup_raspbot/install/robocup_msgs/share/robocup_msgs/cmake/export_robocup_msgs__rosidl_typesupport_fastrtps_cExport.cmake
-- Up-to-date: /home/mingq/workspace/robocup_raspbot/install/robocup_msgs/share/robocup_msgs/cmake/export_robocup_msgs__rosidl_typesupport_fastrtps_cExport-noconfig.cmake
-- Up-to-date: /home/mingq/workspace/robocup_raspbot/install/robocup_msgs/share/robocup_msgs/cmake/export_robocup_msgs__rosidl_generator_cppExport.cmake
-- Up-to-date: /home/mingq/workspace/robocup_raspbot/install/robocup_msgs/share/robocup_msgs/cmake/export_robocup_msgs__rosidl_typesupport_fastrtps_cppExport.cmake
-- Up-to-date: /home/mingq/workspace/robocup_raspbot/install/robocup_msgs/share/robocup_msgs/cmake/export_robocup_msgs__rosidl_typesupport_fastrtps_cppExport-noconfig.cmake
-- Up-to-date: /home/mingq/workspace/robocup_raspbot/install/robocup_msgs/share/robocup_msgs/cmake/robocup_msgs__rosidl_typesupport_introspection_cExport.cmake
-- Up-to-date: /home/mingq/workspace/robocup_raspbot/install/robocup_msgs/share/robocup_msgs/cmake/robocup_msgs__rosidl_typesupport_introspection_cExport-noconfig.cmake
-- Up-to-date: /home/mingq/workspace/robocup_raspbot/install/robocup_msgs/share/robocup_msgs/cmake/robocup_msgs__rosidl_typesupport_cExport.cmake
-- Up-to-date: /home/mingq/workspace/robocup_raspbot/install/robocup_msgs/share/robocup_msgs/cmake/robocup_msgs__rosidl_typesupport_cExport-noconfig.cmake
-- Up-to-date: /home/mingq/workspace/robocup_raspbot/install/robocup_msgs/share/robocup_msgs/cmake/robocup_msgs__rosidl_typesupport_introspection_cppExport.cmake
-- Up-to-date: /home/mingq/workspace/robocup_raspbot/install/robocup_msgs/share/robocup_msgs/cmake/robocup_msgs__rosidl_typesupport_introspection_cppExport-noconfig.cmake
-- Up-to-date: /home/mingq/workspace/robocup_raspbot/install/robocup_msgs/share/robocup_msgs/cmake/robocup_msgs__rosidl_typesupport_cppExport.cmake
-- Up-to-date: /home/mingq/workspace/robocup_raspbot/install/robocup_msgs/share/robocup_msgs/cmake/robocup_msgs__rosidl_typesupport_cppExport-noconfig.cmake
-- Up-to-date: /home/mingq/workspace/robocup_raspbot/install/robocup_msgs/share/robocup_msgs/cmake/export_robocup_msgs__rosidl_generator_pyExport.cmake
-- Up-to-date: /home/mingq/workspace/robocup_raspbot/install/robocup_msgs/share/robocup_msgs/cmake/export_robocup_msgs__rosidl_generator_pyExport-noconfig.cmake
