[0.020s] Invoking command in '/home/mingq/workspace/robocup_raspbot/build/robocup_msgs': CMAKE_PREFIX_PATH=/opt/ros/humble /usr/bin/cmake --build /home/mingq/workspace/robocup_raspbot/build/robocup_msgs -- -j16 -l16
[0.185s] [35m[1mConsolidate compiler generated dependencies of target robocup_msgs__rosidl_generator_c[0m
[0.189s] [  2%] Built target robocup_msgs__cpp
[0.201s] [ 12%] Built target robocup_msgs__rosidl_generator_c
[0.202s] [ 12%] Built target ament_cmake_python_symlink_robocup_msgs
[0.205s] [35m[1mConsolidate compiler generated dependencies of target robocup_msgs__rosidl_typesupport_introspection_cpp[0m
[0.206s] [35m[1mConsolidate compiler generated dependencies of target robocup_msgs__rosidl_typesupport_fastrtps_cpp[0m
[0.210s] [35m[1mConsolidate compiler generated dependencies of target robocup_msgs__rosidl_typesupport_cpp[0m
[0.227s] [35m[1mConsolidate compiler generated dependencies of target robocup_msgs__rosidl_typesupport_fastrtps_c[0m
[0.227s] [35m[1mConsolidate compiler generated dependencies of target robocup_msgs__rosidl_typesupport_introspection_c[0m
[0.231s] [ 23%] Built target robocup_msgs__rosidl_typesupport_introspection_cpp
[0.231s] [35m[1mConsolidate compiler generated dependencies of target robocup_msgs__rosidl_typesupport_c[0m
[0.232s] [ 34%] Built target robocup_msgs__rosidl_typesupport_fastrtps_cpp
[0.234s] [ 44%] Built target robocup_msgs__rosidl_typesupport_cpp
[0.242s] [ 55%] Built target robocup_msgs__rosidl_typesupport_introspection_c
[0.244s] [ 65%] Built target robocup_msgs__rosidl_typesupport_fastrtps_c
[0.248s] [ 76%] Built target robocup_msgs__rosidl_typesupport_c
[0.276s] [ 76%] Built target robocup_msgs
[0.305s] [ 78%] Built target robocup_msgs__py
[0.319s] [35m[1mConsolidate compiler generated dependencies of target robocup_msgs__rosidl_generator_py[0m
[0.336s] [ 87%] Built target robocup_msgs__rosidl_generator_py
[0.350s] [35m[1mConsolidate compiler generated dependencies of target robocup_msgs__rosidl_typesupport_introspection_c__pyext[0m
[0.350s] [35m[1mConsolidate compiler generated dependencies of target robocup_msgs__rosidl_typesupport_fastrtps_c__pyext[0m
[0.351s] [35m[1mConsolidate compiler generated dependencies of target robocup_msgs__rosidl_typesupport_c__pyext[0m
[0.364s] [ 91%] Built target robocup_msgs__rosidl_typesupport_fastrtps_c__pyext
[0.365s] [ 95%] Built target robocup_msgs__rosidl_typesupport_c__pyext
[0.366s] [100%] Built target robocup_msgs__rosidl_typesupport_introspection_c__pyext
[0.457s] running egg_info
[0.458s] writing robocup_msgs.egg-info/PKG-INFO
[0.458s] writing dependency_links to robocup_msgs.egg-info/dependency_links.txt
[0.459s] writing top-level names to robocup_msgs.egg-info/top_level.txt
[0.462s] reading manifest file 'robocup_msgs.egg-info/SOURCES.txt'
[0.463s] writing manifest file 'robocup_msgs.egg-info/SOURCES.txt'
[0.487s] [100%] Built target ament_cmake_python_build_robocup_msgs_egg
[0.513s] Invoked command in '/home/mingq/workspace/robocup_raspbot/build/robocup_msgs' returned '0': CMAKE_PREFIX_PATH=/opt/ros/humble /usr/bin/cmake --build /home/mingq/workspace/robocup_raspbot/build/robocup_msgs -- -j16 -l16
[0.517s] Invoking command in '/home/mingq/workspace/robocup_raspbot/build/robocup_msgs': CMAKE_PREFIX_PATH=/opt/ros/humble /usr/bin/cmake --install /home/mingq/workspace/robocup_raspbot/build/robocup_msgs
[0.525s] -- Install configuration: ""
[0.526s] -- Execute custom install script
[0.526s] -- Up-to-date symlink: /home/mingq/workspace/robocup_raspbot/install/robocup_msgs/share/ament_index/resource_index/rosidl_interfaces/robocup_msgs
[0.526s] -- Up-to-date symlink: /home/mingq/workspace/robocup_raspbot/install/robocup_msgs/include/robocup_msgs/robocup_msgs/msg/bounding_box2_d.h
[0.527s] -- Up-to-date symlink: /home/mingq/workspace/robocup_raspbot/install/robocup_msgs/include/robocup_msgs/robocup_msgs/msg/detail/bounding_box2_d__functions.h
[0.527s] -- Up-to-date symlink: /home/mingq/workspace/robocup_raspbot/install/robocup_msgs/include/robocup_msgs/robocup_msgs/msg/detail/bounding_box2_d__struct.h
[0.528s] -- Up-to-date symlink: /home/mingq/workspace/robocup_raspbot/install/robocup_msgs/include/robocup_msgs/robocup_msgs/msg/detail/bounding_box2_d__type_support.h
[0.528s] -- Up-to-date symlink: /home/mingq/workspace/robocup_raspbot/install/robocup_msgs/include/robocup_msgs/robocup_msgs/msg/detail/object_detection2_d__functions.h
[0.528s] -- Up-to-date symlink: /home/mingq/workspace/robocup_raspbot/install/robocup_msgs/include/robocup_msgs/robocup_msgs/msg/detail/object_detection2_d__struct.h
[0.528s] -- Up-to-date symlink: /home/mingq/workspace/robocup_raspbot/install/robocup_msgs/include/robocup_msgs/robocup_msgs/msg/detail/object_detection2_d__type_support.h
[0.528s] -- Up-to-date symlink: /home/mingq/workspace/robocup_raspbot/install/robocup_msgs/include/robocup_msgs/robocup_msgs/msg/detail/object_detection2_d_array__functions.h
[0.529s] -- Up-to-date symlink: /home/mingq/workspace/robocup_raspbot/install/robocup_msgs/include/robocup_msgs/robocup_msgs/msg/detail/object_detection2_d_array__struct.h
[0.529s] -- Up-to-date symlink: /home/mingq/workspace/robocup_raspbot/install/robocup_msgs/include/robocup_msgs/robocup_msgs/msg/detail/object_detection2_d_array__type_support.h
[0.530s] -- Up-to-date symlink: /home/mingq/workspace/robocup_raspbot/install/robocup_msgs/include/robocup_msgs/robocup_msgs/msg/object_detection2_d.h
[0.530s] -- Up-to-date symlink: /home/mingq/workspace/robocup_raspbot/install/robocup_msgs/include/robocup_msgs/robocup_msgs/msg/object_detection2_d_array.h
[0.531s] -- Up-to-date symlink: /home/mingq/workspace/robocup_raspbot/install/robocup_msgs/include/robocup_msgs/robocup_msgs/msg/rosidl_generator_c__visibility_control.h
[0.531s] -- Up-to-date symlink: /home/mingq/workspace/robocup_raspbot/install/robocup_msgs/share/robocup_msgs/environment/library_path.sh
[0.532s] -- Up-to-date symlink: /home/mingq/workspace/robocup_raspbot/install/robocup_msgs/share/robocup_msgs/environment/library_path.dsv
[0.532s] -- Up-to-date symlink: /home/mingq/workspace/robocup_raspbot/install/robocup_msgs/include/robocup_msgs/robocup_msgs/msg/detail/bounding_box2_d__rosidl_typesupport_fastrtps_c.h
[0.533s] -- Up-to-date symlink: /home/mingq/workspace/robocup_raspbot/install/robocup_msgs/include/robocup_msgs/robocup_msgs/msg/detail/object_detection2_d__rosidl_typesupport_fastrtps_c.h
[0.533s] -- Up-to-date symlink: /home/mingq/workspace/robocup_raspbot/install/robocup_msgs/include/robocup_msgs/robocup_msgs/msg/detail/object_detection2_d_array__rosidl_typesupport_fastrtps_c.h
[0.533s] -- Up-to-date symlink: /home/mingq/workspace/robocup_raspbot/install/robocup_msgs/include/robocup_msgs/robocup_msgs/msg/rosidl_typesupport_fastrtps_c__visibility_control.h
[0.533s] -- Up-to-date symlink: /home/mingq/workspace/robocup_raspbot/install/robocup_msgs/include/robocup_msgs/robocup_msgs/msg/bounding_box2_d.hpp
[0.534s] -- Up-to-date symlink: /home/mingq/workspace/robocup_raspbot/install/robocup_msgs/include/robocup_msgs/robocup_msgs/msg/detail/bounding_box2_d__builder.hpp
[0.534s] -- Up-to-date symlink: /home/mingq/workspace/robocup_raspbot/install/robocup_msgs/include/robocup_msgs/robocup_msgs/msg/detail/bounding_box2_d__struct.hpp
[0.534s] -- Up-to-date symlink: /home/mingq/workspace/robocup_raspbot/install/robocup_msgs/include/robocup_msgs/robocup_msgs/msg/detail/bounding_box2_d__traits.hpp
[0.534s] -- Up-to-date symlink: /home/mingq/workspace/robocup_raspbot/install/robocup_msgs/include/robocup_msgs/robocup_msgs/msg/detail/bounding_box2_d__type_support.hpp
[0.534s] -- Up-to-date symlink: /home/mingq/workspace/robocup_raspbot/install/robocup_msgs/include/robocup_msgs/robocup_msgs/msg/detail/object_detection2_d__builder.hpp
[0.534s] -- Up-to-date symlink: /home/mingq/workspace/robocup_raspbot/install/robocup_msgs/include/robocup_msgs/robocup_msgs/msg/detail/object_detection2_d__struct.hpp
[0.534s] -- Up-to-date symlink: /home/mingq/workspace/robocup_raspbot/install/robocup_msgs/include/robocup_msgs/robocup_msgs/msg/detail/object_detection2_d__traits.hpp
[0.536s] -- Up-to-date symlink: /home/mingq/workspace/robocup_raspbot/install/robocup_msgs/include/robocup_msgs/robocup_msgs/msg/detail/object_detection2_d__type_support.hpp
[0.536s] -- Up-to-date symlink: /home/mingq/workspace/robocup_raspbot/install/robocup_msgs/include/robocup_msgs/robocup_msgs/msg/detail/object_detection2_d_array__builder.hpp
[0.536s] -- Up-to-date symlink: /home/mingq/workspace/robocup_raspbot/install/robocup_msgs/include/robocup_msgs/robocup_msgs/msg/detail/object_detection2_d_array__struct.hpp
[0.537s] -- Up-to-date symlink: /home/mingq/workspace/robocup_raspbot/install/robocup_msgs/include/robocup_msgs/robocup_msgs/msg/detail/object_detection2_d_array__traits.hpp
[0.538s] -- Up-to-date symlink: /home/mingq/workspace/robocup_raspbot/install/robocup_msgs/include/robocup_msgs/robocup_msgs/msg/detail/object_detection2_d_array__type_support.hpp
[0.538s] -- Up-to-date symlink: /home/mingq/workspace/robocup_raspbot/install/robocup_msgs/include/robocup_msgs/robocup_msgs/msg/object_detection2_d.hpp
[0.539s] -- Up-to-date symlink: /home/mingq/workspace/robocup_raspbot/install/robocup_msgs/include/robocup_msgs/robocup_msgs/msg/object_detection2_d_array.hpp
[0.540s] -- Up-to-date symlink: /home/mingq/workspace/robocup_raspbot/install/robocup_msgs/include/robocup_msgs/robocup_msgs/msg/rosidl_generator_cpp__visibility_control.hpp
[0.540s] -- Up-to-date symlink: /home/mingq/workspace/robocup_raspbot/install/robocup_msgs/include/robocup_msgs/robocup_msgs/msg/detail/bounding_box2_d__rosidl_typesupport_fastrtps_cpp.hpp
[0.540s] -- Up-to-date symlink: /home/mingq/workspace/robocup_raspbot/install/robocup_msgs/include/robocup_msgs/robocup_msgs/msg/detail/object_detection2_d__rosidl_typesupport_fastrtps_cpp.hpp
[0.540s] -- Up-to-date symlink: /home/mingq/workspace/robocup_raspbot/install/robocup_msgs/include/robocup_msgs/robocup_msgs/msg/detail/object_detection2_d_array__rosidl_typesupport_fastrtps_cpp.hpp
[0.541s] -- Up-to-date symlink: /home/mingq/workspace/robocup_raspbot/install/robocup_msgs/include/robocup_msgs/robocup_msgs/msg/rosidl_typesupport_fastrtps_cpp__visibility_control.h
[0.541s] -- Up-to-date symlink: /home/mingq/workspace/robocup_raspbot/install/robocup_msgs/include/robocup_msgs/robocup_msgs/msg/detail/bounding_box2_d__rosidl_typesupport_introspection_c.h
[0.541s] -- Up-to-date symlink: /home/mingq/workspace/robocup_raspbot/install/robocup_msgs/include/robocup_msgs/robocup_msgs/msg/detail/object_detection2_d__rosidl_typesupport_introspection_c.h
[0.541s] -- Up-to-date symlink: /home/mingq/workspace/robocup_raspbot/install/robocup_msgs/include/robocup_msgs/robocup_msgs/msg/detail/object_detection2_d_array__rosidl_typesupport_introspection_c.h
[0.542s] -- Up-to-date symlink: /home/mingq/workspace/robocup_raspbot/install/robocup_msgs/include/robocup_msgs/robocup_msgs/msg/rosidl_typesupport_introspection_c__visibility_control.h
[0.542s] -- Up-to-date symlink: /home/mingq/workspace/robocup_raspbot/install/robocup_msgs/include/robocup_msgs/robocup_msgs/msg/detail/bounding_box2_d__rosidl_typesupport_introspection_cpp.hpp
[0.542s] -- Up-to-date symlink: /home/mingq/workspace/robocup_raspbot/install/robocup_msgs/include/robocup_msgs/robocup_msgs/msg/detail/object_detection2_d__rosidl_typesupport_introspection_cpp.hpp
[0.542s] -- Up-to-date symlink: /home/mingq/workspace/robocup_raspbot/install/robocup_msgs/include/robocup_msgs/robocup_msgs/msg/detail/object_detection2_d_array__rosidl_typesupport_introspection_cpp.hpp
[0.542s] -- Up-to-date symlink: /home/mingq/workspace/robocup_raspbot/install/robocup_msgs/share/robocup_msgs/environment/pythonpath.sh
[0.542s] -- Up-to-date symlink: /home/mingq/workspace/robocup_raspbot/install/robocup_msgs/share/robocup_msgs/environment/pythonpath.dsv
[0.542s] -- Up-to-date symlink: /home/mingq/workspace/robocup_raspbot/install/robocup_msgs/local/lib/python3.10/dist-packages/robocup_msgs-0.0.0-py3.10.egg-info/PKG-INFO
[0.542s] -- Up-to-date symlink: /home/mingq/workspace/robocup_raspbot/install/robocup_msgs/local/lib/python3.10/dist-packages/robocup_msgs-0.0.0-py3.10.egg-info/SOURCES.txt
[0.542s] -- Up-to-date symlink: /home/mingq/workspace/robocup_raspbot/install/robocup_msgs/local/lib/python3.10/dist-packages/robocup_msgs-0.0.0-py3.10.egg-info/dependency_links.txt
[0.542s] -- Up-to-date symlink: /home/mingq/workspace/robocup_raspbot/install/robocup_msgs/local/lib/python3.10/dist-packages/robocup_msgs-0.0.0-py3.10.egg-info/top_level.txt
[0.542s] -- Up-to-date symlink: /home/mingq/workspace/robocup_raspbot/install/robocup_msgs/local/lib/python3.10/dist-packages/robocup_msgs/__init__.py
[0.542s] -- Up-to-date symlink: /home/mingq/workspace/robocup_raspbot/install/robocup_msgs/local/lib/python3.10/dist-packages/robocup_msgs/_robocup_msgs_s.ep.rosidl_typesupport_c.c
[0.542s] -- Up-to-date symlink: /home/mingq/workspace/robocup_raspbot/install/robocup_msgs/local/lib/python3.10/dist-packages/robocup_msgs/_robocup_msgs_s.ep.rosidl_typesupport_fastrtps_c.c
[0.542s] -- Up-to-date symlink: /home/mingq/workspace/robocup_raspbot/install/robocup_msgs/local/lib/python3.10/dist-packages/robocup_msgs/_robocup_msgs_s.ep.rosidl_typesupport_introspection_c.c
[0.542s] -- Up-to-date symlink: /home/mingq/workspace/robocup_raspbot/install/robocup_msgs/local/lib/python3.10/dist-packages/robocup_msgs/librobocup_msgs__rosidl_generator_py.so
[0.542s] -- Up-to-date symlink: /home/mingq/workspace/robocup_raspbot/install/robocup_msgs/local/lib/python3.10/dist-packages/robocup_msgs/msg/__init__.py
[0.542s] -- Up-to-date symlink: /home/mingq/workspace/robocup_raspbot/install/robocup_msgs/local/lib/python3.10/dist-packages/robocup_msgs/msg/_bounding_box2_d.py
[0.542s] -- Up-to-date symlink: /home/mingq/workspace/robocup_raspbot/install/robocup_msgs/local/lib/python3.10/dist-packages/robocup_msgs/msg/_bounding_box2_d_s.c
[0.542s] -- Up-to-date symlink: /home/mingq/workspace/robocup_raspbot/install/robocup_msgs/local/lib/python3.10/dist-packages/robocup_msgs/msg/_object_detection2_d.py
[0.542s] -- Up-to-date symlink: /home/mingq/workspace/robocup_raspbot/install/robocup_msgs/local/lib/python3.10/dist-packages/robocup_msgs/msg/_object_detection2_d_array.py
[0.542s] -- Up-to-date symlink: /home/mingq/workspace/robocup_raspbot/install/robocup_msgs/local/lib/python3.10/dist-packages/robocup_msgs/msg/_object_detection2_d_array_s.c
[0.542s] -- Up-to-date symlink: /home/mingq/workspace/robocup_raspbot/install/robocup_msgs/local/lib/python3.10/dist-packages/robocup_msgs/msg/_object_detection2_d_s.c
[0.542s] -- Up-to-date symlink: /home/mingq/workspace/robocup_raspbot/install/robocup_msgs/local/lib/python3.10/dist-packages/robocup_msgs/robocup_msgs_s__rosidl_typesupport_c.cpython-310-x86_64-linux-gnu.so
[0.542s] -- Up-to-date symlink: /home/mingq/workspace/robocup_raspbot/install/robocup_msgs/local/lib/python3.10/dist-packages/robocup_msgs/robocup_msgs_s__rosidl_typesupport_fastrtps_c.cpython-310-x86_64-linux-gnu.so
[0.542s] -- Up-to-date symlink: /home/mingq/workspace/robocup_raspbot/install/robocup_msgs/local/lib/python3.10/dist-packages/robocup_msgs/robocup_msgs_s__rosidl_typesupport_introspection_c.cpython-310-x86_64-linux-gnu.so
[0.542s] -- Up-to-date symlink: /home/mingq/workspace/robocup_raspbot/install/robocup_msgs/local/lib/python3.10/dist-packages/robocup_msgs/robocup_msgs_s__rosidl_typesupport_fastrtps_c.cpython-310-x86_64-linux-gnu.so
[0.543s] -- Up-to-date symlink: /home/mingq/workspace/robocup_raspbot/install/robocup_msgs/local/lib/python3.10/dist-packages/robocup_msgs/robocup_msgs_s__rosidl_typesupport_introspection_c.cpython-310-x86_64-linux-gnu.so
[0.543s] -- Up-to-date symlink: /home/mingq/workspace/robocup_raspbot/install/robocup_msgs/local/lib/python3.10/dist-packages/robocup_msgs/robocup_msgs_s__rosidl_typesupport_c.cpython-310-x86_64-linux-gnu.so
[0.543s] -- Up-to-date symlink: /home/mingq/workspace/robocup_raspbot/install/robocup_msgs/share/robocup_msgs/msg/BoundingBox2D.idl
[0.543s] -- Up-to-date symlink: /home/mingq/workspace/robocup_raspbot/install/robocup_msgs/share/robocup_msgs/msg/ObjectDetection2D.idl
[0.543s] -- Up-to-date symlink: /home/mingq/workspace/robocup_raspbot/install/robocup_msgs/share/robocup_msgs/msg/ObjectDetection2DArray.idl
[0.543s] -- Up-to-date symlink: /home/mingq/workspace/robocup_raspbot/install/robocup_msgs/share/robocup_msgs/msg/BoundingBox2D.msg
[0.543s] -- Up-to-date symlink: /home/mingq/workspace/robocup_raspbot/install/robocup_msgs/share/robocup_msgs/msg/ObjectDetection2D.msg
[0.543s] -- Up-to-date symlink: /home/mingq/workspace/robocup_raspbot/install/robocup_msgs/share/robocup_msgs/msg/ObjectDetection2DArray.msg
[0.543s] -- Up-to-date symlink: /home/mingq/workspace/robocup_raspbot/install/robocup_msgs/share/ament_index/resource_index/package_run_dependencies/robocup_msgs
[0.543s] -- Up-to-date symlink: /home/mingq/workspace/robocup_raspbot/install/robocup_msgs/share/ament_index/resource_index/parent_prefix_path/robocup_msgs
[0.543s] -- Up-to-date symlink: /home/mingq/workspace/robocup_raspbot/install/robocup_msgs/share/robocup_msgs/environment/ament_prefix_path.sh
[0.543s] -- Up-to-date symlink: /home/mingq/workspace/robocup_raspbot/install/robocup_msgs/share/robocup_msgs/environment/ament_prefix_path.dsv
[0.543s] -- Up-to-date symlink: /home/mingq/workspace/robocup_raspbot/install/robocup_msgs/share/robocup_msgs/environment/path.sh
[0.543s] -- Up-to-date symlink: /home/mingq/workspace/robocup_raspbot/install/robocup_msgs/share/robocup_msgs/environment/path.dsv
[0.543s] -- Up-to-date symlink: /home/mingq/workspace/robocup_raspbot/install/robocup_msgs/share/robocup_msgs/local_setup.bash
[0.543s] -- Up-to-date symlink: /home/mingq/workspace/robocup_raspbot/install/robocup_msgs/share/robocup_msgs/local_setup.sh
[0.543s] -- Up-to-date symlink: /home/mingq/workspace/robocup_raspbot/install/robocup_msgs/share/robocup_msgs/local_setup.zsh
[0.543s] -- Up-to-date symlink: /home/mingq/workspace/robocup_raspbot/install/robocup_msgs/share/robocup_msgs/local_setup.dsv
[0.543s] -- Symlinking: /home/mingq/workspace/robocup_raspbot/install/robocup_msgs/share/robocup_msgs/package.dsv
[0.548s] -- Up-to-date symlink: /home/mingq/workspace/robocup_raspbot/install/robocup_msgs/share/ament_index/resource_index/packages/robocup_msgs
[0.548s] -- Up-to-date symlink: /home/mingq/workspace/robocup_raspbot/install/robocup_msgs/share/robocup_msgs/cmake/rosidl_cmake-extras.cmake
[0.548s] -- Up-to-date symlink: /home/mingq/workspace/robocup_raspbot/install/robocup_msgs/share/robocup_msgs/cmake/ament_cmake_export_dependencies-extras.cmake
[0.549s] -- Up-to-date symlink: /home/mingq/workspace/robocup_raspbot/install/robocup_msgs/share/robocup_msgs/cmake/ament_cmake_export_include_directories-extras.cmake
[0.549s] -- Up-to-date symlink: /home/mingq/workspace/robocup_raspbot/install/robocup_msgs/share/robocup_msgs/cmake/ament_cmake_export_libraries-extras.cmake
[0.549s] -- Up-to-date symlink: /home/mingq/workspace/robocup_raspbot/install/robocup_msgs/share/robocup_msgs/cmake/ament_cmake_export_targets-extras.cmake
[0.549s] -- Up-to-date symlink: /home/mingq/workspace/robocup_raspbot/install/robocup_msgs/share/robocup_msgs/cmake/rosidl_cmake_export_typesupport_targets-extras.cmake
[0.549s] -- Up-to-date symlink: /home/mingq/workspace/robocup_raspbot/install/robocup_msgs/share/robocup_msgs/cmake/rosidl_cmake_export_typesupport_libraries-extras.cmake
[0.549s] -- Up-to-date symlink: /home/mingq/workspace/robocup_raspbot/install/robocup_msgs/share/robocup_msgs/cmake/robocup_msgsConfig.cmake
[0.549s] -- Up-to-date symlink: /home/mingq/workspace/robocup_raspbot/install/robocup_msgs/share/robocup_msgs/cmake/robocup_msgsConfig-version.cmake
[0.549s] -- Up-to-date symlink: /home/mingq/workspace/robocup_raspbot/install/robocup_msgs/share/robocup_msgs/package.xml
[0.549s] -- Up-to-date: /home/mingq/workspace/robocup_raspbot/install/robocup_msgs/lib/librobocup_msgs__rosidl_generator_c.so
[0.550s] -- Up-to-date: /home/mingq/workspace/robocup_raspbot/install/robocup_msgs/lib/librobocup_msgs__rosidl_typesupport_fastrtps_c.so
[0.551s] -- Up-to-date: /home/mingq/workspace/robocup_raspbot/install/robocup_msgs/lib/librobocup_msgs__rosidl_typesupport_fastrtps_cpp.so
[0.552s] -- Up-to-date: /home/mingq/workspace/robocup_raspbot/install/robocup_msgs/lib/librobocup_msgs__rosidl_typesupport_introspection_c.so
[0.552s] -- Up-to-date: /home/mingq/workspace/robocup_raspbot/install/robocup_msgs/lib/librobocup_msgs__rosidl_typesupport_c.so
[0.553s] -- Up-to-date: /home/mingq/workspace/robocup_raspbot/install/robocup_msgs/lib/librobocup_msgs__rosidl_typesupport_introspection_cpp.so
[0.553s] -- Up-to-date: /home/mingq/workspace/robocup_raspbot/install/robocup_msgs/lib/librobocup_msgs__rosidl_typesupport_cpp.so
[0.583s] Listing '/home/mingq/workspace/robocup_raspbot/install/robocup_msgs/local/lib/python3.10/dist-packages/robocup_msgs'...
[0.583s] Listing '/home/mingq/workspace/robocup_raspbot/install/robocup_msgs/local/lib/python3.10/dist-packages/robocup_msgs/msg'...
[0.589s] -- Up-to-date: /home/mingq/workspace/robocup_raspbot/install/robocup_msgs/lib/librobocup_msgs__rosidl_generator_py.so
[0.589s] -- Up-to-date: /home/mingq/workspace/robocup_raspbot/install/robocup_msgs/share/robocup_msgs/cmake/export_robocup_msgs__rosidl_generator_cExport.cmake
[0.590s] -- Up-to-date: /home/mingq/workspace/robocup_raspbot/install/robocup_msgs/share/robocup_msgs/cmake/export_robocup_msgs__rosidl_generator_cExport-noconfig.cmake
[0.590s] -- Up-to-date: /home/mingq/workspace/robocup_raspbot/install/robocup_msgs/share/robocup_msgs/cmake/export_robocup_msgs__rosidl_typesupport_fastrtps_cExport.cmake
[0.590s] -- Up-to-date: /home/mingq/workspace/robocup_raspbot/install/robocup_msgs/share/robocup_msgs/cmake/export_robocup_msgs__rosidl_typesupport_fastrtps_cExport-noconfig.cmake
[0.590s] -- Up-to-date: /home/mingq/workspace/robocup_raspbot/install/robocup_msgs/share/robocup_msgs/cmake/export_robocup_msgs__rosidl_generator_cppExport.cmake
[0.590s] -- Up-to-date: /home/mingq/workspace/robocup_raspbot/install/robocup_msgs/share/robocup_msgs/cmake/export_robocup_msgs__rosidl_typesupport_fastrtps_cppExport.cmake
[0.590s] -- Up-to-date: /home/mingq/workspace/robocup_raspbot/install/robocup_msgs/share/robocup_msgs/cmake/export_robocup_msgs__rosidl_typesupport_fastrtps_cppExport-noconfig.cmake
[0.590s] -- Up-to-date: /home/mingq/workspace/robocup_raspbot/install/robocup_msgs/share/robocup_msgs/cmake/robocup_msgs__rosidl_typesupport_introspection_cExport.cmake
[0.591s] -- Up-to-date: /home/mingq/workspace/robocup_raspbot/install/robocup_msgs/share/robocup_msgs/cmake/robocup_msgs__rosidl_typesupport_introspection_cExport-noconfig.cmake
[0.591s] -- Up-to-date: /home/mingq/workspace/robocup_raspbot/install/robocup_msgs/share/robocup_msgs/cmake/robocup_msgs__rosidl_typesupport_cExport.cmake
[0.591s] -- Up-to-date: /home/mingq/workspace/robocup_raspbot/install/robocup_msgs/share/robocup_msgs/cmake/robocup_msgs__rosidl_typesupport_cExport-noconfig.cmake
[0.592s] -- Up-to-date: /home/mingq/workspace/robocup_raspbot/install/robocup_msgs/share/robocup_msgs/cmake/robocup_msgs__rosidl_typesupport_introspection_cppExport.cmake
[0.592s] -- Up-to-date: /home/mingq/workspace/robocup_raspbot/install/robocup_msgs/share/robocup_msgs/cmake/robocup_msgs__rosidl_typesupport_introspection_cppExport-noconfig.cmake
[0.593s] -- Up-to-date: /home/mingq/workspace/robocup_raspbot/install/robocup_msgs/share/robocup_msgs/cmake/robocup_msgs__rosidl_typesupport_cppExport.cmake
[0.593s] -- Up-to-date: /home/mingq/workspace/robocup_raspbot/install/robocup_msgs/share/robocup_msgs/cmake/robocup_msgs__rosidl_typesupport_cppExport-noconfig.cmake
[0.593s] -- Up-to-date: /home/mingq/workspace/robocup_raspbot/install/robocup_msgs/share/robocup_msgs/cmake/export_robocup_msgs__rosidl_generator_pyExport.cmake
[0.593s] -- Up-to-date: /home/mingq/workspace/robocup_raspbot/install/robocup_msgs/share/robocup_msgs/cmake/export_robocup_msgs__rosidl_generator_pyExport-noconfig.cmake
[0.622s] Invoked command in '/home/mingq/workspace/robocup_raspbot/build/robocup_msgs' returned '0': CMAKE_PREFIX_PATH=/opt/ros/humble /usr/bin/cmake --install /home/mingq/workspace/robocup_raspbot/build/robocup_msgs
