[0.045s] Invoking command in '/home/mingq/workspace/robocup_raspbot/build/robocup_ros': AMENT_PREFIX_PATH=/home/mingq/workspace/robocup_raspbot/install/yahboomcar_msgs:${AMENT_PREFIX_PATH} CMAKE_PREFIX_PATH=/home/mingq/workspace/robocup_raspbot/install/yahboomcar_msgs:/opt/ros/humble LD_LIBRARY_PATH=/home/mingq/workspace/robocup_raspbot/install/yahboomcar_msgs/lib:${LD_LIBRARY_PATH} PYTHONPATH=/home/mingq/workspace/robocup_raspbot/install/yahboomcar_msgs/local/lib/python3.10/dist-packages:${PYTHONPATH} /usr/bin/cmake /home/mingq/workspace/robocup_raspbot/src/robocup_ros -DAMENT_CMAKE_SYMLINK_INSTALL=1 -DCMAKE_INSTALL_PREFIX=/home/mingq/workspace/robocup_raspbot/install/robocup_ros
[0.230s] -- The C compiler identification is GNU 11.4.0
[0.484s] -- The CXX compiler identification is GNU 11.4.0
[0.572s] -- Detecting C compiler ABI info
[0.676s] -- Detecting C compiler ABI info - done
[0.682s] -- Check for working C compiler: /usr/bin/cc - skipped
[0.683s] -- Detecting C compile features
[0.684s] -- Detecting C compile features - done
[0.687s] -- Detecting CXX compiler ABI info
[0.787s] -- Detecting CXX compiler ABI info - done
[0.792s] -- Check for working CXX compiler: /usr/bin/c++ - skipped
[0.792s] -- Detecting CXX compile features
[0.792s] -- Detecting CXX compile features - done
[0.798s] -- Found ament_cmake: 1.3.11 (/opt/ros/humble/share/ament_cmake/cmake)
[0.933s] -- Found Python3: /usr/bin/python3 (found version "3.10.12") found components: Interpreter 
[0.987s] -- Override CMake install command with custom implementation using symlinks instead of copying resources
[1.008s] -- Found rclcpp: 16.0.14 (/opt/ros/humble/share/rclcpp/cmake)
[1.106s] -- Found rosidl_generator_c: 3.1.6 (/opt/ros/humble/share/rosidl_generator_c/cmake)
[1.112s] -- Found rosidl_adapter: 3.1.6 (/opt/ros/humble/share/rosidl_adapter/cmake)
[1.120s] -- Found rosidl_generator_cpp: 3.1.6 (/opt/ros/humble/share/rosidl_generator_cpp/cmake)
[1.137s] -- Using all available rosidl_typesupport_c: rosidl_typesupport_fastrtps_c;rosidl_typesupport_introspection_c
[1.151s] -- Using all available rosidl_typesupport_cpp: rosidl_typesupport_fastrtps_cpp;rosidl_typesupport_introspection_cpp
[1.189s] -- Found rmw_implementation_cmake: 6.1.2 (/opt/ros/humble/share/rmw_implementation_cmake/cmake)
[1.190s] -- Found rmw_fastrtps_cpp: 6.2.7 (/opt/ros/humble/share/rmw_fastrtps_cpp/cmake)
[1.804s] -- Found OpenSSL: /usr/lib/x86_64-linux-gnu/libcrypto.so (found version "3.0.2")  
[2.404s] -- Found FastRTPS: /opt/ros/humble/include  
[3.643s] -- Using RMW implementation 'rmw_fastrtps_cpp' as default
[3.650s] -- Looking for pthread.h
[3.738s] -- Looking for pthread.h - found
[3.738s] -- Performing Test CMAKE_HAVE_LIBC_PTHREAD
[3.825s] -- Performing Test CMAKE_HAVE_LIBC_PTHREAD - Success
[3.826s] -- Found Threads: TRUE  
[3.861s] -- Found sensor_msgs: 4.9.0 (/opt/ros/humble/share/sensor_msgs/cmake)
[3.885s] -- Found yahboomcar_msgs: 0.0.0 (/home/mingq/workspace/robocup_raspbot/install/yahboomcar_msgs/share/yahboomcar_msgs/cmake)
[3.900s] -- Found cv_bridge: 3.2.1 (/opt/ros/humble/share/cv_bridge/cmake)
[3.909s] -- Found OpenCV: /usr (found version "4.5.4") 
[3.963s] -- Configuring done
[3.978s] -- Generating done
[3.981s] -- Build files have been written to: /home/mingq/workspace/robocup_raspbot/build/robocup_ros
[3.990s] Invoked command in '/home/mingq/workspace/robocup_raspbot/build/robocup_ros' returned '0': AMENT_PREFIX_PATH=/home/mingq/workspace/robocup_raspbot/install/yahboomcar_msgs:${AMENT_PREFIX_PATH} CMAKE_PREFIX_PATH=/home/mingq/workspace/robocup_raspbot/install/yahboomcar_msgs:/opt/ros/humble LD_LIBRARY_PATH=/home/mingq/workspace/robocup_raspbot/install/yahboomcar_msgs/lib:${LD_LIBRARY_PATH} PYTHONPATH=/home/mingq/workspace/robocup_raspbot/install/yahboomcar_msgs/local/lib/python3.10/dist-packages:${PYTHONPATH} /usr/bin/cmake /home/mingq/workspace/robocup_raspbot/src/robocup_ros -DAMENT_CMAKE_SYMLINK_INSTALL=1 -DCMAKE_INSTALL_PREFIX=/home/mingq/workspace/robocup_raspbot/install/robocup_ros
[3.991s] Invoking command in '/home/mingq/workspace/robocup_raspbot/build/robocup_ros': AMENT_PREFIX_PATH=/home/mingq/workspace/robocup_raspbot/install/yahboomcar_msgs:${AMENT_PREFIX_PATH} CMAKE_PREFIX_PATH=/home/mingq/workspace/robocup_raspbot/install/yahboomcar_msgs:/opt/ros/humble LD_LIBRARY_PATH=/home/mingq/workspace/robocup_raspbot/install/yahboomcar_msgs/lib:${LD_LIBRARY_PATH} PYTHONPATH=/home/mingq/workspace/robocup_raspbot/install/yahboomcar_msgs/local/lib/python3.10/dist-packages:${PYTHONPATH} /usr/bin/cmake --build /home/mingq/workspace/robocup_raspbot/build/robocup_ros -- -j16 -l16
[4.028s] [ 50%] [32mBuilding CXX object CMakeFiles/camera_line_tracker.dir/node/camera_line_tracker_node.cpp.o[0m
[4.028s] [ 50%] [32mBuilding CXX object CMakeFiles/camera_line_tracker.dir/src/image_processor/line_tracker.cpp.o[0m
[4.028s] [ 75%] [32mBuilding CXX object CMakeFiles/camera_line_tracker.dir/src/camera_line_tracker.cpp.o[0m
[12.152s] [100%] [32m[1mLinking CXX executable camera_line_tracker[0m
[12.860s] [100%] Built target camera_line_tracker
[12.869s] Invoked command in '/home/mingq/workspace/robocup_raspbot/build/robocup_ros' returned '0': AMENT_PREFIX_PATH=/home/mingq/workspace/robocup_raspbot/install/yahboomcar_msgs:${AMENT_PREFIX_PATH} CMAKE_PREFIX_PATH=/home/mingq/workspace/robocup_raspbot/install/yahboomcar_msgs:/opt/ros/humble LD_LIBRARY_PATH=/home/mingq/workspace/robocup_raspbot/install/yahboomcar_msgs/lib:${LD_LIBRARY_PATH} PYTHONPATH=/home/mingq/workspace/robocup_raspbot/install/yahboomcar_msgs/local/lib/python3.10/dist-packages:${PYTHONPATH} /usr/bin/cmake --build /home/mingq/workspace/robocup_raspbot/build/robocup_ros -- -j16 -l16
[12.871s] Invoking command in '/home/mingq/workspace/robocup_raspbot/build/robocup_ros': AMENT_PREFIX_PATH=/home/mingq/workspace/robocup_raspbot/install/yahboomcar_msgs:${AMENT_PREFIX_PATH} CMAKE_PREFIX_PATH=/home/mingq/workspace/robocup_raspbot/install/yahboomcar_msgs:/opt/ros/humble LD_LIBRARY_PATH=/home/mingq/workspace/robocup_raspbot/install/yahboomcar_msgs/lib:${LD_LIBRARY_PATH} PYTHONPATH=/home/mingq/workspace/robocup_raspbot/install/yahboomcar_msgs/local/lib/python3.10/dist-packages:${PYTHONPATH} /usr/bin/cmake --install /home/mingq/workspace/robocup_raspbot/build/robocup_ros
[12.876s] -- Install configuration: ""
[12.876s] -- Execute custom install script
[12.877s] -- Symlinking: /home/mingq/workspace/robocup_raspbot/install/robocup_ros/lib/robocup_ros/camera_line_tracker
[12.885s] -- Symlinking: /home/mingq/workspace/robocup_raspbot/install/robocup_ros/share/ament_index/resource_index/package_run_dependencies/robocup_ros
[12.893s] -- Symlinking: /home/mingq/workspace/robocup_raspbot/install/robocup_ros/share/ament_index/resource_index/parent_prefix_path/robocup_ros
[12.899s] -- Symlinking: /home/mingq/workspace/robocup_raspbot/install/robocup_ros/share/robocup_ros/environment/ament_prefix_path.sh
[12.907s] -- Symlinking: /home/mingq/workspace/robocup_raspbot/install/robocup_ros/share/robocup_ros/environment/ament_prefix_path.dsv
[12.916s] -- Symlinking: /home/mingq/workspace/robocup_raspbot/install/robocup_ros/share/robocup_ros/environment/path.sh
[12.924s] -- Symlinking: /home/mingq/workspace/robocup_raspbot/install/robocup_ros/share/robocup_ros/environment/path.dsv
[12.931s] -- Symlinking: /home/mingq/workspace/robocup_raspbot/install/robocup_ros/share/robocup_ros/local_setup.bash
[12.938s] -- Symlinking: /home/mingq/workspace/robocup_raspbot/install/robocup_ros/share/robocup_ros/local_setup.sh
[12.944s] -- Symlinking: /home/mingq/workspace/robocup_raspbot/install/robocup_ros/share/robocup_ros/local_setup.zsh
[12.952s] -- Symlinking: /home/mingq/workspace/robocup_raspbot/install/robocup_ros/share/robocup_ros/local_setup.dsv
[12.959s] -- Symlinking: /home/mingq/workspace/robocup_raspbot/install/robocup_ros/share/robocup_ros/package.dsv
[12.966s] -- Symlinking: /home/mingq/workspace/robocup_raspbot/install/robocup_ros/share/ament_index/resource_index/packages/robocup_ros
[12.973s] -- Symlinking: /home/mingq/workspace/robocup_raspbot/install/robocup_ros/share/robocup_ros/cmake/robocup_rosConfig.cmake
[12.981s] -- Symlinking: /home/mingq/workspace/robocup_raspbot/install/robocup_ros/share/robocup_ros/cmake/robocup_rosConfig-version.cmake
[12.989s] -- Symlinking: /home/mingq/workspace/robocup_raspbot/install/robocup_ros/share/robocup_ros/package.xml
[12.998s] Invoked command in '/home/mingq/workspace/robocup_raspbot/build/robocup_ros' returned '0': AMENT_PREFIX_PATH=/home/mingq/workspace/robocup_raspbot/install/yahboomcar_msgs:${AMENT_PREFIX_PATH} CMAKE_PREFIX_PATH=/home/mingq/workspace/robocup_raspbot/install/yahboomcar_msgs:/opt/ros/humble LD_LIBRARY_PATH=/home/mingq/workspace/robocup_raspbot/install/yahboomcar_msgs/lib:${LD_LIBRARY_PATH} PYTHONPATH=/home/mingq/workspace/robocup_raspbot/install/yahboomcar_msgs/local/lib/python3.10/dist-packages:${PYTHONPATH} /usr/bin/cmake --install /home/mingq/workspace/robocup_raspbot/build/robocup_ros
