[0.017s] Invoking command in '/home/mingq/workspace/robocup_raspbot/build/robocup_bringup': CMAKE_PREFIX_PATH=/opt/ros/humble /usr/bin/cmake /home/mingq/workspace/robocup_raspbot/src/robocup_bringup -DAMENT_CMAKE_SYMLINK_INSTALL=1 -DCMAKE_INSTALL_PREFIX=/home/mingq/workspace/robocup_raspbot/install/robocup_bringup
[0.232s] -- The C compiler identification is GNU 11.4.0
[0.414s] -- The CXX compiler identification is GNU 11.4.0
[0.517s] -- Detecting C compiler ABI info
[0.597s] -- Detecting C compiler ABI info - done
[0.602s] -- Check for working C compiler: /usr/bin/cc - skipped
[0.603s] -- Detecting C compile features
[0.604s] -- Detecting C compile features - done
[0.608s] -- Detecting CXX compiler ABI info
[0.696s] -- Detecting CXX compiler ABI info - done
[0.702s] -- Check for working CXX compiler: /usr/bin/c++ - skipped
[0.702s] -- Detecting CXX compile features
[0.702s] -- Detecting CXX compile features - done
[0.722s] -- Found ament_cmake: 1.3.11 (/opt/ros/humble/share/ament_cmake/cmake)
[0.851s] -- Found Python3: /usr/bin/python3 (found version "3.10.12") found components: Interpreter 
[0.912s] -- Override CMake install command with custom implementation using symlinks instead of copying resources
[0.951s] -- Found rclcpp: 16.0.14 (/opt/ros/humble/share/rclcpp/cmake)
[1.048s] -- Found rosidl_generator_c: 3.1.6 (/opt/ros/humble/share/rosidl_generator_c/cmake)
[1.051s] -- Found rosidl_adapter: 3.1.6 (/opt/ros/humble/share/rosidl_adapter/cmake)
[1.059s] -- Found rosidl_generator_cpp: 3.1.6 (/opt/ros/humble/share/rosidl_generator_cpp/cmake)
[1.076s] -- Using all available rosidl_typesupport_c: rosidl_typesupport_fastrtps_c;rosidl_typesupport_introspection_c
[1.086s] -- Using all available rosidl_typesupport_cpp: rosidl_typesupport_fastrtps_cpp;rosidl_typesupport_introspection_cpp
[1.147s] -- Found rmw_implementation_cmake: 6.1.2 (/opt/ros/humble/share/rmw_implementation_cmake/cmake)
[1.151s] -- Found rmw_fastrtps_cpp: 6.2.7 (/opt/ros/humble/share/rmw_fastrtps_cpp/cmake)
[1.824s] -- Found OpenSSL: /usr/lib/x86_64-linux-gnu/libcrypto.so (found version "3.0.2")  
[2.589s] -- Found FastRTPS: /opt/ros/humble/include  
[4.225s] -- Using RMW implementation 'rmw_fastrtps_cpp' as default
[4.241s] -- Looking for pthread.h
[4.325s] -- Looking for pthread.h - found
[4.326s] -- Performing Test CMAKE_HAVE_LIBC_PTHREAD
[4.425s] -- Performing Test CMAKE_HAVE_LIBC_PTHREAD - Success
[4.426s] -- Found Threads: TRUE  
[4.497s] -- Found sensor_msgs: 4.9.0 (/opt/ros/humble/share/sensor_msgs/cmake)
[4.536s] -- Found cv_bridge: 3.2.1 (/opt/ros/humble/share/cv_bridge/cmake)
[4.556s] -- Found OpenCV: /usr (found version "4.5.4") 
[4.615s] -- Configuring done
[4.628s] -- Generating done
[4.631s] -- Build files have been written to: /home/mingq/workspace/robocup_raspbot/build/robocup_bringup
[4.641s] Invoked command in '/home/mingq/workspace/robocup_raspbot/build/robocup_bringup' returned '0': CMAKE_PREFIX_PATH=/opt/ros/humble /usr/bin/cmake /home/mingq/workspace/robocup_raspbot/src/robocup_bringup -DAMENT_CMAKE_SYMLINK_INSTALL=1 -DCMAKE_INSTALL_PREFIX=/home/mingq/workspace/robocup_raspbot/install/robocup_bringup
[4.642s] Invoking command in '/home/mingq/workspace/robocup_raspbot/build/robocup_bringup': CMAKE_PREFIX_PATH=/opt/ros/humble /usr/bin/cmake --build /home/mingq/workspace/robocup_raspbot/build/robocup_bringup -- -j16 -l16
[4.690s] [ 33%] [32mBuilding CXX object CMakeFiles/raspbot_camera.dir/node/raspbot_camera_node.cpp.o[0m
[4.691s] [ 66%] [32mBuilding CXX object CMakeFiles/raspbot_camera.dir/src/raspbot_camera.cpp.o[0m
[11.313s] [100%] [32m[1mLinking CXX executable raspbot_camera[0m
[12.534s] [100%] Built target raspbot_camera
[12.544s] Invoked command in '/home/mingq/workspace/robocup_raspbot/build/robocup_bringup' returned '0': CMAKE_PREFIX_PATH=/opt/ros/humble /usr/bin/cmake --build /home/mingq/workspace/robocup_raspbot/build/robocup_bringup -- -j16 -l16
[12.546s] Invoking command in '/home/mingq/workspace/robocup_raspbot/build/robocup_bringup': CMAKE_PREFIX_PATH=/opt/ros/humble /usr/bin/cmake --install /home/mingq/workspace/robocup_raspbot/build/robocup_bringup
[12.551s] -- Install configuration: ""
[12.552s] -- Execute custom install script
[12.552s] -- Symlinking: /home/mingq/workspace/robocup_raspbot/install/robocup_bringup/lib/robocup_bringup/raspbot_camera
[12.561s] -- Symlinking: /home/mingq/workspace/robocup_raspbot/install/robocup_bringup/share/robocup_bringup/launch/raspbot_bringup.launch.py
[12.569s] -- Symlinking: /home/mingq/workspace/robocup_raspbot/install/robocup_bringup/share/robocup_bringup/launch/raspbot_camera.launch.py
[12.577s] -- Symlinking: /home/mingq/workspace/robocup_raspbot/install/robocup_bringup/share/ament_index/resource_index/package_run_dependencies/robocup_bringup
[12.586s] -- Symlinking: /home/mingq/workspace/robocup_raspbot/install/robocup_bringup/share/ament_index/resource_index/parent_prefix_path/robocup_bringup
[12.596s] -- Symlinking: /home/mingq/workspace/robocup_raspbot/install/robocup_bringup/share/robocup_bringup/environment/ament_prefix_path.sh
[12.603s] -- Symlinking: /home/mingq/workspace/robocup_raspbot/install/robocup_bringup/share/robocup_bringup/environment/ament_prefix_path.dsv
[12.610s] -- Symlinking: /home/mingq/workspace/robocup_raspbot/install/robocup_bringup/share/robocup_bringup/environment/path.sh
[12.619s] -- Symlinking: /home/mingq/workspace/robocup_raspbot/install/robocup_bringup/share/robocup_bringup/environment/path.dsv
[12.627s] -- Symlinking: /home/mingq/workspace/robocup_raspbot/install/robocup_bringup/share/robocup_bringup/local_setup.bash
[12.636s] -- Symlinking: /home/mingq/workspace/robocup_raspbot/install/robocup_bringup/share/robocup_bringup/local_setup.sh
[12.644s] -- Symlinking: /home/mingq/workspace/robocup_raspbot/install/robocup_bringup/share/robocup_bringup/local_setup.zsh
[12.652s] -- Symlinking: /home/mingq/workspace/robocup_raspbot/install/robocup_bringup/share/robocup_bringup/local_setup.dsv
[12.661s] -- Symlinking: /home/mingq/workspace/robocup_raspbot/install/robocup_bringup/share/robocup_bringup/package.dsv
[12.668s] -- Symlinking: /home/mingq/workspace/robocup_raspbot/install/robocup_bringup/share/ament_index/resource_index/packages/robocup_bringup
[12.677s] -- Symlinking: /home/mingq/workspace/robocup_raspbot/install/robocup_bringup/share/robocup_bringup/cmake/robocup_bringupConfig.cmake
[12.683s] -- Symlinking: /home/mingq/workspace/robocup_raspbot/install/robocup_bringup/share/robocup_bringup/cmake/robocup_bringupConfig-version.cmake
[12.693s] -- Symlinking: /home/mingq/workspace/robocup_raspbot/install/robocup_bringup/share/robocup_bringup/package.xml
[12.706s] Invoked command in '/home/mingq/workspace/robocup_raspbot/build/robocup_bringup' returned '0': CMAKE_PREFIX_PATH=/opt/ros/humble /usr/bin/cmake --install /home/mingq/workspace/robocup_raspbot/build/robocup_bringup
