[35m[1mConsolidate compiler generated dependencies of target yahboomcar_msgs__rosidl_generator_c[0m
[  2%] Built target yahboomcar_msgs__cpp
[  2%] Built target ament_cmake_python_symlink_yahboomcar_msgs
[ 12%] Built target yahboomcar_msgs__rosidl_generator_c
[35m[1mConsolidate compiler generated dependencies of target yahboomcar_msgs__rosidl_typesupport_cpp[0m
[35m[1mConsolidate compiler generated dependencies of target yahboomcar_msgs__rosidl_typesupport_introspection_cpp[0m
[35m[1mConsolidate compiler generated dependencies of target yahboomcar_msgs__rosidl_typesupport_fastrtps_cpp[0m
[35m[1mConsolidate compiler generated dependencies of target yahboomcar_msgs__rosidl_typesupport_introspection_c[0m
[35m[1mConsolidate compiler generated dependencies of target yahboomcar_msgs__rosidl_typesupport_fastrtps_c[0m
[35m[1mConsolidate compiler generated dependencies of target yahboomcar_msgs__rosidl_typesupport_c[0m
[ 23%] Built target yahboomcar_msgs__rosidl_typesupport_cpp
[ 33%] Built target yahboomcar_msgs__rosidl_typesupport_fastrtps_cpp
[ 43%] Built target yahboomcar_msgs__rosidl_typesupport_introspection_cpp
[ 53%] Built target yahboomcar_msgs__rosidl_typesupport_introspection_c
[ 74%] Built target yahboomcar_msgs__rosidl_typesupport_fastrtps_c
[ 74%] Built target yahboomcar_msgs__rosidl_typesupport_c
[ 74%] Built target yahboomcar_msgs
[ 76%] Built target yahboomcar_msgs__py
[35m[1mConsolidate compiler generated dependencies of target yahboomcar_msgs__rosidl_generator_py[0m
[ 84%] Built target yahboomcar_msgs__rosidl_generator_py
[35m[1mConsolidate compiler generated dependencies of target yahboomcar_msgs__rosidl_typesupport_c__pyext[0m
[35m[1mConsolidate compiler generated dependencies of target yahboomcar_msgs__rosidl_typesupport_fastrtps_c__pyext[0m
[35m[1mConsolidate compiler generated dependencies of target yahboomcar_msgs__rosidl_typesupport_introspection_c__pyext[0m
[ 89%] Built target yahboomcar_msgs__rosidl_typesupport_introspection_c__pyext
[ 94%] Built target yahboomcar_msgs__rosidl_typesupport_fastrtps_c__pyext
[100%] Built target yahboomcar_msgs__rosidl_typesupport_c__pyext
running egg_info
writing yahboomcar_msgs.egg-info/PKG-INFO
writing dependency_links to yahboomcar_msgs.egg-info/dependency_links.txt
writing top-level names to yahboomcar_msgs.egg-info/top_level.txt
reading manifest file 'yahboomcar_msgs.egg-info/SOURCES.txt'
writing manifest file 'yahboomcar_msgs.egg-info/SOURCES.txt'
[100%] Built target ament_cmake_python_build_yahboomcar_msgs_egg
-- Install configuration: ""
-- Execute custom install script
-- Up-to-date symlink: /home/mingq/workspace/robocup_raspbot/install/yahboomcar_msgs/share/ament_index/resource_index/rosidl_interfaces/yahboomcar_msgs
-- Up-to-date symlink: /home/mingq/workspace/robocup_raspbot/install/yahboomcar_msgs/include/yahboomcar_msgs/yahboomcar_msgs/msg/detail/point_array__functions.h
-- Up-to-date symlink: /home/mingq/workspace/robocup_raspbot/install/yahboomcar_msgs/include/yahboomcar_msgs/yahboomcar_msgs/msg/detail/point_array__struct.h
-- Up-to-date symlink: /home/mingq/workspace/robocup_raspbot/install/yahboomcar_msgs/include/yahboomcar_msgs/yahboomcar_msgs/msg/detail/point_array__type_support.h
-- Up-to-date symlink: /home/mingq/workspace/robocup_raspbot/install/yahboomcar_msgs/include/yahboomcar_msgs/yahboomcar_msgs/msg/detail/servo_control__functions.h
-- Up-to-date symlink: /home/mingq/workspace/robocup_raspbot/install/yahboomcar_msgs/include/yahboomcar_msgs/yahboomcar_msgs/msg/detail/servo_control__struct.h
-- Up-to-date symlink: /home/mingq/workspace/robocup_raspbot/install/yahboomcar_msgs/include/yahboomcar_msgs/yahboomcar_msgs/msg/detail/servo_control__type_support.h
-- Up-to-date symlink: /home/mingq/workspace/robocup_raspbot/install/yahboomcar_msgs/include/yahboomcar_msgs/yahboomcar_msgs/msg/point_array.h
-- Up-to-date symlink: /home/mingq/workspace/robocup_raspbot/install/yahboomcar_msgs/include/yahboomcar_msgs/yahboomcar_msgs/msg/rosidl_generator_c__visibility_control.h
-- Up-to-date symlink: /home/mingq/workspace/robocup_raspbot/install/yahboomcar_msgs/include/yahboomcar_msgs/yahboomcar_msgs/msg/servo_control.h
-- Up-to-date symlink: /home/mingq/workspace/robocup_raspbot/install/yahboomcar_msgs/share/yahboomcar_msgs/environment/library_path.sh
-- Up-to-date symlink: /home/mingq/workspace/robocup_raspbot/install/yahboomcar_msgs/share/yahboomcar_msgs/environment/library_path.dsv
-- Up-to-date symlink: /home/mingq/workspace/robocup_raspbot/install/yahboomcar_msgs/include/yahboomcar_msgs/yahboomcar_msgs/msg/detail/point_array__rosidl_typesupport_fastrtps_c.h
-- Up-to-date symlink: /home/mingq/workspace/robocup_raspbot/install/yahboomcar_msgs/include/yahboomcar_msgs/yahboomcar_msgs/msg/detail/servo_control__rosidl_typesupport_fastrtps_c.h
-- Up-to-date symlink: /home/mingq/workspace/robocup_raspbot/install/yahboomcar_msgs/include/yahboomcar_msgs/yahboomcar_msgs/msg/rosidl_typesupport_fastrtps_c__visibility_control.h
-- Up-to-date symlink: /home/mingq/workspace/robocup_raspbot/install/yahboomcar_msgs/include/yahboomcar_msgs/yahboomcar_msgs/msg/detail/point_array__rosidl_typesupport_introspection_c.h
-- Up-to-date symlink: /home/mingq/workspace/robocup_raspbot/install/yahboomcar_msgs/include/yahboomcar_msgs/yahboomcar_msgs/msg/detail/servo_control__rosidl_typesupport_introspection_c.h
-- Up-to-date symlink: /home/mingq/workspace/robocup_raspbot/install/yahboomcar_msgs/include/yahboomcar_msgs/yahboomcar_msgs/msg/rosidl_typesupport_introspection_c__visibility_control.h
-- Up-to-date symlink: /home/mingq/workspace/robocup_raspbot/install/yahboomcar_msgs/include/yahboomcar_msgs/yahboomcar_msgs/msg/detail/point_array__builder.hpp
-- Up-to-date symlink: /home/mingq/workspace/robocup_raspbot/install/yahboomcar_msgs/include/yahboomcar_msgs/yahboomcar_msgs/msg/detail/point_array__struct.hpp
-- Up-to-date symlink: /home/mingq/workspace/robocup_raspbot/install/yahboomcar_msgs/include/yahboomcar_msgs/yahboomcar_msgs/msg/detail/point_array__traits.hpp
-- Up-to-date symlink: /home/mingq/workspace/robocup_raspbot/install/yahboomcar_msgs/include/yahboomcar_msgs/yahboomcar_msgs/msg/detail/point_array__type_support.hpp
-- Up-to-date symlink: /home/mingq/workspace/robocup_raspbot/install/yahboomcar_msgs/include/yahboomcar_msgs/yahboomcar_msgs/msg/detail/servo_control__builder.hpp
-- Up-to-date symlink: /home/mingq/workspace/robocup_raspbot/install/yahboomcar_msgs/include/yahboomcar_msgs/yahboomcar_msgs/msg/detail/servo_control__struct.hpp
-- Up-to-date symlink: /home/mingq/workspace/robocup_raspbot/install/yahboomcar_msgs/include/yahboomcar_msgs/yahboomcar_msgs/msg/detail/servo_control__traits.hpp
-- Up-to-date symlink: /home/mingq/workspace/robocup_raspbot/install/yahboomcar_msgs/include/yahboomcar_msgs/yahboomcar_msgs/msg/detail/servo_control__type_support.hpp
-- Up-to-date symlink: /home/mingq/workspace/robocup_raspbot/install/yahboomcar_msgs/include/yahboomcar_msgs/yahboomcar_msgs/msg/point_array.hpp
-- Up-to-date symlink: /home/mingq/workspace/robocup_raspbot/install/yahboomcar_msgs/include/yahboomcar_msgs/yahboomcar_msgs/msg/rosidl_generator_cpp__visibility_control.hpp
-- Up-to-date symlink: /home/mingq/workspace/robocup_raspbot/install/yahboomcar_msgs/include/yahboomcar_msgs/yahboomcar_msgs/msg/servo_control.hpp
-- Up-to-date symlink: /home/mingq/workspace/robocup_raspbot/install/yahboomcar_msgs/include/yahboomcar_msgs/yahboomcar_msgs/msg/detail/point_array__rosidl_typesupport_fastrtps_cpp.hpp
-- Up-to-date symlink: /home/mingq/workspace/robocup_raspbot/install/yahboomcar_msgs/include/yahboomcar_msgs/yahboomcar_msgs/msg/detail/servo_control__rosidl_typesupport_fastrtps_cpp.hpp
-- Up-to-date symlink: /home/mingq/workspace/robocup_raspbot/install/yahboomcar_msgs/include/yahboomcar_msgs/yahboomcar_msgs/msg/rosidl_typesupport_fastrtps_cpp__visibility_control.h
-- Up-to-date symlink: /home/mingq/workspace/robocup_raspbot/install/yahboomcar_msgs/include/yahboomcar_msgs/yahboomcar_msgs/msg/detail/point_array__rosidl_typesupport_introspection_cpp.hpp
-- Up-to-date symlink: /home/mingq/workspace/robocup_raspbot/install/yahboomcar_msgs/include/yahboomcar_msgs/yahboomcar_msgs/msg/detail/servo_control__rosidl_typesupport_introspection_cpp.hpp
-- Up-to-date symlink: /home/mingq/workspace/robocup_raspbot/install/yahboomcar_msgs/share/yahboomcar_msgs/environment/pythonpath.sh
-- Up-to-date symlink: /home/mingq/workspace/robocup_raspbot/install/yahboomcar_msgs/share/yahboomcar_msgs/environment/pythonpath.dsv
-- Up-to-date symlink: /home/mingq/workspace/robocup_raspbot/install/yahboomcar_msgs/local/lib/python3.10/dist-packages/yahboomcar_msgs-0.0.0-py3.10.egg-info/PKG-INFO
-- Up-to-date symlink: /home/mingq/workspace/robocup_raspbot/install/yahboomcar_msgs/local/lib/python3.10/dist-packages/yahboomcar_msgs-0.0.0-py3.10.egg-info/SOURCES.txt
-- Up-to-date symlink: /home/mingq/workspace/robocup_raspbot/install/yahboomcar_msgs/local/lib/python3.10/dist-packages/yahboomcar_msgs-0.0.0-py3.10.egg-info/dependency_links.txt
-- Up-to-date symlink: /home/mingq/workspace/robocup_raspbot/install/yahboomcar_msgs/local/lib/python3.10/dist-packages/yahboomcar_msgs-0.0.0-py3.10.egg-info/top_level.txt
-- Up-to-date symlink: /home/mingq/workspace/robocup_raspbot/install/yahboomcar_msgs/local/lib/python3.10/dist-packages/yahboomcar_msgs/__init__.py
-- Up-to-date symlink: /home/mingq/workspace/robocup_raspbot/install/yahboomcar_msgs/local/lib/python3.10/dist-packages/yahboomcar_msgs/_yahboomcar_msgs_s.ep.rosidl_typesupport_c.c
-- Up-to-date symlink: /home/mingq/workspace/robocup_raspbot/install/yahboomcar_msgs/local/lib/python3.10/dist-packages/yahboomcar_msgs/_yahboomcar_msgs_s.ep.rosidl_typesupport_fastrtps_c.c
-- Up-to-date symlink: /home/mingq/workspace/robocup_raspbot/install/yahboomcar_msgs/local/lib/python3.10/dist-packages/yahboomcar_msgs/_yahboomcar_msgs_s.ep.rosidl_typesupport_introspection_c.c
-- Up-to-date symlink: /home/mingq/workspace/robocup_raspbot/install/yahboomcar_msgs/local/lib/python3.10/dist-packages/yahboomcar_msgs/libyahboomcar_msgs__rosidl_generator_py.so
-- Up-to-date symlink: /home/mingq/workspace/robocup_raspbot/install/yahboomcar_msgs/local/lib/python3.10/dist-packages/yahboomcar_msgs/msg/__init__.py
-- Up-to-date symlink: /home/mingq/workspace/robocup_raspbot/install/yahboomcar_msgs/local/lib/python3.10/dist-packages/yahboomcar_msgs/msg/_point_array.py
-- Up-to-date symlink: /home/mingq/workspace/robocup_raspbot/install/yahboomcar_msgs/local/lib/python3.10/dist-packages/yahboomcar_msgs/msg/_point_array_s.c
-- Up-to-date symlink: /home/mingq/workspace/robocup_raspbot/install/yahboomcar_msgs/local/lib/python3.10/dist-packages/yahboomcar_msgs/msg/_servo_control.py
-- Up-to-date symlink: /home/mingq/workspace/robocup_raspbot/install/yahboomcar_msgs/local/lib/python3.10/dist-packages/yahboomcar_msgs/msg/_servo_control_s.c
-- Up-to-date symlink: /home/mingq/workspace/robocup_raspbot/install/yahboomcar_msgs/local/lib/python3.10/dist-packages/yahboomcar_msgs/yahboomcar_msgs_s__rosidl_typesupport_c.cpython-310-x86_64-linux-gnu.so
-- Up-to-date symlink: /home/mingq/workspace/robocup_raspbot/install/yahboomcar_msgs/local/lib/python3.10/dist-packages/yahboomcar_msgs/yahboomcar_msgs_s__rosidl_typesupport_fastrtps_c.cpython-310-x86_64-linux-gnu.so
-- Up-to-date symlink: /home/mingq/workspace/robocup_raspbot/install/yahboomcar_msgs/local/lib/python3.10/dist-packages/yahboomcar_msgs/yahboomcar_msgs_s__rosidl_typesupport_introspection_c.cpython-310-x86_64-linux-gnu.so
-- Up-to-date symlink: /home/mingq/workspace/robocup_raspbot/install/yahboomcar_msgs/local/lib/python3.10/dist-packages/yahboomcar_msgs/yahboomcar_msgs_s__rosidl_typesupport_fastrtps_c.cpython-310-x86_64-linux-gnu.so
-- Up-to-date symlink: /home/mingq/workspace/robocup_raspbot/install/yahboomcar_msgs/local/lib/python3.10/dist-packages/yahboomcar_msgs/yahboomcar_msgs_s__rosidl_typesupport_introspection_c.cpython-310-x86_64-linux-gnu.so
-- Up-to-date symlink: /home/mingq/workspace/robocup_raspbot/install/yahboomcar_msgs/local/lib/python3.10/dist-packages/yahboomcar_msgs/yahboomcar_msgs_s__rosidl_typesupport_c.cpython-310-x86_64-linux-gnu.so
-- Up-to-date symlink: /home/mingq/workspace/robocup_raspbot/install/yahboomcar_msgs/share/yahboomcar_msgs/msg/ServoControl.idl
-- Up-to-date symlink: /home/mingq/workspace/robocup_raspbot/install/yahboomcar_msgs/share/yahboomcar_msgs/msg/PointArray.idl
-- Up-to-date symlink: /home/mingq/workspace/robocup_raspbot/install/yahboomcar_msgs/share/yahboomcar_msgs/msg/ServoControl.msg
-- Up-to-date symlink: /home/mingq/workspace/robocup_raspbot/install/yahboomcar_msgs/share/yahboomcar_msgs/msg/PointArray.msg
-- Up-to-date symlink: /home/mingq/workspace/robocup_raspbot/install/yahboomcar_msgs/share/ament_index/resource_index/package_run_dependencies/yahboomcar_msgs
-- Up-to-date symlink: /home/mingq/workspace/robocup_raspbot/install/yahboomcar_msgs/share/ament_index/resource_index/parent_prefix_path/yahboomcar_msgs
-- Up-to-date symlink: /home/mingq/workspace/robocup_raspbot/install/yahboomcar_msgs/share/yahboomcar_msgs/environment/ament_prefix_path.sh
-- Up-to-date symlink: /home/mingq/workspace/robocup_raspbot/install/yahboomcar_msgs/share/yahboomcar_msgs/environment/ament_prefix_path.dsv
-- Up-to-date symlink: /home/mingq/workspace/robocup_raspbot/install/yahboomcar_msgs/share/yahboomcar_msgs/environment/path.sh
-- Up-to-date symlink: /home/mingq/workspace/robocup_raspbot/install/yahboomcar_msgs/share/yahboomcar_msgs/environment/path.dsv
-- Up-to-date symlink: /home/mingq/workspace/robocup_raspbot/install/yahboomcar_msgs/share/yahboomcar_msgs/local_setup.bash
-- Up-to-date symlink: /home/mingq/workspace/robocup_raspbot/install/yahboomcar_msgs/share/yahboomcar_msgs/local_setup.sh
-- Up-to-date symlink: /home/mingq/workspace/robocup_raspbot/install/yahboomcar_msgs/share/yahboomcar_msgs/local_setup.zsh
-- Up-to-date symlink: /home/mingq/workspace/robocup_raspbot/install/yahboomcar_msgs/share/yahboomcar_msgs/local_setup.dsv
-- Symlinking: /home/mingq/workspace/robocup_raspbot/install/yahboomcar_msgs/share/yahboomcar_msgs/package.dsv
-- Up-to-date symlink: /home/mingq/workspace/robocup_raspbot/install/yahboomcar_msgs/share/ament_index/resource_index/packages/yahboomcar_msgs
-- Up-to-date symlink: /home/mingq/workspace/robocup_raspbot/install/yahboomcar_msgs/share/yahboomcar_msgs/cmake/rosidl_cmake-extras.cmake
-- Up-to-date symlink: /home/mingq/workspace/robocup_raspbot/install/yahboomcar_msgs/share/yahboomcar_msgs/cmake/ament_cmake_export_dependencies-extras.cmake
-- Up-to-date symlink: /home/mingq/workspace/robocup_raspbot/install/yahboomcar_msgs/share/yahboomcar_msgs/cmake/ament_cmake_export_include_directories-extras.cmake
-- Up-to-date symlink: /home/mingq/workspace/robocup_raspbot/install/yahboomcar_msgs/share/yahboomcar_msgs/cmake/ament_cmake_export_libraries-extras.cmake
-- Up-to-date symlink: /home/mingq/workspace/robocup_raspbot/install/yahboomcar_msgs/share/yahboomcar_msgs/cmake/ament_cmake_export_targets-extras.cmake
-- Up-to-date symlink: /home/mingq/workspace/robocup_raspbot/install/yahboomcar_msgs/share/yahboomcar_msgs/cmake/rosidl_cmake_export_typesupport_targets-extras.cmake
-- Up-to-date symlink: /home/mingq/workspace/robocup_raspbot/install/yahboomcar_msgs/share/yahboomcar_msgs/cmake/rosidl_cmake_export_typesupport_libraries-extras.cmake
-- Up-to-date symlink: /home/mingq/workspace/robocup_raspbot/install/yahboomcar_msgs/share/yahboomcar_msgs/cmake/yahboomcar_msgsConfig.cmake
-- Up-to-date symlink: /home/mingq/workspace/robocup_raspbot/install/yahboomcar_msgs/share/yahboomcar_msgs/cmake/yahboomcar_msgsConfig-version.cmake
-- Up-to-date symlink: /home/mingq/workspace/robocup_raspbot/install/yahboomcar_msgs/share/yahboomcar_msgs/package.xml
-- Up-to-date: /home/mingq/workspace/robocup_raspbot/install/yahboomcar_msgs/lib/libyahboomcar_msgs__rosidl_generator_c.so
-- Up-to-date: /home/mingq/workspace/robocup_raspbot/install/yahboomcar_msgs/lib/libyahboomcar_msgs__rosidl_typesupport_fastrtps_c.so
-- Up-to-date: /home/mingq/workspace/robocup_raspbot/install/yahboomcar_msgs/lib/libyahboomcar_msgs__rosidl_typesupport_introspection_c.so
-- Up-to-date: /home/mingq/workspace/robocup_raspbot/install/yahboomcar_msgs/lib/libyahboomcar_msgs__rosidl_typesupport_c.so
-- Up-to-date: /home/mingq/workspace/robocup_raspbot/install/yahboomcar_msgs/lib/libyahboomcar_msgs__rosidl_typesupport_fastrtps_cpp.so
-- Up-to-date: /home/mingq/workspace/robocup_raspbot/install/yahboomcar_msgs/lib/libyahboomcar_msgs__rosidl_typesupport_introspection_cpp.so
-- Up-to-date: /home/mingq/workspace/robocup_raspbot/install/yahboomcar_msgs/lib/libyahboomcar_msgs__rosidl_typesupport_cpp.so
Listing '/home/mingq/workspace/robocup_raspbot/install/yahboomcar_msgs/local/lib/python3.10/dist-packages/yahboomcar_msgs'...
Listing '/home/mingq/workspace/robocup_raspbot/install/yahboomcar_msgs/local/lib/python3.10/dist-packages/yahboomcar_msgs/msg'...
-- Up-to-date: /home/mingq/workspace/robocup_raspbot/install/yahboomcar_msgs/lib/libyahboomcar_msgs__rosidl_generator_py.so
-- Up-to-date: /home/mingq/workspace/robocup_raspbot/install/yahboomcar_msgs/share/yahboomcar_msgs/cmake/export_yahboomcar_msgs__rosidl_generator_cExport.cmake
-- Up-to-date: /home/mingq/workspace/robocup_raspbot/install/yahboomcar_msgs/share/yahboomcar_msgs/cmake/export_yahboomcar_msgs__rosidl_generator_cExport-noconfig.cmake
-- Up-to-date: /home/mingq/workspace/robocup_raspbot/install/yahboomcar_msgs/share/yahboomcar_msgs/cmake/export_yahboomcar_msgs__rosidl_typesupport_fastrtps_cExport.cmake
-- Up-to-date: /home/mingq/workspace/robocup_raspbot/install/yahboomcar_msgs/share/yahboomcar_msgs/cmake/export_yahboomcar_msgs__rosidl_typesupport_fastrtps_cExport-noconfig.cmake
-- Up-to-date: /home/mingq/workspace/robocup_raspbot/install/yahboomcar_msgs/share/yahboomcar_msgs/cmake/yahboomcar_msgs__rosidl_typesupport_introspection_cExport.cmake
-- Up-to-date: /home/mingq/workspace/robocup_raspbot/install/yahboomcar_msgs/share/yahboomcar_msgs/cmake/yahboomcar_msgs__rosidl_typesupport_introspection_cExport-noconfig.cmake
-- Up-to-date: /home/mingq/workspace/robocup_raspbot/install/yahboomcar_msgs/share/yahboomcar_msgs/cmake/yahboomcar_msgs__rosidl_typesupport_cExport.cmake
-- Up-to-date: /home/mingq/workspace/robocup_raspbot/install/yahboomcar_msgs/share/yahboomcar_msgs/cmake/yahboomcar_msgs__rosidl_typesupport_cExport-noconfig.cmake
-- Up-to-date: /home/mingq/workspace/robocup_raspbot/install/yahboomcar_msgs/share/yahboomcar_msgs/cmake/export_yahboomcar_msgs__rosidl_generator_cppExport.cmake
-- Up-to-date: /home/mingq/workspace/robocup_raspbot/install/yahboomcar_msgs/share/yahboomcar_msgs/cmake/export_yahboomcar_msgs__rosidl_typesupport_fastrtps_cppExport.cmake
-- Up-to-date: /home/mingq/workspace/robocup_raspbot/install/yahboomcar_msgs/share/yahboomcar_msgs/cmake/export_yahboomcar_msgs__rosidl_typesupport_fastrtps_cppExport-noconfig.cmake
-- Up-to-date: /home/mingq/workspace/robocup_raspbot/install/yahboomcar_msgs/share/yahboomcar_msgs/cmake/yahboomcar_msgs__rosidl_typesupport_introspection_cppExport.cmake
-- Up-to-date: /home/mingq/workspace/robocup_raspbot/install/yahboomcar_msgs/share/yahboomcar_msgs/cmake/yahboomcar_msgs__rosidl_typesupport_introspection_cppExport-noconfig.cmake
-- Up-to-date: /home/mingq/workspace/robocup_raspbot/install/yahboomcar_msgs/share/yahboomcar_msgs/cmake/yahboomcar_msgs__rosidl_typesupport_cppExport.cmake
-- Up-to-date: /home/mingq/workspace/robocup_raspbot/install/yahboomcar_msgs/share/yahboomcar_msgs/cmake/yahboomcar_msgs__rosidl_typesupport_cppExport-noconfig.cmake
-- Up-to-date: /home/mingq/workspace/robocup_raspbot/install/yahboomcar_msgs/share/yahboomcar_msgs/cmake/export_yahboomcar_msgs__rosidl_generator_pyExport.cmake
-- Up-to-date: /home/mingq/workspace/robocup_raspbot/install/yahboomcar_msgs/share/yahboomcar_msgs/cmake/export_yahboomcar_msgs__rosidl_generator_pyExport-noconfig.cmake
