[0.023s] Invoking command in '/home/mingq/workspace/robocup_raspbot/build/yahboomcar_msgs': CMAKE_PREFIX_PATH=/opt/ros/humble /usr/bin/cmake --build /home/mingq/workspace/robocup_raspbot/build/yahboomcar_msgs -- -j16 -l16
[0.177s] [35m[1mConsolidate compiler generated dependencies of target yahboomcar_msgs__rosidl_generator_c[0m
[0.182s] [  2%] Built target yahboomcar_msgs__cpp
[0.191s] [  2%] Built target ament_cmake_python_symlink_yahboomcar_msgs
[0.193s] [ 12%] Built target yahboomcar_msgs__rosidl_generator_c
[0.200s] [35m[1mConsolidate compiler generated dependencies of target yahboomcar_msgs__rosidl_typesupport_cpp[0m
[0.201s] [35m[1mConsolidate compiler generated dependencies of target yahboomcar_msgs__rosidl_typesupport_introspection_cpp[0m
[0.203s] [35m[1mConsolidate compiler generated dependencies of target yahboomcar_msgs__rosidl_typesupport_fastrtps_cpp[0m
[0.216s] [35m[1mConsolidate compiler generated dependencies of target yahboomcar_msgs__rosidl_typesupport_introspection_c[0m
[0.219s] [35m[1mConsolidate compiler generated dependencies of target yahboomcar_msgs__rosidl_typesupport_fastrtps_c[0m
[0.219s] [35m[1mConsolidate compiler generated dependencies of target yahboomcar_msgs__rosidl_typesupport_c[0m
[0.223s] [ 23%] Built target yahboomcar_msgs__rosidl_typesupport_cpp
[0.224s] [ 33%] Built target yahboomcar_msgs__rosidl_typesupport_fastrtps_cpp
[0.231s] [ 43%] Built target yahboomcar_msgs__rosidl_typesupport_introspection_cpp
[0.234s] [ 53%] Built target yahboomcar_msgs__rosidl_typesupport_introspection_c
[0.235s] [ 74%] Built target yahboomcar_msgs__rosidl_typesupport_fastrtps_c
[0.235s] [ 74%] Built target yahboomcar_msgs__rosidl_typesupport_c
[0.260s] [ 74%] Built target yahboomcar_msgs
[0.287s] [ 76%] Built target yahboomcar_msgs__py
[0.302s] [35m[1mConsolidate compiler generated dependencies of target yahboomcar_msgs__rosidl_generator_py[0m
[0.317s] [ 84%] Built target yahboomcar_msgs__rosidl_generator_py
[0.331s] [35m[1mConsolidate compiler generated dependencies of target yahboomcar_msgs__rosidl_typesupport_c__pyext[0m
[0.331s] [35m[1mConsolidate compiler generated dependencies of target yahboomcar_msgs__rosidl_typesupport_fastrtps_c__pyext[0m
[0.331s] [35m[1mConsolidate compiler generated dependencies of target yahboomcar_msgs__rosidl_typesupport_introspection_c__pyext[0m
[0.343s] [ 89%] Built target yahboomcar_msgs__rosidl_typesupport_introspection_c__pyext
[0.343s] [ 94%] Built target yahboomcar_msgs__rosidl_typesupport_fastrtps_c__pyext
[0.345s] [100%] Built target yahboomcar_msgs__rosidl_typesupport_c__pyext
[0.450s] running egg_info
[0.451s] writing yahboomcar_msgs.egg-info/PKG-INFO
[0.451s] writing dependency_links to yahboomcar_msgs.egg-info/dependency_links.txt
[0.451s] writing top-level names to yahboomcar_msgs.egg-info/top_level.txt
[0.455s] reading manifest file 'yahboomcar_msgs.egg-info/SOURCES.txt'
[0.455s] writing manifest file 'yahboomcar_msgs.egg-info/SOURCES.txt'
[0.480s] [100%] Built target ament_cmake_python_build_yahboomcar_msgs_egg
[0.492s] Invoked command in '/home/mingq/workspace/robocup_raspbot/build/yahboomcar_msgs' returned '0': CMAKE_PREFIX_PATH=/opt/ros/humble /usr/bin/cmake --build /home/mingq/workspace/robocup_raspbot/build/yahboomcar_msgs -- -j16 -l16
[0.505s] Invoking command in '/home/mingq/workspace/robocup_raspbot/build/yahboomcar_msgs': CMAKE_PREFIX_PATH=/opt/ros/humble /usr/bin/cmake --install /home/mingq/workspace/robocup_raspbot/build/yahboomcar_msgs
[0.511s] -- Install configuration: ""
[0.511s] -- Execute custom install script
[0.512s] -- Up-to-date symlink: /home/mingq/workspace/robocup_raspbot/install/yahboomcar_msgs/share/ament_index/resource_index/rosidl_interfaces/yahboomcar_msgs
[0.512s] -- Up-to-date symlink: /home/mingq/workspace/robocup_raspbot/install/yahboomcar_msgs/include/yahboomcar_msgs/yahboomcar_msgs/msg/detail/point_array__functions.h
[0.512s] -- Up-to-date symlink: /home/mingq/workspace/robocup_raspbot/install/yahboomcar_msgs/include/yahboomcar_msgs/yahboomcar_msgs/msg/detail/point_array__struct.h
[0.512s] -- Up-to-date symlink: /home/mingq/workspace/robocup_raspbot/install/yahboomcar_msgs/include/yahboomcar_msgs/yahboomcar_msgs/msg/detail/point_array__type_support.h
[0.512s] -- Up-to-date symlink: /home/mingq/workspace/robocup_raspbot/install/yahboomcar_msgs/include/yahboomcar_msgs/yahboomcar_msgs/msg/detail/servo_control__functions.h
[0.512s] -- Up-to-date symlink: /home/mingq/workspace/robocup_raspbot/install/yahboomcar_msgs/include/yahboomcar_msgs/yahboomcar_msgs/msg/detail/servo_control__struct.h
[0.512s] -- Up-to-date symlink: /home/mingq/workspace/robocup_raspbot/install/yahboomcar_msgs/include/yahboomcar_msgs/yahboomcar_msgs/msg/detail/servo_control__type_support.h
[0.512s] -- Up-to-date symlink: /home/mingq/workspace/robocup_raspbot/install/yahboomcar_msgs/include/yahboomcar_msgs/yahboomcar_msgs/msg/point_array.h
[0.513s] -- Up-to-date symlink: /home/mingq/workspace/robocup_raspbot/install/yahboomcar_msgs/include/yahboomcar_msgs/yahboomcar_msgs/msg/rosidl_generator_c__visibility_control.h
[0.513s] -- Up-to-date symlink: /home/mingq/workspace/robocup_raspbot/install/yahboomcar_msgs/include/yahboomcar_msgs/yahboomcar_msgs/msg/servo_control.h
[0.513s] -- Up-to-date symlink: /home/mingq/workspace/robocup_raspbot/install/yahboomcar_msgs/share/yahboomcar_msgs/environment/library_path.sh
[0.513s] -- Up-to-date symlink: /home/mingq/workspace/robocup_raspbot/install/yahboomcar_msgs/share/yahboomcar_msgs/environment/library_path.dsv
[0.513s] -- Up-to-date symlink: /home/mingq/workspace/robocup_raspbot/install/yahboomcar_msgs/include/yahboomcar_msgs/yahboomcar_msgs/msg/detail/point_array__rosidl_typesupport_fastrtps_c.h
[0.514s] -- Up-to-date symlink: /home/mingq/workspace/robocup_raspbot/install/yahboomcar_msgs/include/yahboomcar_msgs/yahboomcar_msgs/msg/detail/servo_control__rosidl_typesupport_fastrtps_c.h
[0.514s] -- Up-to-date symlink: /home/mingq/workspace/robocup_raspbot/install/yahboomcar_msgs/include/yahboomcar_msgs/yahboomcar_msgs/msg/rosidl_typesupport_fastrtps_c__visibility_control.h
[0.514s] -- Up-to-date symlink: /home/mingq/workspace/robocup_raspbot/install/yahboomcar_msgs/include/yahboomcar_msgs/yahboomcar_msgs/msg/detail/point_array__rosidl_typesupport_introspection_c.h
[0.514s] -- Up-to-date symlink: /home/mingq/workspace/robocup_raspbot/install/yahboomcar_msgs/include/yahboomcar_msgs/yahboomcar_msgs/msg/detail/servo_control__rosidl_typesupport_introspection_c.h
[0.514s] -- Up-to-date symlink: /home/mingq/workspace/robocup_raspbot/install/yahboomcar_msgs/include/yahboomcar_msgs/yahboomcar_msgs/msg/rosidl_typesupport_introspection_c__visibility_control.h
[0.515s] -- Up-to-date symlink: /home/mingq/workspace/robocup_raspbot/install/yahboomcar_msgs/include/yahboomcar_msgs/yahboomcar_msgs/msg/detail/point_array__builder.hpp
[0.515s] -- Up-to-date symlink: /home/mingq/workspace/robocup_raspbot/install/yahboomcar_msgs/include/yahboomcar_msgs/yahboomcar_msgs/msg/detail/point_array__struct.hpp
[0.515s] -- Up-to-date symlink: /home/mingq/workspace/robocup_raspbot/install/yahboomcar_msgs/include/yahboomcar_msgs/yahboomcar_msgs/msg/detail/point_array__traits.hpp
[0.515s] -- Up-to-date symlink: /home/mingq/workspace/robocup_raspbot/install/yahboomcar_msgs/include/yahboomcar_msgs/yahboomcar_msgs/msg/detail/point_array__type_support.hpp
[0.516s] -- Up-to-date symlink: /home/mingq/workspace/robocup_raspbot/install/yahboomcar_msgs/include/yahboomcar_msgs/yahboomcar_msgs/msg/detail/servo_control__builder.hpp
[0.516s] -- Up-to-date symlink: /home/mingq/workspace/robocup_raspbot/install/yahboomcar_msgs/include/yahboomcar_msgs/yahboomcar_msgs/msg/detail/servo_control__struct.hpp
[0.516s] -- Up-to-date symlink: /home/mingq/workspace/robocup_raspbot/install/yahboomcar_msgs/include/yahboomcar_msgs/yahboomcar_msgs/msg/detail/servo_control__traits.hpp
[0.516s] -- Up-to-date symlink: /home/mingq/workspace/robocup_raspbot/install/yahboomcar_msgs/include/yahboomcar_msgs/yahboomcar_msgs/msg/detail/servo_control__type_support.hpp
[0.516s] -- Up-to-date symlink: /home/mingq/workspace/robocup_raspbot/install/yahboomcar_msgs/include/yahboomcar_msgs/yahboomcar_msgs/msg/point_array.hpp
[0.516s] -- Up-to-date symlink: /home/mingq/workspace/robocup_raspbot/install/yahboomcar_msgs/include/yahboomcar_msgs/yahboomcar_msgs/msg/rosidl_generator_cpp__visibility_control.hpp
[0.516s] -- Up-to-date symlink: /home/mingq/workspace/robocup_raspbot/install/yahboomcar_msgs/include/yahboomcar_msgs/yahboomcar_msgs/msg/servo_control.hpp
[0.517s] -- Up-to-date symlink: /home/mingq/workspace/robocup_raspbot/install/yahboomcar_msgs/include/yahboomcar_msgs/yahboomcar_msgs/msg/detail/point_array__rosidl_typesupport_fastrtps_cpp.hpp
[0.517s] -- Up-to-date symlink: /home/mingq/workspace/robocup_raspbot/install/yahboomcar_msgs/include/yahboomcar_msgs/yahboomcar_msgs/msg/detail/servo_control__rosidl_typesupport_fastrtps_cpp.hpp
[0.517s] -- Up-to-date symlink: /home/mingq/workspace/robocup_raspbot/install/yahboomcar_msgs/include/yahboomcar_msgs/yahboomcar_msgs/msg/rosidl_typesupport_fastrtps_cpp__visibility_control.h
[0.518s] -- Up-to-date symlink: /home/mingq/workspace/robocup_raspbot/install/yahboomcar_msgs/include/yahboomcar_msgs/yahboomcar_msgs/msg/detail/point_array__rosidl_typesupport_introspection_cpp.hpp
[0.518s] -- Up-to-date symlink: /home/mingq/workspace/robocup_raspbot/install/yahboomcar_msgs/include/yahboomcar_msgs/yahboomcar_msgs/msg/detail/servo_control__rosidl_typesupport_introspection_cpp.hpp
[0.519s] -- Up-to-date symlink: /home/mingq/workspace/robocup_raspbot/install/yahboomcar_msgs/share/yahboomcar_msgs/environment/pythonpath.sh
[0.519s] -- Up-to-date symlink: /home/mingq/workspace/robocup_raspbot/install/yahboomcar_msgs/share/yahboomcar_msgs/environment/pythonpath.dsv
[0.523s] -- Up-to-date symlink: /home/mingq/workspace/robocup_raspbot/install/yahboomcar_msgs/local/lib/python3.10/dist-packages/yahboomcar_msgs-0.0.0-py3.10.egg-info/PKG-INFO
[0.523s] -- Up-to-date symlink: /home/mingq/workspace/robocup_raspbot/install/yahboomcar_msgs/local/lib/python3.10/dist-packages/yahboomcar_msgs-0.0.0-py3.10.egg-info/SOURCES.txt
[0.524s] -- Up-to-date symlink: /home/mingq/workspace/robocup_raspbot/install/yahboomcar_msgs/local/lib/python3.10/dist-packages/yahboomcar_msgs-0.0.0-py3.10.egg-info/dependency_links.txt
[0.524s] -- Up-to-date symlink: /home/mingq/workspace/robocup_raspbot/install/yahboomcar_msgs/local/lib/python3.10/dist-packages/yahboomcar_msgs-0.0.0-py3.10.egg-info/top_level.txt
[0.524s] -- Up-to-date symlink: /home/mingq/workspace/robocup_raspbot/install/yahboomcar_msgs/local/lib/python3.10/dist-packages/yahboomcar_msgs/__init__.py
[0.524s] -- Up-to-date symlink: /home/mingq/workspace/robocup_raspbot/install/yahboomcar_msgs/local/lib/python3.10/dist-packages/yahboomcar_msgs/_yahboomcar_msgs_s.ep.rosidl_typesupport_c.c
[0.525s] -- Up-to-date symlink: /home/mingq/workspace/robocup_raspbot/install/yahboomcar_msgs/local/lib/python3.10/dist-packages/yahboomcar_msgs/_yahboomcar_msgs_s.ep.rosidl_typesupport_fastrtps_c.c
[0.525s] -- Up-to-date symlink: /home/mingq/workspace/robocup_raspbot/install/yahboomcar_msgs/local/lib/python3.10/dist-packages/yahboomcar_msgs/_yahboomcar_msgs_s.ep.rosidl_typesupport_introspection_c.c
[0.525s] -- Up-to-date symlink: /home/mingq/workspace/robocup_raspbot/install/yahboomcar_msgs/local/lib/python3.10/dist-packages/yahboomcar_msgs/libyahboomcar_msgs__rosidl_generator_py.so
[0.527s] -- Up-to-date symlink: /home/mingq/workspace/robocup_raspbot/install/yahboomcar_msgs/local/lib/python3.10/dist-packages/yahboomcar_msgs/msg/__init__.py
[0.527s] -- Up-to-date symlink: /home/mingq/workspace/robocup_raspbot/install/yahboomcar_msgs/local/lib/python3.10/dist-packages/yahboomcar_msgs/msg/_point_array.py
[0.527s] -- Up-to-date symlink: /home/mingq/workspace/robocup_raspbot/install/yahboomcar_msgs/local/lib/python3.10/dist-packages/yahboomcar_msgs/msg/_point_array_s.c
[0.527s] -- Up-to-date symlink: /home/mingq/workspace/robocup_raspbot/install/yahboomcar_msgs/local/lib/python3.10/dist-packages/yahboomcar_msgs/msg/_servo_control.py
[0.528s] -- Up-to-date symlink: /home/mingq/workspace/robocup_raspbot/install/yahboomcar_msgs/local/lib/python3.10/dist-packages/yahboomcar_msgs/msg/_servo_control_s.c
[0.528s] -- Up-to-date symlink: /home/mingq/workspace/robocup_raspbot/install/yahboomcar_msgs/local/lib/python3.10/dist-packages/yahboomcar_msgs/yahboomcar_msgs_s__rosidl_typesupport_c.cpython-310-x86_64-linux-gnu.so
[0.528s] -- Up-to-date symlink: /home/mingq/workspace/robocup_raspbot/install/yahboomcar_msgs/local/lib/python3.10/dist-packages/yahboomcar_msgs/yahboomcar_msgs_s__rosidl_typesupport_fastrtps_c.cpython-310-x86_64-linux-gnu.so
[0.528s] -- Up-to-date symlink: /home/mingq/workspace/robocup_raspbot/install/yahboomcar_msgs/local/lib/python3.10/dist-packages/yahboomcar_msgs/yahboomcar_msgs_s__rosidl_typesupport_introspection_c.cpython-310-x86_64-linux-gnu.so
[0.529s] -- Up-to-date symlink: /home/mingq/workspace/robocup_raspbot/install/yahboomcar_msgs/local/lib/python3.10/dist-packages/yahboomcar_msgs/yahboomcar_msgs_s__rosidl_typesupport_fastrtps_c.cpython-310-x86_64-linux-gnu.so
[0.529s] -- Up-to-date symlink: /home/mingq/workspace/robocup_raspbot/install/yahboomcar_msgs/local/lib/python3.10/dist-packages/yahboomcar_msgs/yahboomcar_msgs_s__rosidl_typesupport_introspection_c.cpython-310-x86_64-linux-gnu.so
[0.530s] -- Up-to-date symlink: /home/mingq/workspace/robocup_raspbot/install/yahboomcar_msgs/local/lib/python3.10/dist-packages/yahboomcar_msgs/yahboomcar_msgs_s__rosidl_typesupport_c.cpython-310-x86_64-linux-gnu.so
[0.531s] -- Up-to-date symlink: /home/mingq/workspace/robocup_raspbot/install/yahboomcar_msgs/share/yahboomcar_msgs/msg/ServoControl.idl
[0.531s] -- Up-to-date symlink: /home/mingq/workspace/robocup_raspbot/install/yahboomcar_msgs/share/yahboomcar_msgs/msg/PointArray.idl
[0.531s] -- Up-to-date symlink: /home/mingq/workspace/robocup_raspbot/install/yahboomcar_msgs/share/yahboomcar_msgs/msg/ServoControl.msg
[0.532s] -- Up-to-date symlink: /home/mingq/workspace/robocup_raspbot/install/yahboomcar_msgs/share/yahboomcar_msgs/msg/PointArray.msg
[0.532s] -- Up-to-date symlink: /home/mingq/workspace/robocup_raspbot/install/yahboomcar_msgs/share/ament_index/resource_index/package_run_dependencies/yahboomcar_msgs
[0.532s] -- Up-to-date symlink: /home/mingq/workspace/robocup_raspbot/install/yahboomcar_msgs/share/ament_index/resource_index/parent_prefix_path/yahboomcar_msgs
[0.532s] -- Up-to-date symlink: /home/mingq/workspace/robocup_raspbot/install/yahboomcar_msgs/share/yahboomcar_msgs/environment/ament_prefix_path.sh
[0.533s] -- Up-to-date symlink: /home/mingq/workspace/robocup_raspbot/install/yahboomcar_msgs/share/yahboomcar_msgs/environment/ament_prefix_path.dsv
[0.533s] -- Up-to-date symlink: /home/mingq/workspace/robocup_raspbot/install/yahboomcar_msgs/share/yahboomcar_msgs/environment/path.sh
[0.533s] -- Up-to-date symlink: /home/mingq/workspace/robocup_raspbot/install/yahboomcar_msgs/share/yahboomcar_msgs/environment/path.dsv
[0.533s] -- Up-to-date symlink: /home/mingq/workspace/robocup_raspbot/install/yahboomcar_msgs/share/yahboomcar_msgs/local_setup.bash
[0.533s] -- Up-to-date symlink: /home/mingq/workspace/robocup_raspbot/install/yahboomcar_msgs/share/yahboomcar_msgs/local_setup.sh
[0.533s] -- Up-to-date symlink: /home/mingq/workspace/robocup_raspbot/install/yahboomcar_msgs/share/yahboomcar_msgs/local_setup.zsh
[0.533s] -- Up-to-date symlink: /home/mingq/workspace/robocup_raspbot/install/yahboomcar_msgs/share/yahboomcar_msgs/local_setup.dsv
[0.534s] -- Symlinking: /home/mingq/workspace/robocup_raspbot/install/yahboomcar_msgs/share/yahboomcar_msgs/package.dsv
[0.536s] -- Up-to-date symlink: /home/mingq/workspace/robocup_raspbot/install/yahboomcar_msgs/share/ament_index/resource_index/packages/yahboomcar_msgs
[0.536s] -- Up-to-date symlink: /home/mingq/workspace/robocup_raspbot/install/yahboomcar_msgs/share/yahboomcar_msgs/cmake/rosidl_cmake-extras.cmake
[0.536s] -- Up-to-date symlink: /home/mingq/workspace/robocup_raspbot/install/yahboomcar_msgs/share/yahboomcar_msgs/cmake/ament_cmake_export_dependencies-extras.cmake
[0.536s] -- Up-to-date symlink: /home/mingq/workspace/robocup_raspbot/install/yahboomcar_msgs/share/yahboomcar_msgs/cmake/ament_cmake_export_include_directories-extras.cmake
[0.536s] -- Up-to-date symlink: /home/mingq/workspace/robocup_raspbot/install/yahboomcar_msgs/share/yahboomcar_msgs/cmake/ament_cmake_export_libraries-extras.cmake
[0.536s] -- Up-to-date symlink: /home/mingq/workspace/robocup_raspbot/install/yahboomcar_msgs/share/yahboomcar_msgs/cmake/ament_cmake_export_targets-extras.cmake
[0.536s] -- Up-to-date symlink: /home/mingq/workspace/robocup_raspbot/install/yahboomcar_msgs/share/yahboomcar_msgs/cmake/rosidl_cmake_export_typesupport_targets-extras.cmake
[0.536s] -- Up-to-date symlink: /home/mingq/workspace/robocup_raspbot/install/yahboomcar_msgs/share/yahboomcar_msgs/cmake/rosidl_cmake_export_typesupport_libraries-extras.cmake
[0.536s] -- Up-to-date symlink: /home/mingq/workspace/robocup_raspbot/install/yahboomcar_msgs/share/yahboomcar_msgs/cmake/yahboomcar_msgsConfig.cmake
[0.536s] -- Up-to-date symlink: /home/mingq/workspace/robocup_raspbot/install/yahboomcar_msgs/share/yahboomcar_msgs/cmake/yahboomcar_msgsConfig-version.cmake
[0.536s] -- Up-to-date symlink: /home/mingq/workspace/robocup_raspbot/install/yahboomcar_msgs/share/yahboomcar_msgs/package.xml
[0.536s] -- Up-to-date: /home/mingq/workspace/robocup_raspbot/install/yahboomcar_msgs/lib/libyahboomcar_msgs__rosidl_generator_c.so
[0.536s] -- Up-to-date: /home/mingq/workspace/robocup_raspbot/install/yahboomcar_msgs/lib/libyahboomcar_msgs__rosidl_typesupport_fastrtps_c.so
[0.537s] -- Up-to-date: /home/mingq/workspace/robocup_raspbot/install/yahboomcar_msgs/lib/libyahboomcar_msgs__rosidl_typesupport_introspection_c.so
[0.537s] -- Up-to-date: /home/mingq/workspace/robocup_raspbot/install/yahboomcar_msgs/lib/libyahboomcar_msgs__rosidl_typesupport_c.so
[0.538s] -- Up-to-date: /home/mingq/workspace/robocup_raspbot/install/yahboomcar_msgs/lib/libyahboomcar_msgs__rosidl_typesupport_fastrtps_cpp.so
[0.539s] -- Up-to-date: /home/mingq/workspace/robocup_raspbot/install/yahboomcar_msgs/lib/libyahboomcar_msgs__rosidl_typesupport_introspection_cpp.so
[0.539s] -- Up-to-date: /home/mingq/workspace/robocup_raspbot/install/yahboomcar_msgs/lib/libyahboomcar_msgs__rosidl_typesupport_cpp.so
[0.568s] Listing '/home/mingq/workspace/robocup_raspbot/install/yahboomcar_msgs/local/lib/python3.10/dist-packages/yahboomcar_msgs'...
[0.568s] Listing '/home/mingq/workspace/robocup_raspbot/install/yahboomcar_msgs/local/lib/python3.10/dist-packages/yahboomcar_msgs/msg'...
[0.573s] -- Up-to-date: /home/mingq/workspace/robocup_raspbot/install/yahboomcar_msgs/lib/libyahboomcar_msgs__rosidl_generator_py.so
[0.574s] -- Up-to-date: /home/mingq/workspace/robocup_raspbot/install/yahboomcar_msgs/share/yahboomcar_msgs/cmake/export_yahboomcar_msgs__rosidl_generator_cExport.cmake
[0.574s] -- Up-to-date: /home/mingq/workspace/robocup_raspbot/install/yahboomcar_msgs/share/yahboomcar_msgs/cmake/export_yahboomcar_msgs__rosidl_generator_cExport-noconfig.cmake
[0.575s] -- Up-to-date: /home/mingq/workspace/robocup_raspbot/install/yahboomcar_msgs/share/yahboomcar_msgs/cmake/export_yahboomcar_msgs__rosidl_typesupport_fastrtps_cExport.cmake
[0.575s] -- Up-to-date: /home/mingq/workspace/robocup_raspbot/install/yahboomcar_msgs/share/yahboomcar_msgs/cmake/export_yahboomcar_msgs__rosidl_typesupport_fastrtps_cExport-noconfig.cmake
[0.575s] -- Up-to-date: /home/mingq/workspace/robocup_raspbot/install/yahboomcar_msgs/share/yahboomcar_msgs/cmake/yahboomcar_msgs__rosidl_typesupport_introspection_cExport.cmake
[0.576s] -- Up-to-date: /home/mingq/workspace/robocup_raspbot/install/yahboomcar_msgs/share/yahboomcar_msgs/cmake/yahboomcar_msgs__rosidl_typesupport_introspection_cExport-noconfig.cmake
[0.576s] -- Up-to-date: /home/mingq/workspace/robocup_raspbot/install/yahboomcar_msgs/share/yahboomcar_msgs/cmake/yahboomcar_msgs__rosidl_typesupport_cExport.cmake
[0.576s] -- Up-to-date: /home/mingq/workspace/robocup_raspbot/install/yahboomcar_msgs/share/yahboomcar_msgs/cmake/yahboomcar_msgs__rosidl_typesupport_cExport-noconfig.cmake
[0.576s] -- Up-to-date: /home/mingq/workspace/robocup_raspbot/install/yahboomcar_msgs/share/yahboomcar_msgs/cmake/export_yahboomcar_msgs__rosidl_generator_cppExport.cmake
[0.577s] -- Up-to-date: /home/mingq/workspace/robocup_raspbot/install/yahboomcar_msgs/share/yahboomcar_msgs/cmake/export_yahboomcar_msgs__rosidl_typesupport_fastrtps_cppExport.cmake
[0.577s] -- Up-to-date: /home/mingq/workspace/robocup_raspbot/install/yahboomcar_msgs/share/yahboomcar_msgs/cmake/export_yahboomcar_msgs__rosidl_typesupport_fastrtps_cppExport-noconfig.cmake
[0.578s] -- Up-to-date: /home/mingq/workspace/robocup_raspbot/install/yahboomcar_msgs/share/yahboomcar_msgs/cmake/yahboomcar_msgs__rosidl_typesupport_introspection_cppExport.cmake
[0.578s] -- Up-to-date: /home/mingq/workspace/robocup_raspbot/install/yahboomcar_msgs/share/yahboomcar_msgs/cmake/yahboomcar_msgs__rosidl_typesupport_introspection_cppExport-noconfig.cmake
[0.578s] -- Up-to-date: /home/mingq/workspace/robocup_raspbot/install/yahboomcar_msgs/share/yahboomcar_msgs/cmake/yahboomcar_msgs__rosidl_typesupport_cppExport.cmake
[0.578s] -- Up-to-date: /home/mingq/workspace/robocup_raspbot/install/yahboomcar_msgs/share/yahboomcar_msgs/cmake/yahboomcar_msgs__rosidl_typesupport_cppExport-noconfig.cmake
[0.579s] -- Up-to-date: /home/mingq/workspace/robocup_raspbot/install/yahboomcar_msgs/share/yahboomcar_msgs/cmake/export_yahboomcar_msgs__rosidl_generator_pyExport.cmake
[0.579s] -- Up-to-date: /home/mingq/workspace/robocup_raspbot/install/yahboomcar_msgs/share/yahboomcar_msgs/cmake/export_yahboomcar_msgs__rosidl_generator_pyExport-noconfig.cmake
[0.582s] Invoked command in '/home/mingq/workspace/robocup_raspbot/build/yahboomcar_msgs' returned '0': CMAKE_PREFIX_PATH=/opt/ros/humble /usr/bin/cmake --install /home/mingq/workspace/robocup_raspbot/build/yahboomcar_msgs
