[0.246s] DEBUG:colcon:Command line arguments: ['/usr/bin/colcon', 'build', '--symlink-install']
[0.246s] DEBUG:colcon:Parsed command line arguments: Namespace(log_base=None, log_level=None, verb_name='build', build_base='build', install_base='install', merge_install=False, symlink_install=True, test_result_base=None, continue_on_error=False, executor='parallel', parallel_workers=16, event_handlers=None, ignore_user_meta=False, metas=['./colcon.meta'], base_paths=['.'], packages_ignore=None, packages_ignore_regex=None, paths=None, packages_up_to=None, packages_up_to_regex=None, packages_above=None, packages_above_and_dependencies=None, packages_above_depth=None, packages_select_by_dep=None, packages_skip_by_dep=None, packages_skip_up_to=None, packages_select_build_failed=False, packages_skip_build_finished=False, packages_select_test_failures=False, packages_skip_test_passed=False, packages_select=None, packages_skip=None, packages_select_regex=None, packages_skip_regex=None, packages_start=None, packages_end=None, allow_overriding=[], cmake_args=None, cmake_target=None, cmake_target_skip_unavailable=False, cmake_clean_cache=False, cmake_clean_first=False, cmake_force_configure=False, ament_cmake_args=None, catkin_cmake_args=None, catkin_skip_building_tests=False, mixin_files=None, mixin=None, verb_parser=<colcon_mixin.mixin.mixin_argument.MixinArgumentDecorator object at 0x756a60423610>, verb_extension=<colcon_core.verb.build.BuildVerb object at 0x756a60423160>, main=<bound method BuildVerb.main of <colcon_core.verb.build.BuildVerb object at 0x756a60423160>>, mixin_verb=('build',))
[0.589s] Level 1:colcon.colcon_core.package_discovery:discover_packages(colcon_meta) check parameters
[0.589s] Level 1:colcon.colcon_core.package_discovery:discover_packages(recursive) check parameters
[0.589s] Level 1:colcon.colcon_core.package_discovery:discover_packages(ignore) check parameters
[0.589s] Level 1:colcon.colcon_core.package_discovery:discover_packages(path) check parameters
[0.589s] Level 1:colcon.colcon_core.package_discovery:discover_packages(colcon_meta) discover
[0.589s] Level 1:colcon.colcon_core.package_discovery:discover_packages(recursive) discover
[0.589s] INFO:colcon.colcon_core.package_discovery:Crawling recursively for packages in '/home/mingq/workspace/robocup_raspbot'
[0.589s] Level 1:colcon.colcon_core.package_identification:_identify(.) by extensions ['ignore', 'ignore_ament_install']
[0.589s] Level 1:colcon.colcon_core.package_identification:_identify(.) by extension 'ignore'
[0.589s] Level 1:colcon.colcon_core.package_identification:_identify(.) by extension 'ignore_ament_install'
[0.589s] Level 1:colcon.colcon_core.package_identification:_identify(.) by extensions ['colcon_pkg']
[0.589s] Level 1:colcon.colcon_core.package_identification:_identify(.) by extension 'colcon_pkg'
[0.589s] Level 1:colcon.colcon_core.package_identification:_identify(.) by extensions ['colcon_meta']
[0.589s] Level 1:colcon.colcon_core.package_identification:_identify(.) by extension 'colcon_meta'
[0.589s] Level 1:colcon.colcon_core.package_identification:_identify(.) by extensions ['ros']
[0.589s] Level 1:colcon.colcon_core.package_identification:_identify(.) by extension 'ros'
[0.602s] Level 1:colcon.colcon_core.package_identification:_identify(.) by extensions ['cmake', 'python']
[0.602s] Level 1:colcon.colcon_core.package_identification:_identify(.) by extension 'cmake'
[0.602s] Level 1:colcon.colcon_core.package_identification:_identify(.) by extension 'python'
[0.602s] Level 1:colcon.colcon_core.package_identification:_identify(.) by extensions ['python_setup_py']
[0.602s] Level 1:colcon.colcon_core.package_identification:_identify(.) by extension 'python_setup_py'
[0.603s] Level 1:colcon.colcon_core.package_identification:_identify(build) by extensions ['ignore', 'ignore_ament_install']
[0.603s] Level 1:colcon.colcon_core.package_identification:_identify(build) by extension 'ignore'
[0.603s] Level 1:colcon.colcon_core.package_identification:_identify(build) ignored
[0.603s] Level 1:colcon.colcon_core.package_identification:_identify(install) by extensions ['ignore', 'ignore_ament_install']
[0.603s] Level 1:colcon.colcon_core.package_identification:_identify(install) by extension 'ignore'
[0.603s] Level 1:colcon.colcon_core.package_identification:_identify(install) ignored
[0.603s] Level 1:colcon.colcon_core.package_identification:_identify(log) by extensions ['ignore', 'ignore_ament_install']
[0.603s] Level 1:colcon.colcon_core.package_identification:_identify(log) by extension 'ignore'
[0.603s] Level 1:colcon.colcon_core.package_identification:_identify(log) ignored
[0.603s] Level 1:colcon.colcon_core.package_identification:_identify(src) by extensions ['ignore', 'ignore_ament_install']
[0.603s] Level 1:colcon.colcon_core.package_identification:_identify(src) by extension 'ignore'
[0.603s] Level 1:colcon.colcon_core.package_identification:_identify(src) by extension 'ignore_ament_install'
[0.603s] Level 1:colcon.colcon_core.package_identification:_identify(src) by extensions ['colcon_pkg']
[0.603s] Level 1:colcon.colcon_core.package_identification:_identify(src) by extension 'colcon_pkg'
[0.603s] Level 1:colcon.colcon_core.package_identification:_identify(src) by extensions ['colcon_meta']
[0.603s] Level 1:colcon.colcon_core.package_identification:_identify(src) by extension 'colcon_meta'
[0.603s] Level 1:colcon.colcon_core.package_identification:_identify(src) by extensions ['ros']
[0.603s] Level 1:colcon.colcon_core.package_identification:_identify(src) by extension 'ros'
[0.603s] Level 1:colcon.colcon_core.package_identification:_identify(src) by extensions ['cmake', 'python']
[0.603s] Level 1:colcon.colcon_core.package_identification:_identify(src) by extension 'cmake'
[0.603s] Level 1:colcon.colcon_core.package_identification:_identify(src) by extension 'python'
[0.603s] Level 1:colcon.colcon_core.package_identification:_identify(src) by extensions ['python_setup_py']
[0.603s] Level 1:colcon.colcon_core.package_identification:_identify(src) by extension 'python_setup_py'
[0.603s] Level 1:colcon.colcon_core.package_identification:_identify(src/robocup_bringup) by extensions ['ignore', 'ignore_ament_install']
[0.603s] Level 1:colcon.colcon_core.package_identification:_identify(src/robocup_bringup) by extension 'ignore'
[0.603s] Level 1:colcon.colcon_core.package_identification:_identify(src/robocup_bringup) by extension 'ignore_ament_install'
[0.603s] Level 1:colcon.colcon_core.package_identification:_identify(src/robocup_bringup) by extensions ['colcon_pkg']
[0.603s] Level 1:colcon.colcon_core.package_identification:_identify(src/robocup_bringup) by extension 'colcon_pkg'
[0.603s] Level 1:colcon.colcon_core.package_identification:_identify(src/robocup_bringup) by extensions ['colcon_meta']
[0.604s] Level 1:colcon.colcon_core.package_identification:_identify(src/robocup_bringup) by extension 'colcon_meta'
[0.604s] Level 1:colcon.colcon_core.package_identification:_identify(src/robocup_bringup) by extensions ['ros']
[0.604s] Level 1:colcon.colcon_core.package_identification:_identify(src/robocup_bringup) by extension 'ros'
[0.606s] DEBUG:colcon.colcon_core.package_identification:Package 'src/robocup_bringup' with type 'ros.ament_cmake' and name 'robocup_bringup'
[0.607s] Level 1:colcon.colcon_core.package_identification:_identify(src/robocup_interfaces) by extensions ['ignore', 'ignore_ament_install']
[0.607s] Level 1:colcon.colcon_core.package_identification:_identify(src/robocup_interfaces) by extension 'ignore'
[0.607s] Level 1:colcon.colcon_core.package_identification:_identify(src/robocup_interfaces) by extension 'ignore_ament_install'
[0.607s] Level 1:colcon.colcon_core.package_identification:_identify(src/robocup_interfaces) by extensions ['colcon_pkg']
[0.607s] Level 1:colcon.colcon_core.package_identification:_identify(src/robocup_interfaces) by extension 'colcon_pkg'
[0.607s] Level 1:colcon.colcon_core.package_identification:_identify(src/robocup_interfaces) by extensions ['colcon_meta']
[0.607s] Level 1:colcon.colcon_core.package_identification:_identify(src/robocup_interfaces) by extension 'colcon_meta'
[0.607s] Level 1:colcon.colcon_core.package_identification:_identify(src/robocup_interfaces) by extensions ['ros']
[0.607s] Level 1:colcon.colcon_core.package_identification:_identify(src/robocup_interfaces) by extension 'ros'
[0.607s] Level 1:colcon.colcon_core.package_identification:_identify(src/robocup_interfaces) by extensions ['cmake', 'python']
[0.607s] Level 1:colcon.colcon_core.package_identification:_identify(src/robocup_interfaces) by extension 'cmake'
[0.607s] Level 1:colcon.colcon_core.package_identification:_identify(src/robocup_interfaces) by extension 'python'
[0.607s] Level 1:colcon.colcon_core.package_identification:_identify(src/robocup_interfaces) by extensions ['python_setup_py']
[0.607s] Level 1:colcon.colcon_core.package_identification:_identify(src/robocup_interfaces) by extension 'python_setup_py'
[0.607s] Level 1:colcon.colcon_core.package_identification:_identify(src/robocup_interfaces/robocup_msgs) by extensions ['ignore', 'ignore_ament_install']
[0.607s] Level 1:colcon.colcon_core.package_identification:_identify(src/robocup_interfaces/robocup_msgs) by extension 'ignore'
[0.607s] Level 1:colcon.colcon_core.package_identification:_identify(src/robocup_interfaces/robocup_msgs) by extension 'ignore_ament_install'
[0.607s] Level 1:colcon.colcon_core.package_identification:_identify(src/robocup_interfaces/robocup_msgs) by extensions ['colcon_pkg']
[0.607s] Level 1:colcon.colcon_core.package_identification:_identify(src/robocup_interfaces/robocup_msgs) by extension 'colcon_pkg'
[0.607s] Level 1:colcon.colcon_core.package_identification:_identify(src/robocup_interfaces/robocup_msgs) by extensions ['colcon_meta']
[0.607s] Level 1:colcon.colcon_core.package_identification:_identify(src/robocup_interfaces/robocup_msgs) by extension 'colcon_meta'
[0.607s] Level 1:colcon.colcon_core.package_identification:_identify(src/robocup_interfaces/robocup_msgs) by extensions ['ros']
[0.607s] Level 1:colcon.colcon_core.package_identification:_identify(src/robocup_interfaces/robocup_msgs) by extension 'ros'
[0.609s] DEBUG:colcon.colcon_core.package_identification:Package 'src/robocup_interfaces/robocup_msgs' with type 'ros.ament_cmake' and name 'robocup_msgs'
[0.609s] Level 1:colcon.colcon_core.package_identification:_identify(src/robocup_interfaces/robocup_srvs) by extensions ['ignore', 'ignore_ament_install']
[0.609s] Level 1:colcon.colcon_core.package_identification:_identify(src/robocup_interfaces/robocup_srvs) by extension 'ignore'
[0.609s] Level 1:colcon.colcon_core.package_identification:_identify(src/robocup_interfaces/robocup_srvs) by extension 'ignore_ament_install'
[0.609s] Level 1:colcon.colcon_core.package_identification:_identify(src/robocup_interfaces/robocup_srvs) by extensions ['colcon_pkg']
[0.609s] Level 1:colcon.colcon_core.package_identification:_identify(src/robocup_interfaces/robocup_srvs) by extension 'colcon_pkg'
[0.609s] Level 1:colcon.colcon_core.package_identification:_identify(src/robocup_interfaces/robocup_srvs) by extensions ['colcon_meta']
[0.609s] Level 1:colcon.colcon_core.package_identification:_identify(src/robocup_interfaces/robocup_srvs) by extension 'colcon_meta'
[0.609s] Level 1:colcon.colcon_core.package_identification:_identify(src/robocup_interfaces/robocup_srvs) by extensions ['ros']
[0.609s] Level 1:colcon.colcon_core.package_identification:_identify(src/robocup_interfaces/robocup_srvs) by extension 'ros'
[0.610s] DEBUG:colcon.colcon_core.package_identification:Package 'src/robocup_interfaces/robocup_srvs' with type 'ros.ament_cmake' and name 'robocup_srvs'
[0.610s] Level 1:colcon.colcon_core.package_identification:_identify(src/robocup_ros) by extensions ['ignore', 'ignore_ament_install']
[0.610s] Level 1:colcon.colcon_core.package_identification:_identify(src/robocup_ros) by extension 'ignore'
[0.610s] Level 1:colcon.colcon_core.package_identification:_identify(src/robocup_ros) by extension 'ignore_ament_install'
[0.610s] Level 1:colcon.colcon_core.package_identification:_identify(src/robocup_ros) by extensions ['colcon_pkg']
[0.610s] Level 1:colcon.colcon_core.package_identification:_identify(src/robocup_ros) by extension 'colcon_pkg'
[0.610s] Level 1:colcon.colcon_core.package_identification:_identify(src/robocup_ros) by extensions ['colcon_meta']
[0.610s] Level 1:colcon.colcon_core.package_identification:_identify(src/robocup_ros) by extension 'colcon_meta'
[0.610s] Level 1:colcon.colcon_core.package_identification:_identify(src/robocup_ros) by extensions ['ros']
[0.610s] Level 1:colcon.colcon_core.package_identification:_identify(src/robocup_ros) by extension 'ros'
[0.610s] Level 1:colcon.colcon_core.package_identification:_identify(src/robocup_ros) by extensions ['cmake', 'python']
[0.610s] Level 1:colcon.colcon_core.package_identification:_identify(src/robocup_ros) by extension 'cmake'
[0.610s] Level 1:colcon.colcon_core.package_identification:_identify(src/robocup_ros) by extension 'python'
[0.610s] Level 1:colcon.colcon_core.package_identification:_identify(src/robocup_ros) by extensions ['python_setup_py']
[0.610s] Level 1:colcon.colcon_core.package_identification:_identify(src/robocup_ros) by extension 'python_setup_py'
[0.610s] Level 1:colcon.colcon_core.package_identification:_identify(src/robocup_ros/include) by extensions ['ignore', 'ignore_ament_install']
[0.610s] Level 1:colcon.colcon_core.package_identification:_identify(src/robocup_ros/include) by extension 'ignore'
[0.610s] Level 1:colcon.colcon_core.package_identification:_identify(src/robocup_ros/include) by extension 'ignore_ament_install'
[0.610s] Level 1:colcon.colcon_core.package_identification:_identify(src/robocup_ros/include) by extensions ['colcon_pkg']
[0.610s] Level 1:colcon.colcon_core.package_identification:_identify(src/robocup_ros/include) by extension 'colcon_pkg'
[0.610s] Level 1:colcon.colcon_core.package_identification:_identify(src/robocup_ros/include) by extensions ['colcon_meta']
[0.610s] Level 1:colcon.colcon_core.package_identification:_identify(src/robocup_ros/include) by extension 'colcon_meta'
[0.610s] Level 1:colcon.colcon_core.package_identification:_identify(src/robocup_ros/include) by extensions ['ros']
[0.610s] Level 1:colcon.colcon_core.package_identification:_identify(src/robocup_ros/include) by extension 'ros'
[0.610s] Level 1:colcon.colcon_core.package_identification:_identify(src/robocup_ros/include) by extensions ['cmake', 'python']
[0.610s] Level 1:colcon.colcon_core.package_identification:_identify(src/robocup_ros/include) by extension 'cmake'
[0.611s] Level 1:colcon.colcon_core.package_identification:_identify(src/robocup_ros/include) by extension 'python'
[0.611s] Level 1:colcon.colcon_core.package_identification:_identify(src/robocup_ros/include) by extensions ['python_setup_py']
[0.611s] Level 1:colcon.colcon_core.package_identification:_identify(src/robocup_ros/include) by extension 'python_setup_py'
[0.611s] Level 1:colcon.colcon_core.package_identification:_identify(src/robocup_ros/include/robocup_ros) by extensions ['ignore', 'ignore_ament_install']
[0.611s] Level 1:colcon.colcon_core.package_identification:_identify(src/robocup_ros/include/robocup_ros) by extension 'ignore'
[0.611s] Level 1:colcon.colcon_core.package_identification:_identify(src/robocup_ros/include/robocup_ros) by extension 'ignore_ament_install'
[0.611s] Level 1:colcon.colcon_core.package_identification:_identify(src/robocup_ros/include/robocup_ros) by extensions ['colcon_pkg']
[0.611s] Level 1:colcon.colcon_core.package_identification:_identify(src/robocup_ros/include/robocup_ros) by extension 'colcon_pkg'
[0.611s] Level 1:colcon.colcon_core.package_identification:_identify(src/robocup_ros/include/robocup_ros) by extensions ['colcon_meta']
[0.611s] Level 1:colcon.colcon_core.package_identification:_identify(src/robocup_ros/include/robocup_ros) by extension 'colcon_meta'
[0.611s] Level 1:colcon.colcon_core.package_identification:_identify(src/robocup_ros/include/robocup_ros) by extensions ['ros']
[0.611s] Level 1:colcon.colcon_core.package_identification:_identify(src/robocup_ros/include/robocup_ros) by extension 'ros'
[0.611s] Level 1:colcon.colcon_core.package_identification:_identify(src/robocup_ros/include/robocup_ros) by extensions ['cmake', 'python']
[0.611s] Level 1:colcon.colcon_core.package_identification:_identify(src/robocup_ros/include/robocup_ros) by extension 'cmake'
[0.611s] Level 1:colcon.colcon_core.package_identification:_identify(src/robocup_ros/include/robocup_ros) by extension 'python'
[0.611s] Level 1:colcon.colcon_core.package_identification:_identify(src/robocup_ros/include/robocup_ros) by extensions ['python_setup_py']
[0.611s] Level 1:colcon.colcon_core.package_identification:_identify(src/robocup_ros/include/robocup_ros) by extension 'python_setup_py'
[0.611s] Level 1:colcon.colcon_core.package_identification:_identify(src/robocup_ros/launch) by extensions ['ignore', 'ignore_ament_install']
[0.611s] Level 1:colcon.colcon_core.package_identification:_identify(src/robocup_ros/launch) by extension 'ignore'
[0.611s] Level 1:colcon.colcon_core.package_identification:_identify(src/robocup_ros/launch) by extension 'ignore_ament_install'
[0.611s] Level 1:colcon.colcon_core.package_identification:_identify(src/robocup_ros/launch) by extensions ['colcon_pkg']
[0.611s] Level 1:colcon.colcon_core.package_identification:_identify(src/robocup_ros/launch) by extension 'colcon_pkg'
[0.611s] Level 1:colcon.colcon_core.package_identification:_identify(src/robocup_ros/launch) by extensions ['colcon_meta']
[0.611s] Level 1:colcon.colcon_core.package_identification:_identify(src/robocup_ros/launch) by extension 'colcon_meta'
[0.611s] Level 1:colcon.colcon_core.package_identification:_identify(src/robocup_ros/launch) by extensions ['ros']
[0.611s] Level 1:colcon.colcon_core.package_identification:_identify(src/robocup_ros/launch) by extension 'ros'
[0.611s] Level 1:colcon.colcon_core.package_identification:_identify(src/robocup_ros/launch) by extensions ['cmake', 'python']
[0.611s] Level 1:colcon.colcon_core.package_identification:_identify(src/robocup_ros/launch) by extension 'cmake'
[0.611s] Level 1:colcon.colcon_core.package_identification:_identify(src/robocup_ros/launch) by extension 'python'
[0.611s] Level 1:colcon.colcon_core.package_identification:_identify(src/robocup_ros/launch) by extensions ['python_setup_py']
[0.611s] Level 1:colcon.colcon_core.package_identification:_identify(src/robocup_ros/launch) by extension 'python_setup_py'
[0.611s] Level 1:colcon.colcon_core.package_identification:_identify(src/robocup_ros/node) by extensions ['ignore', 'ignore_ament_install']
[0.611s] Level 1:colcon.colcon_core.package_identification:_identify(src/robocup_ros/node) by extension 'ignore'
[0.611s] Level 1:colcon.colcon_core.package_identification:_identify(src/robocup_ros/node) by extension 'ignore_ament_install'
[0.611s] Level 1:colcon.colcon_core.package_identification:_identify(src/robocup_ros/node) by extensions ['colcon_pkg']
[0.612s] Level 1:colcon.colcon_core.package_identification:_identify(src/robocup_ros/node) by extension 'colcon_pkg'
[0.612s] Level 1:colcon.colcon_core.package_identification:_identify(src/robocup_ros/node) by extensions ['colcon_meta']
[0.612s] Level 1:colcon.colcon_core.package_identification:_identify(src/robocup_ros/node) by extension 'colcon_meta'
[0.612s] Level 1:colcon.colcon_core.package_identification:_identify(src/robocup_ros/node) by extensions ['ros']
[0.612s] Level 1:colcon.colcon_core.package_identification:_identify(src/robocup_ros/node) by extension 'ros'
[0.612s] Level 1:colcon.colcon_core.package_identification:_identify(src/robocup_ros/node) by extensions ['cmake', 'python']
[0.612s] Level 1:colcon.colcon_core.package_identification:_identify(src/robocup_ros/node) by extension 'cmake'
[0.612s] Level 1:colcon.colcon_core.package_identification:_identify(src/robocup_ros/node) by extension 'python'
[0.612s] Level 1:colcon.colcon_core.package_identification:_identify(src/robocup_ros/node) by extensions ['python_setup_py']
[0.612s] Level 1:colcon.colcon_core.package_identification:_identify(src/robocup_ros/node) by extension 'python_setup_py'
[0.612s] Level 1:colcon.colcon_core.package_identification:_identify(src/robocup_ros/src) by extensions ['ignore', 'ignore_ament_install']
[0.612s] Level 1:colcon.colcon_core.package_identification:_identify(src/robocup_ros/src) by extension 'ignore'
[0.612s] Level 1:colcon.colcon_core.package_identification:_identify(src/robocup_ros/src) by extension 'ignore_ament_install'
[0.612s] Level 1:colcon.colcon_core.package_identification:_identify(src/robocup_ros/src) by extensions ['colcon_pkg']
[0.612s] Level 1:colcon.colcon_core.package_identification:_identify(src/robocup_ros/src) by extension 'colcon_pkg'
[0.612s] Level 1:colcon.colcon_core.package_identification:_identify(src/robocup_ros/src) by extensions ['colcon_meta']
[0.612s] Level 1:colcon.colcon_core.package_identification:_identify(src/robocup_ros/src) by extension 'colcon_meta'
[0.612s] Level 1:colcon.colcon_core.package_identification:_identify(src/robocup_ros/src) by extensions ['ros']
[0.612s] Level 1:colcon.colcon_core.package_identification:_identify(src/robocup_ros/src) by extension 'ros'
[0.612s] Level 1:colcon.colcon_core.package_identification:_identify(src/robocup_ros/src) by extensions ['cmake', 'python']
[0.612s] Level 1:colcon.colcon_core.package_identification:_identify(src/robocup_ros/src) by extension 'cmake'
[0.612s] Level 1:colcon.colcon_core.package_identification:_identify(src/robocup_ros/src) by extension 'python'
[0.612s] Level 1:colcon.colcon_core.package_identification:_identify(src/robocup_ros/src) by extensions ['python_setup_py']
[0.612s] Level 1:colcon.colcon_core.package_identification:_identify(src/robocup_ros/src) by extension 'python_setup_py'
[0.612s] Level 1:colcon.colcon_core.package_identification:_identify(src/robocup_yolo_v11) by extensions ['ignore', 'ignore_ament_install']
[0.612s] Level 1:colcon.colcon_core.package_identification:_identify(src/robocup_yolo_v11) by extension 'ignore'
[0.612s] Level 1:colcon.colcon_core.package_identification:_identify(src/robocup_yolo_v11) by extension 'ignore_ament_install'
[0.612s] Level 1:colcon.colcon_core.package_identification:_identify(src/robocup_yolo_v11) by extensions ['colcon_pkg']
[0.612s] Level 1:colcon.colcon_core.package_identification:_identify(src/robocup_yolo_v11) by extension 'colcon_pkg'
[0.612s] Level 1:colcon.colcon_core.package_identification:_identify(src/robocup_yolo_v11) by extensions ['colcon_meta']
[0.612s] Level 1:colcon.colcon_core.package_identification:_identify(src/robocup_yolo_v11) by extension 'colcon_meta'
[0.612s] Level 1:colcon.colcon_core.package_identification:_identify(src/robocup_yolo_v11) by extensions ['ros']
[0.612s] Level 1:colcon.colcon_core.package_identification:_identify(src/robocup_yolo_v11) by extension 'ros'
[0.613s] DEBUG:colcon.colcon_core.package_identification:Package 'src/robocup_yolo_v11' with type 'ros.ament_python' and name 'robocup_yolo_v11'
[0.613s] Level 1:colcon.colcon_core.package_identification:_identify(src/yahboomcar_msgs) by extensions ['ignore', 'ignore_ament_install']
[0.613s] Level 1:colcon.colcon_core.package_identification:_identify(src/yahboomcar_msgs) by extension 'ignore'
[0.613s] Level 1:colcon.colcon_core.package_identification:_identify(src/yahboomcar_msgs) by extension 'ignore_ament_install'
[0.613s] Level 1:colcon.colcon_core.package_identification:_identify(src/yahboomcar_msgs) by extensions ['colcon_pkg']
[0.613s] Level 1:colcon.colcon_core.package_identification:_identify(src/yahboomcar_msgs) by extension 'colcon_pkg'
[0.613s] Level 1:colcon.colcon_core.package_identification:_identify(src/yahboomcar_msgs) by extensions ['colcon_meta']
[0.613s] Level 1:colcon.colcon_core.package_identification:_identify(src/yahboomcar_msgs) by extension 'colcon_meta'
[0.614s] Level 1:colcon.colcon_core.package_identification:_identify(src/yahboomcar_msgs) by extensions ['ros']
[0.614s] Level 1:colcon.colcon_core.package_identification:_identify(src/yahboomcar_msgs) by extension 'ros'
[0.614s] DEBUG:colcon.colcon_core.package_identification:Package 'src/yahboomcar_msgs' with type 'ros.ament_cmake' and name 'yahboomcar_msgs'
[0.614s] Level 1:colcon.colcon_core.package_discovery:discover_packages(recursive) using defaults
[0.614s] Level 1:colcon.colcon_core.package_discovery:discover_packages(ignore) discover
[0.614s] Level 1:colcon.colcon_core.package_discovery:discover_packages(ignore) using defaults
[0.614s] Level 1:colcon.colcon_core.package_discovery:discover_packages(path) discover
[0.614s] Level 1:colcon.colcon_core.package_discovery:discover_packages(path) using defaults
[0.651s] Level 1:colcon.colcon_core.package_discovery:discover_packages(prefix_path) check parameters
[0.651s] Level 1:colcon.colcon_core.package_discovery:discover_packages(prefix_path) discover
[0.657s] DEBUG:colcon.colcon_installed_package_information.package_discovery:Found 301 installed packages in /opt/ros/humble
[0.658s] Level 1:colcon.colcon_core.package_discovery:discover_packages(prefix_path) using defaults
[0.746s] Level 5:colcon.colcon_core.verb:set package 'robocup_bringup' build argument 'cmake_args' from command line to 'None'
[0.747s] Level 5:colcon.colcon_core.verb:set package 'robocup_bringup' build argument 'cmake_target' from command line to 'None'
[0.747s] Level 5:colcon.colcon_core.verb:set package 'robocup_bringup' build argument 'cmake_target_skip_unavailable' from command line to 'False'
[0.747s] Level 5:colcon.colcon_core.verb:set package 'robocup_bringup' build argument 'cmake_clean_cache' from command line to 'False'
[0.747s] Level 5:colcon.colcon_core.verb:set package 'robocup_bringup' build argument 'cmake_clean_first' from command line to 'False'
[0.747s] Level 5:colcon.colcon_core.verb:set package 'robocup_bringup' build argument 'cmake_force_configure' from command line to 'False'
[0.747s] Level 5:colcon.colcon_core.verb:set package 'robocup_bringup' build argument 'ament_cmake_args' from command line to 'None'
[0.747s] Level 5:colcon.colcon_core.verb:set package 'robocup_bringup' build argument 'catkin_cmake_args' from command line to 'None'
[0.747s] Level 5:colcon.colcon_core.verb:set package 'robocup_bringup' build argument 'catkin_skip_building_tests' from command line to 'False'
[0.747s] DEBUG:colcon.colcon_core.verb:Building package 'robocup_bringup' with the following arguments: {'ament_cmake_args': None, 'build_base': '/home/mingq/workspace/robocup_raspbot/build/robocup_bringup', 'catkin_cmake_args': None, 'catkin_skip_building_tests': False, 'cmake_args': None, 'cmake_clean_cache': False, 'cmake_clean_first': False, 'cmake_force_configure': False, 'cmake_target': None, 'cmake_target_skip_unavailable': False, 'install_base': '/home/mingq/workspace/robocup_raspbot/install/robocup_bringup', 'merge_install': False, 'path': '/home/mingq/workspace/robocup_raspbot/src/robocup_bringup', 'symlink_install': True, 'test_result_base': None}
[0.747s] Level 5:colcon.colcon_core.verb:set package 'robocup_msgs' build argument 'cmake_args' from command line to 'None'
[0.747s] Level 5:colcon.colcon_core.verb:set package 'robocup_msgs' build argument 'cmake_target' from command line to 'None'
[0.747s] Level 5:colcon.colcon_core.verb:set package 'robocup_msgs' build argument 'cmake_target_skip_unavailable' from command line to 'False'
[0.747s] Level 5:colcon.colcon_core.verb:set package 'robocup_msgs' build argument 'cmake_clean_cache' from command line to 'False'
[0.747s] Level 5:colcon.colcon_core.verb:set package 'robocup_msgs' build argument 'cmake_clean_first' from command line to 'False'
[0.747s] Level 5:colcon.colcon_core.verb:set package 'robocup_msgs' build argument 'cmake_force_configure' from command line to 'False'
[0.747s] Level 5:colcon.colcon_core.verb:set package 'robocup_msgs' build argument 'ament_cmake_args' from command line to 'None'
[0.747s] Level 5:colcon.colcon_core.verb:set package 'robocup_msgs' build argument 'catkin_cmake_args' from command line to 'None'
[0.747s] Level 5:colcon.colcon_core.verb:set package 'robocup_msgs' build argument 'catkin_skip_building_tests' from command line to 'False'
[0.747s] DEBUG:colcon.colcon_core.verb:Building package 'robocup_msgs' with the following arguments: {'ament_cmake_args': None, 'build_base': '/home/mingq/workspace/robocup_raspbot/build/robocup_msgs', 'catkin_cmake_args': None, 'catkin_skip_building_tests': False, 'cmake_args': None, 'cmake_clean_cache': False, 'cmake_clean_first': False, 'cmake_force_configure': False, 'cmake_target': None, 'cmake_target_skip_unavailable': False, 'install_base': '/home/mingq/workspace/robocup_raspbot/install/robocup_msgs', 'merge_install': False, 'path': '/home/mingq/workspace/robocup_raspbot/src/robocup_interfaces/robocup_msgs', 'symlink_install': True, 'test_result_base': None}
[0.747s] Level 5:colcon.colcon_core.verb:set package 'yahboomcar_msgs' build argument 'cmake_args' from command line to 'None'
[0.747s] Level 5:colcon.colcon_core.verb:set package 'yahboomcar_msgs' build argument 'cmake_target' from command line to 'None'
[0.747s] Level 5:colcon.colcon_core.verb:set package 'yahboomcar_msgs' build argument 'cmake_target_skip_unavailable' from command line to 'False'
[0.747s] Level 5:colcon.colcon_core.verb:set package 'yahboomcar_msgs' build argument 'cmake_clean_cache' from command line to 'False'
[0.747s] Level 5:colcon.colcon_core.verb:set package 'yahboomcar_msgs' build argument 'cmake_clean_first' from command line to 'False'
[0.747s] Level 5:colcon.colcon_core.verb:set package 'yahboomcar_msgs' build argument 'cmake_force_configure' from command line to 'False'
[0.747s] Level 5:colcon.colcon_core.verb:set package 'yahboomcar_msgs' build argument 'ament_cmake_args' from command line to 'None'
[0.747s] Level 5:colcon.colcon_core.verb:set package 'yahboomcar_msgs' build argument 'catkin_cmake_args' from command line to 'None'
[0.747s] Level 5:colcon.colcon_core.verb:set package 'yahboomcar_msgs' build argument 'catkin_skip_building_tests' from command line to 'False'
[0.747s] DEBUG:colcon.colcon_core.verb:Building package 'yahboomcar_msgs' with the following arguments: {'ament_cmake_args': None, 'build_base': '/home/mingq/workspace/robocup_raspbot/build/yahboomcar_msgs', 'catkin_cmake_args': None, 'catkin_skip_building_tests': False, 'cmake_args': None, 'cmake_clean_cache': False, 'cmake_clean_first': False, 'cmake_force_configure': False, 'cmake_target': None, 'cmake_target_skip_unavailable': False, 'install_base': '/home/mingq/workspace/robocup_raspbot/install/yahboomcar_msgs', 'merge_install': False, 'path': '/home/mingq/workspace/robocup_raspbot/src/yahboomcar_msgs', 'symlink_install': True, 'test_result_base': None}
[0.747s] Level 5:colcon.colcon_core.verb:set package 'robocup_srvs' build argument 'cmake_args' from command line to 'None'
[0.747s] Level 5:colcon.colcon_core.verb:set package 'robocup_srvs' build argument 'cmake_target' from command line to 'None'
[0.748s] Level 5:colcon.colcon_core.verb:set package 'robocup_srvs' build argument 'cmake_target_skip_unavailable' from command line to 'False'
[0.748s] Level 5:colcon.colcon_core.verb:set package 'robocup_srvs' build argument 'cmake_clean_cache' from command line to 'False'
[0.748s] Level 5:colcon.colcon_core.verb:set package 'robocup_srvs' build argument 'cmake_clean_first' from command line to 'False'
[0.748s] Level 5:colcon.colcon_core.verb:set package 'robocup_srvs' build argument 'cmake_force_configure' from command line to 'False'
[0.748s] Level 5:colcon.colcon_core.verb:set package 'robocup_srvs' build argument 'ament_cmake_args' from command line to 'None'
[0.748s] Level 5:colcon.colcon_core.verb:set package 'robocup_srvs' build argument 'catkin_cmake_args' from command line to 'None'
[0.748s] Level 5:colcon.colcon_core.verb:set package 'robocup_srvs' build argument 'catkin_skip_building_tests' from command line to 'False'
[0.748s] DEBUG:colcon.colcon_core.verb:Building package 'robocup_srvs' with the following arguments: {'ament_cmake_args': None, 'build_base': '/home/mingq/workspace/robocup_raspbot/build/robocup_srvs', 'catkin_cmake_args': None, 'catkin_skip_building_tests': False, 'cmake_args': None, 'cmake_clean_cache': False, 'cmake_clean_first': False, 'cmake_force_configure': False, 'cmake_target': None, 'cmake_target_skip_unavailable': False, 'install_base': '/home/mingq/workspace/robocup_raspbot/install/robocup_srvs', 'merge_install': False, 'path': '/home/mingq/workspace/robocup_raspbot/src/robocup_interfaces/robocup_srvs', 'symlink_install': True, 'test_result_base': None}
[0.748s] Level 5:colcon.colcon_core.verb:set package 'robocup_yolo_v11' build argument 'cmake_args' from command line to 'None'
[0.748s] Level 5:colcon.colcon_core.verb:set package 'robocup_yolo_v11' build argument 'cmake_target' from command line to 'None'
[0.748s] Level 5:colcon.colcon_core.verb:set package 'robocup_yolo_v11' build argument 'cmake_target_skip_unavailable' from command line to 'False'
[0.748s] Level 5:colcon.colcon_core.verb:set package 'robocup_yolo_v11' build argument 'cmake_clean_cache' from command line to 'False'
[0.748s] Level 5:colcon.colcon_core.verb:set package 'robocup_yolo_v11' build argument 'cmake_clean_first' from command line to 'False'
[0.748s] Level 5:colcon.colcon_core.verb:set package 'robocup_yolo_v11' build argument 'cmake_force_configure' from command line to 'False'
[0.748s] Level 5:colcon.colcon_core.verb:set package 'robocup_yolo_v11' build argument 'ament_cmake_args' from command line to 'None'
[0.748s] Level 5:colcon.colcon_core.verb:set package 'robocup_yolo_v11' build argument 'catkin_cmake_args' from command line to 'None'
[0.748s] Level 5:colcon.colcon_core.verb:set package 'robocup_yolo_v11' build argument 'catkin_skip_building_tests' from command line to 'False'
[0.748s] DEBUG:colcon.colcon_core.verb:Building package 'robocup_yolo_v11' with the following arguments: {'ament_cmake_args': None, 'build_base': '/home/mingq/workspace/robocup_raspbot/build/robocup_yolo_v11', 'catkin_cmake_args': None, 'catkin_skip_building_tests': False, 'cmake_args': None, 'cmake_clean_cache': False, 'cmake_clean_first': False, 'cmake_force_configure': False, 'cmake_target': None, 'cmake_target_skip_unavailable': False, 'install_base': '/home/mingq/workspace/robocup_raspbot/install/robocup_yolo_v11', 'merge_install': False, 'path': '/home/mingq/workspace/robocup_raspbot/src/robocup_yolo_v11', 'symlink_install': True, 'test_result_base': None}
[0.748s] INFO:colcon.colcon_core.executor:Executing jobs using 'parallel' executor
[0.749s] DEBUG:colcon.colcon_parallel_executor.executor.parallel:run_until_complete
[0.749s] INFO:colcon.colcon_ros.task.ament_cmake.build:Building ROS package in '/home/mingq/workspace/robocup_raspbot/src/robocup_interfaces/robocup_msgs' with build type 'ament_cmake'
[0.749s] INFO:colcon.colcon_cmake.task.cmake.build:Building CMake package in '/home/mingq/workspace/robocup_raspbot/src/robocup_interfaces/robocup_msgs'
[0.754s] INFO:colcon.colcon_core.plugin_system:Skipping extension 'colcon_core.shell.bat': Not used on non-Windows systems
[0.754s] INFO:colcon.colcon_core.shell:Skip shell extension 'powershell' for command environment: Not usable outside of PowerShell
[0.754s] DEBUG:colcon.colcon_core.shell:Skip shell extension 'dsv' for command environment
[0.756s] INFO:colcon.colcon_ros.task.ament_cmake.build:Building ROS package in '/home/mingq/workspace/robocup_raspbot/src/robocup_bringup' with build type 'ament_cmake'
[0.756s] INFO:colcon.colcon_cmake.task.cmake.build:Building CMake package in '/home/mingq/workspace/robocup_raspbot/src/robocup_bringup'
[0.757s] INFO:colcon.colcon_core.shell:Skip shell extension 'powershell' for command environment: Not usable outside of PowerShell
[0.757s] DEBUG:colcon.colcon_core.shell:Skip shell extension 'dsv' for command environment
[0.759s] INFO:colcon.colcon_ros.task.ament_cmake.build:Building ROS package in '/home/mingq/workspace/robocup_raspbot/src/yahboomcar_msgs' with build type 'ament_cmake'
[0.759s] INFO:colcon.colcon_cmake.task.cmake.build:Building CMake package in '/home/mingq/workspace/robocup_raspbot/src/yahboomcar_msgs'
[0.759s] INFO:colcon.colcon_core.shell:Skip shell extension 'powershell' for command environment: Not usable outside of PowerShell
[0.759s] DEBUG:colcon.colcon_core.shell:Skip shell extension 'dsv' for command environment
[0.767s] DEBUG:colcon.colcon_core.event_handler.log_command:Invoking command in '/home/mingq/workspace/robocup_raspbot/build/robocup_msgs': CMAKE_PREFIX_PATH=/opt/ros/humble /usr/bin/cmake /home/mingq/workspace/robocup_raspbot/src/robocup_interfaces/robocup_msgs -DAMENT_CMAKE_SYMLINK_INSTALL=1 -DCMAKE_INSTALL_PREFIX=/home/mingq/workspace/robocup_raspbot/install/robocup_msgs
[0.774s] DEBUG:colcon.colcon_core.event_handler.log_command:Invoking command in '/home/mingq/workspace/robocup_raspbot/build/robocup_bringup': CMAKE_PREFIX_PATH=/opt/ros/humble /usr/bin/cmake /home/mingq/workspace/robocup_raspbot/src/robocup_bringup -DAMENT_CMAKE_SYMLINK_INSTALL=1 -DCMAKE_INSTALL_PREFIX=/home/mingq/workspace/robocup_raspbot/install/robocup_bringup
[0.777s] DEBUG:colcon.colcon_core.event_handler.log_command:Invoking command in '/home/mingq/workspace/robocup_raspbot/build/yahboomcar_msgs': CMAKE_PREFIX_PATH=/opt/ros/humble /usr/bin/cmake /home/mingq/workspace/robocup_raspbot/src/yahboomcar_msgs -DAMENT_CMAKE_SYMLINK_INSTALL=1 -DCMAKE_INSTALL_PREFIX=/home/mingq/workspace/robocup_raspbot/install/yahboomcar_msgs
[2.845s] DEBUG:colcon.colcon_core.event_handler.log_command:Invoked command in '/home/mingq/workspace/robocup_raspbot/build/robocup_msgs' returned '0': CMAKE_PREFIX_PATH=/opt/ros/humble /usr/bin/cmake /home/mingq/workspace/robocup_raspbot/src/robocup_interfaces/robocup_msgs -DAMENT_CMAKE_SYMLINK_INSTALL=1 -DCMAKE_INSTALL_PREFIX=/home/mingq/workspace/robocup_raspbot/install/robocup_msgs
[2.848s] DEBUG:colcon.colcon_core.event_handler.log_command:Invoking command in '/home/mingq/workspace/robocup_raspbot/build/robocup_msgs': CMAKE_PREFIX_PATH=/opt/ros/humble /usr/bin/cmake --build /home/mingq/workspace/robocup_raspbot/build/robocup_msgs -- -j16 -l16
[2.861s] DEBUG:colcon.colcon_core.event_handler.log_command:Invoked command in '/home/mingq/workspace/robocup_raspbot/build/yahboomcar_msgs' returned '0': CMAKE_PREFIX_PATH=/opt/ros/humble /usr/bin/cmake /home/mingq/workspace/robocup_raspbot/src/yahboomcar_msgs -DAMENT_CMAKE_SYMLINK_INSTALL=1 -DCMAKE_INSTALL_PREFIX=/home/mingq/workspace/robocup_raspbot/install/yahboomcar_msgs
[2.862s] DEBUG:colcon.colcon_core.event_handler.log_command:Invoking command in '/home/mingq/workspace/robocup_raspbot/build/yahboomcar_msgs': CMAKE_PREFIX_PATH=/opt/ros/humble /usr/bin/cmake --build /home/mingq/workspace/robocup_raspbot/build/yahboomcar_msgs -- -j16 -l16
[5.398s] DEBUG:colcon.colcon_core.event_handler.log_command:Invoked command in '/home/mingq/workspace/robocup_raspbot/build/robocup_bringup' returned '0': CMAKE_PREFIX_PATH=/opt/ros/humble /usr/bin/cmake /home/mingq/workspace/robocup_raspbot/src/robocup_bringup -DAMENT_CMAKE_SYMLINK_INSTALL=1 -DCMAKE_INSTALL_PREFIX=/home/mingq/workspace/robocup_raspbot/install/robocup_bringup
[5.399s] DEBUG:colcon.colcon_core.event_handler.log_command:Invoking command in '/home/mingq/workspace/robocup_raspbot/build/robocup_bringup': CMAKE_PREFIX_PATH=/opt/ros/humble /usr/bin/cmake --build /home/mingq/workspace/robocup_raspbot/build/robocup_bringup -- -j16 -l16
[5.733s] DEBUG:colcon.colcon_core.event_handler.log_command:Invoked command in '/home/mingq/workspace/robocup_raspbot/build/yahboomcar_msgs' returned '0': CMAKE_PREFIX_PATH=/opt/ros/humble /usr/bin/cmake --build /home/mingq/workspace/robocup_raspbot/build/yahboomcar_msgs -- -j16 -l16
[5.745s] DEBUG:colcon.colcon_core.event_handler.log_command:Invoking command in '/home/mingq/workspace/robocup_raspbot/build/yahboomcar_msgs': CMAKE_PREFIX_PATH=/opt/ros/humble /usr/bin/cmake --install /home/mingq/workspace/robocup_raspbot/build/yahboomcar_msgs
[5.825s] DEBUG:colcon.colcon_core.event_handler.log_command:Invoked command in '/home/mingq/workspace/robocup_raspbot/build/robocup_msgs' returned '0': CMAKE_PREFIX_PATH=/opt/ros/humble /usr/bin/cmake --build /home/mingq/workspace/robocup_raspbot/build/robocup_msgs -- -j16 -l16
[5.828s] DEBUG:colcon.colcon_core.event_handler.log_command:Invoking command in '/home/mingq/workspace/robocup_raspbot/build/robocup_msgs': CMAKE_PREFIX_PATH=/opt/ros/humble /usr/bin/cmake --install /home/mingq/workspace/robocup_raspbot/build/robocup_msgs
[6.521s] Level 1:colcon.colcon_core.environment:create_environment_scripts_only(yahboomcar_msgs)
[6.522s] DEBUG:colcon.colcon_core.event_handler.log_command:Invoked command in '/home/mingq/workspace/robocup_raspbot/build/yahboomcar_msgs' returned '0': CMAKE_PREFIX_PATH=/opt/ros/humble /usr/bin/cmake --install /home/mingq/workspace/robocup_raspbot/build/yahboomcar_msgs
[6.531s] Level 1:colcon.colcon_core.environment:checking '/home/mingq/workspace/robocup_raspbot/install/yahboomcar_msgs' for CMake module files
[6.532s] Level 1:colcon.colcon_core.environment:checking '/home/mingq/workspace/robocup_raspbot/install/yahboomcar_msgs' for CMake config files
[6.533s] Level 1:colcon.colcon_core.shell:create_environment_hook('yahboomcar_msgs', 'cmake_prefix_path')
[6.533s] INFO:colcon.colcon_core.shell:Creating environment hook '/home/mingq/workspace/robocup_raspbot/install/yahboomcar_msgs/share/yahboomcar_msgs/hook/cmake_prefix_path.ps1'
[6.535s] INFO:colcon.colcon_core.shell:Creating environment descriptor '/home/mingq/workspace/robocup_raspbot/install/yahboomcar_msgs/share/yahboomcar_msgs/hook/cmake_prefix_path.dsv'
[6.536s] INFO:colcon.colcon_core.shell:Creating environment hook '/home/mingq/workspace/robocup_raspbot/install/yahboomcar_msgs/share/yahboomcar_msgs/hook/cmake_prefix_path.sh'
[6.539s] Level 1:colcon.colcon_core.environment:checking '/home/mingq/workspace/robocup_raspbot/install/yahboomcar_msgs/lib'
[6.539s] Level 1:colcon.colcon_core.shell:create_environment_hook('yahboomcar_msgs', 'ld_library_path_lib')
[6.539s] INFO:colcon.colcon_core.shell:Creating environment hook '/home/mingq/workspace/robocup_raspbot/install/yahboomcar_msgs/share/yahboomcar_msgs/hook/ld_library_path_lib.ps1'
[6.540s] INFO:colcon.colcon_core.shell:Creating environment descriptor '/home/mingq/workspace/robocup_raspbot/install/yahboomcar_msgs/share/yahboomcar_msgs/hook/ld_library_path_lib.dsv'
[6.541s] INFO:colcon.colcon_core.shell:Creating environment hook '/home/mingq/workspace/robocup_raspbot/install/yahboomcar_msgs/share/yahboomcar_msgs/hook/ld_library_path_lib.sh'
[6.541s] Level 1:colcon.colcon_core.environment:checking '/home/mingq/workspace/robocup_raspbot/install/yahboomcar_msgs/bin'
[6.541s] Level 1:colcon.colcon_core.environment:checking '/home/mingq/workspace/robocup_raspbot/install/yahboomcar_msgs/lib/pkgconfig/yahboomcar_msgs.pc'
[6.542s] Level 1:colcon.colcon_core.environment:checking '/home/mingq/workspace/robocup_raspbot/install/yahboomcar_msgs/lib/python3.10/site-packages'
[6.542s] Level 1:colcon.colcon_core.environment:checking '/home/mingq/workspace/robocup_raspbot/install/yahboomcar_msgs/bin'
[6.543s] INFO:colcon.colcon_core.shell:Creating package script '/home/mingq/workspace/robocup_raspbot/install/yahboomcar_msgs/share/yahboomcar_msgs/package.ps1'
[6.545s] INFO:colcon.colcon_core.shell:Creating package descriptor '/home/mingq/workspace/robocup_raspbot/install/yahboomcar_msgs/share/yahboomcar_msgs/package.dsv'
[6.546s] INFO:colcon.colcon_core.shell:Creating package script '/home/mingq/workspace/robocup_raspbot/install/yahboomcar_msgs/share/yahboomcar_msgs/package.sh'
[6.548s] INFO:colcon.colcon_core.shell:Creating package script '/home/mingq/workspace/robocup_raspbot/install/yahboomcar_msgs/share/yahboomcar_msgs/package.bash'
[6.549s] INFO:colcon.colcon_core.shell:Creating package script '/home/mingq/workspace/robocup_raspbot/install/yahboomcar_msgs/share/yahboomcar_msgs/package.zsh'
[6.551s] Level 1:colcon.colcon_core.environment:create_file_with_runtime_dependencies(/home/mingq/workspace/robocup_raspbot/install/yahboomcar_msgs/share/colcon-core/packages/yahboomcar_msgs)
[6.552s] Level 1:colcon.colcon_core.environment:create_environment_scripts_only(yahboomcar_msgs)
[6.553s] Level 1:colcon.colcon_core.environment:checking '/home/mingq/workspace/robocup_raspbot/install/yahboomcar_msgs' for CMake module files
[6.553s] Level 1:colcon.colcon_core.environment:checking '/home/mingq/workspace/robocup_raspbot/install/yahboomcar_msgs' for CMake config files
[6.554s] Level 1:colcon.colcon_core.shell:create_environment_hook('yahboomcar_msgs', 'cmake_prefix_path')
[6.555s] INFO:colcon.colcon_core.shell:Creating environment hook '/home/mingq/workspace/robocup_raspbot/install/yahboomcar_msgs/share/yahboomcar_msgs/hook/cmake_prefix_path.ps1'
[6.555s] INFO:colcon.colcon_core.shell:Creating environment descriptor '/home/mingq/workspace/robocup_raspbot/install/yahboomcar_msgs/share/yahboomcar_msgs/hook/cmake_prefix_path.dsv'
[6.556s] INFO:colcon.colcon_core.shell:Creating environment hook '/home/mingq/workspace/robocup_raspbot/install/yahboomcar_msgs/share/yahboomcar_msgs/hook/cmake_prefix_path.sh'
[6.556s] Level 1:colcon.colcon_core.environment:checking '/home/mingq/workspace/robocup_raspbot/install/yahboomcar_msgs/lib'
[6.557s] Level 1:colcon.colcon_core.shell:create_environment_hook('yahboomcar_msgs', 'ld_library_path_lib')
[6.557s] INFO:colcon.colcon_core.shell:Creating environment hook '/home/mingq/workspace/robocup_raspbot/install/yahboomcar_msgs/share/yahboomcar_msgs/hook/ld_library_path_lib.ps1'
[6.558s] INFO:colcon.colcon_core.shell:Creating environment descriptor '/home/mingq/workspace/robocup_raspbot/install/yahboomcar_msgs/share/yahboomcar_msgs/hook/ld_library_path_lib.dsv'
[6.558s] INFO:colcon.colcon_core.shell:Creating environment hook '/home/mingq/workspace/robocup_raspbot/install/yahboomcar_msgs/share/yahboomcar_msgs/hook/ld_library_path_lib.sh'
[6.559s] Level 1:colcon.colcon_core.environment:checking '/home/mingq/workspace/robocup_raspbot/install/yahboomcar_msgs/bin'
[6.559s] Level 1:colcon.colcon_core.environment:checking '/home/mingq/workspace/robocup_raspbot/install/yahboomcar_msgs/lib/pkgconfig/yahboomcar_msgs.pc'
[6.559s] Level 1:colcon.colcon_core.environment:checking '/home/mingq/workspace/robocup_raspbot/install/yahboomcar_msgs/lib/python3.10/site-packages'
[6.559s] Level 1:colcon.colcon_core.environment:checking '/home/mingq/workspace/robocup_raspbot/install/yahboomcar_msgs/bin'
[6.559s] INFO:colcon.colcon_core.shell:Creating package script '/home/mingq/workspace/robocup_raspbot/install/yahboomcar_msgs/share/yahboomcar_msgs/package.ps1'
[6.560s] INFO:colcon.colcon_core.shell:Creating package descriptor '/home/mingq/workspace/robocup_raspbot/install/yahboomcar_msgs/share/yahboomcar_msgs/package.dsv'
[6.560s] INFO:colcon.colcon_core.shell:Creating package script '/home/mingq/workspace/robocup_raspbot/install/yahboomcar_msgs/share/yahboomcar_msgs/package.sh'
[6.561s] INFO:colcon.colcon_core.shell:Creating package script '/home/mingq/workspace/robocup_raspbot/install/yahboomcar_msgs/share/yahboomcar_msgs/package.bash'
[6.561s] INFO:colcon.colcon_core.shell:Creating package script '/home/mingq/workspace/robocup_raspbot/install/yahboomcar_msgs/share/yahboomcar_msgs/package.zsh'
[6.561s] Level 1:colcon.colcon_core.environment:create_file_with_runtime_dependencies(/home/mingq/workspace/robocup_raspbot/install/yahboomcar_msgs/share/colcon-core/packages/yahboomcar_msgs)
[6.787s] Level 1:colcon.colcon_core.environment:create_environment_scripts_only(robocup_msgs)
[6.788s] DEBUG:colcon.colcon_core.event_handler.log_command:Invoked command in '/home/mingq/workspace/robocup_raspbot/build/robocup_msgs' returned '0': CMAKE_PREFIX_PATH=/opt/ros/humble /usr/bin/cmake --install /home/mingq/workspace/robocup_raspbot/build/robocup_msgs
[6.788s] Level 1:colcon.colcon_core.environment:checking '/home/mingq/workspace/robocup_raspbot/install/robocup_msgs' for CMake module files
[6.790s] Level 1:colcon.colcon_core.environment:checking '/home/mingq/workspace/robocup_raspbot/install/robocup_msgs' for CMake config files
[6.791s] Level 1:colcon.colcon_core.shell:create_environment_hook('robocup_msgs', 'cmake_prefix_path')
[6.792s] INFO:colcon.colcon_core.shell:Creating environment hook '/home/mingq/workspace/robocup_raspbot/install/robocup_msgs/share/robocup_msgs/hook/cmake_prefix_path.ps1'
[6.793s] INFO:colcon.colcon_core.shell:Creating environment descriptor '/home/mingq/workspace/robocup_raspbot/install/robocup_msgs/share/robocup_msgs/hook/cmake_prefix_path.dsv'
[6.793s] INFO:colcon.colcon_core.shell:Creating environment hook '/home/mingq/workspace/robocup_raspbot/install/robocup_msgs/share/robocup_msgs/hook/cmake_prefix_path.sh'
[6.794s] Level 1:colcon.colcon_core.environment:checking '/home/mingq/workspace/robocup_raspbot/install/robocup_msgs/lib'
[6.794s] Level 1:colcon.colcon_core.shell:create_environment_hook('robocup_msgs', 'ld_library_path_lib')
[6.794s] INFO:colcon.colcon_core.shell:Creating environment hook '/home/mingq/workspace/robocup_raspbot/install/robocup_msgs/share/robocup_msgs/hook/ld_library_path_lib.ps1'
[6.795s] INFO:colcon.colcon_core.shell:Creating environment descriptor '/home/mingq/workspace/robocup_raspbot/install/robocup_msgs/share/robocup_msgs/hook/ld_library_path_lib.dsv'
[6.795s] INFO:colcon.colcon_core.shell:Creating environment hook '/home/mingq/workspace/robocup_raspbot/install/robocup_msgs/share/robocup_msgs/hook/ld_library_path_lib.sh'
[6.795s] Level 1:colcon.colcon_core.environment:checking '/home/mingq/workspace/robocup_raspbot/install/robocup_msgs/bin'
[6.795s] Level 1:colcon.colcon_core.environment:checking '/home/mingq/workspace/robocup_raspbot/install/robocup_msgs/lib/pkgconfig/robocup_msgs.pc'
[6.796s] Level 1:colcon.colcon_core.environment:checking '/home/mingq/workspace/robocup_raspbot/install/robocup_msgs/lib/python3.10/site-packages'
[6.796s] Level 1:colcon.colcon_core.environment:checking '/home/mingq/workspace/robocup_raspbot/install/robocup_msgs/bin'
[6.796s] INFO:colcon.colcon_core.shell:Creating package script '/home/mingq/workspace/robocup_raspbot/install/robocup_msgs/share/robocup_msgs/package.ps1'
[6.797s] INFO:colcon.colcon_core.shell:Creating package descriptor '/home/mingq/workspace/robocup_raspbot/install/robocup_msgs/share/robocup_msgs/package.dsv'
[6.797s] INFO:colcon.colcon_core.shell:Creating package script '/home/mingq/workspace/robocup_raspbot/install/robocup_msgs/share/robocup_msgs/package.sh'
[6.797s] INFO:colcon.colcon_core.shell:Creating package script '/home/mingq/workspace/robocup_raspbot/install/robocup_msgs/share/robocup_msgs/package.bash'
[6.798s] INFO:colcon.colcon_core.shell:Creating package script '/home/mingq/workspace/robocup_raspbot/install/robocup_msgs/share/robocup_msgs/package.zsh'
[6.798s] Level 1:colcon.colcon_core.environment:create_file_with_runtime_dependencies(/home/mingq/workspace/robocup_raspbot/install/robocup_msgs/share/colcon-core/packages/robocup_msgs)
[6.799s] Level 1:colcon.colcon_core.environment:create_environment_scripts_only(robocup_msgs)
[6.799s] Level 1:colcon.colcon_core.environment:checking '/home/mingq/workspace/robocup_raspbot/install/robocup_msgs' for CMake module files
[6.799s] Level 1:colcon.colcon_core.environment:checking '/home/mingq/workspace/robocup_raspbot/install/robocup_msgs' for CMake config files
[6.800s] Level 1:colcon.colcon_core.shell:create_environment_hook('robocup_msgs', 'cmake_prefix_path')
[6.800s] INFO:colcon.colcon_core.shell:Creating environment hook '/home/mingq/workspace/robocup_raspbot/install/robocup_msgs/share/robocup_msgs/hook/cmake_prefix_path.ps1'
[6.800s] INFO:colcon.colcon_core.shell:Creating environment descriptor '/home/mingq/workspace/robocup_raspbot/install/robocup_msgs/share/robocup_msgs/hook/cmake_prefix_path.dsv'
[6.801s] INFO:colcon.colcon_core.shell:Creating environment hook '/home/mingq/workspace/robocup_raspbot/install/robocup_msgs/share/robocup_msgs/hook/cmake_prefix_path.sh'
[6.801s] Level 1:colcon.colcon_core.environment:checking '/home/mingq/workspace/robocup_raspbot/install/robocup_msgs/lib'
[6.801s] Level 1:colcon.colcon_core.shell:create_environment_hook('robocup_msgs', 'ld_library_path_lib')
[6.801s] INFO:colcon.colcon_core.shell:Creating environment hook '/home/mingq/workspace/robocup_raspbot/install/robocup_msgs/share/robocup_msgs/hook/ld_library_path_lib.ps1'
[6.802s] INFO:colcon.colcon_core.shell:Creating environment descriptor '/home/mingq/workspace/robocup_raspbot/install/robocup_msgs/share/robocup_msgs/hook/ld_library_path_lib.dsv'
[6.802s] INFO:colcon.colcon_core.shell:Creating environment hook '/home/mingq/workspace/robocup_raspbot/install/robocup_msgs/share/robocup_msgs/hook/ld_library_path_lib.sh'
[6.802s] Level 1:colcon.colcon_core.environment:checking '/home/mingq/workspace/robocup_raspbot/install/robocup_msgs/bin'
[6.802s] Level 1:colcon.colcon_core.environment:checking '/home/mingq/workspace/robocup_raspbot/install/robocup_msgs/lib/pkgconfig/robocup_msgs.pc'
[6.803s] Level 1:colcon.colcon_core.environment:checking '/home/mingq/workspace/robocup_raspbot/install/robocup_msgs/lib/python3.10/site-packages'
[6.803s] Level 1:colcon.colcon_core.environment:checking '/home/mingq/workspace/robocup_raspbot/install/robocup_msgs/bin'
[6.803s] INFO:colcon.colcon_core.shell:Creating package script '/home/mingq/workspace/robocup_raspbot/install/robocup_msgs/share/robocup_msgs/package.ps1'
[6.803s] INFO:colcon.colcon_core.shell:Creating package descriptor '/home/mingq/workspace/robocup_raspbot/install/robocup_msgs/share/robocup_msgs/package.dsv'
[6.804s] INFO:colcon.colcon_core.shell:Creating package script '/home/mingq/workspace/robocup_raspbot/install/robocup_msgs/share/robocup_msgs/package.sh'
[6.804s] INFO:colcon.colcon_core.shell:Creating package script '/home/mingq/workspace/robocup_raspbot/install/robocup_msgs/share/robocup_msgs/package.bash'
[6.804s] INFO:colcon.colcon_core.shell:Creating package script '/home/mingq/workspace/robocup_raspbot/install/robocup_msgs/share/robocup_msgs/package.zsh'
[6.805s] Level 1:colcon.colcon_core.environment:create_file_with_runtime_dependencies(/home/mingq/workspace/robocup_raspbot/install/robocup_msgs/share/colcon-core/packages/robocup_msgs)
[6.805s] INFO:colcon.colcon_ros.task.ament_cmake.build:Building ROS package in '/home/mingq/workspace/robocup_raspbot/src/robocup_interfaces/robocup_srvs' with build type 'ament_cmake'
[6.805s] INFO:colcon.colcon_cmake.task.cmake.build:Building CMake package in '/home/mingq/workspace/robocup_raspbot/src/robocup_interfaces/robocup_srvs'
[6.805s] INFO:colcon.colcon_core.shell:Skip shell extension 'powershell' for command environment: Not usable outside of PowerShell
[6.805s] DEBUG:colcon.colcon_core.shell:Skip shell extension 'dsv' for command environment
[6.847s] DEBUG:colcon.colcon_core.event_handler.log_command:Invoking command in '/home/mingq/workspace/robocup_raspbot/build/robocup_srvs': AMENT_PREFIX_PATH=/home/mingq/workspace/robocup_raspbot/install/robocup_msgs:${AMENT_PREFIX_PATH} CMAKE_PREFIX_PATH=/home/mingq/workspace/robocup_raspbot/install/robocup_msgs:/opt/ros/humble LD_LIBRARY_PATH=/home/mingq/workspace/robocup_raspbot/install/robocup_msgs/lib:${LD_LIBRARY_PATH} PYTHONPATH=/home/mingq/workspace/robocup_raspbot/install/robocup_msgs/local/lib/python3.10/dist-packages:${PYTHONPATH} /usr/bin/cmake /home/mingq/workspace/robocup_raspbot/src/robocup_interfaces/robocup_srvs -DAMENT_CMAKE_SYMLINK_INSTALL=1 -DCMAKE_INSTALL_PREFIX=/home/mingq/workspace/robocup_raspbot/install/robocup_srvs
[9.230s] DEBUG:colcon.colcon_core.event_handler.log_command:Invoked command in '/home/mingq/workspace/robocup_raspbot/build/robocup_srvs' returned '0': AMENT_PREFIX_PATH=/home/mingq/workspace/robocup_raspbot/install/robocup_msgs:${AMENT_PREFIX_PATH} CMAKE_PREFIX_PATH=/home/mingq/workspace/robocup_raspbot/install/robocup_msgs:/opt/ros/humble LD_LIBRARY_PATH=/home/mingq/workspace/robocup_raspbot/install/robocup_msgs/lib:${LD_LIBRARY_PATH} PYTHONPATH=/home/mingq/workspace/robocup_raspbot/install/robocup_msgs/local/lib/python3.10/dist-packages:${PYTHONPATH} /usr/bin/cmake /home/mingq/workspace/robocup_raspbot/src/robocup_interfaces/robocup_srvs -DAMENT_CMAKE_SYMLINK_INSTALL=1 -DCMAKE_INSTALL_PREFIX=/home/mingq/workspace/robocup_raspbot/install/robocup_srvs
[9.232s] DEBUG:colcon.colcon_core.event_handler.log_command:Invoking command in '/home/mingq/workspace/robocup_raspbot/build/robocup_srvs': AMENT_PREFIX_PATH=/home/mingq/workspace/robocup_raspbot/install/robocup_msgs:${AMENT_PREFIX_PATH} CMAKE_PREFIX_PATH=/home/mingq/workspace/robocup_raspbot/install/robocup_msgs:/opt/ros/humble LD_LIBRARY_PATH=/home/mingq/workspace/robocup_raspbot/install/robocup_msgs/lib:${LD_LIBRARY_PATH} PYTHONPATH=/home/mingq/workspace/robocup_raspbot/install/robocup_msgs/local/lib/python3.10/dist-packages:${PYTHONPATH} /usr/bin/cmake --build /home/mingq/workspace/robocup_raspbot/build/robocup_srvs -- -j16 -l16
[11.217s] DEBUG:colcon.colcon_core.event_handler.log_command:Invoked command in '/home/mingq/workspace/robocup_raspbot/build/robocup_srvs' returned '0': AMENT_PREFIX_PATH=/home/mingq/workspace/robocup_raspbot/install/robocup_msgs:${AMENT_PREFIX_PATH} CMAKE_PREFIX_PATH=/home/mingq/workspace/robocup_raspbot/install/robocup_msgs:/opt/ros/humble LD_LIBRARY_PATH=/home/mingq/workspace/robocup_raspbot/install/robocup_msgs/lib:${LD_LIBRARY_PATH} PYTHONPATH=/home/mingq/workspace/robocup_raspbot/install/robocup_msgs/local/lib/python3.10/dist-packages:${PYTHONPATH} /usr/bin/cmake --build /home/mingq/workspace/robocup_raspbot/build/robocup_srvs -- -j16 -l16
[11.219s] DEBUG:colcon.colcon_core.event_handler.log_command:Invoking command in '/home/mingq/workspace/robocup_raspbot/build/robocup_srvs': AMENT_PREFIX_PATH=/home/mingq/workspace/robocup_raspbot/install/robocup_msgs:${AMENT_PREFIX_PATH} CMAKE_PREFIX_PATH=/home/mingq/workspace/robocup_raspbot/install/robocup_msgs:/opt/ros/humble LD_LIBRARY_PATH=/home/mingq/workspace/robocup_raspbot/install/robocup_msgs/lib:${LD_LIBRARY_PATH} PYTHONPATH=/home/mingq/workspace/robocup_raspbot/install/robocup_msgs/local/lib/python3.10/dist-packages:${PYTHONPATH} /usr/bin/cmake --install /home/mingq/workspace/robocup_raspbot/build/robocup_srvs
[11.842s] Level 1:colcon.colcon_core.environment:create_environment_scripts_only(robocup_srvs)
[11.843s] Level 1:colcon.colcon_core.environment:checking '/home/mingq/workspace/robocup_raspbot/install/robocup_srvs' for CMake module files
[11.844s] DEBUG:colcon.colcon_core.event_handler.log_command:Invoked command in '/home/mingq/workspace/robocup_raspbot/build/robocup_srvs' returned '0': AMENT_PREFIX_PATH=/home/mingq/workspace/robocup_raspbot/install/robocup_msgs:${AMENT_PREFIX_PATH} CMAKE_PREFIX_PATH=/home/mingq/workspace/robocup_raspbot/install/robocup_msgs:/opt/ros/humble LD_LIBRARY_PATH=/home/mingq/workspace/robocup_raspbot/install/robocup_msgs/lib:${LD_LIBRARY_PATH} PYTHONPATH=/home/mingq/workspace/robocup_raspbot/install/robocup_msgs/local/lib/python3.10/dist-packages:${PYTHONPATH} /usr/bin/cmake --install /home/mingq/workspace/robocup_raspbot/build/robocup_srvs
[11.844s] Level 1:colcon.colcon_core.environment:checking '/home/mingq/workspace/robocup_raspbot/install/robocup_srvs' for CMake config files
[11.845s] Level 1:colcon.colcon_core.shell:create_environment_hook('robocup_srvs', 'cmake_prefix_path')
[11.845s] INFO:colcon.colcon_core.shell:Creating environment hook '/home/mingq/workspace/robocup_raspbot/install/robocup_srvs/share/robocup_srvs/hook/cmake_prefix_path.ps1'
[11.846s] INFO:colcon.colcon_core.shell:Creating environment descriptor '/home/mingq/workspace/robocup_raspbot/install/robocup_srvs/share/robocup_srvs/hook/cmake_prefix_path.dsv'
[11.846s] INFO:colcon.colcon_core.shell:Creating environment hook '/home/mingq/workspace/robocup_raspbot/install/robocup_srvs/share/robocup_srvs/hook/cmake_prefix_path.sh'
[11.847s] Level 1:colcon.colcon_core.environment:checking '/home/mingq/workspace/robocup_raspbot/install/robocup_srvs/lib'
[11.847s] Level 1:colcon.colcon_core.shell:create_environment_hook('robocup_srvs', 'ld_library_path_lib')
[11.847s] INFO:colcon.colcon_core.shell:Creating environment hook '/home/mingq/workspace/robocup_raspbot/install/robocup_srvs/share/robocup_srvs/hook/ld_library_path_lib.ps1'
[11.847s] INFO:colcon.colcon_core.shell:Creating environment descriptor '/home/mingq/workspace/robocup_raspbot/install/robocup_srvs/share/robocup_srvs/hook/ld_library_path_lib.dsv'
[11.847s] INFO:colcon.colcon_core.shell:Creating environment hook '/home/mingq/workspace/robocup_raspbot/install/robocup_srvs/share/robocup_srvs/hook/ld_library_path_lib.sh'
[11.848s] Level 1:colcon.colcon_core.environment:checking '/home/mingq/workspace/robocup_raspbot/install/robocup_srvs/bin'
[11.848s] Level 1:colcon.colcon_core.environment:checking '/home/mingq/workspace/robocup_raspbot/install/robocup_srvs/lib/pkgconfig/robocup_srvs.pc'
[11.848s] Level 1:colcon.colcon_core.environment:checking '/home/mingq/workspace/robocup_raspbot/install/robocup_srvs/lib/python3.10/site-packages'
[11.848s] Level 1:colcon.colcon_core.environment:checking '/home/mingq/workspace/robocup_raspbot/install/robocup_srvs/bin'
[11.848s] INFO:colcon.colcon_core.shell:Creating package script '/home/mingq/workspace/robocup_raspbot/install/robocup_srvs/share/robocup_srvs/package.ps1'
[11.849s] INFO:colcon.colcon_core.shell:Creating package descriptor '/home/mingq/workspace/robocup_raspbot/install/robocup_srvs/share/robocup_srvs/package.dsv'
[11.849s] INFO:colcon.colcon_core.shell:Creating package script '/home/mingq/workspace/robocup_raspbot/install/robocup_srvs/share/robocup_srvs/package.sh'
[11.850s] INFO:colcon.colcon_core.shell:Creating package script '/home/mingq/workspace/robocup_raspbot/install/robocup_srvs/share/robocup_srvs/package.bash'
[11.850s] INFO:colcon.colcon_core.shell:Creating package script '/home/mingq/workspace/robocup_raspbot/install/robocup_srvs/share/robocup_srvs/package.zsh'
[11.850s] Level 1:colcon.colcon_core.environment:create_file_with_runtime_dependencies(/home/mingq/workspace/robocup_raspbot/install/robocup_srvs/share/colcon-core/packages/robocup_srvs)
[11.852s] Level 1:colcon.colcon_core.environment:create_environment_scripts_only(robocup_srvs)
[11.852s] Level 1:colcon.colcon_core.environment:checking '/home/mingq/workspace/robocup_raspbot/install/robocup_srvs' for CMake module files
[11.853s] Level 1:colcon.colcon_core.environment:checking '/home/mingq/workspace/robocup_raspbot/install/robocup_srvs' for CMake config files
[11.854s] Level 1:colcon.colcon_core.shell:create_environment_hook('robocup_srvs', 'cmake_prefix_path')
[11.854s] INFO:colcon.colcon_core.shell:Creating environment hook '/home/mingq/workspace/robocup_raspbot/install/robocup_srvs/share/robocup_srvs/hook/cmake_prefix_path.ps1'
[11.855s] INFO:colcon.colcon_core.shell:Creating environment descriptor '/home/mingq/workspace/robocup_raspbot/install/robocup_srvs/share/robocup_srvs/hook/cmake_prefix_path.dsv'
[11.855s] INFO:colcon.colcon_core.shell:Creating environment hook '/home/mingq/workspace/robocup_raspbot/install/robocup_srvs/share/robocup_srvs/hook/cmake_prefix_path.sh'
[11.856s] Level 1:colcon.colcon_core.environment:checking '/home/mingq/workspace/robocup_raspbot/install/robocup_srvs/lib'
[11.856s] Level 1:colcon.colcon_core.shell:create_environment_hook('robocup_srvs', 'ld_library_path_lib')
[11.856s] INFO:colcon.colcon_core.shell:Creating environment hook '/home/mingq/workspace/robocup_raspbot/install/robocup_srvs/share/robocup_srvs/hook/ld_library_path_lib.ps1'
[11.857s] INFO:colcon.colcon_core.shell:Creating environment descriptor '/home/mingq/workspace/robocup_raspbot/install/robocup_srvs/share/robocup_srvs/hook/ld_library_path_lib.dsv'
[11.857s] INFO:colcon.colcon_core.shell:Creating environment hook '/home/mingq/workspace/robocup_raspbot/install/robocup_srvs/share/robocup_srvs/hook/ld_library_path_lib.sh'
[11.858s] Level 1:colcon.colcon_core.environment:checking '/home/mingq/workspace/robocup_raspbot/install/robocup_srvs/bin'
[11.858s] Level 1:colcon.colcon_core.environment:checking '/home/mingq/workspace/robocup_raspbot/install/robocup_srvs/lib/pkgconfig/robocup_srvs.pc'
[11.858s] Level 1:colcon.colcon_core.environment:checking '/home/mingq/workspace/robocup_raspbot/install/robocup_srvs/lib/python3.10/site-packages'
[11.859s] Level 1:colcon.colcon_core.environment:checking '/home/mingq/workspace/robocup_raspbot/install/robocup_srvs/bin'
[11.859s] INFO:colcon.colcon_core.shell:Creating package script '/home/mingq/workspace/robocup_raspbot/install/robocup_srvs/share/robocup_srvs/package.ps1'
[11.859s] INFO:colcon.colcon_core.shell:Creating package descriptor '/home/mingq/workspace/robocup_raspbot/install/robocup_srvs/share/robocup_srvs/package.dsv'
[11.860s] INFO:colcon.colcon_core.shell:Creating package script '/home/mingq/workspace/robocup_raspbot/install/robocup_srvs/share/robocup_srvs/package.sh'
[11.860s] INFO:colcon.colcon_core.shell:Creating package script '/home/mingq/workspace/robocup_raspbot/install/robocup_srvs/share/robocup_srvs/package.bash'
[11.860s] INFO:colcon.colcon_core.shell:Creating package script '/home/mingq/workspace/robocup_raspbot/install/robocup_srvs/share/robocup_srvs/package.zsh'
[11.861s] Level 1:colcon.colcon_core.environment:create_file_with_runtime_dependencies(/home/mingq/workspace/robocup_raspbot/install/robocup_srvs/share/colcon-core/packages/robocup_srvs)
[11.861s] INFO:colcon.colcon_ros.task.ament_python.build:Building ROS package in '/home/mingq/workspace/robocup_raspbot/src/robocup_yolo_v11' with build type 'ament_python'
[11.861s] Level 1:colcon.colcon_core.shell:create_environment_hook('robocup_yolo_v11', 'ament_prefix_path')
[11.862s] INFO:colcon.colcon_core.shell:Creating environment hook '/home/mingq/workspace/robocup_raspbot/install/robocup_yolo_v11/share/robocup_yolo_v11/hook/ament_prefix_path.ps1'
[11.863s] INFO:colcon.colcon_core.shell:Creating environment descriptor '/home/mingq/workspace/robocup_raspbot/install/robocup_yolo_v11/share/robocup_yolo_v11/hook/ament_prefix_path.dsv'
[11.864s] INFO:colcon.colcon_core.shell:Creating environment hook '/home/mingq/workspace/robocup_raspbot/install/robocup_yolo_v11/share/robocup_yolo_v11/hook/ament_prefix_path.sh'
[11.864s] INFO:colcon.colcon_core.shell:Skip shell extension 'powershell' for command environment: Not usable outside of PowerShell
[11.864s] DEBUG:colcon.colcon_core.shell:Skip shell extension 'dsv' for command environment
[12.175s] INFO:colcon.colcon_core.task.python.build:Building Python package in '/home/mingq/workspace/robocup_raspbot/src/robocup_yolo_v11'
[12.176s] INFO:colcon.colcon_core.shell:Skip shell extension 'powershell' for command environment: Not usable outside of PowerShell
[12.176s] DEBUG:colcon.colcon_core.shell:Skip shell extension 'dsv' for command environment
[12.635s] DEBUG:colcon.colcon_core.event_handler.log_command:Invoking command in '/home/mingq/workspace/robocup_raspbot/build/robocup_yolo_v11': AMENT_PREFIX_PATH=/home/mingq/workspace/robocup_raspbot/install/robocup_srvs:/home/mingq/workspace/robocup_raspbot/install/robocup_msgs:${AMENT_PREFIX_PATH} CMAKE_PREFIX_PATH=/home/mingq/workspace/robocup_raspbot/install/robocup_srvs:/home/mingq/workspace/robocup_raspbot/install/robocup_msgs LD_LIBRARY_PATH=/home/mingq/workspace/robocup_raspbot/install/robocup_srvs/lib:/home/mingq/workspace/robocup_raspbot/install/robocup_msgs/lib:${LD_LIBRARY_PATH} PYTHONPATH=/home/mingq/workspace/robocup_raspbot/build/robocup_yolo_v11/prefix_override:/usr/lib/python3/dist-packages/colcon_core/task/python/colcon_distutils_commands:/home/mingq/workspace/robocup_raspbot/install/robocup_yolo_v11/lib/python3.10/site-packages:/home/mingq/workspace/robocup_raspbot/install/robocup_srvs/local/lib/python3.10/dist-packages:/home/mingq/workspace/robocup_raspbot/install/robocup_msgs/local/lib/python3.10/dist-packages:${PYTHONPATH} /usr/bin/python3 -W ignore:setup.py install is deprecated -W ignore:easy_install command is deprecated setup.py develop --editable --build-directory /home/mingq/workspace/robocup_raspbot/build/robocup_yolo_v11/build --no-deps symlink_data
[13.030s] Level 1:colcon.colcon_core.shell:create_environment_hook('robocup_yolo_v11', 'pythonpath_develop')
[13.030s] INFO:colcon.colcon_core.shell:Creating environment hook '/home/mingq/workspace/robocup_raspbot/build/robocup_yolo_v11/share/robocup_yolo_v11/hook/pythonpath_develop.ps1'
[13.031s] DEBUG:colcon.colcon_core.event_handler.log_command:Invoked command in '/home/mingq/workspace/robocup_raspbot/build/robocup_yolo_v11' returned '0': AMENT_PREFIX_PATH=/home/mingq/workspace/robocup_raspbot/install/robocup_srvs:/home/mingq/workspace/robocup_raspbot/install/robocup_msgs:${AMENT_PREFIX_PATH} CMAKE_PREFIX_PATH=/home/mingq/workspace/robocup_raspbot/install/robocup_srvs:/home/mingq/workspace/robocup_raspbot/install/robocup_msgs LD_LIBRARY_PATH=/home/mingq/workspace/robocup_raspbot/install/robocup_srvs/lib:/home/mingq/workspace/robocup_raspbot/install/robocup_msgs/lib:${LD_LIBRARY_PATH} PYTHONPATH=/home/mingq/workspace/robocup_raspbot/build/robocup_yolo_v11/prefix_override:/usr/lib/python3/dist-packages/colcon_core/task/python/colcon_distutils_commands:/home/mingq/workspace/robocup_raspbot/install/robocup_yolo_v11/lib/python3.10/site-packages:/home/mingq/workspace/robocup_raspbot/install/robocup_srvs/local/lib/python3.10/dist-packages:/home/mingq/workspace/robocup_raspbot/install/robocup_msgs/local/lib/python3.10/dist-packages:${PYTHONPATH} /usr/bin/python3 -W ignore:setup.py install is deprecated -W ignore:easy_install command is deprecated setup.py develop --editable --build-directory /home/mingq/workspace/robocup_raspbot/build/robocup_yolo_v11/build --no-deps symlink_data
[13.032s] INFO:colcon.colcon_core.shell:Creating environment descriptor '/home/mingq/workspace/robocup_raspbot/build/robocup_yolo_v11/share/robocup_yolo_v11/hook/pythonpath_develop.dsv'
[13.033s] INFO:colcon.colcon_core.shell:Creating environment hook '/home/mingq/workspace/robocup_raspbot/build/robocup_yolo_v11/share/robocup_yolo_v11/hook/pythonpath_develop.sh'
[13.034s] Level 1:colcon.colcon_core.environment:checking '/home/mingq/workspace/robocup_raspbot/install/robocup_yolo_v11' for CMake module files
[13.034s] Level 1:colcon.colcon_core.environment:checking '/home/mingq/workspace/robocup_raspbot/install/robocup_yolo_v11' for CMake config files
[13.034s] Level 1:colcon.colcon_core.environment:checking '/home/mingq/workspace/robocup_raspbot/install/robocup_yolo_v11/lib'
[13.034s] Level 1:colcon.colcon_core.environment:checking '/home/mingq/workspace/robocup_raspbot/install/robocup_yolo_v11/bin'
[13.035s] Level 1:colcon.colcon_core.environment:checking '/home/mingq/workspace/robocup_raspbot/install/robocup_yolo_v11/lib/pkgconfig/robocup_yolo_v11.pc'
[13.035s] Level 1:colcon.colcon_core.environment:checking '/home/mingq/workspace/robocup_raspbot/install/robocup_yolo_v11/lib/python3.10/site-packages'
[13.035s] Level 1:colcon.colcon_core.shell:create_environment_hook('robocup_yolo_v11', 'pythonpath')
[13.035s] INFO:colcon.colcon_core.shell:Creating environment hook '/home/mingq/workspace/robocup_raspbot/install/robocup_yolo_v11/share/robocup_yolo_v11/hook/pythonpath.ps1'
[13.035s] INFO:colcon.colcon_core.shell:Creating environment descriptor '/home/mingq/workspace/robocup_raspbot/install/robocup_yolo_v11/share/robocup_yolo_v11/hook/pythonpath.dsv'
[13.036s] INFO:colcon.colcon_core.shell:Creating environment hook '/home/mingq/workspace/robocup_raspbot/install/robocup_yolo_v11/share/robocup_yolo_v11/hook/pythonpath.sh'
[13.036s] Level 1:colcon.colcon_core.environment:checking '/home/mingq/workspace/robocup_raspbot/install/robocup_yolo_v11/bin'
[13.036s] Level 1:colcon.colcon_core.environment:create_environment_scripts_only(robocup_yolo_v11)
[13.036s] INFO:colcon.colcon_core.shell:Creating package script '/home/mingq/workspace/robocup_raspbot/install/robocup_yolo_v11/share/robocup_yolo_v11/package.ps1'
[13.037s] INFO:colcon.colcon_core.shell:Creating package descriptor '/home/mingq/workspace/robocup_raspbot/install/robocup_yolo_v11/share/robocup_yolo_v11/package.dsv'
[13.037s] INFO:colcon.colcon_core.shell:Creating package script '/home/mingq/workspace/robocup_raspbot/install/robocup_yolo_v11/share/robocup_yolo_v11/package.sh'
[13.037s] INFO:colcon.colcon_core.shell:Creating package script '/home/mingq/workspace/robocup_raspbot/install/robocup_yolo_v11/share/robocup_yolo_v11/package.bash'
[13.038s] INFO:colcon.colcon_core.shell:Creating package script '/home/mingq/workspace/robocup_raspbot/install/robocup_yolo_v11/share/robocup_yolo_v11/package.zsh'
[13.038s] Level 1:colcon.colcon_core.environment:create_file_with_runtime_dependencies(/home/mingq/workspace/robocup_raspbot/install/robocup_yolo_v11/share/colcon-core/packages/robocup_yolo_v11)
[13.301s] DEBUG:colcon.colcon_core.event_handler.log_command:Invoked command in '/home/mingq/workspace/robocup_raspbot/build/robocup_bringup' returned '0': CMAKE_PREFIX_PATH=/opt/ros/humble /usr/bin/cmake --build /home/mingq/workspace/robocup_raspbot/build/robocup_bringup -- -j16 -l16
[13.303s] DEBUG:colcon.colcon_core.event_handler.log_command:Invoking command in '/home/mingq/workspace/robocup_raspbot/build/robocup_bringup': CMAKE_PREFIX_PATH=/opt/ros/humble /usr/bin/cmake --install /home/mingq/workspace/robocup_raspbot/build/robocup_bringup
[13.461s] Level 1:colcon.colcon_core.environment:create_environment_scripts_only(robocup_bringup)
[13.462s] Level 1:colcon.colcon_core.environment:checking '/home/mingq/workspace/robocup_raspbot/install/robocup_bringup' for CMake module files
[13.462s] DEBUG:colcon.colcon_core.event_handler.log_command:Invoked command in '/home/mingq/workspace/robocup_raspbot/build/robocup_bringup' returned '0': CMAKE_PREFIX_PATH=/opt/ros/humble /usr/bin/cmake --install /home/mingq/workspace/robocup_raspbot/build/robocup_bringup
[13.463s] Level 1:colcon.colcon_core.environment:checking '/home/mingq/workspace/robocup_raspbot/install/robocup_bringup' for CMake config files
[13.463s] Level 1:colcon.colcon_core.shell:create_environment_hook('robocup_bringup', 'cmake_prefix_path')
[13.463s] INFO:colcon.colcon_core.shell:Creating environment hook '/home/mingq/workspace/robocup_raspbot/install/robocup_bringup/share/robocup_bringup/hook/cmake_prefix_path.ps1'
[13.464s] INFO:colcon.colcon_core.shell:Creating environment descriptor '/home/mingq/workspace/robocup_raspbot/install/robocup_bringup/share/robocup_bringup/hook/cmake_prefix_path.dsv'
[13.464s] INFO:colcon.colcon_core.shell:Creating environment hook '/home/mingq/workspace/robocup_raspbot/install/robocup_bringup/share/robocup_bringup/hook/cmake_prefix_path.sh'
[13.464s] Level 1:colcon.colcon_core.environment:checking '/home/mingq/workspace/robocup_raspbot/install/robocup_bringup/lib'
[13.465s] Level 1:colcon.colcon_core.environment:checking '/home/mingq/workspace/robocup_raspbot/install/robocup_bringup/bin'
[13.465s] Level 1:colcon.colcon_core.environment:checking '/home/mingq/workspace/robocup_raspbot/install/robocup_bringup/lib/pkgconfig/robocup_bringup.pc'
[13.465s] Level 1:colcon.colcon_core.environment:checking '/home/mingq/workspace/robocup_raspbot/install/robocup_bringup/lib/python3.10/site-packages'
[13.465s] Level 1:colcon.colcon_core.environment:checking '/home/mingq/workspace/robocup_raspbot/install/robocup_bringup/bin'
[13.465s] INFO:colcon.colcon_core.shell:Creating package script '/home/mingq/workspace/robocup_raspbot/install/robocup_bringup/share/robocup_bringup/package.ps1'
[13.466s] INFO:colcon.colcon_core.shell:Creating package descriptor '/home/mingq/workspace/robocup_raspbot/install/robocup_bringup/share/robocup_bringup/package.dsv'
[13.466s] INFO:colcon.colcon_core.shell:Creating package script '/home/mingq/workspace/robocup_raspbot/install/robocup_bringup/share/robocup_bringup/package.sh'
[13.466s] INFO:colcon.colcon_core.shell:Creating package script '/home/mingq/workspace/robocup_raspbot/install/robocup_bringup/share/robocup_bringup/package.bash'
[13.466s] INFO:colcon.colcon_core.shell:Creating package script '/home/mingq/workspace/robocup_raspbot/install/robocup_bringup/share/robocup_bringup/package.zsh'
[13.467s] Level 1:colcon.colcon_core.environment:create_file_with_runtime_dependencies(/home/mingq/workspace/robocup_raspbot/install/robocup_bringup/share/colcon-core/packages/robocup_bringup)
[13.467s] Level 1:colcon.colcon_core.environment:create_environment_scripts_only(robocup_bringup)
[13.468s] Level 1:colcon.colcon_core.environment:checking '/home/mingq/workspace/robocup_raspbot/install/robocup_bringup' for CMake module files
[13.468s] Level 1:colcon.colcon_core.environment:checking '/home/mingq/workspace/robocup_raspbot/install/robocup_bringup' for CMake config files
[13.468s] Level 1:colcon.colcon_core.shell:create_environment_hook('robocup_bringup', 'cmake_prefix_path')
[13.468s] INFO:colcon.colcon_core.shell:Creating environment hook '/home/mingq/workspace/robocup_raspbot/install/robocup_bringup/share/robocup_bringup/hook/cmake_prefix_path.ps1'
[13.469s] INFO:colcon.colcon_core.shell:Creating environment descriptor '/home/mingq/workspace/robocup_raspbot/install/robocup_bringup/share/robocup_bringup/hook/cmake_prefix_path.dsv'
[13.469s] INFO:colcon.colcon_core.shell:Creating environment hook '/home/mingq/workspace/robocup_raspbot/install/robocup_bringup/share/robocup_bringup/hook/cmake_prefix_path.sh'
[13.470s] Level 1:colcon.colcon_core.environment:checking '/home/mingq/workspace/robocup_raspbot/install/robocup_bringup/lib'
[13.470s] Level 1:colcon.colcon_core.environment:checking '/home/mingq/workspace/robocup_raspbot/install/robocup_bringup/bin'
[13.470s] Level 1:colcon.colcon_core.environment:checking '/home/mingq/workspace/robocup_raspbot/install/robocup_bringup/lib/pkgconfig/robocup_bringup.pc'
[13.470s] Level 1:colcon.colcon_core.environment:checking '/home/mingq/workspace/robocup_raspbot/install/robocup_bringup/lib/python3.10/site-packages'
[13.471s] Level 1:colcon.colcon_core.environment:checking '/home/mingq/workspace/robocup_raspbot/install/robocup_bringup/bin'
[13.471s] INFO:colcon.colcon_core.shell:Creating package script '/home/mingq/workspace/robocup_raspbot/install/robocup_bringup/share/robocup_bringup/package.ps1'
[13.471s] INFO:colcon.colcon_core.shell:Creating package descriptor '/home/mingq/workspace/robocup_raspbot/install/robocup_bringup/share/robocup_bringup/package.dsv'
[13.472s] INFO:colcon.colcon_core.shell:Creating package script '/home/mingq/workspace/robocup_raspbot/install/robocup_bringup/share/robocup_bringup/package.sh'
[13.472s] INFO:colcon.colcon_core.shell:Creating package script '/home/mingq/workspace/robocup_raspbot/install/robocup_bringup/share/robocup_bringup/package.bash'
[13.472s] INFO:colcon.colcon_core.shell:Creating package script '/home/mingq/workspace/robocup_raspbot/install/robocup_bringup/share/robocup_bringup/package.zsh'
[13.473s] Level 1:colcon.colcon_core.environment:create_file_with_runtime_dependencies(/home/mingq/workspace/robocup_raspbot/install/robocup_bringup/share/colcon-core/packages/robocup_bringup)
[13.473s] DEBUG:colcon.colcon_parallel_executor.executor.parallel:closing loop
[13.473s] DEBUG:colcon.colcon_parallel_executor.executor.parallel:loop closed
[13.473s] DEBUG:colcon.colcon_parallel_executor.executor.parallel:run_until_complete finished with '0'
[13.473s] DEBUG:colcon.colcon_core.event_reactor:joining thread
[13.505s] INFO:colcon.colcon_core.plugin_system:Skipping extension 'colcon_notification.desktop_notification.notify_send': Could not find 'notify-send'
[13.505s] INFO:colcon.colcon_core.plugin_system:Skipping extension 'colcon_notification.desktop_notification.terminal_notifier': Not used on non-Darwin systems
[13.505s] INFO:colcon.colcon_core.plugin_system:Skipping extension 'colcon_notification.desktop_notification.win32': Not used on non-Windows systems
[13.505s] INFO:colcon.colcon_notification.desktop_notification:Sending desktop notification using 'notify2'
[13.505s] DEBUG:colcon.colcon_notification.desktop_notification.notify2:Failed to initialize notify2: org.freedesktop.DBus.Error.FileNotFound: Failed to connect to socket /run/user/1000/bus: No such file or directory
[13.506s] DEBUG:colcon.colcon_core.event_reactor:joined thread
[13.506s] INFO:colcon.colcon_core.shell:Creating prefix script '/home/mingq/workspace/robocup_raspbot/install/local_setup.ps1'
[13.507s] INFO:colcon.colcon_core.shell:Creating prefix util module '/home/mingq/workspace/robocup_raspbot/install/_local_setup_util_ps1.py'
[13.509s] INFO:colcon.colcon_core.shell:Creating prefix chain script '/home/mingq/workspace/robocup_raspbot/install/setup.ps1'
[13.510s] INFO:colcon.colcon_core.shell:Creating prefix script '/home/mingq/workspace/robocup_raspbot/install/local_setup.sh'
[13.510s] INFO:colcon.colcon_core.shell:Creating prefix util module '/home/mingq/workspace/robocup_raspbot/install/_local_setup_util_sh.py'
[13.511s] INFO:colcon.colcon_core.shell:Creating prefix chain script '/home/mingq/workspace/robocup_raspbot/install/setup.sh'
[13.512s] INFO:colcon.colcon_core.shell:Creating prefix script '/home/mingq/workspace/robocup_raspbot/install/local_setup.bash'
[13.513s] INFO:colcon.colcon_core.shell:Creating prefix chain script '/home/mingq/workspace/robocup_raspbot/install/setup.bash'
[13.514s] INFO:colcon.colcon_core.shell:Creating prefix script '/home/mingq/workspace/robocup_raspbot/install/local_setup.zsh'
[13.515s] INFO:colcon.colcon_core.shell:Creating prefix chain script '/home/mingq/workspace/robocup_raspbot/install/setup.zsh'
