-- The C compiler identification is GNU 11.4.0
-- The CXX compiler identification is GNU 11.4.0
-- Detecting C compiler ABI info
-- Detecting C compiler ABI info - done
-- Check for working C compiler: /usr/bin/cc - skipped
-- Detecting C compile features
-- Detecting C compile features - done
-- Detecting CXX compiler ABI info
-- Detecting CXX compiler ABI info - done
-- Check for working CXX compiler: /usr/bin/c++ - skipped
-- Detecting CXX compile features
-- Detecting CXX compile features - done
-- Found ament_cmake: 1.3.11 (/opt/ros/humble/share/ament_cmake/cmake)
-- Found Python3: /usr/bin/python3 (found version "3.10.12") found components: Interpreter 
-- Override CMake install command with custom implementation using symlinks instead of copying resources
-- Found builtin_interfaces: 1.2.1 (/opt/ros/humble/share/builtin_interfaces/cmake)
-- Found rosidl_generator_c: 3.1.6 (/opt/ros/humble/share/rosidl_generator_c/cmake)
-- Found rosidl_adapter: 3.1.6 (/opt/ros/humble/share/rosidl_adapter/cmake)
-- Found rosidl_generator_cpp: 3.1.6 (/opt/ros/humble/share/rosidl_generator_cpp/cmake)
-- Using all available rosidl_typesupport_c: rosidl_typesupport_fastrtps_c;rosidl_typesupport_introspection_c
-- Using all available rosidl_typesupport_cpp: rosidl_typesupport_fastrtps_cpp;rosidl_typesupport_introspection_cpp
-- Found std_msgs: 4.9.0 (/opt/ros/humble/share/std_msgs/cmake)
-- Found geometry_msgs: 4.9.0 (/opt/ros/humble/share/geometry_msgs/cmake)
-- Found rosidl_default_generators: 1.2.0 (/opt/ros/humble/share/rosidl_default_generators/cmake)
-- Found ament_cmake_ros: 0.10.0 (/opt/ros/humble/share/ament_cmake_ros/cmake)
-- Using all available rosidl_typesupport_c: rosidl_typesupport_fastrtps_c;rosidl_typesupport_introspection_c
-- Using all available rosidl_typesupport_cpp: rosidl_typesupport_fastrtps_cpp;rosidl_typesupport_introspection_cpp
-- Found PythonInterp: /usr/bin/python3 (found suitable version "3.10.12", minimum required is "3.6") 
-- Found python_cmake_module: 0.10.0 (/opt/ros/humble/share/python_cmake_module/cmake)
-- Found PythonLibs: /usr/lib/x86_64-linux-gnu/libpython3.10.so (found suitable version "3.10.12", minimum required is "3.5") 
-- Using PYTHON_EXECUTABLE: /usr/bin/python3
-- Using PYTHON_INCLUDE_DIRS: /usr/include/python3.10
-- Using PYTHON_LIBRARIES: /usr/lib/x86_64-linux-gnu/libpython3.10.so
-- Found PythonExtra: .so  
-- Configuring done
-- Generating done
-- Build files have been written to: /home/mingq/workspace/robocup_raspbot/build/robocup_msgs
[  2%] [34m[1mGenerating C code for ROS interfaces[0m
[  4%] [34m[1mGenerating C++ code for ROS interfaces[0m
[  4%] Built target ament_cmake_python_symlink_robocup_msgs
running egg_info
creating robocup_msgs.egg-info
writing robocup_msgs.egg-info/PKG-INFO
writing dependency_links to robocup_msgs.egg-info/dependency_links.txt
writing top-level names to robocup_msgs.egg-info/top_level.txt
writing manifest file 'robocup_msgs.egg-info/SOURCES.txt'
reading manifest file 'robocup_msgs.egg-info/SOURCES.txt'
writing manifest file 'robocup_msgs.egg-info/SOURCES.txt'
[  4%] Built target ament_cmake_python_build_robocup_msgs_egg
[  8%] [32mBuilding C object CMakeFiles/robocup_msgs__rosidl_generator_c.dir/rosidl_generator_c/robocup_msgs/msg/detail/bounding_box2_d__functions.c.o[0m
[  8%] [32mBuilding C object CMakeFiles/robocup_msgs__rosidl_generator_c.dir/rosidl_generator_c/robocup_msgs/msg/detail/object_detection2_d_array__functions.c.o[0m
[ 10%] [32mBuilding C object CMakeFiles/robocup_msgs__rosidl_generator_c.dir/rosidl_generator_c/robocup_msgs/msg/detail/object_detection2_d__functions.c.o[0m
[ 10%] Built target robocup_msgs__cpp
[ 14%] [34m[1mGenerating C++ type support dispatch for ROS interfaces[0m
[ 14%] [34m[1mGenerating C++ introspection for ROS interfaces[0m
[ 17%] [34m[1mGenerating C++ type support for eProsima Fast-RTPS[0m
[ 19%] [32m[1mLinking C shared library librobocup_msgs__rosidl_generator_c.so[0m
[ 19%] Built target robocup_msgs__rosidl_generator_c
[ 23%] [34m[1mGenerating C type support for eProsima Fast-RTPS[0m
[ 23%] [34m[1mGenerating C type support dispatch for ROS interfaces[0m
[ 25%] [34m[1mGenerating C introspection for ROS interfaces[0m
[ 27%] [32mBuilding CXX object CMakeFiles/robocup_msgs__rosidl_typesupport_cpp.dir/rosidl_typesupport_cpp/robocup_msgs/msg/object_detection2_d__type_support.cpp.o[0m
[ 29%] [32mBuilding CXX object CMakeFiles/robocup_msgs__rosidl_typesupport_cpp.dir/rosidl_typesupport_cpp/robocup_msgs/msg/bounding_box2_d__type_support.cpp.o[0m
[ 31%] [32mBuilding CXX object CMakeFiles/robocup_msgs__rosidl_typesupport_cpp.dir/rosidl_typesupport_cpp/robocup_msgs/msg/object_detection2_d_array__type_support.cpp.o[0m
[ 34%] [32mBuilding CXX object CMakeFiles/robocup_msgs__rosidl_typesupport_introspection_cpp.dir/rosidl_typesupport_introspection_cpp/robocup_msgs/msg/detail/object_detection2_d__type_support.cpp.o[0m
[ 36%] [32mBuilding CXX object CMakeFiles/robocup_msgs__rosidl_typesupport_introspection_cpp.dir/rosidl_typesupport_introspection_cpp/robocup_msgs/msg/detail/bounding_box2_d__type_support.cpp.o[0m
[ 38%] [32mBuilding CXX object CMakeFiles/robocup_msgs__rosidl_typesupport_introspection_cpp.dir/rosidl_typesupport_introspection_cpp/robocup_msgs/msg/detail/object_detection2_d_array__type_support.cpp.o[0m
[ 40%] [32mBuilding CXX object CMakeFiles/robocup_msgs__rosidl_typesupport_fastrtps_cpp.dir/rosidl_typesupport_fastrtps_cpp/robocup_msgs/msg/detail/dds_fastrtps/bounding_box2_d__type_support.cpp.o[0m
[ 42%] [32mBuilding CXX object CMakeFiles/robocup_msgs__rosidl_typesupport_fastrtps_cpp.dir/rosidl_typesupport_fastrtps_cpp/robocup_msgs/msg/detail/dds_fastrtps/object_detection2_d__type_support.cpp.o[0m
[ 44%] [32mBuilding CXX object CMakeFiles/robocup_msgs__rosidl_typesupport_fastrtps_cpp.dir/rosidl_typesupport_fastrtps_cpp/robocup_msgs/msg/detail/dds_fastrtps/object_detection2_d_array__type_support.cpp.o[0m
[ 46%] [32mBuilding CXX object CMakeFiles/robocup_msgs__rosidl_typesupport_c.dir/rosidl_typesupport_c/robocup_msgs/msg/bounding_box2_d__type_support.cpp.o[0m
[ 48%] [32mBuilding CXX object CMakeFiles/robocup_msgs__rosidl_typesupport_c.dir/rosidl_typesupport_c/robocup_msgs/msg/object_detection2_d_array__type_support.cpp.o[0m
[ 51%] [32mBuilding CXX object CMakeFiles/robocup_msgs__rosidl_typesupport_c.dir/rosidl_typesupport_c/robocup_msgs/msg/object_detection2_d__type_support.cpp.o[0m
[ 53%] [32mBuilding C object CMakeFiles/robocup_msgs__rosidl_typesupport_introspection_c.dir/rosidl_typesupport_introspection_c/robocup_msgs/msg/detail/bounding_box2_d__type_support.c.o[0m
[ 55%] [32mBuilding C object CMakeFiles/robocup_msgs__rosidl_typesupport_introspection_c.dir/rosidl_typesupport_introspection_c/robocup_msgs/msg/detail/object_detection2_d_array__type_support.c.o[0m
[ 57%] [32mBuilding C object CMakeFiles/robocup_msgs__rosidl_typesupport_introspection_c.dir/rosidl_typesupport_introspection_c/robocup_msgs/msg/detail/object_detection2_d__type_support.c.o[0m
[ 59%] [32mBuilding CXX object CMakeFiles/robocup_msgs__rosidl_typesupport_fastrtps_c.dir/rosidl_typesupport_fastrtps_c/robocup_msgs/msg/detail/bounding_box2_d__type_support_c.cpp.o[0m
[ 61%] [32mBuilding CXX object CMakeFiles/robocup_msgs__rosidl_typesupport_fastrtps_c.dir/rosidl_typesupport_fastrtps_c/robocup_msgs/msg/detail/object_detection2_d_array__type_support_c.cpp.o[0m
[ 63%] [32mBuilding CXX object CMakeFiles/robocup_msgs__rosidl_typesupport_fastrtps_c.dir/rosidl_typesupport_fastrtps_c/robocup_msgs/msg/detail/object_detection2_d__type_support_c.cpp.o[0m
[ 65%] [32m[1mLinking CXX shared library librobocup_msgs__rosidl_typesupport_c.so[0m
[ 68%] [32m[1mLinking C shared library librobocup_msgs__rosidl_typesupport_introspection_c.so[0m
[ 68%] Built target robocup_msgs__rosidl_typesupport_c
[ 68%] Built target robocup_msgs__rosidl_typesupport_introspection_c
[ 70%] [32m[1mLinking CXX shared library librobocup_msgs__rosidl_typesupport_cpp.so[0m
[ 70%] Built target robocup_msgs__rosidl_typesupport_cpp
[ 72%] [32m[1mLinking CXX shared library librobocup_msgs__rosidl_typesupport_introspection_cpp.so[0m
[ 74%] [32m[1mLinking CXX shared library librobocup_msgs__rosidl_typesupport_fastrtps_cpp.so[0m
[ 76%] [32m[1mLinking CXX shared library librobocup_msgs__rosidl_typesupport_fastrtps_c.so[0m
[ 76%] Built target robocup_msgs__rosidl_typesupport_introspection_cpp
[ 76%] Built target robocup_msgs__rosidl_typesupport_fastrtps_cpp
[ 76%] Built target robocup_msgs__rosidl_typesupport_fastrtps_c
[ 76%] Built target robocup_msgs
[ 78%] [34m[1mGenerating Python code for ROS interfaces[0m
[ 78%] Built target robocup_msgs__py
[ 85%] [32mBuilding C object CMakeFiles/robocup_msgs__rosidl_generator_py.dir/rosidl_generator_py/robocup_msgs/msg/_bounding_box2_d_s.c.o[0m
[ 85%] [32mBuilding C object CMakeFiles/robocup_msgs__rosidl_generator_py.dir/rosidl_generator_py/robocup_msgs/msg/_object_detection2_d_array_s.c.o[0m
[ 85%] [32mBuilding C object CMakeFiles/robocup_msgs__rosidl_generator_py.dir/rosidl_generator_py/robocup_msgs/msg/_object_detection2_d_s.c.o[0m
[ 87%] [32m[1mLinking C shared library rosidl_generator_py/robocup_msgs/librobocup_msgs__rosidl_generator_py.so[0m
[ 87%] Built target robocup_msgs__rosidl_generator_py
[ 89%] [32mBuilding C object CMakeFiles/robocup_msgs__rosidl_typesupport_introspection_c__pyext.dir/rosidl_generator_py/robocup_msgs/_robocup_msgs_s.ep.rosidl_typesupport_introspection_c.c.o[0m
[ 91%] [32mBuilding C object CMakeFiles/robocup_msgs__rosidl_typesupport_fastrtps_c__pyext.dir/rosidl_generator_py/robocup_msgs/_robocup_msgs_s.ep.rosidl_typesupport_fastrtps_c.c.o[0m
[ 93%] [32mBuilding C object CMakeFiles/robocup_msgs__rosidl_typesupport_c__pyext.dir/rosidl_generator_py/robocup_msgs/_robocup_msgs_s.ep.rosidl_typesupport_c.c.o[0m
[ 95%] [32m[1mLinking C shared library rosidl_generator_py/robocup_msgs/robocup_msgs_s__rosidl_typesupport_fastrtps_c.cpython-310-x86_64-linux-gnu.so[0m
[ 97%] [32m[1mLinking C shared library rosidl_generator_py/robocup_msgs/robocup_msgs_s__rosidl_typesupport_c.cpython-310-x86_64-linux-gnu.so[0m
[100%] [32m[1mLinking C shared library rosidl_generator_py/robocup_msgs/robocup_msgs_s__rosidl_typesupport_introspection_c.cpython-310-x86_64-linux-gnu.so[0m
[100%] Built target robocup_msgs__rosidl_typesupport_introspection_c__pyext
[100%] Built target robocup_msgs__rosidl_typesupport_fastrtps_c__pyext
[100%] Built target robocup_msgs__rosidl_typesupport_c__pyext
-- Install configuration: ""
-- Execute custom install script
-- Symlinking: /home/mingq/workspace/robocup_raspbot/install/robocup_msgs/share/ament_index/resource_index/rosidl_interfaces/robocup_msgs
-- Symlinking: /home/mingq/workspace/robocup_raspbot/install/robocup_msgs/include/robocup_msgs/robocup_msgs/msg/bounding_box2_d.h
-- Symlinking: /home/mingq/workspace/robocup_raspbot/install/robocup_msgs/include/robocup_msgs/robocup_msgs/msg/detail/bounding_box2_d__functions.h
-- Symlinking: /home/mingq/workspace/robocup_raspbot/install/robocup_msgs/include/robocup_msgs/robocup_msgs/msg/detail/bounding_box2_d__struct.h
-- Symlinking: /home/mingq/workspace/robocup_raspbot/install/robocup_msgs/include/robocup_msgs/robocup_msgs/msg/detail/bounding_box2_d__type_support.h
-- Symlinking: /home/mingq/workspace/robocup_raspbot/install/robocup_msgs/include/robocup_msgs/robocup_msgs/msg/detail/object_detection2_d__functions.h
-- Symlinking: /home/mingq/workspace/robocup_raspbot/install/robocup_msgs/include/robocup_msgs/robocup_msgs/msg/detail/object_detection2_d__struct.h
-- Symlinking: /home/mingq/workspace/robocup_raspbot/install/robocup_msgs/include/robocup_msgs/robocup_msgs/msg/detail/object_detection2_d__type_support.h
-- Symlinking: /home/mingq/workspace/robocup_raspbot/install/robocup_msgs/include/robocup_msgs/robocup_msgs/msg/detail/object_detection2_d_array__functions.h
-- Symlinking: /home/mingq/workspace/robocup_raspbot/install/robocup_msgs/include/robocup_msgs/robocup_msgs/msg/detail/object_detection2_d_array__struct.h
-- Symlinking: /home/mingq/workspace/robocup_raspbot/install/robocup_msgs/include/robocup_msgs/robocup_msgs/msg/detail/object_detection2_d_array__type_support.h
-- Symlinking: /home/mingq/workspace/robocup_raspbot/install/robocup_msgs/include/robocup_msgs/robocup_msgs/msg/object_detection2_d.h
-- Symlinking: /home/mingq/workspace/robocup_raspbot/install/robocup_msgs/include/robocup_msgs/robocup_msgs/msg/object_detection2_d_array.h
-- Symlinking: /home/mingq/workspace/robocup_raspbot/install/robocup_msgs/include/robocup_msgs/robocup_msgs/msg/rosidl_generator_c__visibility_control.h
-- Symlinking: /home/mingq/workspace/robocup_raspbot/install/robocup_msgs/share/robocup_msgs/environment/library_path.sh
-- Symlinking: /home/mingq/workspace/robocup_raspbot/install/robocup_msgs/share/robocup_msgs/environment/library_path.dsv
-- Symlinking: /home/mingq/workspace/robocup_raspbot/install/robocup_msgs/include/robocup_msgs/robocup_msgs/msg/detail/bounding_box2_d__rosidl_typesupport_fastrtps_c.h
-- Symlinking: /home/mingq/workspace/robocup_raspbot/install/robocup_msgs/include/robocup_msgs/robocup_msgs/msg/detail/object_detection2_d__rosidl_typesupport_fastrtps_c.h
-- Symlinking: /home/mingq/workspace/robocup_raspbot/install/robocup_msgs/include/robocup_msgs/robocup_msgs/msg/detail/object_detection2_d_array__rosidl_typesupport_fastrtps_c.h
-- Symlinking: /home/mingq/workspace/robocup_raspbot/install/robocup_msgs/include/robocup_msgs/robocup_msgs/msg/rosidl_typesupport_fastrtps_c__visibility_control.h
-- Symlinking: /home/mingq/workspace/robocup_raspbot/install/robocup_msgs/include/robocup_msgs/robocup_msgs/msg/bounding_box2_d.hpp
-- Symlinking: /home/mingq/workspace/robocup_raspbot/install/robocup_msgs/include/robocup_msgs/robocup_msgs/msg/detail/bounding_box2_d__builder.hpp
-- Symlinking: /home/mingq/workspace/robocup_raspbot/install/robocup_msgs/include/robocup_msgs/robocup_msgs/msg/detail/bounding_box2_d__struct.hpp
-- Symlinking: /home/mingq/workspace/robocup_raspbot/install/robocup_msgs/include/robocup_msgs/robocup_msgs/msg/detail/bounding_box2_d__traits.hpp
-- Symlinking: /home/mingq/workspace/robocup_raspbot/install/robocup_msgs/include/robocup_msgs/robocup_msgs/msg/detail/bounding_box2_d__type_support.hpp
-- Symlinking: /home/mingq/workspace/robocup_raspbot/install/robocup_msgs/include/robocup_msgs/robocup_msgs/msg/detail/object_detection2_d__builder.hpp
-- Symlinking: /home/mingq/workspace/robocup_raspbot/install/robocup_msgs/include/robocup_msgs/robocup_msgs/msg/detail/object_detection2_d__struct.hpp
-- Symlinking: /home/mingq/workspace/robocup_raspbot/install/robocup_msgs/include/robocup_msgs/robocup_msgs/msg/detail/object_detection2_d__traits.hpp
-- Symlinking: /home/mingq/workspace/robocup_raspbot/install/robocup_msgs/include/robocup_msgs/robocup_msgs/msg/detail/object_detection2_d__type_support.hpp
-- Symlinking: /home/mingq/workspace/robocup_raspbot/install/robocup_msgs/include/robocup_msgs/robocup_msgs/msg/detail/object_detection2_d_array__builder.hpp
-- Symlinking: /home/mingq/workspace/robocup_raspbot/install/robocup_msgs/include/robocup_msgs/robocup_msgs/msg/detail/object_detection2_d_array__struct.hpp
-- Symlinking: /home/mingq/workspace/robocup_raspbot/install/robocup_msgs/include/robocup_msgs/robocup_msgs/msg/detail/object_detection2_d_array__traits.hpp
-- Symlinking: /home/mingq/workspace/robocup_raspbot/install/robocup_msgs/include/robocup_msgs/robocup_msgs/msg/detail/object_detection2_d_array__type_support.hpp
-- Symlinking: /home/mingq/workspace/robocup_raspbot/install/robocup_msgs/include/robocup_msgs/robocup_msgs/msg/object_detection2_d.hpp
-- Symlinking: /home/mingq/workspace/robocup_raspbot/install/robocup_msgs/include/robocup_msgs/robocup_msgs/msg/object_detection2_d_array.hpp
-- Symlinking: /home/mingq/workspace/robocup_raspbot/install/robocup_msgs/include/robocup_msgs/robocup_msgs/msg/rosidl_generator_cpp__visibility_control.hpp
-- Symlinking: /home/mingq/workspace/robocup_raspbot/install/robocup_msgs/include/robocup_msgs/robocup_msgs/msg/detail/bounding_box2_d__rosidl_typesupport_fastrtps_cpp.hpp
-- Symlinking: /home/mingq/workspace/robocup_raspbot/install/robocup_msgs/include/robocup_msgs/robocup_msgs/msg/detail/object_detection2_d__rosidl_typesupport_fastrtps_cpp.hpp
-- Symlinking: /home/mingq/workspace/robocup_raspbot/install/robocup_msgs/include/robocup_msgs/robocup_msgs/msg/detail/object_detection2_d_array__rosidl_typesupport_fastrtps_cpp.hpp
-- Symlinking: /home/mingq/workspace/robocup_raspbot/install/robocup_msgs/include/robocup_msgs/robocup_msgs/msg/rosidl_typesupport_fastrtps_cpp__visibility_control.h
-- Symlinking: /home/mingq/workspace/robocup_raspbot/install/robocup_msgs/include/robocup_msgs/robocup_msgs/msg/detail/bounding_box2_d__rosidl_typesupport_introspection_c.h
-- Symlinking: /home/mingq/workspace/robocup_raspbot/install/robocup_msgs/include/robocup_msgs/robocup_msgs/msg/detail/object_detection2_d__rosidl_typesupport_introspection_c.h
-- Symlinking: /home/mingq/workspace/robocup_raspbot/install/robocup_msgs/include/robocup_msgs/robocup_msgs/msg/detail/object_detection2_d_array__rosidl_typesupport_introspection_c.h
-- Symlinking: /home/mingq/workspace/robocup_raspbot/install/robocup_msgs/include/robocup_msgs/robocup_msgs/msg/rosidl_typesupport_introspection_c__visibility_control.h
-- Symlinking: /home/mingq/workspace/robocup_raspbot/install/robocup_msgs/include/robocup_msgs/robocup_msgs/msg/detail/bounding_box2_d__rosidl_typesupport_introspection_cpp.hpp
-- Symlinking: /home/mingq/workspace/robocup_raspbot/install/robocup_msgs/include/robocup_msgs/robocup_msgs/msg/detail/object_detection2_d__rosidl_typesupport_introspection_cpp.hpp
-- Symlinking: /home/mingq/workspace/robocup_raspbot/install/robocup_msgs/include/robocup_msgs/robocup_msgs/msg/detail/object_detection2_d_array__rosidl_typesupport_introspection_cpp.hpp
-- Symlinking: /home/mingq/workspace/robocup_raspbot/install/robocup_msgs/share/robocup_msgs/environment/pythonpath.sh
-- Symlinking: /home/mingq/workspace/robocup_raspbot/install/robocup_msgs/share/robocup_msgs/environment/pythonpath.dsv
-- Symlinking: /home/mingq/workspace/robocup_raspbot/install/robocup_msgs/local/lib/python3.10/dist-packages/robocup_msgs-0.0.0-py3.10.egg-info/PKG-INFO
-- Symlinking: /home/mingq/workspace/robocup_raspbot/install/robocup_msgs/local/lib/python3.10/dist-packages/robocup_msgs-0.0.0-py3.10.egg-info/SOURCES.txt
-- Symlinking: /home/mingq/workspace/robocup_raspbot/install/robocup_msgs/local/lib/python3.10/dist-packages/robocup_msgs-0.0.0-py3.10.egg-info/dependency_links.txt
-- Symlinking: /home/mingq/workspace/robocup_raspbot/install/robocup_msgs/local/lib/python3.10/dist-packages/robocup_msgs-0.0.0-py3.10.egg-info/top_level.txt
-- Symlinking: /home/mingq/workspace/robocup_raspbot/install/robocup_msgs/local/lib/python3.10/dist-packages/robocup_msgs/__init__.py
-- Symlinking: /home/mingq/workspace/robocup_raspbot/install/robocup_msgs/local/lib/python3.10/dist-packages/robocup_msgs/_robocup_msgs_s.ep.rosidl_typesupport_c.c
-- Symlinking: /home/mingq/workspace/robocup_raspbot/install/robocup_msgs/local/lib/python3.10/dist-packages/robocup_msgs/_robocup_msgs_s.ep.rosidl_typesupport_fastrtps_c.c
-- Symlinking: /home/mingq/workspace/robocup_raspbot/install/robocup_msgs/local/lib/python3.10/dist-packages/robocup_msgs/_robocup_msgs_s.ep.rosidl_typesupport_introspection_c.c
-- Symlinking: /home/mingq/workspace/robocup_raspbot/install/robocup_msgs/local/lib/python3.10/dist-packages/robocup_msgs/librobocup_msgs__rosidl_generator_py.so
-- Symlinking: /home/mingq/workspace/robocup_raspbot/install/robocup_msgs/local/lib/python3.10/dist-packages/robocup_msgs/msg/__init__.py
-- Symlinking: /home/mingq/workspace/robocup_raspbot/install/robocup_msgs/local/lib/python3.10/dist-packages/robocup_msgs/msg/_bounding_box2_d.py
-- Symlinking: /home/mingq/workspace/robocup_raspbot/install/robocup_msgs/local/lib/python3.10/dist-packages/robocup_msgs/msg/_bounding_box2_d_s.c
-- Symlinking: /home/mingq/workspace/robocup_raspbot/install/robocup_msgs/local/lib/python3.10/dist-packages/robocup_msgs/msg/_object_detection2_d.py
-- Symlinking: /home/mingq/workspace/robocup_raspbot/install/robocup_msgs/local/lib/python3.10/dist-packages/robocup_msgs/msg/_object_detection2_d_array.py
-- Symlinking: /home/mingq/workspace/robocup_raspbot/install/robocup_msgs/local/lib/python3.10/dist-packages/robocup_msgs/msg/_object_detection2_d_array_s.c
-- Symlinking: /home/mingq/workspace/robocup_raspbot/install/robocup_msgs/local/lib/python3.10/dist-packages/robocup_msgs/msg/_object_detection2_d_s.c
-- Symlinking: /home/mingq/workspace/robocup_raspbot/install/robocup_msgs/local/lib/python3.10/dist-packages/robocup_msgs/robocup_msgs_s__rosidl_typesupport_c.cpython-310-x86_64-linux-gnu.so
-- Symlinking: /home/mingq/workspace/robocup_raspbot/install/robocup_msgs/local/lib/python3.10/dist-packages/robocup_msgs/robocup_msgs_s__rosidl_typesupport_fastrtps_c.cpython-310-x86_64-linux-gnu.so
-- Symlinking: /home/mingq/workspace/robocup_raspbot/install/robocup_msgs/local/lib/python3.10/dist-packages/robocup_msgs/robocup_msgs_s__rosidl_typesupport_introspection_c.cpython-310-x86_64-linux-gnu.so
-- Up-to-date symlink: /home/mingq/workspace/robocup_raspbot/install/robocup_msgs/local/lib/python3.10/dist-packages/robocup_msgs/robocup_msgs_s__rosidl_typesupport_fastrtps_c.cpython-310-x86_64-linux-gnu.so
-- Up-to-date symlink: /home/mingq/workspace/robocup_raspbot/install/robocup_msgs/local/lib/python3.10/dist-packages/robocup_msgs/robocup_msgs_s__rosidl_typesupport_introspection_c.cpython-310-x86_64-linux-gnu.so
-- Up-to-date symlink: /home/mingq/workspace/robocup_raspbot/install/robocup_msgs/local/lib/python3.10/dist-packages/robocup_msgs/robocup_msgs_s__rosidl_typesupport_c.cpython-310-x86_64-linux-gnu.so
-- Symlinking: /home/mingq/workspace/robocup_raspbot/install/robocup_msgs/share/robocup_msgs/msg/BoundingBox2D.idl
-- Symlinking: /home/mingq/workspace/robocup_raspbot/install/robocup_msgs/share/robocup_msgs/msg/ObjectDetection2D.idl
-- Symlinking: /home/mingq/workspace/robocup_raspbot/install/robocup_msgs/share/robocup_msgs/msg/ObjectDetection2DArray.idl
-- Symlinking: /home/mingq/workspace/robocup_raspbot/install/robocup_msgs/share/robocup_msgs/msg/BoundingBox2D.msg
-- Symlinking: /home/mingq/workspace/robocup_raspbot/install/robocup_msgs/share/robocup_msgs/msg/ObjectDetection2D.msg
-- Symlinking: /home/mingq/workspace/robocup_raspbot/install/robocup_msgs/share/robocup_msgs/msg/ObjectDetection2DArray.msg
-- Symlinking: /home/mingq/workspace/robocup_raspbot/install/robocup_msgs/share/ament_index/resource_index/package_run_dependencies/robocup_msgs
-- Symlinking: /home/mingq/workspace/robocup_raspbot/install/robocup_msgs/share/ament_index/resource_index/parent_prefix_path/robocup_msgs
-- Symlinking: /home/mingq/workspace/robocup_raspbot/install/robocup_msgs/share/robocup_msgs/environment/ament_prefix_path.sh
-- Symlinking: /home/mingq/workspace/robocup_raspbot/install/robocup_msgs/share/robocup_msgs/environment/ament_prefix_path.dsv
-- Symlinking: /home/mingq/workspace/robocup_raspbot/install/robocup_msgs/share/robocup_msgs/environment/path.sh
-- Symlinking: /home/mingq/workspace/robocup_raspbot/install/robocup_msgs/share/robocup_msgs/environment/path.dsv
-- Symlinking: /home/mingq/workspace/robocup_raspbot/install/robocup_msgs/share/robocup_msgs/local_setup.bash
-- Symlinking: /home/mingq/workspace/robocup_raspbot/install/robocup_msgs/share/robocup_msgs/local_setup.sh
-- Symlinking: /home/mingq/workspace/robocup_raspbot/install/robocup_msgs/share/robocup_msgs/local_setup.zsh
-- Symlinking: /home/mingq/workspace/robocup_raspbot/install/robocup_msgs/share/robocup_msgs/local_setup.dsv
-- Symlinking: /home/mingq/workspace/robocup_raspbot/install/robocup_msgs/share/robocup_msgs/package.dsv
-- Symlinking: /home/mingq/workspace/robocup_raspbot/install/robocup_msgs/share/ament_index/resource_index/packages/robocup_msgs
-- Symlinking: /home/mingq/workspace/robocup_raspbot/install/robocup_msgs/share/robocup_msgs/cmake/rosidl_cmake-extras.cmake
-- Symlinking: /home/mingq/workspace/robocup_raspbot/install/robocup_msgs/share/robocup_msgs/cmake/ament_cmake_export_dependencies-extras.cmake
-- Symlinking: /home/mingq/workspace/robocup_raspbot/install/robocup_msgs/share/robocup_msgs/cmake/ament_cmake_export_include_directories-extras.cmake
-- Symlinking: /home/mingq/workspace/robocup_raspbot/install/robocup_msgs/share/robocup_msgs/cmake/ament_cmake_export_libraries-extras.cmake
-- Symlinking: /home/mingq/workspace/robocup_raspbot/install/robocup_msgs/share/robocup_msgs/cmake/ament_cmake_export_targets-extras.cmake
-- Symlinking: /home/mingq/workspace/robocup_raspbot/install/robocup_msgs/share/robocup_msgs/cmake/rosidl_cmake_export_typesupport_targets-extras.cmake
-- Symlinking: /home/mingq/workspace/robocup_raspbot/install/robocup_msgs/share/robocup_msgs/cmake/rosidl_cmake_export_typesupport_libraries-extras.cmake
-- Symlinking: /home/mingq/workspace/robocup_raspbot/install/robocup_msgs/share/robocup_msgs/cmake/robocup_msgsConfig.cmake
-- Symlinking: /home/mingq/workspace/robocup_raspbot/install/robocup_msgs/share/robocup_msgs/cmake/robocup_msgsConfig-version.cmake
-- Symlinking: /home/mingq/workspace/robocup_raspbot/install/robocup_msgs/share/robocup_msgs/package.xml
-- Installing: /home/mingq/workspace/robocup_raspbot/install/robocup_msgs/lib/librobocup_msgs__rosidl_generator_c.so
-- Set runtime path of "/home/mingq/workspace/robocup_raspbot/install/robocup_msgs/lib/librobocup_msgs__rosidl_generator_c.so" to ""
-- Installing: /home/mingq/workspace/robocup_raspbot/install/robocup_msgs/lib/librobocup_msgs__rosidl_typesupport_fastrtps_c.so
-- Set runtime path of "/home/mingq/workspace/robocup_raspbot/install/robocup_msgs/lib/librobocup_msgs__rosidl_typesupport_fastrtps_c.so" to ""
-- Installing: /home/mingq/workspace/robocup_raspbot/install/robocup_msgs/lib/librobocup_msgs__rosidl_typesupport_fastrtps_cpp.so
-- Set runtime path of "/home/mingq/workspace/robocup_raspbot/install/robocup_msgs/lib/librobocup_msgs__rosidl_typesupport_fastrtps_cpp.so" to ""
-- Installing: /home/mingq/workspace/robocup_raspbot/install/robocup_msgs/lib/librobocup_msgs__rosidl_typesupport_introspection_c.so
-- Set runtime path of "/home/mingq/workspace/robocup_raspbot/install/robocup_msgs/lib/librobocup_msgs__rosidl_typesupport_introspection_c.so" to ""
-- Installing: /home/mingq/workspace/robocup_raspbot/install/robocup_msgs/lib/librobocup_msgs__rosidl_typesupport_c.so
-- Set runtime path of "/home/mingq/workspace/robocup_raspbot/install/robocup_msgs/lib/librobocup_msgs__rosidl_typesupport_c.so" to ""
-- Installing: /home/mingq/workspace/robocup_raspbot/install/robocup_msgs/lib/librobocup_msgs__rosidl_typesupport_introspection_cpp.so
-- Set runtime path of "/home/mingq/workspace/robocup_raspbot/install/robocup_msgs/lib/librobocup_msgs__rosidl_typesupport_introspection_cpp.so" to ""
-- Installing: /home/mingq/workspace/robocup_raspbot/install/robocup_msgs/lib/librobocup_msgs__rosidl_typesupport_cpp.so
-- Set runtime path of "/home/mingq/workspace/robocup_raspbot/install/robocup_msgs/lib/librobocup_msgs__rosidl_typesupport_cpp.so" to ""
Listing '/home/mingq/workspace/robocup_raspbot/install/robocup_msgs/local/lib/python3.10/dist-packages/robocup_msgs'...
Compiling '/home/mingq/workspace/robocup_raspbot/install/robocup_msgs/local/lib/python3.10/dist-packages/robocup_msgs/__init__.py'...
Listing '/home/mingq/workspace/robocup_raspbot/install/robocup_msgs/local/lib/python3.10/dist-packages/robocup_msgs/msg'...
Compiling '/home/mingq/workspace/robocup_raspbot/install/robocup_msgs/local/lib/python3.10/dist-packages/robocup_msgs/msg/__init__.py'...
Compiling '/home/mingq/workspace/robocup_raspbot/install/robocup_msgs/local/lib/python3.10/dist-packages/robocup_msgs/msg/_bounding_box2_d.py'...
Compiling '/home/mingq/workspace/robocup_raspbot/install/robocup_msgs/local/lib/python3.10/dist-packages/robocup_msgs/msg/_object_detection2_d.py'...
Compiling '/home/mingq/workspace/robocup_raspbot/install/robocup_msgs/local/lib/python3.10/dist-packages/robocup_msgs/msg/_object_detection2_d_array.py'...
-- Installing: /home/mingq/workspace/robocup_raspbot/install/robocup_msgs/lib/librobocup_msgs__rosidl_generator_py.so
-- Set runtime path of "/home/mingq/workspace/robocup_raspbot/install/robocup_msgs/lib/librobocup_msgs__rosidl_generator_py.so" to ""
-- Installing: /home/mingq/workspace/robocup_raspbot/install/robocup_msgs/share/robocup_msgs/cmake/export_robocup_msgs__rosidl_generator_cExport.cmake
-- Installing: /home/mingq/workspace/robocup_raspbot/install/robocup_msgs/share/robocup_msgs/cmake/export_robocup_msgs__rosidl_generator_cExport-noconfig.cmake
-- Installing: /home/mingq/workspace/robocup_raspbot/install/robocup_msgs/share/robocup_msgs/cmake/export_robocup_msgs__rosidl_typesupport_fastrtps_cExport.cmake
-- Installing: /home/mingq/workspace/robocup_raspbot/install/robocup_msgs/share/robocup_msgs/cmake/export_robocup_msgs__rosidl_typesupport_fastrtps_cExport-noconfig.cmake
-- Installing: /home/mingq/workspace/robocup_raspbot/install/robocup_msgs/share/robocup_msgs/cmake/export_robocup_msgs__rosidl_generator_cppExport.cmake
-- Installing: /home/mingq/workspace/robocup_raspbot/install/robocup_msgs/share/robocup_msgs/cmake/export_robocup_msgs__rosidl_typesupport_fastrtps_cppExport.cmake
-- Installing: /home/mingq/workspace/robocup_raspbot/install/robocup_msgs/share/robocup_msgs/cmake/export_robocup_msgs__rosidl_typesupport_fastrtps_cppExport-noconfig.cmake
-- Installing: /home/mingq/workspace/robocup_raspbot/install/robocup_msgs/share/robocup_msgs/cmake/robocup_msgs__rosidl_typesupport_introspection_cExport.cmake
-- Installing: /home/mingq/workspace/robocup_raspbot/install/robocup_msgs/share/robocup_msgs/cmake/robocup_msgs__rosidl_typesupport_introspection_cExport-noconfig.cmake
-- Installing: /home/mingq/workspace/robocup_raspbot/install/robocup_msgs/share/robocup_msgs/cmake/robocup_msgs__rosidl_typesupport_cExport.cmake
-- Installing: /home/mingq/workspace/robocup_raspbot/install/robocup_msgs/share/robocup_msgs/cmake/robocup_msgs__rosidl_typesupport_cExport-noconfig.cmake
-- Installing: /home/mingq/workspace/robocup_raspbot/install/robocup_msgs/share/robocup_msgs/cmake/robocup_msgs__rosidl_typesupport_introspection_cppExport.cmake
-- Installing: /home/mingq/workspace/robocup_raspbot/install/robocup_msgs/share/robocup_msgs/cmake/robocup_msgs__rosidl_typesupport_introspection_cppExport-noconfig.cmake
-- Installing: /home/mingq/workspace/robocup_raspbot/install/robocup_msgs/share/robocup_msgs/cmake/robocup_msgs__rosidl_typesupport_cppExport.cmake
-- Installing: /home/mingq/workspace/robocup_raspbot/install/robocup_msgs/share/robocup_msgs/cmake/robocup_msgs__rosidl_typesupport_cppExport-noconfig.cmake
-- Installing: /home/mingq/workspace/robocup_raspbot/install/robocup_msgs/share/robocup_msgs/cmake/export_robocup_msgs__rosidl_generator_pyExport.cmake
-- Installing: /home/mingq/workspace/robocup_raspbot/install/robocup_msgs/share/robocup_msgs/cmake/export_robocup_msgs__rosidl_generator_pyExport-noconfig.cmake
