[0.017s] Invoking command in '/home/mingq/workspace/robocup_raspbot/build/robocup_msgs': CMAKE_PREFIX_PATH=/opt/ros/humble /usr/bin/cmake /home/mingq/workspace/robocup_raspbot/src/robocup_interfaces/robocup_msgs -DAMENT_CMAKE_SYMLINK_INSTALL=1 -DCMAKE_INSTALL_PREFIX=/home/mingq/workspace/robocup_raspbot/install/robocup_msgs
[0.239s] -- The C compiler identification is GNU 11.4.0
[0.421s] -- The CXX compiler identification is GNU 11.4.0
[0.523s] -- Detecting C compiler ABI info
[0.604s] -- Detecting C compiler ABI info - done
[0.609s] -- Check for working C compiler: /usr/bin/cc - skipped
[0.610s] -- Detecting C compile features
[0.611s] -- Detecting C compile features - done
[0.615s] -- Detecting CXX compiler ABI info
[0.703s] -- Detecting CXX compiler ABI info - done
[0.708s] -- Check for working CXX compiler: /usr/bin/c++ - skipped
[0.708s] -- Detecting CXX compile features
[0.709s] -- Detecting CXX compile features - done
[0.729s] -- Found ament_cmake: 1.3.11 (/opt/ros/humble/share/ament_cmake/cmake)
[0.858s] -- Found Python3: /usr/bin/python3 (found version "3.10.12") found components: Interpreter 
[0.919s] -- Override CMake install command with custom implementation using symlinks instead of copying resources
[0.956s] -- Found builtin_interfaces: 1.2.1 (/opt/ros/humble/share/builtin_interfaces/cmake)
[1.055s] -- Found rosidl_generator_c: 3.1.6 (/opt/ros/humble/share/rosidl_generator_c/cmake)
[1.059s] -- Found rosidl_adapter: 3.1.6 (/opt/ros/humble/share/rosidl_adapter/cmake)
[1.066s] -- Found rosidl_generator_cpp: 3.1.6 (/opt/ros/humble/share/rosidl_generator_cpp/cmake)
[1.083s] -- Using all available rosidl_typesupport_c: rosidl_typesupport_fastrtps_c;rosidl_typesupport_introspection_c
[1.094s] -- Using all available rosidl_typesupport_cpp: rosidl_typesupport_fastrtps_cpp;rosidl_typesupport_introspection_cpp
[1.113s] -- Found std_msgs: 4.9.0 (/opt/ros/humble/share/std_msgs/cmake)
[1.129s] -- Found geometry_msgs: 4.9.0 (/opt/ros/humble/share/geometry_msgs/cmake)
[1.144s] -- Found rosidl_default_generators: 1.2.0 (/opt/ros/humble/share/rosidl_default_generators/cmake)
[1.391s] -- Found ament_cmake_ros: 0.10.0 (/opt/ros/humble/share/ament_cmake_ros/cmake)
[1.707s] -- Using all available rosidl_typesupport_c: rosidl_typesupport_fastrtps_c;rosidl_typesupport_introspection_c
[1.833s] -- Using all available rosidl_typesupport_cpp: rosidl_typesupport_fastrtps_cpp;rosidl_typesupport_introspection_cpp
[1.878s] -- Found PythonInterp: /usr/bin/python3 (found suitable version "3.10.12", minimum required is "3.6") 
[1.882s] -- Found python_cmake_module: 0.10.0 (/opt/ros/humble/share/python_cmake_module/cmake)
[1.949s] -- Found PythonLibs: /usr/lib/x86_64-linux-gnu/libpython3.10.so (found suitable version "3.10.12", minimum required is "3.5") 
[1.949s] -- Using PYTHON_EXECUTABLE: /usr/bin/python3
[1.949s] -- Using PYTHON_INCLUDE_DIRS: /usr/include/python3.10
[1.949s] -- Using PYTHON_LIBRARIES: /usr/lib/x86_64-linux-gnu/libpython3.10.so
[1.966s] -- Found PythonExtra: .so  
[2.040s] -- Configuring done
[2.078s] -- Generating done
[2.088s] -- Build files have been written to: /home/mingq/workspace/robocup_raspbot/build/robocup_msgs
[2.095s] Invoked command in '/home/mingq/workspace/robocup_raspbot/build/robocup_msgs' returned '0': CMAKE_PREFIX_PATH=/opt/ros/humble /usr/bin/cmake /home/mingq/workspace/robocup_raspbot/src/robocup_interfaces/robocup_msgs -DAMENT_CMAKE_SYMLINK_INSTALL=1 -DCMAKE_INSTALL_PREFIX=/home/mingq/workspace/robocup_raspbot/install/robocup_msgs
[2.098s] Invoking command in '/home/mingq/workspace/robocup_raspbot/build/robocup_msgs': CMAKE_PREFIX_PATH=/opt/ros/humble /usr/bin/cmake --build /home/mingq/workspace/robocup_raspbot/build/robocup_msgs -- -j16 -l16
[2.127s] [  2%] [34m[1mGenerating C code for ROS interfaces[0m
[2.137s] [  4%] [34m[1mGenerating C++ code for ROS interfaces[0m
[2.141s] [  4%] Built target ament_cmake_python_symlink_robocup_msgs
[2.453s] running egg_info
[2.453s] creating robocup_msgs.egg-info
[2.455s] writing robocup_msgs.egg-info/PKG-INFO
[2.455s] writing dependency_links to robocup_msgs.egg-info/dependency_links.txt
[2.456s] writing top-level names to robocup_msgs.egg-info/top_level.txt
[2.456s] writing manifest file 'robocup_msgs.egg-info/SOURCES.txt'
[2.467s] reading manifest file 'robocup_msgs.egg-info/SOURCES.txt'
[2.468s] writing manifest file 'robocup_msgs.egg-info/SOURCES.txt'
[2.529s] [  4%] Built target ament_cmake_python_build_robocup_msgs_egg
[2.571s] [  8%] [32mBuilding C object CMakeFiles/robocup_msgs__rosidl_generator_c.dir/rosidl_generator_c/robocup_msgs/msg/detail/bounding_box2_d__functions.c.o[0m
[2.571s] [  8%] [32mBuilding C object CMakeFiles/robocup_msgs__rosidl_generator_c.dir/rosidl_generator_c/robocup_msgs/msg/detail/object_detection2_d_array__functions.c.o[0m
[2.573s] [ 10%] [32mBuilding C object CMakeFiles/robocup_msgs__rosidl_generator_c.dir/rosidl_generator_c/robocup_msgs/msg/detail/object_detection2_d__functions.c.o[0m
[2.573s] [ 10%] Built target robocup_msgs__cpp
[2.587s] [ 14%] [34m[1mGenerating C++ type support dispatch for ROS interfaces[0m
[2.587s] [ 14%] [34m[1mGenerating C++ introspection for ROS interfaces[0m
[2.589s] [ 17%] [34m[1mGenerating C++ type support for eProsima Fast-RTPS[0m
[2.656s] [ 19%] [32m[1mLinking C shared library librobocup_msgs__rosidl_generator_c.so[0m
[2.726s] [ 19%] Built target robocup_msgs__rosidl_generator_c
[2.738s] [ 23%] [34m[1mGenerating C type support for eProsima Fast-RTPS[0m
[2.738s] [ 23%] [34m[1mGenerating C type support dispatch for ROS interfaces[0m
[2.742s] [ 25%] [34m[1mGenerating C introspection for ROS interfaces[0m
[3.032s] [ 27%] [32mBuilding CXX object CMakeFiles/robocup_msgs__rosidl_typesupport_cpp.dir/rosidl_typesupport_cpp/robocup_msgs/msg/object_detection2_d__type_support.cpp.o[0m
[3.038s] [ 29%] [32mBuilding CXX object CMakeFiles/robocup_msgs__rosidl_typesupport_cpp.dir/rosidl_typesupport_cpp/robocup_msgs/msg/bounding_box2_d__type_support.cpp.o[0m
[3.039s] [ 31%] [32mBuilding CXX object CMakeFiles/robocup_msgs__rosidl_typesupport_cpp.dir/rosidl_typesupport_cpp/robocup_msgs/msg/object_detection2_d_array__type_support.cpp.o[0m
[3.129s] [ 34%] [32mBuilding CXX object CMakeFiles/robocup_msgs__rosidl_typesupport_introspection_cpp.dir/rosidl_typesupport_introspection_cpp/robocup_msgs/msg/detail/object_detection2_d__type_support.cpp.o[0m
[3.140s] [ 36%] [32mBuilding CXX object CMakeFiles/robocup_msgs__rosidl_typesupport_introspection_cpp.dir/rosidl_typesupport_introspection_cpp/robocup_msgs/msg/detail/bounding_box2_d__type_support.cpp.o[0m
[3.160s] [ 38%] [32mBuilding CXX object CMakeFiles/robocup_msgs__rosidl_typesupport_introspection_cpp.dir/rosidl_typesupport_introspection_cpp/robocup_msgs/msg/detail/object_detection2_d_array__type_support.cpp.o[0m
[3.200s] [ 40%] [32mBuilding CXX object CMakeFiles/robocup_msgs__rosidl_typesupport_fastrtps_cpp.dir/rosidl_typesupport_fastrtps_cpp/robocup_msgs/msg/detail/dds_fastrtps/bounding_box2_d__type_support.cpp.o[0m
[3.200s] [ 42%] [32mBuilding CXX object CMakeFiles/robocup_msgs__rosidl_typesupport_fastrtps_cpp.dir/rosidl_typesupport_fastrtps_cpp/robocup_msgs/msg/detail/dds_fastrtps/object_detection2_d__type_support.cpp.o[0m
[3.200s] [ 44%] [32mBuilding CXX object CMakeFiles/robocup_msgs__rosidl_typesupport_fastrtps_cpp.dir/rosidl_typesupport_fastrtps_cpp/robocup_msgs/msg/detail/dds_fastrtps/object_detection2_d_array__type_support.cpp.o[0m
[3.328s] [ 46%] [32mBuilding CXX object CMakeFiles/robocup_msgs__rosidl_typesupport_c.dir/rosidl_typesupport_c/robocup_msgs/msg/bounding_box2_d__type_support.cpp.o[0m
[3.356s] [ 48%] [32mBuilding CXX object CMakeFiles/robocup_msgs__rosidl_typesupport_c.dir/rosidl_typesupport_c/robocup_msgs/msg/object_detection2_d_array__type_support.cpp.o[0m
[3.362s] [ 51%] [32mBuilding CXX object CMakeFiles/robocup_msgs__rosidl_typesupport_c.dir/rosidl_typesupport_c/robocup_msgs/msg/object_detection2_d__type_support.cpp.o[0m
[3.388s] [ 53%] [32mBuilding C object CMakeFiles/robocup_msgs__rosidl_typesupport_introspection_c.dir/rosidl_typesupport_introspection_c/robocup_msgs/msg/detail/bounding_box2_d__type_support.c.o[0m
[3.413s] [ 55%] [32mBuilding C object CMakeFiles/robocup_msgs__rosidl_typesupport_introspection_c.dir/rosidl_typesupport_introspection_c/robocup_msgs/msg/detail/object_detection2_d_array__type_support.c.o[0m
[3.420s] [ 57%] [32mBuilding C object CMakeFiles/robocup_msgs__rosidl_typesupport_introspection_c.dir/rosidl_typesupport_introspection_c/robocup_msgs/msg/detail/object_detection2_d__type_support.c.o[0m
[3.469s] [ 59%] [32mBuilding CXX object CMakeFiles/robocup_msgs__rosidl_typesupport_fastrtps_c.dir/rosidl_typesupport_fastrtps_c/robocup_msgs/msg/detail/bounding_box2_d__type_support_c.cpp.o[0m
[3.488s] [ 61%] [32mBuilding CXX object CMakeFiles/robocup_msgs__rosidl_typesupport_fastrtps_c.dir/rosidl_typesupport_fastrtps_c/robocup_msgs/msg/detail/object_detection2_d_array__type_support_c.cpp.o[0m
[3.502s] [ 63%] [32mBuilding CXX object CMakeFiles/robocup_msgs__rosidl_typesupport_fastrtps_c.dir/rosidl_typesupport_fastrtps_c/robocup_msgs/msg/detail/object_detection2_d__type_support_c.cpp.o[0m
[3.513s] [ 65%] [32m[1mLinking CXX shared library librobocup_msgs__rosidl_typesupport_c.so[0m
[3.547s] [ 68%] [32m[1mLinking C shared library librobocup_msgs__rosidl_typesupport_introspection_c.so[0m
[3.697s] [ 68%] Built target robocup_msgs__rosidl_typesupport_c
[3.712s] [ 68%] Built target robocup_msgs__rosidl_typesupport_introspection_c
[3.738s] [ 70%] [32m[1mLinking CXX shared library librobocup_msgs__rosidl_typesupport_cpp.so[0m
[3.894s] [ 70%] Built target robocup_msgs__rosidl_typesupport_cpp
[4.083s] [ 72%] [32m[1mLinking CXX shared library librobocup_msgs__rosidl_typesupport_introspection_cpp.so[0m
[4.129s] [ 74%] [32m[1mLinking CXX shared library librobocup_msgs__rosidl_typesupport_fastrtps_cpp.so[0m
[4.161s] [ 76%] [32m[1mLinking CXX shared library librobocup_msgs__rosidl_typesupport_fastrtps_c.so[0m
[4.206s] [ 76%] Built target robocup_msgs__rosidl_typesupport_introspection_cpp
[4.250s] [ 76%] Built target robocup_msgs__rosidl_typesupport_fastrtps_cpp
[4.265s] [ 76%] Built target robocup_msgs__rosidl_typesupport_fastrtps_c
[4.282s] [ 76%] Built target robocup_msgs
[4.299s] [ 78%] [34m[1mGenerating Python code for ROS interfaces[0m
[4.691s] [ 78%] Built target robocup_msgs__py
[4.710s] [ 85%] [32mBuilding C object CMakeFiles/robocup_msgs__rosidl_generator_py.dir/rosidl_generator_py/robocup_msgs/msg/_bounding_box2_d_s.c.o[0m
[4.710s] [ 85%] [32mBuilding C object CMakeFiles/robocup_msgs__rosidl_generator_py.dir/rosidl_generator_py/robocup_msgs/msg/_object_detection2_d_array_s.c.o[0m
[4.710s] [ 85%] [32mBuilding C object CMakeFiles/robocup_msgs__rosidl_generator_py.dir/rosidl_generator_py/robocup_msgs/msg/_object_detection2_d_s.c.o[0m
[4.817s] [ 87%] [32m[1mLinking C shared library rosidl_generator_py/robocup_msgs/librobocup_msgs__rosidl_generator_py.so[0m
[4.890s] [ 87%] Built target robocup_msgs__rosidl_generator_py
[4.909s] [ 89%] [32mBuilding C object CMakeFiles/robocup_msgs__rosidl_typesupport_introspection_c__pyext.dir/rosidl_generator_py/robocup_msgs/_robocup_msgs_s.ep.rosidl_typesupport_introspection_c.c.o[0m
[4.911s] [ 91%] [32mBuilding C object CMakeFiles/robocup_msgs__rosidl_typesupport_fastrtps_c__pyext.dir/rosidl_generator_py/robocup_msgs/_robocup_msgs_s.ep.rosidl_typesupport_fastrtps_c.c.o[0m
[4.913s] [ 93%] [32mBuilding C object CMakeFiles/robocup_msgs__rosidl_typesupport_c__pyext.dir/rosidl_generator_py/robocup_msgs/_robocup_msgs_s.ep.rosidl_typesupport_c.c.o[0m
[5.008s] [ 95%] [32m[1mLinking C shared library rosidl_generator_py/robocup_msgs/robocup_msgs_s__rosidl_typesupport_fastrtps_c.cpython-310-x86_64-linux-gnu.so[0m
[5.016s] [ 97%] [32m[1mLinking C shared library rosidl_generator_py/robocup_msgs/robocup_msgs_s__rosidl_typesupport_c.cpython-310-x86_64-linux-gnu.so[0m
[5.017s] [100%] [32m[1mLinking C shared library rosidl_generator_py/robocup_msgs/robocup_msgs_s__rosidl_typesupport_introspection_c.cpython-310-x86_64-linux-gnu.so[0m
[5.062s] [100%] Built target robocup_msgs__rosidl_typesupport_introspection_c__pyext
[5.062s] [100%] Built target robocup_msgs__rosidl_typesupport_fastrtps_c__pyext
[5.065s] [100%] Built target robocup_msgs__rosidl_typesupport_c__pyext
[5.076s] Invoked command in '/home/mingq/workspace/robocup_raspbot/build/robocup_msgs' returned '0': CMAKE_PREFIX_PATH=/opt/ros/humble /usr/bin/cmake --build /home/mingq/workspace/robocup_raspbot/build/robocup_msgs -- -j16 -l16
[5.078s] Invoking command in '/home/mingq/workspace/robocup_raspbot/build/robocup_msgs': CMAKE_PREFIX_PATH=/opt/ros/humble /usr/bin/cmake --install /home/mingq/workspace/robocup_raspbot/build/robocup_msgs
[5.085s] -- Install configuration: ""
[5.085s] -- Execute custom install script
[5.086s] -- Symlinking: /home/mingq/workspace/robocup_raspbot/install/robocup_msgs/share/ament_index/resource_index/rosidl_interfaces/robocup_msgs
[5.094s] -- Symlinking: /home/mingq/workspace/robocup_raspbot/install/robocup_msgs/include/robocup_msgs/robocup_msgs/msg/bounding_box2_d.h
[5.102s] -- Symlinking: /home/mingq/workspace/robocup_raspbot/install/robocup_msgs/include/robocup_msgs/robocup_msgs/msg/detail/bounding_box2_d__functions.h
[5.108s] -- Symlinking: /home/mingq/workspace/robocup_raspbot/install/robocup_msgs/include/robocup_msgs/robocup_msgs/msg/detail/bounding_box2_d__struct.h
[5.115s] -- Symlinking: /home/mingq/workspace/robocup_raspbot/install/robocup_msgs/include/robocup_msgs/robocup_msgs/msg/detail/bounding_box2_d__type_support.h
[5.123s] -- Symlinking: /home/mingq/workspace/robocup_raspbot/install/robocup_msgs/include/robocup_msgs/robocup_msgs/msg/detail/object_detection2_d__functions.h
[5.131s] -- Symlinking: /home/mingq/workspace/robocup_raspbot/install/robocup_msgs/include/robocup_msgs/robocup_msgs/msg/detail/object_detection2_d__struct.h
[5.138s] -- Symlinking: /home/mingq/workspace/robocup_raspbot/install/robocup_msgs/include/robocup_msgs/robocup_msgs/msg/detail/object_detection2_d__type_support.h
[5.147s] -- Symlinking: /home/mingq/workspace/robocup_raspbot/install/robocup_msgs/include/robocup_msgs/robocup_msgs/msg/detail/object_detection2_d_array__functions.h
[5.156s] -- Symlinking: /home/mingq/workspace/robocup_raspbot/install/robocup_msgs/include/robocup_msgs/robocup_msgs/msg/detail/object_detection2_d_array__struct.h
[5.164s] -- Symlinking: /home/mingq/workspace/robocup_raspbot/install/robocup_msgs/include/robocup_msgs/robocup_msgs/msg/detail/object_detection2_d_array__type_support.h
[5.171s] -- Symlinking: /home/mingq/workspace/robocup_raspbot/install/robocup_msgs/include/robocup_msgs/robocup_msgs/msg/object_detection2_d.h
[5.179s] -- Symlinking: /home/mingq/workspace/robocup_raspbot/install/robocup_msgs/include/robocup_msgs/robocup_msgs/msg/object_detection2_d_array.h
[5.188s] -- Symlinking: /home/mingq/workspace/robocup_raspbot/install/robocup_msgs/include/robocup_msgs/robocup_msgs/msg/rosidl_generator_c__visibility_control.h
[5.200s] -- Symlinking: /home/mingq/workspace/robocup_raspbot/install/robocup_msgs/share/robocup_msgs/environment/library_path.sh
[5.207s] -- Symlinking: /home/mingq/workspace/robocup_raspbot/install/robocup_msgs/share/robocup_msgs/environment/library_path.dsv
[5.217s] -- Symlinking: /home/mingq/workspace/robocup_raspbot/install/robocup_msgs/include/robocup_msgs/robocup_msgs/msg/detail/bounding_box2_d__rosidl_typesupport_fastrtps_c.h
[5.224s] -- Symlinking: /home/mingq/workspace/robocup_raspbot/install/robocup_msgs/include/robocup_msgs/robocup_msgs/msg/detail/object_detection2_d__rosidl_typesupport_fastrtps_c.h
[5.231s] -- Symlinking: /home/mingq/workspace/robocup_raspbot/install/robocup_msgs/include/robocup_msgs/robocup_msgs/msg/detail/object_detection2_d_array__rosidl_typesupport_fastrtps_c.h
[5.241s] -- Symlinking: /home/mingq/workspace/robocup_raspbot/install/robocup_msgs/include/robocup_msgs/robocup_msgs/msg/rosidl_typesupport_fastrtps_c__visibility_control.h
[5.251s] -- Symlinking: /home/mingq/workspace/robocup_raspbot/install/robocup_msgs/include/robocup_msgs/robocup_msgs/msg/bounding_box2_d.hpp
[5.261s] -- Symlinking: /home/mingq/workspace/robocup_raspbot/install/robocup_msgs/include/robocup_msgs/robocup_msgs/msg/detail/bounding_box2_d__builder.hpp
[5.271s] -- Symlinking: /home/mingq/workspace/robocup_raspbot/install/robocup_msgs/include/robocup_msgs/robocup_msgs/msg/detail/bounding_box2_d__struct.hpp
[5.280s] -- Symlinking: /home/mingq/workspace/robocup_raspbot/install/robocup_msgs/include/robocup_msgs/robocup_msgs/msg/detail/bounding_box2_d__traits.hpp
[5.288s] -- Symlinking: /home/mingq/workspace/robocup_raspbot/install/robocup_msgs/include/robocup_msgs/robocup_msgs/msg/detail/bounding_box2_d__type_support.hpp
[5.298s] -- Symlinking: /home/mingq/workspace/robocup_raspbot/install/robocup_msgs/include/robocup_msgs/robocup_msgs/msg/detail/object_detection2_d__builder.hpp
[5.307s] -- Symlinking: /home/mingq/workspace/robocup_raspbot/install/robocup_msgs/include/robocup_msgs/robocup_msgs/msg/detail/object_detection2_d__struct.hpp
[5.316s] -- Symlinking: /home/mingq/workspace/robocup_raspbot/install/robocup_msgs/include/robocup_msgs/robocup_msgs/msg/detail/object_detection2_d__traits.hpp
[5.325s] -- Symlinking: /home/mingq/workspace/robocup_raspbot/install/robocup_msgs/include/robocup_msgs/robocup_msgs/msg/detail/object_detection2_d__type_support.hpp
[5.335s] -- Symlinking: /home/mingq/workspace/robocup_raspbot/install/robocup_msgs/include/robocup_msgs/robocup_msgs/msg/detail/object_detection2_d_array__builder.hpp
[5.344s] -- Symlinking: /home/mingq/workspace/robocup_raspbot/install/robocup_msgs/include/robocup_msgs/robocup_msgs/msg/detail/object_detection2_d_array__struct.hpp
[5.351s] -- Symlinking: /home/mingq/workspace/robocup_raspbot/install/robocup_msgs/include/robocup_msgs/robocup_msgs/msg/detail/object_detection2_d_array__traits.hpp
[5.359s] -- Symlinking: /home/mingq/workspace/robocup_raspbot/install/robocup_msgs/include/robocup_msgs/robocup_msgs/msg/detail/object_detection2_d_array__type_support.hpp
[5.371s] -- Symlinking: /home/mingq/workspace/robocup_raspbot/install/robocup_msgs/include/robocup_msgs/robocup_msgs/msg/object_detection2_d.hpp
[5.384s] -- Symlinking: /home/mingq/workspace/robocup_raspbot/install/robocup_msgs/include/robocup_msgs/robocup_msgs/msg/object_detection2_d_array.hpp
[5.397s] -- Symlinking: /home/mingq/workspace/robocup_raspbot/install/robocup_msgs/include/robocup_msgs/robocup_msgs/msg/rosidl_generator_cpp__visibility_control.hpp
[5.412s] -- Symlinking: /home/mingq/workspace/robocup_raspbot/install/robocup_msgs/include/robocup_msgs/robocup_msgs/msg/detail/bounding_box2_d__rosidl_typesupport_fastrtps_cpp.hpp
[5.427s] -- Symlinking: /home/mingq/workspace/robocup_raspbot/install/robocup_msgs/include/robocup_msgs/robocup_msgs/msg/detail/object_detection2_d__rosidl_typesupport_fastrtps_cpp.hpp
[5.440s] -- Symlinking: /home/mingq/workspace/robocup_raspbot/install/robocup_msgs/include/robocup_msgs/robocup_msgs/msg/detail/object_detection2_d_array__rosidl_typesupport_fastrtps_cpp.hpp
[5.449s] -- Symlinking: /home/mingq/workspace/robocup_raspbot/install/robocup_msgs/include/robocup_msgs/robocup_msgs/msg/rosidl_typesupport_fastrtps_cpp__visibility_control.h
[5.460s] -- Symlinking: /home/mingq/workspace/robocup_raspbot/install/robocup_msgs/include/robocup_msgs/robocup_msgs/msg/detail/bounding_box2_d__rosidl_typesupport_introspection_c.h
[5.469s] -- Symlinking: /home/mingq/workspace/robocup_raspbot/install/robocup_msgs/include/robocup_msgs/robocup_msgs/msg/detail/object_detection2_d__rosidl_typesupport_introspection_c.h
[5.483s] -- Symlinking: /home/mingq/workspace/robocup_raspbot/install/robocup_msgs/include/robocup_msgs/robocup_msgs/msg/detail/object_detection2_d_array__rosidl_typesupport_introspection_c.h
[5.492s] -- Symlinking: /home/mingq/workspace/robocup_raspbot/install/robocup_msgs/include/robocup_msgs/robocup_msgs/msg/rosidl_typesupport_introspection_c__visibility_control.h
[5.500s] -- Symlinking: /home/mingq/workspace/robocup_raspbot/install/robocup_msgs/include/robocup_msgs/robocup_msgs/msg/detail/bounding_box2_d__rosidl_typesupport_introspection_cpp.hpp
[5.508s] -- Symlinking: /home/mingq/workspace/robocup_raspbot/install/robocup_msgs/include/robocup_msgs/robocup_msgs/msg/detail/object_detection2_d__rosidl_typesupport_introspection_cpp.hpp
[5.516s] -- Symlinking: /home/mingq/workspace/robocup_raspbot/install/robocup_msgs/include/robocup_msgs/robocup_msgs/msg/detail/object_detection2_d_array__rosidl_typesupport_introspection_cpp.hpp
[5.524s] -- Symlinking: /home/mingq/workspace/robocup_raspbot/install/robocup_msgs/share/robocup_msgs/environment/pythonpath.sh
[5.533s] -- Symlinking: /home/mingq/workspace/robocup_raspbot/install/robocup_msgs/share/robocup_msgs/environment/pythonpath.dsv
[5.541s] -- Symlinking: /home/mingq/workspace/robocup_raspbot/install/robocup_msgs/local/lib/python3.10/dist-packages/robocup_msgs-0.0.0-py3.10.egg-info/PKG-INFO
[5.551s] -- Symlinking: /home/mingq/workspace/robocup_raspbot/install/robocup_msgs/local/lib/python3.10/dist-packages/robocup_msgs-0.0.0-py3.10.egg-info/SOURCES.txt
[5.558s] -- Symlinking: /home/mingq/workspace/robocup_raspbot/install/robocup_msgs/local/lib/python3.10/dist-packages/robocup_msgs-0.0.0-py3.10.egg-info/dependency_links.txt
[5.566s] -- Symlinking: /home/mingq/workspace/robocup_raspbot/install/robocup_msgs/local/lib/python3.10/dist-packages/robocup_msgs-0.0.0-py3.10.egg-info/top_level.txt
[5.574s] -- Symlinking: /home/mingq/workspace/robocup_raspbot/install/robocup_msgs/local/lib/python3.10/dist-packages/robocup_msgs/__init__.py
[5.585s] -- Symlinking: /home/mingq/workspace/robocup_raspbot/install/robocup_msgs/local/lib/python3.10/dist-packages/robocup_msgs/_robocup_msgs_s.ep.rosidl_typesupport_c.c
[5.598s] -- Symlinking: /home/mingq/workspace/robocup_raspbot/install/robocup_msgs/local/lib/python3.10/dist-packages/robocup_msgs/_robocup_msgs_s.ep.rosidl_typesupport_fastrtps_c.c
[5.607s] -- Symlinking: /home/mingq/workspace/robocup_raspbot/install/robocup_msgs/local/lib/python3.10/dist-packages/robocup_msgs/_robocup_msgs_s.ep.rosidl_typesupport_introspection_c.c
[5.615s] -- Symlinking: /home/mingq/workspace/robocup_raspbot/install/robocup_msgs/local/lib/python3.10/dist-packages/robocup_msgs/librobocup_msgs__rosidl_generator_py.so
[5.626s] -- Symlinking: /home/mingq/workspace/robocup_raspbot/install/robocup_msgs/local/lib/python3.10/dist-packages/robocup_msgs/msg/__init__.py
[5.635s] -- Symlinking: /home/mingq/workspace/robocup_raspbot/install/robocup_msgs/local/lib/python3.10/dist-packages/robocup_msgs/msg/_bounding_box2_d.py
[5.645s] -- Symlinking: /home/mingq/workspace/robocup_raspbot/install/robocup_msgs/local/lib/python3.10/dist-packages/robocup_msgs/msg/_bounding_box2_d_s.c
[5.654s] -- Symlinking: /home/mingq/workspace/robocup_raspbot/install/robocup_msgs/local/lib/python3.10/dist-packages/robocup_msgs/msg/_object_detection2_d.py
[5.662s] -- Symlinking: /home/mingq/workspace/robocup_raspbot/install/robocup_msgs/local/lib/python3.10/dist-packages/robocup_msgs/msg/_object_detection2_d_array.py
[5.671s] -- Symlinking: /home/mingq/workspace/robocup_raspbot/install/robocup_msgs/local/lib/python3.10/dist-packages/robocup_msgs/msg/_object_detection2_d_array_s.c
[5.682s] -- Symlinking: /home/mingq/workspace/robocup_raspbot/install/robocup_msgs/local/lib/python3.10/dist-packages/robocup_msgs/msg/_object_detection2_d_s.c
[5.692s] -- Symlinking: /home/mingq/workspace/robocup_raspbot/install/robocup_msgs/local/lib/python3.10/dist-packages/robocup_msgs/robocup_msgs_s__rosidl_typesupport_c.cpython-310-x86_64-linux-gnu.so
[5.699s] -- Symlinking: /home/mingq/workspace/robocup_raspbot/install/robocup_msgs/local/lib/python3.10/dist-packages/robocup_msgs/robocup_msgs_s__rosidl_typesupport_fastrtps_c.cpython-310-x86_64-linux-gnu.so
[5.709s] -- Symlinking: /home/mingq/workspace/robocup_raspbot/install/robocup_msgs/local/lib/python3.10/dist-packages/robocup_msgs/robocup_msgs_s__rosidl_typesupport_introspection_c.cpython-310-x86_64-linux-gnu.so
[5.717s] -- Up-to-date symlink: /home/mingq/workspace/robocup_raspbot/install/robocup_msgs/local/lib/python3.10/dist-packages/robocup_msgs/robocup_msgs_s__rosidl_typesupport_fastrtps_c.cpython-310-x86_64-linux-gnu.so
[5.718s] -- Up-to-date symlink: /home/mingq/workspace/robocup_raspbot/install/robocup_msgs/local/lib/python3.10/dist-packages/robocup_msgs/robocup_msgs_s__rosidl_typesupport_introspection_c.cpython-310-x86_64-linux-gnu.so
[5.718s] -- Up-to-date symlink: /home/mingq/workspace/robocup_raspbot/install/robocup_msgs/local/lib/python3.10/dist-packages/robocup_msgs/robocup_msgs_s__rosidl_typesupport_c.cpython-310-x86_64-linux-gnu.so
[5.718s] -- Symlinking: /home/mingq/workspace/robocup_raspbot/install/robocup_msgs/share/robocup_msgs/msg/BoundingBox2D.idl
[5.727s] -- Symlinking: /home/mingq/workspace/robocup_raspbot/install/robocup_msgs/share/robocup_msgs/msg/ObjectDetection2D.idl
[5.735s] -- Symlinking: /home/mingq/workspace/robocup_raspbot/install/robocup_msgs/share/robocup_msgs/msg/ObjectDetection2DArray.idl
[5.743s] -- Symlinking: /home/mingq/workspace/robocup_raspbot/install/robocup_msgs/share/robocup_msgs/msg/BoundingBox2D.msg
[5.751s] -- Symlinking: /home/mingq/workspace/robocup_raspbot/install/robocup_msgs/share/robocup_msgs/msg/ObjectDetection2D.msg
[5.760s] -- Symlinking: /home/mingq/workspace/robocup_raspbot/install/robocup_msgs/share/robocup_msgs/msg/ObjectDetection2DArray.msg
[5.770s] -- Symlinking: /home/mingq/workspace/robocup_raspbot/install/robocup_msgs/share/ament_index/resource_index/package_run_dependencies/robocup_msgs
[5.779s] -- Symlinking: /home/mingq/workspace/robocup_raspbot/install/robocup_msgs/share/ament_index/resource_index/parent_prefix_path/robocup_msgs
[5.787s] -- Symlinking: /home/mingq/workspace/robocup_raspbot/install/robocup_msgs/share/robocup_msgs/environment/ament_prefix_path.sh
[5.797s] -- Symlinking: /home/mingq/workspace/robocup_raspbot/install/robocup_msgs/share/robocup_msgs/environment/ament_prefix_path.dsv
[5.808s] -- Symlinking: /home/mingq/workspace/robocup_raspbot/install/robocup_msgs/share/robocup_msgs/environment/path.sh
[5.817s] -- Symlinking: /home/mingq/workspace/robocup_raspbot/install/robocup_msgs/share/robocup_msgs/environment/path.dsv
[5.826s] -- Symlinking: /home/mingq/workspace/robocup_raspbot/install/robocup_msgs/share/robocup_msgs/local_setup.bash
[5.838s] -- Symlinking: /home/mingq/workspace/robocup_raspbot/install/robocup_msgs/share/robocup_msgs/local_setup.sh
[5.847s] -- Symlinking: /home/mingq/workspace/robocup_raspbot/install/robocup_msgs/share/robocup_msgs/local_setup.zsh
[5.857s] -- Symlinking: /home/mingq/workspace/robocup_raspbot/install/robocup_msgs/share/robocup_msgs/local_setup.dsv
[5.867s] -- Symlinking: /home/mingq/workspace/robocup_raspbot/install/robocup_msgs/share/robocup_msgs/package.dsv
[5.876s] -- Symlinking: /home/mingq/workspace/robocup_raspbot/install/robocup_msgs/share/ament_index/resource_index/packages/robocup_msgs
[5.885s] -- Symlinking: /home/mingq/workspace/robocup_raspbot/install/robocup_msgs/share/robocup_msgs/cmake/rosidl_cmake-extras.cmake
[5.894s] -- Symlinking: /home/mingq/workspace/robocup_raspbot/install/robocup_msgs/share/robocup_msgs/cmake/ament_cmake_export_dependencies-extras.cmake
[5.906s] -- Symlinking: /home/mingq/workspace/robocup_raspbot/install/robocup_msgs/share/robocup_msgs/cmake/ament_cmake_export_include_directories-extras.cmake
[5.914s] -- Symlinking: /home/mingq/workspace/robocup_raspbot/install/robocup_msgs/share/robocup_msgs/cmake/ament_cmake_export_libraries-extras.cmake
[5.928s] -- Symlinking: /home/mingq/workspace/robocup_raspbot/install/robocup_msgs/share/robocup_msgs/cmake/ament_cmake_export_targets-extras.cmake
[5.936s] -- Symlinking: /home/mingq/workspace/robocup_raspbot/install/robocup_msgs/share/robocup_msgs/cmake/rosidl_cmake_export_typesupport_targets-extras.cmake
[5.945s] -- Symlinking: /home/mingq/workspace/robocup_raspbot/install/robocup_msgs/share/robocup_msgs/cmake/rosidl_cmake_export_typesupport_libraries-extras.cmake
[5.955s] -- Symlinking: /home/mingq/workspace/robocup_raspbot/install/robocup_msgs/share/robocup_msgs/cmake/robocup_msgsConfig.cmake
[5.965s] -- Symlinking: /home/mingq/workspace/robocup_raspbot/install/robocup_msgs/share/robocup_msgs/cmake/robocup_msgsConfig-version.cmake
[5.975s] -- Symlinking: /home/mingq/workspace/robocup_raspbot/install/robocup_msgs/share/robocup_msgs/package.xml
[5.986s] -- Installing: /home/mingq/workspace/robocup_raspbot/install/robocup_msgs/lib/librobocup_msgs__rosidl_generator_c.so
[5.987s] -- Set runtime path of "/home/mingq/workspace/robocup_raspbot/install/robocup_msgs/lib/librobocup_msgs__rosidl_generator_c.so" to ""
[5.987s] -- Installing: /home/mingq/workspace/robocup_raspbot/install/robocup_msgs/lib/librobocup_msgs__rosidl_typesupport_fastrtps_c.so
[5.987s] -- Set runtime path of "/home/mingq/workspace/robocup_raspbot/install/robocup_msgs/lib/librobocup_msgs__rosidl_typesupport_fastrtps_c.so" to ""
[5.988s] -- Installing: /home/mingq/workspace/robocup_raspbot/install/robocup_msgs/lib/librobocup_msgs__rosidl_typesupport_fastrtps_cpp.so
[5.988s] -- Set runtime path of "/home/mingq/workspace/robocup_raspbot/install/robocup_msgs/lib/librobocup_msgs__rosidl_typesupport_fastrtps_cpp.so" to ""
[5.988s] -- Installing: /home/mingq/workspace/robocup_raspbot/install/robocup_msgs/lib/librobocup_msgs__rosidl_typesupport_introspection_c.so
[5.989s] -- Set runtime path of "/home/mingq/workspace/robocup_raspbot/install/robocup_msgs/lib/librobocup_msgs__rosidl_typesupport_introspection_c.so" to ""
[5.989s] -- Installing: /home/mingq/workspace/robocup_raspbot/install/robocup_msgs/lib/librobocup_msgs__rosidl_typesupport_c.so
[5.989s] -- Set runtime path of "/home/mingq/workspace/robocup_raspbot/install/robocup_msgs/lib/librobocup_msgs__rosidl_typesupport_c.so" to ""
[5.990s] -- Installing: /home/mingq/workspace/robocup_raspbot/install/robocup_msgs/lib/librobocup_msgs__rosidl_typesupport_introspection_cpp.so
[5.990s] -- Set runtime path of "/home/mingq/workspace/robocup_raspbot/install/robocup_msgs/lib/librobocup_msgs__rosidl_typesupport_introspection_cpp.so" to ""
[5.990s] -- Installing: /home/mingq/workspace/robocup_raspbot/install/robocup_msgs/lib/librobocup_msgs__rosidl_typesupport_cpp.so
[5.990s] -- Set runtime path of "/home/mingq/workspace/robocup_raspbot/install/robocup_msgs/lib/librobocup_msgs__rosidl_typesupport_cpp.so" to ""
[6.025s] Listing '/home/mingq/workspace/robocup_raspbot/install/robocup_msgs/local/lib/python3.10/dist-packages/robocup_msgs'...
[6.025s] Compiling '/home/mingq/workspace/robocup_raspbot/install/robocup_msgs/local/lib/python3.10/dist-packages/robocup_msgs/__init__.py'...
[6.025s] Listing '/home/mingq/workspace/robocup_raspbot/install/robocup_msgs/local/lib/python3.10/dist-packages/robocup_msgs/msg'...
[6.025s] Compiling '/home/mingq/workspace/robocup_raspbot/install/robocup_msgs/local/lib/python3.10/dist-packages/robocup_msgs/msg/__init__.py'...
[6.025s] Compiling '/home/mingq/workspace/robocup_raspbot/install/robocup_msgs/local/lib/python3.10/dist-packages/robocup_msgs/msg/_bounding_box2_d.py'...
[6.025s] Compiling '/home/mingq/workspace/robocup_raspbot/install/robocup_msgs/local/lib/python3.10/dist-packages/robocup_msgs/msg/_object_detection2_d.py'...
[6.025s] Compiling '/home/mingq/workspace/robocup_raspbot/install/robocup_msgs/local/lib/python3.10/dist-packages/robocup_msgs/msg/_object_detection2_d_array.py'...
[6.033s] -- Installing: /home/mingq/workspace/robocup_raspbot/install/robocup_msgs/lib/librobocup_msgs__rosidl_generator_py.so
[6.033s] -- Set runtime path of "/home/mingq/workspace/robocup_raspbot/install/robocup_msgs/lib/librobocup_msgs__rosidl_generator_py.so" to ""
[6.033s] -- Installing: /home/mingq/workspace/robocup_raspbot/install/robocup_msgs/share/robocup_msgs/cmake/export_robocup_msgs__rosidl_generator_cExport.cmake
[6.033s] -- Installing: /home/mingq/workspace/robocup_raspbot/install/robocup_msgs/share/robocup_msgs/cmake/export_robocup_msgs__rosidl_generator_cExport-noconfig.cmake
[6.034s] -- Installing: /home/mingq/workspace/robocup_raspbot/install/robocup_msgs/share/robocup_msgs/cmake/export_robocup_msgs__rosidl_typesupport_fastrtps_cExport.cmake
[6.034s] -- Installing: /home/mingq/workspace/robocup_raspbot/install/robocup_msgs/share/robocup_msgs/cmake/export_robocup_msgs__rosidl_typesupport_fastrtps_cExport-noconfig.cmake
[6.034s] -- Installing: /home/mingq/workspace/robocup_raspbot/install/robocup_msgs/share/robocup_msgs/cmake/export_robocup_msgs__rosidl_generator_cppExport.cmake
[6.034s] -- Installing: /home/mingq/workspace/robocup_raspbot/install/robocup_msgs/share/robocup_msgs/cmake/export_robocup_msgs__rosidl_typesupport_fastrtps_cppExport.cmake
[6.035s] -- Installing: /home/mingq/workspace/robocup_raspbot/install/robocup_msgs/share/robocup_msgs/cmake/export_robocup_msgs__rosidl_typesupport_fastrtps_cppExport-noconfig.cmake
[6.035s] -- Installing: /home/mingq/workspace/robocup_raspbot/install/robocup_msgs/share/robocup_msgs/cmake/robocup_msgs__rosidl_typesupport_introspection_cExport.cmake
[6.035s] -- Installing: /home/mingq/workspace/robocup_raspbot/install/robocup_msgs/share/robocup_msgs/cmake/robocup_msgs__rosidl_typesupport_introspection_cExport-noconfig.cmake
[6.035s] -- Installing: /home/mingq/workspace/robocup_raspbot/install/robocup_msgs/share/robocup_msgs/cmake/robocup_msgs__rosidl_typesupport_cExport.cmake
[6.035s] -- Installing: /home/mingq/workspace/robocup_raspbot/install/robocup_msgs/share/robocup_msgs/cmake/robocup_msgs__rosidl_typesupport_cExport-noconfig.cmake
[6.035s] -- Installing: /home/mingq/workspace/robocup_raspbot/install/robocup_msgs/share/robocup_msgs/cmake/robocup_msgs__rosidl_typesupport_introspection_cppExport.cmake
[6.036s] -- Installing: /home/mingq/workspace/robocup_raspbot/install/robocup_msgs/share/robocup_msgs/cmake/robocup_msgs__rosidl_typesupport_introspection_cppExport-noconfig.cmake
[6.036s] -- Installing: /home/mingq/workspace/robocup_raspbot/install/robocup_msgs/share/robocup_msgs/cmake/robocup_msgs__rosidl_typesupport_cppExport.cmake
[6.036s] -- Installing: /home/mingq/workspace/robocup_raspbot/install/robocup_msgs/share/robocup_msgs/cmake/robocup_msgs__rosidl_typesupport_cppExport-noconfig.cmake
[6.036s] -- Installing: /home/mingq/workspace/robocup_raspbot/install/robocup_msgs/share/robocup_msgs/cmake/export_robocup_msgs__rosidl_generator_pyExport.cmake
[6.036s] -- Installing: /home/mingq/workspace/robocup_raspbot/install/robocup_msgs/share/robocup_msgs/cmake/export_robocup_msgs__rosidl_generator_pyExport-noconfig.cmake
[6.038s] Invoked command in '/home/mingq/workspace/robocup_raspbot/build/robocup_msgs' returned '0': CMAKE_PREFIX_PATH=/opt/ros/humble /usr/bin/cmake --install /home/mingq/workspace/robocup_raspbot/build/robocup_msgs
