[0.017s] Invoking command in '/home/mingq/workspace/robocup_raspbot/build/yahboomcar_msgs': CMAKE_PREFIX_PATH=/opt/ros/humble /usr/bin/cmake /home/mingq/workspace/robocup_raspbot/src/yahboomcar_msgs -DAMENT_CMAKE_SYMLINK_INSTALL=1 -DCMAKE_INSTALL_PREFIX=/home/mingq/workspace/robocup_raspbot/install/yahboomcar_msgs
[0.230s] -- The C compiler identification is GNU 11.4.0
[0.411s] -- The CXX compiler identification is GNU 11.4.0
[0.538s] -- Detecting C compiler ABI info
[0.615s] -- Detecting C compiler ABI info - done
[0.620s] -- Check for working C compiler: /usr/bin/cc - skipped
[0.620s] -- Detecting C compile features
[0.620s] -- Detecting C compile features - done
[0.623s] -- Detecting CXX compiler ABI info
[0.715s] -- Detecting CXX compiler ABI info - done
[0.720s] -- Check for working CXX compiler: /usr/bin/c++ - skipped
[0.720s] -- Detecting CXX compile features
[0.720s] -- Detecting CXX compile features - done
[0.722s] -- Found ament_cmake: 1.3.11 (/opt/ros/humble/share/ament_cmake/cmake)
[0.842s] -- Found Python3: /usr/bin/python3 (found version "3.10.12") found components: Interpreter 
[0.910s] -- Override CMake install command with custom implementation using symlinks instead of copying resources
[0.946s] -- Found rosidl_default_generators: 1.2.0 (/opt/ros/humble/share/rosidl_default_generators/cmake)
[0.954s] -- Using all available rosidl_typesupport_c: rosidl_typesupport_fastrtps_c;rosidl_typesupport_introspection_c
[0.964s] -- Found rosidl_adapter: 3.1.6 (/opt/ros/humble/share/rosidl_adapter/cmake)
[1.073s] -- Using all available rosidl_typesupport_cpp: rosidl_typesupport_fastrtps_cpp;rosidl_typesupport_introspection_cpp
[1.106s] -- Found geometry_msgs: 4.9.0 (/opt/ros/humble/share/geometry_msgs/cmake)
[1.381s] -- Found ament_cmake_ros: 0.10.0 (/opt/ros/humble/share/ament_cmake_ros/cmake)
[1.570s] -- Using all available rosidl_typesupport_c: rosidl_typesupport_fastrtps_c;rosidl_typesupport_introspection_c
[1.827s] -- Using all available rosidl_typesupport_cpp: rosidl_typesupport_fastrtps_cpp;rosidl_typesupport_introspection_cpp
[1.876s] -- Found PythonInterp: /usr/bin/python3 (found suitable version "3.10.12", minimum required is "3.6") 
[1.876s] -- Found python_cmake_module: 0.10.0 (/opt/ros/humble/share/python_cmake_module/cmake)
[1.940s] -- Found PythonLibs: /usr/lib/x86_64-linux-gnu/libpython3.10.so (found suitable version "3.10.12", minimum required is "3.5") 
[1.940s] -- Using PYTHON_EXECUTABLE: /usr/bin/python3
[1.940s] -- Using PYTHON_INCLUDE_DIRS: /usr/include/python3.10
[1.940s] -- Using PYTHON_LIBRARIES: /usr/lib/x86_64-linux-gnu/libpython3.10.so
[1.956s] -- Found PythonExtra: .so  
[2.018s] -- Found ament_lint_auto: 0.12.12 (/opt/ros/humble/share/ament_lint_auto/cmake)
[2.041s] -- Added test 'flake8' to check Python code syntax and style conventions
[2.041s] -- Added test 'lint_cmake' to check CMake code style
[2.042s] -- Added test 'pep257' to check Python code against some of the docstring style conventions in PEP 257
[2.044s] -- Added test 'xmllint' to check XML markup files
[2.046s] -- Configuring done
[2.084s] -- Generating done
[2.093s] -- Build files have been written to: /home/mingq/workspace/robocup_raspbot/build/yahboomcar_msgs
[2.102s] Invoked command in '/home/mingq/workspace/robocup_raspbot/build/yahboomcar_msgs' returned '0': CMAKE_PREFIX_PATH=/opt/ros/humble /usr/bin/cmake /home/mingq/workspace/robocup_raspbot/src/yahboomcar_msgs -DAMENT_CMAKE_SYMLINK_INSTALL=1 -DCMAKE_INSTALL_PREFIX=/home/mingq/workspace/robocup_raspbot/install/yahboomcar_msgs
[2.102s] Invoking command in '/home/mingq/workspace/robocup_raspbot/build/yahboomcar_msgs': CMAKE_PREFIX_PATH=/opt/ros/humble /usr/bin/cmake --build /home/mingq/workspace/robocup_raspbot/build/yahboomcar_msgs -- -j16 -l16
[2.138s] [  2%] [34m[1mGenerating C code for ROS interfaces[0m
[2.148s] [  5%] [34m[1mGenerating C++ code for ROS interfaces[0m
[2.155s] [  5%] Built target ament_cmake_python_symlink_yahboomcar_msgs
[2.451s] running egg_info
[2.451s] creating yahboomcar_msgs.egg-info
[2.451s] writing yahboomcar_msgs.egg-info/PKG-INFO
[2.451s] writing dependency_links to yahboomcar_msgs.egg-info/dependency_links.txt
[2.452s] writing top-level names to yahboomcar_msgs.egg-info/top_level.txt
[2.452s] writing manifest file 'yahboomcar_msgs.egg-info/SOURCES.txt'
[2.458s] reading manifest file 'yahboomcar_msgs.egg-info/SOURCES.txt'
[2.459s] writing manifest file 'yahboomcar_msgs.egg-info/SOURCES.txt'
[2.469s] [  5%] Built target yahboomcar_msgs__cpp
[2.479s] [  7%] [34m[1mGenerating C++ type support for eProsima Fast-RTPS[0m
[2.482s] [ 10%] [34m[1mGenerating C++ introspection for ROS interfaces[0m
[2.488s] [ 12%] [34m[1mGenerating C++ type support dispatch for ROS interfaces[0m
[2.497s] [ 15%] [32mBuilding C object CMakeFiles/yahboomcar_msgs__rosidl_generator_c.dir/rosidl_generator_c/yahboomcar_msgs/msg/detail/servo_control__functions.c.o[0m
[2.498s] [ 17%] [32mBuilding C object CMakeFiles/yahboomcar_msgs__rosidl_generator_c.dir/rosidl_generator_c/yahboomcar_msgs/msg/detail/point_array__functions.c.o[0m
[2.513s] [ 17%] Built target ament_cmake_python_build_yahboomcar_msgs_egg
[2.615s] [ 20%] [32m[1mLinking C shared library libyahboomcar_msgs__rosidl_generator_c.so[0m
[2.709s] [ 20%] Built target yahboomcar_msgs__rosidl_generator_c
[2.721s] [ 23%] [34m[1mGenerating C type support for eProsima Fast-RTPS[0m
[2.722s] [ 25%] [34m[1mGenerating C type support dispatch for ROS interfaces[0m
[2.724s] [ 28%] [34m[1mGenerating C introspection for ROS interfaces[0m
[2.863s] [ 30%] [32mBuilding CXX object CMakeFiles/yahboomcar_msgs__rosidl_typesupport_cpp.dir/rosidl_typesupport_cpp/yahboomcar_msgs/msg/servo_control__type_support.cpp.o[0m
[2.867s] [ 35%] [32mBuilding CXX object CMakeFiles/yahboomcar_msgs__rosidl_typesupport_introspection_cpp.dir/rosidl_typesupport_introspection_cpp/yahboomcar_msgs/msg/detail/servo_control__type_support.cpp.o[0m
[2.868s] [ 35%] [32mBuilding CXX object CMakeFiles/yahboomcar_msgs__rosidl_typesupport_cpp.dir/rosidl_typesupport_cpp/yahboomcar_msgs/msg/point_array__type_support.cpp.o[0m
[2.868s] [ 38%] [32mBuilding CXX object CMakeFiles/yahboomcar_msgs__rosidl_typesupport_introspection_cpp.dir/rosidl_typesupport_introspection_cpp/yahboomcar_msgs/msg/detail/point_array__type_support.cpp.o[0m
[2.931s] [ 41%] [32mBuilding CXX object CMakeFiles/yahboomcar_msgs__rosidl_typesupport_fastrtps_cpp.dir/rosidl_typesupport_fastrtps_cpp/yahboomcar_msgs/msg/detail/dds_fastrtps/point_array__type_support.cpp.o[0m
[2.935s] [ 43%] [32mBuilding CXX object CMakeFiles/yahboomcar_msgs__rosidl_typesupport_fastrtps_cpp.dir/rosidl_typesupport_fastrtps_cpp/yahboomcar_msgs/msg/detail/dds_fastrtps/servo_control__type_support.cpp.o[0m
[3.230s] [ 46%] [32mBuilding CXX object CMakeFiles/yahboomcar_msgs__rosidl_typesupport_c.dir/rosidl_typesupport_c/yahboomcar_msgs/msg/servo_control__type_support.cpp.o[0m
[3.250s] [ 48%] [32mBuilding CXX object CMakeFiles/yahboomcar_msgs__rosidl_typesupport_c.dir/rosidl_typesupport_c/yahboomcar_msgs/msg/point_array__type_support.cpp.o[0m
[3.310s] [ 51%] [32mBuilding CXX object CMakeFiles/yahboomcar_msgs__rosidl_typesupport_fastrtps_c.dir/rosidl_typesupport_fastrtps_c/yahboomcar_msgs/msg/detail/point_array__type_support_c.cpp.o[0m
[3.310s] [ 53%] [32mBuilding CXX object CMakeFiles/yahboomcar_msgs__rosidl_typesupport_fastrtps_c.dir/rosidl_typesupport_fastrtps_c/yahboomcar_msgs/msg/detail/servo_control__type_support_c.cpp.o[0m
[3.350s] [ 56%] [32m[1mLinking CXX shared library libyahboomcar_msgs__rosidl_typesupport_c.so[0m
[3.374s] [ 58%] [32mBuilding C object CMakeFiles/yahboomcar_msgs__rosidl_typesupport_introspection_c.dir/rosidl_typesupport_introspection_c/yahboomcar_msgs/msg/detail/servo_control__type_support.c.o[0m
[3.374s] [ 61%] [32mBuilding C object CMakeFiles/yahboomcar_msgs__rosidl_typesupport_introspection_c.dir/rosidl_typesupport_introspection_c/yahboomcar_msgs/msg/detail/point_array__type_support.c.o[0m
[3.542s] [ 64%] [32m[1mLinking C shared library libyahboomcar_msgs__rosidl_typesupport_introspection_c.so[0m
[3.568s] [ 64%] Built target yahboomcar_msgs__rosidl_typesupport_c
[3.605s] [ 66%] [32m[1mLinking CXX shared library libyahboomcar_msgs__rosidl_typesupport_cpp.so[0m
[3.709s] [ 66%] Built target yahboomcar_msgs__rosidl_typesupport_introspection_c
[3.882s] [ 66%] Built target yahboomcar_msgs__rosidl_typesupport_cpp
[3.937s] [ 69%] [32m[1mLinking CXX shared library libyahboomcar_msgs__rosidl_typesupport_introspection_cpp.so[0m
[4.091s] [ 71%] [32m[1mLinking CXX shared library libyahboomcar_msgs__rosidl_typesupport_fastrtps_c.so[0m
[4.095s] [ 74%] [32m[1mLinking CXX shared library libyahboomcar_msgs__rosidl_typesupport_fastrtps_cpp.so[0m
[4.106s] [ 74%] Built target yahboomcar_msgs__rosidl_typesupport_introspection_cpp
[4.212s] [ 74%] Built target yahboomcar_msgs__rosidl_typesupport_fastrtps_cpp
[4.213s] [ 74%] Built target yahboomcar_msgs__rosidl_typesupport_fastrtps_c
[4.233s] [ 74%] Built target yahboomcar_msgs
[4.250s] [ 76%] [34m[1mGenerating Python code for ROS interfaces[0m
[4.531s] [ 76%] Built target yahboomcar_msgs__py
[4.550s] [ 82%] [32mBuilding C object CMakeFiles/yahboomcar_msgs__rosidl_generator_py.dir/rosidl_generator_py/yahboomcar_msgs/msg/_point_array_s.c.o[0m
[4.551s] [ 82%] [32mBuilding C object CMakeFiles/yahboomcar_msgs__rosidl_generator_py.dir/rosidl_generator_py/yahboomcar_msgs/msg/_servo_control_s.c.o[0m
[4.690s] [ 84%] [32m[1mLinking C shared library rosidl_generator_py/yahboomcar_msgs/libyahboomcar_msgs__rosidl_generator_py.so[0m
[4.765s] [ 84%] Built target yahboomcar_msgs__rosidl_generator_py
[4.785s] [ 87%] [32mBuilding C object CMakeFiles/yahboomcar_msgs__rosidl_typesupport_introspection_c__pyext.dir/rosidl_generator_py/yahboomcar_msgs/_yahboomcar_msgs_s.ep.rosidl_typesupport_introspection_c.c.o[0m
[4.790s] [ 89%] [32mBuilding C object CMakeFiles/yahboomcar_msgs__rosidl_typesupport_c__pyext.dir/rosidl_generator_py/yahboomcar_msgs/_yahboomcar_msgs_s.ep.rosidl_typesupport_c.c.o[0m
[4.790s] [ 92%] [32mBuilding C object CMakeFiles/yahboomcar_msgs__rosidl_typesupport_fastrtps_c__pyext.dir/rosidl_generator_py/yahboomcar_msgs/_yahboomcar_msgs_s.ep.rosidl_typesupport_fastrtps_c.c.o[0m
[4.880s] [ 94%] [32m[1mLinking C shared library rosidl_generator_py/yahboomcar_msgs/yahboomcar_msgs_s__rosidl_typesupport_introspection_c.cpython-310-x86_64-linux-gnu.so[0m
[4.885s] [100%] [32m[1mLinking C shared library rosidl_generator_py/yahboomcar_msgs/yahboomcar_msgs_s__rosidl_typesupport_c.cpython-310-x86_64-linux-gnu.so[0m
[4.885s] [100%] [32m[1mLinking C shared library rosidl_generator_py/yahboomcar_msgs/yahboomcar_msgs_s__rosidl_typesupport_fastrtps_c.cpython-310-x86_64-linux-gnu.so[0m
[4.946s] [100%] Built target yahboomcar_msgs__rosidl_typesupport_introspection_c__pyext
[4.949s] [100%] Built target yahboomcar_msgs__rosidl_typesupport_fastrtps_c__pyext
[4.960s] [100%] Built target yahboomcar_msgs__rosidl_typesupport_c__pyext
[4.974s] Invoked command in '/home/mingq/workspace/robocup_raspbot/build/yahboomcar_msgs' returned '0': CMAKE_PREFIX_PATH=/opt/ros/humble /usr/bin/cmake --build /home/mingq/workspace/robocup_raspbot/build/yahboomcar_msgs -- -j16 -l16
[4.985s] Invoking command in '/home/mingq/workspace/robocup_raspbot/build/yahboomcar_msgs': CMAKE_PREFIX_PATH=/opt/ros/humble /usr/bin/cmake --install /home/mingq/workspace/robocup_raspbot/build/yahboomcar_msgs
[4.992s] -- Install configuration: ""
[4.992s] -- Execute custom install script
[4.993s] -- Symlinking: /home/mingq/workspace/robocup_raspbot/install/yahboomcar_msgs/share/ament_index/resource_index/rosidl_interfaces/yahboomcar_msgs
[5.005s] -- Symlinking: /home/mingq/workspace/robocup_raspbot/install/yahboomcar_msgs/include/yahboomcar_msgs/yahboomcar_msgs/msg/detail/point_array__functions.h
[5.013s] -- Symlinking: /home/mingq/workspace/robocup_raspbot/install/yahboomcar_msgs/include/yahboomcar_msgs/yahboomcar_msgs/msg/detail/point_array__struct.h
[5.021s] -- Symlinking: /home/mingq/workspace/robocup_raspbot/install/yahboomcar_msgs/include/yahboomcar_msgs/yahboomcar_msgs/msg/detail/point_array__type_support.h
[5.029s] -- Symlinking: /home/mingq/workspace/robocup_raspbot/install/yahboomcar_msgs/include/yahboomcar_msgs/yahboomcar_msgs/msg/detail/servo_control__functions.h
[5.036s] -- Symlinking: /home/mingq/workspace/robocup_raspbot/install/yahboomcar_msgs/include/yahboomcar_msgs/yahboomcar_msgs/msg/detail/servo_control__struct.h
[5.046s] -- Symlinking: /home/mingq/workspace/robocup_raspbot/install/yahboomcar_msgs/include/yahboomcar_msgs/yahboomcar_msgs/msg/detail/servo_control__type_support.h
[5.053s] -- Symlinking: /home/mingq/workspace/robocup_raspbot/install/yahboomcar_msgs/include/yahboomcar_msgs/yahboomcar_msgs/msg/point_array.h
[5.060s] -- Symlinking: /home/mingq/workspace/robocup_raspbot/install/yahboomcar_msgs/include/yahboomcar_msgs/yahboomcar_msgs/msg/rosidl_generator_c__visibility_control.h
[5.069s] -- Symlinking: /home/mingq/workspace/robocup_raspbot/install/yahboomcar_msgs/include/yahboomcar_msgs/yahboomcar_msgs/msg/servo_control.h
[5.076s] -- Symlinking: /home/mingq/workspace/robocup_raspbot/install/yahboomcar_msgs/share/yahboomcar_msgs/environment/library_path.sh
[5.084s] -- Symlinking: /home/mingq/workspace/robocup_raspbot/install/yahboomcar_msgs/share/yahboomcar_msgs/environment/library_path.dsv
[5.092s] -- Symlinking: /home/mingq/workspace/robocup_raspbot/install/yahboomcar_msgs/include/yahboomcar_msgs/yahboomcar_msgs/msg/detail/point_array__rosidl_typesupport_fastrtps_c.h
[5.099s] -- Symlinking: /home/mingq/workspace/robocup_raspbot/install/yahboomcar_msgs/include/yahboomcar_msgs/yahboomcar_msgs/msg/detail/servo_control__rosidl_typesupport_fastrtps_c.h
[5.106s] -- Symlinking: /home/mingq/workspace/robocup_raspbot/install/yahboomcar_msgs/include/yahboomcar_msgs/yahboomcar_msgs/msg/rosidl_typesupport_fastrtps_c__visibility_control.h
[5.113s] -- Symlinking: /home/mingq/workspace/robocup_raspbot/install/yahboomcar_msgs/include/yahboomcar_msgs/yahboomcar_msgs/msg/detail/point_array__rosidl_typesupport_introspection_c.h
[5.122s] -- Symlinking: /home/mingq/workspace/robocup_raspbot/install/yahboomcar_msgs/include/yahboomcar_msgs/yahboomcar_msgs/msg/detail/servo_control__rosidl_typesupport_introspection_c.h
[5.129s] -- Symlinking: /home/mingq/workspace/robocup_raspbot/install/yahboomcar_msgs/include/yahboomcar_msgs/yahboomcar_msgs/msg/rosidl_typesupport_introspection_c__visibility_control.h
[5.137s] -- Symlinking: /home/mingq/workspace/robocup_raspbot/install/yahboomcar_msgs/include/yahboomcar_msgs/yahboomcar_msgs/msg/detail/point_array__builder.hpp
[5.146s] -- Symlinking: /home/mingq/workspace/robocup_raspbot/install/yahboomcar_msgs/include/yahboomcar_msgs/yahboomcar_msgs/msg/detail/point_array__struct.hpp
[5.154s] -- Symlinking: /home/mingq/workspace/robocup_raspbot/install/yahboomcar_msgs/include/yahboomcar_msgs/yahboomcar_msgs/msg/detail/point_array__traits.hpp
[5.161s] -- Symlinking: /home/mingq/workspace/robocup_raspbot/install/yahboomcar_msgs/include/yahboomcar_msgs/yahboomcar_msgs/msg/detail/point_array__type_support.hpp
[5.170s] -- Symlinking: /home/mingq/workspace/robocup_raspbot/install/yahboomcar_msgs/include/yahboomcar_msgs/yahboomcar_msgs/msg/detail/servo_control__builder.hpp
[5.177s] -- Symlinking: /home/mingq/workspace/robocup_raspbot/install/yahboomcar_msgs/include/yahboomcar_msgs/yahboomcar_msgs/msg/detail/servo_control__struct.hpp
[5.186s] -- Symlinking: /home/mingq/workspace/robocup_raspbot/install/yahboomcar_msgs/include/yahboomcar_msgs/yahboomcar_msgs/msg/detail/servo_control__traits.hpp
[5.196s] -- Symlinking: /home/mingq/workspace/robocup_raspbot/install/yahboomcar_msgs/include/yahboomcar_msgs/yahboomcar_msgs/msg/detail/servo_control__type_support.hpp
[5.205s] -- Symlinking: /home/mingq/workspace/robocup_raspbot/install/yahboomcar_msgs/include/yahboomcar_msgs/yahboomcar_msgs/msg/point_array.hpp
[5.213s] -- Symlinking: /home/mingq/workspace/robocup_raspbot/install/yahboomcar_msgs/include/yahboomcar_msgs/yahboomcar_msgs/msg/rosidl_generator_cpp__visibility_control.hpp
[5.222s] -- Symlinking: /home/mingq/workspace/robocup_raspbot/install/yahboomcar_msgs/include/yahboomcar_msgs/yahboomcar_msgs/msg/servo_control.hpp
[5.230s] -- Symlinking: /home/mingq/workspace/robocup_raspbot/install/yahboomcar_msgs/include/yahboomcar_msgs/yahboomcar_msgs/msg/detail/point_array__rosidl_typesupport_fastrtps_cpp.hpp
[5.239s] -- Symlinking: /home/mingq/workspace/robocup_raspbot/install/yahboomcar_msgs/include/yahboomcar_msgs/yahboomcar_msgs/msg/detail/servo_control__rosidl_typesupport_fastrtps_cpp.hpp
[5.247s] -- Symlinking: /home/mingq/workspace/robocup_raspbot/install/yahboomcar_msgs/include/yahboomcar_msgs/yahboomcar_msgs/msg/rosidl_typesupport_fastrtps_cpp__visibility_control.h
[5.260s] -- Symlinking: /home/mingq/workspace/robocup_raspbot/install/yahboomcar_msgs/include/yahboomcar_msgs/yahboomcar_msgs/msg/detail/point_array__rosidl_typesupport_introspection_cpp.hpp
[5.268s] -- Symlinking: /home/mingq/workspace/robocup_raspbot/install/yahboomcar_msgs/include/yahboomcar_msgs/yahboomcar_msgs/msg/detail/servo_control__rosidl_typesupport_introspection_cpp.hpp
[5.277s] -- Symlinking: /home/mingq/workspace/robocup_raspbot/install/yahboomcar_msgs/share/yahboomcar_msgs/environment/pythonpath.sh
[5.287s] -- Symlinking: /home/mingq/workspace/robocup_raspbot/install/yahboomcar_msgs/share/yahboomcar_msgs/environment/pythonpath.dsv
[5.298s] -- Symlinking: /home/mingq/workspace/robocup_raspbot/install/yahboomcar_msgs/local/lib/python3.10/dist-packages/yahboomcar_msgs-0.0.0-py3.10.egg-info/PKG-INFO
[5.307s] -- Symlinking: /home/mingq/workspace/robocup_raspbot/install/yahboomcar_msgs/local/lib/python3.10/dist-packages/yahboomcar_msgs-0.0.0-py3.10.egg-info/SOURCES.txt
[5.316s] -- Symlinking: /home/mingq/workspace/robocup_raspbot/install/yahboomcar_msgs/local/lib/python3.10/dist-packages/yahboomcar_msgs-0.0.0-py3.10.egg-info/dependency_links.txt
[5.324s] -- Symlinking: /home/mingq/workspace/robocup_raspbot/install/yahboomcar_msgs/local/lib/python3.10/dist-packages/yahboomcar_msgs-0.0.0-py3.10.egg-info/top_level.txt
[5.334s] -- Symlinking: /home/mingq/workspace/robocup_raspbot/install/yahboomcar_msgs/local/lib/python3.10/dist-packages/yahboomcar_msgs/__init__.py
[5.341s] -- Symlinking: /home/mingq/workspace/robocup_raspbot/install/yahboomcar_msgs/local/lib/python3.10/dist-packages/yahboomcar_msgs/_yahboomcar_msgs_s.ep.rosidl_typesupport_c.c
[5.351s] -- Symlinking: /home/mingq/workspace/robocup_raspbot/install/yahboomcar_msgs/local/lib/python3.10/dist-packages/yahboomcar_msgs/_yahboomcar_msgs_s.ep.rosidl_typesupport_fastrtps_c.c
[5.361s] -- Symlinking: /home/mingq/workspace/robocup_raspbot/install/yahboomcar_msgs/local/lib/python3.10/dist-packages/yahboomcar_msgs/_yahboomcar_msgs_s.ep.rosidl_typesupport_introspection_c.c
[5.371s] -- Symlinking: /home/mingq/workspace/robocup_raspbot/install/yahboomcar_msgs/local/lib/python3.10/dist-packages/yahboomcar_msgs/libyahboomcar_msgs__rosidl_generator_py.so
[5.382s] -- Symlinking: /home/mingq/workspace/robocup_raspbot/install/yahboomcar_msgs/local/lib/python3.10/dist-packages/yahboomcar_msgs/msg/__init__.py
[5.394s] -- Symlinking: /home/mingq/workspace/robocup_raspbot/install/yahboomcar_msgs/local/lib/python3.10/dist-packages/yahboomcar_msgs/msg/_point_array.py
[5.406s] -- Symlinking: /home/mingq/workspace/robocup_raspbot/install/yahboomcar_msgs/local/lib/python3.10/dist-packages/yahboomcar_msgs/msg/_point_array_s.c
[5.417s] -- Symlinking: /home/mingq/workspace/robocup_raspbot/install/yahboomcar_msgs/local/lib/python3.10/dist-packages/yahboomcar_msgs/msg/_servo_control.py
[5.430s] -- Symlinking: /home/mingq/workspace/robocup_raspbot/install/yahboomcar_msgs/local/lib/python3.10/dist-packages/yahboomcar_msgs/msg/_servo_control_s.c
[5.440s] -- Symlinking: /home/mingq/workspace/robocup_raspbot/install/yahboomcar_msgs/local/lib/python3.10/dist-packages/yahboomcar_msgs/yahboomcar_msgs_s__rosidl_typesupport_c.cpython-310-x86_64-linux-gnu.so
[5.448s] -- Symlinking: /home/mingq/workspace/robocup_raspbot/install/yahboomcar_msgs/local/lib/python3.10/dist-packages/yahboomcar_msgs/yahboomcar_msgs_s__rosidl_typesupport_fastrtps_c.cpython-310-x86_64-linux-gnu.so
[5.457s] -- Symlinking: /home/mingq/workspace/robocup_raspbot/install/yahboomcar_msgs/local/lib/python3.10/dist-packages/yahboomcar_msgs/yahboomcar_msgs_s__rosidl_typesupport_introspection_c.cpython-310-x86_64-linux-gnu.so
[5.467s] -- Up-to-date symlink: /home/mingq/workspace/robocup_raspbot/install/yahboomcar_msgs/local/lib/python3.10/dist-packages/yahboomcar_msgs/yahboomcar_msgs_s__rosidl_typesupport_fastrtps_c.cpython-310-x86_64-linux-gnu.so
[5.467s] -- Up-to-date symlink: /home/mingq/workspace/robocup_raspbot/install/yahboomcar_msgs/local/lib/python3.10/dist-packages/yahboomcar_msgs/yahboomcar_msgs_s__rosidl_typesupport_introspection_c.cpython-310-x86_64-linux-gnu.so
[5.468s] -- Up-to-date symlink: /home/mingq/workspace/robocup_raspbot/install/yahboomcar_msgs/local/lib/python3.10/dist-packages/yahboomcar_msgs/yahboomcar_msgs_s__rosidl_typesupport_c.cpython-310-x86_64-linux-gnu.so
[5.468s] -- Symlinking: /home/mingq/workspace/robocup_raspbot/install/yahboomcar_msgs/share/yahboomcar_msgs/msg/ServoControl.idl
[5.481s] -- Symlinking: /home/mingq/workspace/robocup_raspbot/install/yahboomcar_msgs/share/yahboomcar_msgs/msg/PointArray.idl
[5.490s] -- Symlinking: /home/mingq/workspace/robocup_raspbot/install/yahboomcar_msgs/share/yahboomcar_msgs/msg/ServoControl.msg
[5.498s] -- Symlinking: /home/mingq/workspace/robocup_raspbot/install/yahboomcar_msgs/share/yahboomcar_msgs/msg/PointArray.msg
[5.506s] -- Symlinking: /home/mingq/workspace/robocup_raspbot/install/yahboomcar_msgs/share/ament_index/resource_index/package_run_dependencies/yahboomcar_msgs
[5.515s] -- Symlinking: /home/mingq/workspace/robocup_raspbot/install/yahboomcar_msgs/share/ament_index/resource_index/parent_prefix_path/yahboomcar_msgs
[5.523s] -- Symlinking: /home/mingq/workspace/robocup_raspbot/install/yahboomcar_msgs/share/yahboomcar_msgs/environment/ament_prefix_path.sh
[5.530s] -- Symlinking: /home/mingq/workspace/robocup_raspbot/install/yahboomcar_msgs/share/yahboomcar_msgs/environment/ament_prefix_path.dsv
[5.543s] -- Symlinking: /home/mingq/workspace/robocup_raspbot/install/yahboomcar_msgs/share/yahboomcar_msgs/environment/path.sh
[5.551s] -- Symlinking: /home/mingq/workspace/robocup_raspbot/install/yahboomcar_msgs/share/yahboomcar_msgs/environment/path.dsv
[5.558s] -- Symlinking: /home/mingq/workspace/robocup_raspbot/install/yahboomcar_msgs/share/yahboomcar_msgs/local_setup.bash
[5.565s] -- Symlinking: /home/mingq/workspace/robocup_raspbot/install/yahboomcar_msgs/share/yahboomcar_msgs/local_setup.sh
[5.574s] -- Symlinking: /home/mingq/workspace/robocup_raspbot/install/yahboomcar_msgs/share/yahboomcar_msgs/local_setup.zsh
[5.583s] -- Symlinking: /home/mingq/workspace/robocup_raspbot/install/yahboomcar_msgs/share/yahboomcar_msgs/local_setup.dsv
[5.597s] -- Symlinking: /home/mingq/workspace/robocup_raspbot/install/yahboomcar_msgs/share/yahboomcar_msgs/package.dsv
[5.606s] -- Symlinking: /home/mingq/workspace/robocup_raspbot/install/yahboomcar_msgs/share/ament_index/resource_index/packages/yahboomcar_msgs
[5.622s] -- Symlinking: /home/mingq/workspace/robocup_raspbot/install/yahboomcar_msgs/share/yahboomcar_msgs/cmake/rosidl_cmake-extras.cmake
[5.630s] -- Symlinking: /home/mingq/workspace/robocup_raspbot/install/yahboomcar_msgs/share/yahboomcar_msgs/cmake/ament_cmake_export_dependencies-extras.cmake
[5.637s] -- Symlinking: /home/mingq/workspace/robocup_raspbot/install/yahboomcar_msgs/share/yahboomcar_msgs/cmake/ament_cmake_export_include_directories-extras.cmake
[5.645s] -- Symlinking: /home/mingq/workspace/robocup_raspbot/install/yahboomcar_msgs/share/yahboomcar_msgs/cmake/ament_cmake_export_libraries-extras.cmake
[5.652s] -- Symlinking: /home/mingq/workspace/robocup_raspbot/install/yahboomcar_msgs/share/yahboomcar_msgs/cmake/ament_cmake_export_targets-extras.cmake
[5.663s] -- Symlinking: /home/mingq/workspace/robocup_raspbot/install/yahboomcar_msgs/share/yahboomcar_msgs/cmake/rosidl_cmake_export_typesupport_targets-extras.cmake
[5.672s] -- Symlinking: /home/mingq/workspace/robocup_raspbot/install/yahboomcar_msgs/share/yahboomcar_msgs/cmake/rosidl_cmake_export_typesupport_libraries-extras.cmake
[5.681s] -- Symlinking: /home/mingq/workspace/robocup_raspbot/install/yahboomcar_msgs/share/yahboomcar_msgs/cmake/yahboomcar_msgsConfig.cmake
[5.690s] -- Symlinking: /home/mingq/workspace/robocup_raspbot/install/yahboomcar_msgs/share/yahboomcar_msgs/cmake/yahboomcar_msgsConfig-version.cmake
[5.697s] -- Symlinking: /home/mingq/workspace/robocup_raspbot/install/yahboomcar_msgs/share/yahboomcar_msgs/package.xml
[5.707s] -- Installing: /home/mingq/workspace/robocup_raspbot/install/yahboomcar_msgs/lib/libyahboomcar_msgs__rosidl_generator_c.so
[5.708s] -- Set runtime path of "/home/mingq/workspace/robocup_raspbot/install/yahboomcar_msgs/lib/libyahboomcar_msgs__rosidl_generator_c.so" to ""
[5.708s] -- Installing: /home/mingq/workspace/robocup_raspbot/install/yahboomcar_msgs/lib/libyahboomcar_msgs__rosidl_typesupport_fastrtps_c.so
[5.708s] -- Set runtime path of "/home/mingq/workspace/robocup_raspbot/install/yahboomcar_msgs/lib/libyahboomcar_msgs__rosidl_typesupport_fastrtps_c.so" to ""
[5.708s] -- Installing: /home/mingq/workspace/robocup_raspbot/install/yahboomcar_msgs/lib/libyahboomcar_msgs__rosidl_typesupport_introspection_c.so
[5.708s] -- Set runtime path of "/home/mingq/workspace/robocup_raspbot/install/yahboomcar_msgs/lib/libyahboomcar_msgs__rosidl_typesupport_introspection_c.so" to ""
[5.709s] -- Installing: /home/mingq/workspace/robocup_raspbot/install/yahboomcar_msgs/lib/libyahboomcar_msgs__rosidl_typesupport_c.so
[5.709s] -- Set runtime path of "/home/mingq/workspace/robocup_raspbot/install/yahboomcar_msgs/lib/libyahboomcar_msgs__rosidl_typesupport_c.so" to ""
[5.709s] -- Installing: /home/mingq/workspace/robocup_raspbot/install/yahboomcar_msgs/lib/libyahboomcar_msgs__rosidl_typesupport_fastrtps_cpp.so
[5.709s] -- Set runtime path of "/home/mingq/workspace/robocup_raspbot/install/yahboomcar_msgs/lib/libyahboomcar_msgs__rosidl_typesupport_fastrtps_cpp.so" to ""
[5.709s] -- Installing: /home/mingq/workspace/robocup_raspbot/install/yahboomcar_msgs/lib/libyahboomcar_msgs__rosidl_typesupport_introspection_cpp.so
[5.709s] -- Set runtime path of "/home/mingq/workspace/robocup_raspbot/install/yahboomcar_msgs/lib/libyahboomcar_msgs__rosidl_typesupport_introspection_cpp.so" to ""
[5.709s] -- Installing: /home/mingq/workspace/robocup_raspbot/install/yahboomcar_msgs/lib/libyahboomcar_msgs__rosidl_typesupport_cpp.so
[5.709s] -- Set runtime path of "/home/mingq/workspace/robocup_raspbot/install/yahboomcar_msgs/lib/libyahboomcar_msgs__rosidl_typesupport_cpp.so" to ""
[5.749s] Listing '/home/mingq/workspace/robocup_raspbot/install/yahboomcar_msgs/local/lib/python3.10/dist-packages/yahboomcar_msgs'...
[5.749s] Compiling '/home/mingq/workspace/robocup_raspbot/install/yahboomcar_msgs/local/lib/python3.10/dist-packages/yahboomcar_msgs/__init__.py'...
[5.749s] Listing '/home/mingq/workspace/robocup_raspbot/install/yahboomcar_msgs/local/lib/python3.10/dist-packages/yahboomcar_msgs/msg'...
[5.749s] Compiling '/home/mingq/workspace/robocup_raspbot/install/yahboomcar_msgs/local/lib/python3.10/dist-packages/yahboomcar_msgs/msg/__init__.py'...
[5.749s] Compiling '/home/mingq/workspace/robocup_raspbot/install/yahboomcar_msgs/local/lib/python3.10/dist-packages/yahboomcar_msgs/msg/_point_array.py'...
[5.749s] Compiling '/home/mingq/workspace/robocup_raspbot/install/yahboomcar_msgs/local/lib/python3.10/dist-packages/yahboomcar_msgs/msg/_servo_control.py'...
[5.755s] -- Installing: /home/mingq/workspace/robocup_raspbot/install/yahboomcar_msgs/lib/libyahboomcar_msgs__rosidl_generator_py.so
[5.756s] -- Set runtime path of "/home/mingq/workspace/robocup_raspbot/install/yahboomcar_msgs/lib/libyahboomcar_msgs__rosidl_generator_py.so" to ""
[5.756s] -- Installing: /home/mingq/workspace/robocup_raspbot/install/yahboomcar_msgs/share/yahboomcar_msgs/cmake/export_yahboomcar_msgs__rosidl_generator_cExport.cmake
[5.756s] -- Installing: /home/mingq/workspace/robocup_raspbot/install/yahboomcar_msgs/share/yahboomcar_msgs/cmake/export_yahboomcar_msgs__rosidl_generator_cExport-noconfig.cmake
[5.756s] -- Installing: /home/mingq/workspace/robocup_raspbot/install/yahboomcar_msgs/share/yahboomcar_msgs/cmake/export_yahboomcar_msgs__rosidl_typesupport_fastrtps_cExport.cmake
[5.757s] -- Installing: /home/mingq/workspace/robocup_raspbot/install/yahboomcar_msgs/share/yahboomcar_msgs/cmake/export_yahboomcar_msgs__rosidl_typesupport_fastrtps_cExport-noconfig.cmake
[5.757s] -- Installing: /home/mingq/workspace/robocup_raspbot/install/yahboomcar_msgs/share/yahboomcar_msgs/cmake/yahboomcar_msgs__rosidl_typesupport_introspection_cExport.cmake
[5.757s] -- Installing: /home/mingq/workspace/robocup_raspbot/install/yahboomcar_msgs/share/yahboomcar_msgs/cmake/yahboomcar_msgs__rosidl_typesupport_introspection_cExport-noconfig.cmake
[5.757s] -- Installing: /home/mingq/workspace/robocup_raspbot/install/yahboomcar_msgs/share/yahboomcar_msgs/cmake/yahboomcar_msgs__rosidl_typesupport_cExport.cmake
[5.758s] -- Installing: /home/mingq/workspace/robocup_raspbot/install/yahboomcar_msgs/share/yahboomcar_msgs/cmake/yahboomcar_msgs__rosidl_typesupport_cExport-noconfig.cmake
[5.758s] -- Installing: /home/mingq/workspace/robocup_raspbot/install/yahboomcar_msgs/share/yahboomcar_msgs/cmake/export_yahboomcar_msgs__rosidl_generator_cppExport.cmake
[5.758s] -- Installing: /home/mingq/workspace/robocup_raspbot/install/yahboomcar_msgs/share/yahboomcar_msgs/cmake/export_yahboomcar_msgs__rosidl_typesupport_fastrtps_cppExport.cmake
[5.759s] -- Installing: /home/mingq/workspace/robocup_raspbot/install/yahboomcar_msgs/share/yahboomcar_msgs/cmake/export_yahboomcar_msgs__rosidl_typesupport_fastrtps_cppExport-noconfig.cmake
[5.759s] -- Installing: /home/mingq/workspace/robocup_raspbot/install/yahboomcar_msgs/share/yahboomcar_msgs/cmake/yahboomcar_msgs__rosidl_typesupport_introspection_cppExport.cmake
[5.759s] -- Installing: /home/mingq/workspace/robocup_raspbot/install/yahboomcar_msgs/share/yahboomcar_msgs/cmake/yahboomcar_msgs__rosidl_typesupport_introspection_cppExport-noconfig.cmake
[5.760s] -- Installing: /home/mingq/workspace/robocup_raspbot/install/yahboomcar_msgs/share/yahboomcar_msgs/cmake/yahboomcar_msgs__rosidl_typesupport_cppExport.cmake
[5.760s] -- Installing: /home/mingq/workspace/robocup_raspbot/install/yahboomcar_msgs/share/yahboomcar_msgs/cmake/yahboomcar_msgs__rosidl_typesupport_cppExport-noconfig.cmake
[5.760s] -- Installing: /home/mingq/workspace/robocup_raspbot/install/yahboomcar_msgs/share/yahboomcar_msgs/cmake/export_yahboomcar_msgs__rosidl_generator_pyExport.cmake
[5.760s] -- Installing: /home/mingq/workspace/robocup_raspbot/install/yahboomcar_msgs/share/yahboomcar_msgs/cmake/export_yahboomcar_msgs__rosidl_generator_pyExport-noconfig.cmake
[5.762s] Invoked command in '/home/mingq/workspace/robocup_raspbot/build/yahboomcar_msgs' returned '0': CMAKE_PREFIX_PATH=/opt/ros/humble /usr/bin/cmake --install /home/mingq/workspace/robocup_raspbot/build/yahboomcar_msgs
