[0.022s] Invoking command in '/home/mingq/workspace/robocup_raspbot/build/robocup_bringup': CMAKE_PREFIX_PATH=/opt/ros/humble /usr/bin/cmake --build /home/mingq/workspace/robocup_raspbot/build/robocup_bringup -- -j16 -l16
[0.156s] -- Found ament_cmake: 1.3.11 (/opt/ros/humble/share/ament_cmake/cmake)
[0.339s] -- Override CMake install command with custom implementation using symlinks instead of copying resources
[0.371s] -- Found rclcpp: 16.0.14 (/opt/ros/humble/share/rclcpp/cmake)
[0.508s] -- Found rosidl_generator_c: 3.1.6 (/opt/ros/humble/share/rosidl_generator_c/cmake)
[0.510s] -- Found rosidl_adapter: 3.1.6 (/opt/ros/humble/share/rosidl_adapter/cmake)
[0.531s] -- Found rosidl_generator_cpp: 3.1.6 (/opt/ros/humble/share/rosidl_generator_cpp/cmake)
[0.540s] -- Using all available rosidl_typesupport_c: rosidl_typesupport_fastrtps_c;rosidl_typesupport_introspection_c
[0.562s] -- Using all available rosidl_typesupport_cpp: rosidl_typesupport_fastrtps_cpp;rosidl_typesupport_introspection_cpp
[0.619s] -- Found rmw_implementation_cmake: 6.1.2 (/opt/ros/humble/share/rmw_implementation_cmake/cmake)
[0.625s] -- Found rmw_fastrtps_cpp: 6.2.7 (/opt/ros/humble/share/rmw_fastrtps_cpp/cmake)
[3.125s] -- Using RMW implementation 'rmw_fastrtps_cpp' as default
[3.190s] -- Found sensor_msgs: 4.9.0 (/opt/ros/humble/share/sensor_msgs/cmake)
[3.219s] -- Found cv_bridge: 3.2.1 (/opt/ros/humble/share/cv_bridge/cmake)
[3.285s] -- Configuring done
[3.300s] -- Generating done
[3.303s] -- Build files have been written to: /home/mingq/workspace/robocup_raspbot/build/robocup_bringup
[3.324s] [35m[1mConsolidate compiler generated dependencies of target raspbot_camera[0m
[3.339s] [ 33%] [32mBuilding CXX object CMakeFiles/raspbot_camera.dir/src/raspbot_camera.cpp.o[0m
[8.708s] [ 66%] [32m[1mLinking CXX executable raspbot_camera[0m
[9.817s] [100%] Built target raspbot_camera
[9.828s] Invoked command in '/home/mingq/workspace/robocup_raspbot/build/robocup_bringup' returned '0': CMAKE_PREFIX_PATH=/opt/ros/humble /usr/bin/cmake --build /home/mingq/workspace/robocup_raspbot/build/robocup_bringup -- -j16 -l16
[9.831s] Invoking command in '/home/mingq/workspace/robocup_raspbot/build/robocup_bringup': CMAKE_PREFIX_PATH=/opt/ros/humble /usr/bin/cmake --install /home/mingq/workspace/robocup_raspbot/build/robocup_bringup
[9.836s] -- Install configuration: ""
[9.836s] -- Execute custom install script
[9.837s] -- Up-to-date symlink: /home/mingq/workspace/robocup_raspbot/install/robocup_bringup/lib/robocup_bringup/raspbot_camera
[9.837s] -- Up-to-date symlink: /home/mingq/workspace/robocup_raspbot/install/robocup_bringup/share/robocup_bringup/launch/raspbot_bringup.launch.py
[9.837s] -- Up-to-date symlink: /home/mingq/workspace/robocup_raspbot/install/robocup_bringup/share/robocup_bringup/launch/raspbot_camera.launch.py
[9.837s] -- Up-to-date symlink: /home/mingq/workspace/robocup_raspbot/install/robocup_bringup/share/ament_index/resource_index/package_run_dependencies/robocup_bringup
[9.838s] -- Up-to-date symlink: /home/mingq/workspace/robocup_raspbot/install/robocup_bringup/share/ament_index/resource_index/parent_prefix_path/robocup_bringup
[9.838s] -- Up-to-date symlink: /home/mingq/workspace/robocup_raspbot/install/robocup_bringup/share/robocup_bringup/environment/ament_prefix_path.sh
[9.838s] -- Up-to-date symlink: /home/mingq/workspace/robocup_raspbot/install/robocup_bringup/share/robocup_bringup/environment/ament_prefix_path.dsv
[9.838s] -- Up-to-date symlink: /home/mingq/workspace/robocup_raspbot/install/robocup_bringup/share/robocup_bringup/environment/path.sh
[9.839s] -- Up-to-date symlink: /home/mingq/workspace/robocup_raspbot/install/robocup_bringup/share/robocup_bringup/environment/path.dsv
[9.839s] -- Up-to-date symlink: /home/mingq/workspace/robocup_raspbot/install/robocup_bringup/share/robocup_bringup/local_setup.bash
[9.839s] -- Up-to-date symlink: /home/mingq/workspace/robocup_raspbot/install/robocup_bringup/share/robocup_bringup/local_setup.sh
[9.839s] -- Up-to-date symlink: /home/mingq/workspace/robocup_raspbot/install/robocup_bringup/share/robocup_bringup/local_setup.zsh
[9.839s] -- Up-to-date symlink: /home/mingq/workspace/robocup_raspbot/install/robocup_bringup/share/robocup_bringup/local_setup.dsv
[9.839s] -- Symlinking: /home/mingq/workspace/robocup_raspbot/install/robocup_bringup/share/robocup_bringup/package.dsv
[9.847s] -- Up-to-date symlink: /home/mingq/workspace/robocup_raspbot/install/robocup_bringup/share/ament_index/resource_index/packages/robocup_bringup
[9.848s] -- Up-to-date symlink: /home/mingq/workspace/robocup_raspbot/install/robocup_bringup/share/robocup_bringup/cmake/robocup_bringupConfig.cmake
[9.848s] -- Up-to-date symlink: /home/mingq/workspace/robocup_raspbot/install/robocup_bringup/share/robocup_bringup/cmake/robocup_bringupConfig-version.cmake
[9.848s] -- Up-to-date symlink: /home/mingq/workspace/robocup_raspbot/install/robocup_bringup/share/robocup_bringup/package.xml
[9.849s] Invoked command in '/home/mingq/workspace/robocup_raspbot/build/robocup_bringup' returned '0': CMAKE_PREFIX_PATH=/opt/ros/humble /usr/bin/cmake --install /home/mingq/workspace/robocup_raspbot/build/robocup_bringup
